/BATCH  
/COM,ANSYS RELEASE 2020 R1           BUILD 20.1      UP20191203       12:24:08
/input,menust,tmp,''
/COM,ANSYS RELEASE 2020 R1           BUILD 20.1      UP20191203       12:24:09
/GRA,POWER
/GST,ON
/PLO,INFO,3
/GRO,CURL,ON
/CPLANE,1   
/REPLOT,RESIZE  
WPSTYLE,,,,,,,,0
/POST1  
PLLS,LS1,LS6,1,0,0  
FINISH  
/PREP7  
/RGB,INDEX,100,100,100, 0   
/RGB,INDEX, 80, 80, 80,13   
/RGB,INDEX, 60, 60, 60,14   
/RGB,INDEX, 0, 0, 0,15  
! PLLS,LS1,LS6,1,0,0
/RGB,INDEX, 0, 0, 0, 0  
/RGB,INDEX, 60, 60, 60,13   
/RGB,INDEX, 80, 80, 80,14   
/RGB,INDEX,100,100,100,15   
! PLLS,LS1,LS6,1,0,0
GPLOT   
/RGB,INDEX,100,100,100, 0   
/RGB,INDEX, 80, 80, 80,13   
/RGB,INDEX, 60, 60, 60,14   
/RGB,INDEX, 0, 0, 0,15  
/REPLOT 
/DIST, 1 ,0.924021,1
/REP,FAST   
/DIST, 1 ,0.924021,1
/REP,FAST   
/FOC,   1,   44.4854095872    ,   48.9839776727    ,  -53.4693872600
/FOC,   1,   47.0566771885    ,   50.1239587295    ,  -57.1806359181
R,50,1.76715,0.2485,0.2485,1.5,1.5, ,   
RMORE, ,0.49701, , , , ,
!*  
FLST,2,28,4,ORDE,28 
FITEM,2,236 
FITEM,2,-237
FITEM,2,255 
FITEM,2,273 
FITEM,2,-274
FITEM,2,292 
FITEM,2,310 
FITEM,2,-311
FITEM,2,329 
FITEM,2,347 
FITEM,2,-348
FITEM,2,366 
FITEM,2,384 
FITEM,2,-385
FITEM,2,403 
FITEM,2,421 
FITEM,2,-422
FITEM,2,440 
FITEM,2,458 
FITEM,2,-459
FITEM,2,477 
FITEM,2,495 
FITEM,2,-496
FITEM,2,514 
FITEM,2,532 
FITEM,2,-533
FITEM,2,551 
FITEM,2,588 
LCLEAR,P51X 
FLST,5,28,4,ORDE,28 
FITEM,5,236 
FITEM,5,-237
FITEM,5,255 
FITEM,5,273 
FITEM,5,-274
FITEM,5,292 
FITEM,5,310 
FITEM,5,-311
FITEM,5,329 
FITEM,5,347 
FITEM,5,-348
FITEM,5,366 
FITEM,5,384 
FITEM,5,-385
FITEM,5,403 
FITEM,5,421 
FITEM,5,-422
FITEM,5,440 
FITEM,5,458 
FITEM,5,-459
FITEM,5,477 
FITEM,5,495 
FITEM,5,-496
FITEM,5,514 
FITEM,5,532 
FITEM,5,-533
FITEM,5,551 
FITEM,5,588 
CM,_Y,LINE  
LSEL, , , ,P51X 
CM,_Y1,LINE 
CMSEL,S,_Y  
!*  
!*  
CMSEL,S,_Y1 
LATT,1,50,1, , , ,  
CMSEL,S,_Y  
CMDELE,_Y   
CMDELE,_Y1  
!*  
FLST,5,28,4,ORDE,28 
FITEM,5,236 
FITEM,5,-237
FITEM,5,255 
FITEM,5,273 
FITEM,5,-274
FITEM,5,292 
FITEM,5,310 
FITEM,5,-311
FITEM,5,329 
FITEM,5,347 
FITEM,5,-348
FITEM,5,366 
FITEM,5,384 
FITEM,5,-385
FITEM,5,403 
FITEM,5,421 
FITEM,5,-422
FITEM,5,440 
FITEM,5,458 
FITEM,5,-459
FITEM,5,477 
FITEM,5,495 
FITEM,5,-496
FITEM,5,514 
FITEM,5,532 
FITEM,5,-533
FITEM,5,551 
FITEM,5,588 
CM,_Y,LINE  
LSEL, , , ,P51X 
CM,_Y1,LINE 
CMSEL,,_Y   
!*  
LESIZE,_Y1, , ,1, , , , ,1  
!*  
FLST,2,28,4,ORDE,28 
FITEM,2,236 
FITEM,2,-237
FITEM,2,255 
FITEM,2,273 
FITEM,2,-274
FITEM,2,292 
FITEM,2,310 
FITEM,2,-311
FITEM,2,329 
FITEM,2,347 
FITEM,2,-348
FITEM,2,366 
FITEM,2,384 
FITEM,2,-385
FITEM,2,403 
FITEM,2,421 
FITEM,2,-422
FITEM,2,440 
FITEM,2,458 
FITEM,2,-459
FITEM,2,477 
FITEM,2,495 
FITEM,2,-496
FITEM,2,514 
FITEM,2,532 
FITEM,2,-533
FITEM,2,551 
FITEM,2,588 
LMESH,P51X  
!*  
/PSF,DEFA, ,1,0,1   
/PBF,DEFA, ,1   
/PSYMB,CS,0 
/PSYMB,NDIR,0   
/PSYMB,ESYS,0   
/PSYMB,LDIV,0   
/PSYMB,LDIR,0   
/PSYMB,ADIR,0   
/PSYMB,ECON,0   
/PSYMB,XNODE,0  
/PSYMB,DOT,1
/PSYMB,PCONV,   
/PSYMB,LAYR,0   
/PSYMB,FBCS,0   
!*  
/PBC,U, ,0,,,,  
/PBC,ROT, ,0,,,,
/PBC,F, ,1,,,,  
/PBC,M, ,0,,,,  
!*  
/PBC,NFOR, ,0,,,,   
/PBC,NMOM, ,0,,,,   
/PBC,RFOR, ,0,,,,   
/PBC,RMOM, ,0,,,,   
/PBC,PATH, ,0,,,,   
/REP
!*  
FLST,2,399,1,ORDE,24
FITEM,2,1   
FITEM,2,-19 
FITEM,2,40  
FITEM,2,-148
FITEM,2,150 
FITEM,2,-167
FITEM,2,169 
FITEM,2,-186
FITEM,2,188 
FITEM,2,-205
FITEM,2,207 
FITEM,2,-224
FITEM,2,226 
FITEM,2,-243
FITEM,2,245 
FITEM,2,-262
FITEM,2,264 
FITEM,2,-281
FITEM,2,283 
FITEM,2,-300
FITEM,2,302 
FITEM,2,-419
FITEM,2,1513
FITEM,2,-1521   
NROTAT,P51X 
FLST,2,9,1,ORDE,2   
FITEM,2,1513
FITEM,2,-1521   
!*  
/GO 
F,P51X,FX,61
/REPLOT,RESIZE  
/REPLOT,RESIZE  
ALLSEL,ALL  
/REPLOT 
FINISH  
/SOL
/STATUS,SOLU
SOLVE   
FINISH  
/POST1  
ETABLE,REFL 
PLLS,LS1,LS6,0.2,0,0
/FOC,   1,   28.6970048748    ,   74.9962726964    ,  -63.6932775713
!*  
/EFACET,1   
PLNSOL, U,Y, 0,1.0  
/PNUM,KP,0  
/PNUM,LINE,0
/PNUM,AREA,0
/PNUM,VOLU,0
/PNUM,NODE,0
/PNUM,TABN,0
/PNUM,SVAL,0
/PNUM,DOMA,0
/NUMBER,0   
!*  
/PNUM,ELEM,0
/REPLOT 
!*  
LSEL,S,LOC,Y,0,90   
ALLSEL,BELOW,LINE   
/REPLOT 
/FOC,   1,   58.6927182496    ,   51.2639397863    ,  -69.9566580360
/FOC,   1,   47.1268289838    ,   56.4456718627    ,  -63.5725008466
PRETAB,LS1,LS2,LS7,LS4,LS9,SMIS4
!*  
SAVE
FINISH  
/PREP7  
R,40,2.54469,0.5153,0.5153,1.8,1.8, ,   
RMORE, ,1.0306, , , , , 
!*  
R,30,3.4636,0.9546,0.9546,2.1,2.1, ,
RMORE, ,1.90931, , , , ,
!*  
R,20,4.5239,1.6286,1.6286,2.4,2.4, ,
RMORE, ,3.2572, , , , , 
!*  
R,10,5.7255,2.6087,2.6087,2.7,2.7, ,
RMORE, ,5.2174, , , , , 
!*  
/REPLOT,RESIZE  
SAVE
/FOC,   1,   52.9412627515    ,   52.7148247677    ,  -65.6560875192
/FOC,   1,   60.0714577243    ,   47.4294580497    ,  -67.5009157740
/FOC,   1,   59.0527160345    ,   48.5694391065    ,  -67.6221551410
/FOC,   1,   60.5960747087    ,   47.6367273327    ,  -68.2328020414
/FOC,   1,   62.7575209158    ,   46.1858423513    ,  -68.9433632671
FINISH  
/POST1  
ALLSEL,ALL  
/REPLOT 
/FOC,   1,   36.5958266352    ,   44.8385920114    ,  -41.4344186466
!*  
/PSF,DEFA, ,1,0,1   
/PBF,DEFA, ,1   
/PSYMB,CS,0 
/PSYMB,NDIR,0   
/PSYMB,ESYS,0   
/PSYMB,LDIV,0   
/PSYMB,LDIR,0   
/PSYMB,ADIR,0   
/PSYMB,ECON,0   
/PSYMB,XNODE,0  
/PSYMB,DOT,1
/PSYMB,PCONV,   
/PSYMB,LAYR,0   
/PSYMB,FBCS,0   
!*  
/PBC,U, ,0,,,,  
/PBC,ROT, ,0,,,,
/PBC,F, ,1,,,,  
/PBC,M, ,0,,,,  
!*  
/PBC,NFOR, ,0,,,,   
/PBC,NMOM, ,0,,,,   
/PBC,RFOR, ,0,,,,   
/PBC,RMOM, ,0,,,,   
/PBC,PATH, ,0,,,,   
/REP
!*  
/FOC,   1,   28.0095668667    ,   39.0350520858    ,  -27.0446189525
!*  
/EFACET,1   
PLNSOL, U,Y, 0,1.0  
/FOC,   1,   22.6016968193    ,   63.4928274866    ,  -46.0945243059
FINISH  
/PREP7  
FINISH  
/SOL
FINISH  
/POST1  
!*  
/PSF,DEFA, ,1,0,1   
/PBF,DEFA, ,1   
/PSYMB,CS,0 
/PSYMB,NDIR,0   
/PSYMB,ESYS,0   
/PSYMB,LDIV,0   
/PSYMB,LDIR,0   
/PSYMB,ADIR,0   
/PSYMB,ECON,0   
/PSYMB,XNODE,0  
/PSYMB,DOT,1
/PSYMB,PCONV,   
/PSYMB,LAYR,0   
/PSYMB,FBCS,0   
!*  
/PBC,ALL,,1 
/PBC,NFOR,,0
/PBC,NMOM,,0
/PBC,RFOR,,0
/PBC,RMOM,,0
/PBC,PATH,,0
/REP
!*  
FINISH  
/PREP7  
SBCTRAN 
/FOC,   1,   17.9021987505    ,   67.3273092232    ,  -45.2295079736
FINISH  
/SOL
/STATUS,SOLU
SOLVE   
FINISH  
/POST1  
ETABLE,REFL 
PLLS,LS1,LS6,0.2,0,0
/FOC,   1,   30.6683238821    ,   55.6165947304    ,  -46.2849186125
/FOC,   1,   33.7272724120    ,   54.1657097490    ,  -47.8929821610
SAVE
SAVE,'corrosion_40proc','db','C:\Users\bulol\Desktop\D2DE~1\ANSYS~1\81EC~1\40%\'
SAVE
FINISH  
! /EXIT,NOSAV   
/BATCH  
/COM,ANSYS RELEASE 2020 R1           BUILD 20.1      UP20191203       15:41:30
/input,menust,tmp,''
/COM,ANSYS RELEASE 2020 R1           BUILD 20.1      UP20191203       15:41:30
/GRA,POWER
/GST,ON
/PLO,INFO,3
/GRO,CURL,ON
/CPLANE,1   
/REPLOT,RESIZE  
WPSTYLE,,,,,,,,0
GPLOT   
/POST1  
PLLS,LS1,LS6,1,0,0  
/RGB,INDEX,100,100,100, 0   
/RGB,INDEX, 80, 80, 80,13   
/RGB,INDEX, 60, 60, 60,14   
/RGB,INDEX, 0, 0, 0,15  
/REPLOT 
/PNUM,KP,0  
/PNUM,LINE,0
/PNUM,AREA,0
/PNUM,VOLU,0
/PNUM,NODE,0
/PNUM,TABN,0
/PNUM,SVAL,0
/PNUM,DOMA,0
/NUMBER,2   
!*  
/PNUM,ELEM,0
/REPLOT 
!*  
LSEL,S,LOC,Y,0,90   
ALLSEL,BELOW,LINE   
/REPLOT 
GPLOT   
/PNUM,KP,0  
/PNUM,LINE,0
/PNUM,AREA,0
/PNUM,VOLU,0
/PNUM,NODE,0
/PNUM,TABN,0
/PNUM,SVAL,0
/PNUM,DOMA,0
/NUMBER,2   
!*  
/PNUM,ELEM,1
/REPLOT 
!*  
/DIST, 1 ,0.924021,1
/REP,FAST   
/DIST, 1 ,0.924021,1
/REP,FAST   
/DIST, 1 ,0.924021,1
/REP,FAST   
/DIST, 1 ,0.924021,1
/REP,FAST   
/FOC,   1,   31.1272985287    ,   69.0489859516    ,  -60.1762844803
/DIST, 1 ,0.924021,1
/REP,FAST   
/DIST, 1 ,0.924021,1
/REP,FAST   
/DIST, 1 ,0.924021,1
/REP,FAST   
/DIST, 1 ,0.924021,1
/REP,FAST   
/DIST, 1 ,0.924021,1
/REP,FAST   
/FOC,   1,   26.8787426382    ,   79.8378913089    ,  -66.7166339470
/DIST, 1 ,0.924021,1
/REP,FAST   
/DIST, 1 ,0.924021,1
/REP,FAST   
/DIST, 1 ,0.924021,1
/REP,FAST   
/DIST, 1 ,0.924021,1
/REP,FAST   
/DIST, 1 ,0.924021,1
/REP,FAST   
/DIST, 1 ,0.924021,1
/REP,FAST   
/DIST, 1 ,0.924021,1
/REP,FAST   
/DIST, 1 ,0.924021,1
/REP,FAST   
/DIST, 1 ,1.082226,1
/REP,FAST   
/DIST, 1 ,1.082226,1
/REP,FAST   
/DIST, 1 ,1.082226,1
/REP,FAST   
/DIST, 1 ,1.082226,1
/REP,FAST   
/DIST, 1 ,1.082226,1
/REP,FAST   
/DIST, 1 ,1.082226,1
/REP,FAST   
/DIST, 1 ,1.082226,1
/REP,FAST   
/DIST, 1 ,1.082226,1
/REP,FAST   
/DIST, 1 ,0.924021,1
/REP,FAST   
/FOC,   1,   27.3052158045    ,   82.8944670339    ,  -70.1996828382
/FOC,   1,   32.8244741007    ,   79.8378913089    ,  -72.6623654094
/DIST, 1 ,1.082226,1
/REP,FAST   
/DIST, 1 ,1.082226,1
/REP,FAST   
/DIST, 1 ,1.082226,1
/REP,FAST   
/FOC,   1,   29.8023589273    ,   81.0299720976    ,  -70.8323310247
/DIST, 1 ,1.082226,1
/REP,FAST   
/DIST, 1 ,1.082226,1
/REP,FAST   
/FOC,   1,   39.8376290545    ,   76.0735307760    ,  -75.9111598303
/DIST, 1 ,0.924021,1
/REP,FAST   
/DIST, 1 ,0.924021,1
/REP,FAST   
/DIST, 1 ,0.924021,1
/REP,FAST   
/FOC,   1,   25.0859156358    ,   82.6825709326    ,  -67.7684865681
/DIST, 1 ,0.924021,1
/REP,FAST   
/DIST, 1 ,0.924021,1
/REP,FAST   
/DIST, 1 ,0.924021,1
/REP,FAST   
/FOC,   1,   26.7940244577    ,   81.9004477226    ,  -68.6944721801
/UI,COPY,SAVE,PNG,GRAPH,COLOR,NORM,PORTRAIT,YES 
FINISH  
! /EXIT,NOSAV   
/BATCH  
/COM,ANSYS RELEASE 2020 R1           BUILD 20.1      UP20191203       19:30:05
/input,menust,tmp,''
/COM,ANSYS RELEASE 2020 R1           BUILD 20.1      UP20191203       19:30:06
/GRA,POWER
/GST,ON
/PLO,INFO,3
/GRO,CURL,ON
/CPLANE,1   
/REPLOT,RESIZE  
WPSTYLE,,,,,,,,0
/REPLOT,RESIZE  
GPLOT   
/RGB,INDEX,100,100,100, 0   
/RGB,INDEX, 80, 80, 80,13   
/RGB,INDEX, 60, 60, 60,14   
/RGB,INDEX, 0, 0, 0,15  
/REPLOT 
/REPLOT,RESIZE  
/FOC,   1,   37.4107522516    ,   53.4402672583    ,  -50.8510195099
/POST1  
PLLS,LS1,LS6,0.3,0,0
/FOC,   1,   37.5669339629    ,   60.4874228823    ,  -58.0543568452
/PNUM,KP,0  
/PNUM,LINE,0
/PNUM,AREA,0
/PNUM,VOLU,0
/PNUM,NODE,0
/PNUM,TABN,0
/PNUM,SVAL,0
/PNUM,DOMA,0
/NUMBER,2   
!*  
/PNUM,ELEM,0
/REPLOT 
!*  
LSEL,S,LOC,Y,0,90   
ALLSEL,BELOW,LINE   
/REPLOT 
/FOC,   1,   52.8264671613    ,   55.0984215228    ,  -67.9248886841
/DIST, 1 ,0.924021,1
/REP,FAST   
/DIST, 1 ,0.924021,1
/REP,FAST   
/DIST, 1 ,0.924021,1
/REP,FAST   
/FOC,   1,   34.8007698716    ,   68.9161666732    ,  -63.7169365448
/DIST, 1 ,0.924021,1
/REP,FAST   
/FOC,   1,   48.8677672617    ,   68.9161666732    ,  -77.7839339349
/DIST, 1 ,0.924021,1
/REP,FAST   
/DIST, 1 ,0.924021,1
/REP,FAST   
/FOC,   1,   44.9830958718    ,   74.7861570662    ,  -79.7692529379
/FOC,   1,   31.7175662186    ,   75.1731893998    ,  -66.8907556183
/FOC,   1,   29.9512354144    ,   75.6892325113    ,  -65.6404679256
/UI,COPY,SAVE,PNG,GRAPH,COLOR,NORM,PORTRAIT,YES 
!*  
/CONT,1,16,AUTO 
/REPLOT 
!*  
/UI,COPY,SAVE,PNG,GRAPH,COLOR,NORM,PORTRAIT,YES 
PLLS,LS2,LS7,0.3,0,0
PLLS,LS2,LS7,0.5,0,0
PLLS,LS2,LS7,0.8,0,0
/FOC,   1,   32.3221795483    ,   78.6564804022    ,  -70.9786599504
/FOC,   1,   37.4514326604    ,   71.3028660638    ,  -68.7542987241
/DIST, 1 ,1.082226,1
/REP,FAST   
/FOC,   1,   41.4412646488    ,   59.5748853444    ,  -61.0161499931
/FOC,   1,   23.1590774663    ,   81.1459927390    ,  -64.3050702051
/FOC,   1,   26.8339156953    ,   78.6328540134    ,  -65.4667697085
/FOC,   1,   28.9398767731    ,   80.5875174666    ,  -69.5273942395
ALLSEL,ALL  
/REPLOT 
/DIST, 1 ,1.082226,1
/REP,FAST   
/DIST, 1 ,1.082226,1
/REP,FAST   
/DIST, 1 ,1.082226,1
/REP,FAST   
/FOC,   1,   13.2940401888    ,   76.7826782650    ,  -50.0767184536
/DIST, 1 ,1.082226,1
/REP,FAST   
/DIST, 1 ,1.082226,1
/REP,FAST   
/DIST, 1 ,1.082226,1
/REP,FAST   
/FOC,   1,   30.9237108650    ,   34.7242527985    ,  -25.6479636633
/FOC,   1,   48.6542484573    ,   2.75984944396    ,  -11.4140979011
/FOC,   1,   30.5531651927    ,   36.6309014196    ,  -27.1840666122
/FOC,   1,   21.3389167529    ,   71.9599788115    ,  -53.2988955643
LSEL,S,LOC,Y,0,90   
ALLSEL,BELOW,LINE   
/REPLOT 
/FOC,   1,   41.5480934019    ,   65.3427865381    ,  -66.8908799399
/DIST, 1 ,0.924021,1
/REP,FAST   
/DIST, 1 ,0.924021,1
/REP,FAST   
/DIST, 1 ,0.924021,1
/REP,FAST   
/DIST, 1 ,0.924021,1
/REP,FAST   
/DIST, 1 ,0.924021,1
/REP,FAST   
/FOC,   1,   33.9965934274    ,   77.9595343019    ,  -71.9561277293
/FOC,   1,   35.1594726354    ,   77.2040404238    ,  -72.3635130592
PLLS,LS2,LS7,0.8,0,0
/UI,COPY,SAVE,PNG,GRAPH,COLOR,NORM,PORTRAIT,YES 
SAVE
FINISH  
! /EXIT,NOSAV   
