/BATCH  
/COM,ANSYS RELEASE 2020 R1           BUILD 20.1      UP20191203       15:20:04
/input,menust,tmp,''
/COM,ANSYS RELEASE 2020 R1           BUILD 20.1      UP20191203       15:20:04
/GRA,POWER
/GST,ON
/PLO,INFO,3
/GRO,CURL,ON
/CPLANE,1   
/REPLOT,RESIZE  
WPSTYLE,,,,,,,,0
/REPLOT,RESIZE  
GPLOT   
/RGB,INDEX,100,100,100, 0   
/RGB,INDEX, 80, 80, 80,13   
/RGB,INDEX, 60, 60, 60,14   
/RGB,INDEX, 0, 0, 0,15  
/REPLOT 
/DIST, 1 ,0.924021,1
/REP,FAST   
/DIST, 1 ,0.924021,1
/REP,FAST   
/PREP7  
FLST,2,28,4,ORDE,28 
FITEM,2,236 
FITEM,2,-237
FITEM,2,255 
FITEM,2,273 
FITEM,2,-274
FITEM,2,292 
FITEM,2,310 
FITEM,2,-311
FITEM,2,329 
FITEM,2,347 
FITEM,2,-348
FITEM,2,366 
FITEM,2,384 
FITEM,2,-385
FITEM,2,403 
FITEM,2,421 
FITEM,2,-422
FITEM,2,440 
FITEM,2,458 
FITEM,2,-459
FITEM,2,477 
FITEM,2,495 
FITEM,2,-496
FITEM,2,514 
FITEM,2,532 
FITEM,2,-533
FITEM,2,551 
FITEM,2,588 
LCLEAR,P51X 
/REPLOT 
FLST,5,28,4,ORDE,28 
FITEM,5,236 
FITEM,5,-237
FITEM,5,255 
FITEM,5,273 
FITEM,5,-274
FITEM,5,292 
FITEM,5,310 
FITEM,5,-311
FITEM,5,329 
FITEM,5,347 
FITEM,5,-348
FITEM,5,366 
FITEM,5,384 
FITEM,5,-385
FITEM,5,403 
FITEM,5,421 
FITEM,5,-422
FITEM,5,440 
FITEM,5,458 
FITEM,5,-459
FITEM,5,477 
FITEM,5,495 
FITEM,5,-496
FITEM,5,514 
FITEM,5,532 
FITEM,5,-533
FITEM,5,551 
FITEM,5,588 
CM,_Y,LINE  
LSEL, , , ,P51X 
CM,_Y1,LINE 
CMSEL,S,_Y  
!*  
!*  
CMSEL,S,_Y1 
LATT,1,10,1, , , ,  
CMSEL,S,_Y  
CMDELE,_Y   
CMDELE,_Y1  
!*  
FLST,5,28,4,ORDE,28 
FITEM,5,236 
FITEM,5,-237
FITEM,5,255 
FITEM,5,273 
FITEM,5,-274
FITEM,5,292 
FITEM,5,310 
FITEM,5,-311
FITEM,5,329 
FITEM,5,347 
FITEM,5,-348
FITEM,5,366 
FITEM,5,384 
FITEM,5,-385
FITEM,5,403 
FITEM,5,421 
FITEM,5,-422
FITEM,5,440 
FITEM,5,458 
FITEM,5,-459
FITEM,5,477 
FITEM,5,495 
FITEM,5,-496
FITEM,5,514 
FITEM,5,532 
FITEM,5,-533
FITEM,5,551 
FITEM,5,588 
CM,_Y,LINE  
LSEL, , , ,P51X 
CM,_Y1,LINE 
CMSEL,,_Y   
!*  
LESIZE,_Y1, , ,1, , , , ,1  
!*  
FLST,2,28,4,ORDE,28 
FITEM,2,236 
FITEM,2,-237
FITEM,2,255 
FITEM,2,273 
FITEM,2,-274
FITEM,2,292 
FITEM,2,310 
FITEM,2,-311
FITEM,2,329 
FITEM,2,347 
FITEM,2,-348
FITEM,2,366 
FITEM,2,384 
FITEM,2,-385
FITEM,2,403 
FITEM,2,421 
FITEM,2,-422
FITEM,2,440 
FITEM,2,458 
FITEM,2,-459
FITEM,2,477 
FITEM,2,495 
FITEM,2,-496
FITEM,2,514 
FITEM,2,532 
FITEM,2,-533
FITEM,2,551 
FITEM,2,588 
LMESH,P51X  
FLST,2,399,1,ORDE,24
FITEM,2,1   
FITEM,2,-19 
FITEM,2,40  
FITEM,2,-148
FITEM,2,150 
FITEM,2,-167
FITEM,2,169 
FITEM,2,-186
FITEM,2,188 
FITEM,2,-205
FITEM,2,207 
FITEM,2,-224
FITEM,2,226 
FITEM,2,-243
FITEM,2,245 
FITEM,2,-262
FITEM,2,264 
FITEM,2,-281
FITEM,2,283 
FITEM,2,-300
FITEM,2,302 
FITEM,2,-419
FITEM,2,1513
FITEM,2,-1521   
NROTAT,P51X 
FLST,2,9,1,ORDE,2   
FITEM,2,1513
FITEM,2,-1521   
!*  
/GO 
F,P51X,FX,61
GPLOT   
/FOC,   1,   26.7434348391    ,   78.4061118292    ,  -65.1495466679
/REPLOT,RESIZE  
ALLSEL,ALL  
/REPLOT 
FINISH  
/SOL
/STATUS,SOLU
SOLVE   
FINISH  
/POST1  
ETABLE,REFL 
PLLS,LS1,LS6,0.2,0,0
LSEL,S,LOC,Y,0,90   
ALLSEL,BELOW,LINE   
/REPLOT 
/FOC,   1,   39.4425924087    ,   66.1414482943    ,  -65.5840407026
/FOC,   1,   37.2602616450    ,   68.1261863767    ,  -65.3864480213
/FOC,   1,   33.5653349217    ,   71.6376460610    ,  -65.2029809823
PRETAB,LS1,LS2,LS7,LS4,LS9,SMIS4
!*  
SAVE
FINISH  
! /EXIT,NOSAV   
/BATCH  
/COM,ANSYS RELEASE 2020 R1           BUILD 20.1      UP20191203       15:20:18
/input,menust,tmp,''
/COM,ANSYS RELEASE 2020 R1           BUILD 20.1      UP20191203       15:20:18
/GRA,POWER
/GST,ON
/PLO,INFO,3
/GRO,CURL,ON
/CPLANE,1   
/REPLOT,RESIZE  
WPSTYLE,,,,,,,,0
GPLOT   
/DIST, 1 ,1.082226,1
/REP,FAST   
/DIST, 1 ,1.082226,1
/REP,FAST   
/DIST, 1 ,1.082226,1
/REP,FAST   
/DIST, 1 ,1.082226,1
/REP,FAST   
/DIST, 1 ,0.924021,1
/REP,FAST   
/DIST, 1 ,0.924021,1
/REP,FAST   
/DIST, 1 ,0.924021,1
/REP,FAST   
/FOC,   1,   26.7619981685    ,   69.5998641723    ,  -56.3618623403
/FOC,   1,   39.0524487578    ,   51.3149023601    ,  -50.3673511174
/FOC,   1,   32.6570202001    ,   57.4282480262    ,  -50.0852682259
/FOC,   1,   33.4496790690    ,   56.9876465367    ,  -50.4373256054
FINISH  
! /EXIT,NOSAV   
