
 PRINT ELEMENT TABLE ITEMS PER ELEMENT
 
  ***** POST1 ELEMENT TABLE LISTING *****                                      
 
    STAT     CURRENT      CURRENT      CURRENT      CURRENT      CURRENT      CURRENT 
    ELEM     LS1          LS2          LS7          LS4          LS9          SMIS4   
       1   0.0000       0.0000       0.0000       0.0000       0.0000       0.0000     
       2   0.0000       0.0000       0.0000       0.0000       0.0000       0.0000     
       3   0.0000       0.0000       0.0000       0.0000       0.0000       0.0000     
       4   0.0000       0.0000       0.0000       0.0000       0.0000       0.0000     
       5   0.0000       0.0000       0.0000       0.0000       0.0000       0.0000     
       6   0.0000       0.0000       0.0000       0.0000       0.0000       0.0000     
       7   0.0000       0.0000       0.0000       0.0000       0.0000       0.0000     
       8   0.0000       0.0000       0.0000       0.0000       0.0000       0.0000     
       9   0.0000       0.0000       0.0000       0.0000       0.0000       0.0000     
      10   0.0000       0.0000       0.0000       0.0000       0.0000       0.0000     
      11   0.0000       0.0000       0.0000       0.0000       0.0000       0.0000     
      12   0.0000       0.0000       0.0000       0.0000       0.0000       0.0000     
      13   0.0000       0.0000       0.0000       0.0000       0.0000       0.0000     
      14   0.0000       0.0000       0.0000       0.0000       0.0000       0.0000     
      15   0.0000       0.0000       0.0000       0.0000       0.0000       0.0000     
      16   0.0000       0.0000       0.0000       0.0000       0.0000       0.0000     
      17   0.0000       0.0000       0.0000       0.0000       0.0000       0.0000     
      18   0.0000       0.0000       0.0000       0.0000       0.0000       0.0000     
      38   19.718      0.15908E-001-0.74138E-002 -7.7203      -8.1931      0.10131     
      39   19.716      0.15282E-001 0.16406E-002 -7.6212      -8.2890      0.67219E-001
      40   19.711      0.11824E-001 0.13034E-001 -7.5184      -8.3895      0.12903E-001
      41   19.703      0.47871E-002 0.24906E-001 -7.4237      -8.4833     -0.57018E-001
      42   19.690     -0.61749E-002 0.34207E-001 -7.3514      -8.5562     -0.13056     
      43   19.673     -0.20619E-001 0.37075E-001 -7.3164      -8.5930     -0.18743     
      44   19.654     -0.36837E-001 0.30026E-001 -7.3301      -8.5811     -0.20106     
      45   19.634     -0.51390E-001 0.12135E-001 -7.3963      -8.5147     -0.14583     
      46   19.616     -0.58965E-001-0.12234E-001 -7.5063      -8.3996     -0.10897E-001
      47   19.601     -0.53123E-001-0.32137E-001 -7.6350      -8.2565      0.18170     
      48   19.590     -0.29107E-001-0.34322E-001 -7.7287      -8.1283      0.36590     
      49   19.579      0.10215E-001-0.13156E-001 -7.6552      -8.1440      0.45127     
      50   19.544      0.52629E-001 0.21535E-001 -7.3302      -8.4941      0.37682     
      51   19.508      0.73714E-001 0.61916E-001 -7.7385      -8.1560      0.12288     
      52   19.513      0.49565E-001 0.83320E-001 -8.2393      -7.6379     -0.20169     
      53   19.551      0.11786E-001 0.48851E-001 -8.3828      -7.4297     -0.43501     
      54   19.579     -0.23622E-001-0.11160E-002 -8.0980      -7.7133     -0.46581     
      55   19.589     -0.39264E-001-0.40255E-001 -8.1386      -7.7287     -0.33344     
      56  0.41989E-001 0.17413     -0.26661       38.272       226.50     -0.72315E-001
      57  0.48968E-001 -3.0924      -20.110       38.099       225.52     -0.59724E-001
      58  0.51070E-001 -6.3293      -39.795       37.668       222.83     -0.34639E-001
      59  0.45087E-001 -9.5288      -59.173       36.993       218.48      0.22080E-002
      60  0.27438E-001 -12.687      -78.097       36.082       212.52      0.46223E-001
 
  ***** POST1 ELEMENT TABLE LISTING *****                                      
 
    STAT     CURRENT      CURRENT      CURRENT      CURRENT      CURRENT      CURRENT 
    ELEM     LS1          LS2          LS7          LS4          LS9          SMIS4   
      61 -0.54024E-002 -15.800      -96.425       34.932       204.99      0.87775E-001
      62 -0.56276E-001 -18.855      -114.01       33.530       195.95      0.11217     
      63 -0.12652      -21.826      -130.71       31.858       185.43      0.10207     
      64 -0.21493      -24.664      -146.35       29.896       173.48      0.43884E-001
      65 -0.31604      -27.304      -160.77       27.637       160.12     -0.61655E-001
      66 -0.41210      -29.672      -173.82       25.109       145.44     -0.18804     
      67 -0.42622      -31.699      -185.42       22.397       129.54     -0.28206     
      68 -0.74072E-001 -33.360      -195.55       19.610       112.61     -0.28642     
      69  0.96325      -34.822      -204.24       16.548       95.014     -0.17649     
      70   1.3447      -36.193      -211.55       13.139       77.005      0.24557E-001
      71  0.72134      -37.360      -217.60       9.7194       58.494      0.22153     
      72 -0.18881      -38.220      -222.32       6.4863       39.416      0.31142     
      73 -0.43917      -38.746      -225.45       3.2487       19.947      0.27475     
      74 -0.39561      -38.921      -226.76     -0.16605      0.33408      0.15688     
      75   53.170      0.16429E-001 0.12323E-001 -7.6974      -8.2387      0.15928     
      76   53.166      0.26003E-001 0.30216E-001 -7.5631      -8.3687      0.10137     
      77   53.157      0.33795E-001 0.48878E-001 -7.4199      -8.5108      0.75481E-002
      78   53.143      0.36182E-001 0.64037E-001 -7.2830      -8.6507     -0.11722     
      79   53.123      0.28398E-001 0.70127E-001 -7.1725      -8.7692     -0.25706     
      80   53.099      0.53251E-002 0.61716E-001 -7.1096      -8.8451     -0.38335     
      81   53.070     -0.36598E-001 0.36398E-001 -7.1121      -8.8590     -0.45654     
      82   53.038     -0.95971E-001-0.98721E-003 -7.1881      -8.8001     -0.43493     
      83   53.004     -0.16186     -0.34558E-001 -7.3288      -8.6724     -0.29256     
      84   52.970     -0.21038     -0.38681E-001 -7.5014      -8.4995     -0.44558E-001
      85   52.934     -0.20797      0.68915E-002 -7.6244      -8.3389      0.23155     
      86   52.892     -0.13304      0.89161E-001 -7.4608      -8.4048      0.41190     
      87   52.826     -0.88536E-002 0.18151      -6.7824      -9.1656      0.41874     
      88   52.770      0.14624      0.24042      -7.6540      -8.4686      0.15800     
      89   52.778      0.23008      0.14152      -8.6635      -7.4192     -0.29235     
      90   52.838      0.16471     -0.41757E-001 -8.9536      -6.9655     -0.50204     
      91   52.897      0.59327E-001-0.17018      -8.3346      -7.5548     -0.41793     
      92   52.939     -0.18202E-001-0.22872      -8.3649      -7.6174     -0.16901     
      93  0.34644E-001 0.20959     -0.21824      -38.716       38.957     -0.14991     
      94  0.40587E-001  3.6854      -3.7233      -38.565       38.723     -0.11988     
      95  0.42332E-001  7.1421      -7.2049      -38.088       38.193     -0.61632E-001
      96  0.36984E-001  10.535      -10.632      -37.279       37.385      0.24068E-001
      97  0.21199E-001  13.814      -13.973      -36.144       36.319      0.12861     
      98 -0.84938E-002  16.926      -17.201      -34.695       35.018      0.23310     
      99 -0.55176E-001  19.825      -20.287      -32.959       33.500      0.30808     
     100 -0.12082       22.471      -23.202      -30.969       31.770      0.31788     
     101 -0.20525       24.844      -25.916      -28.764       29.824      0.23235     
 
  ***** POST1 ELEMENT TABLE LISTING *****                                      
 
    STAT     CURRENT      CURRENT      CURRENT      CURRENT      CURRENT      CURRENT 
    ELEM     LS1          LS2          LS7          LS4          LS9          SMIS4   
     102 -0.30436       26.947      -28.392      -26.378       27.641      0.46729E-001
     103 -0.40257       28.814      -30.604      -23.828       25.191     -0.19607     
     104 -0.43005       30.531      -32.568      -21.055       22.412     -0.40011     
     105 -0.10309       32.198      -34.334      -17.912       19.218     -0.46080     
     106  0.99534       33.534      -35.699      -14.997       16.115     -0.31480     
     107   1.3885       34.475      -36.721      -12.628       13.421      0.57296E-001
     108  0.73646       35.295      -37.755      -10.059       10.606      0.41115     
     109 -0.21324       36.170      -38.757      -6.8577       7.2741      0.50352     
     110 -0.43809       36.912      -39.446      -3.4547       3.7496      0.37587     
     111 -0.38397       37.392      -39.699     -0.28366      0.40117      0.12772     
     112   79.994      0.19001E-001 0.38887E-001 -4.9781      -5.5715      0.18781     
     113   79.989      0.42412E-001 0.71168E-001 -4.8184      -5.7275      0.11219     
     114   79.981      0.66018E-001 0.10357      -4.6459      -5.9008     -0.14230E-001
     115   79.971      0.82970E-001 0.12880      -4.4801      -6.0740     -0.19079     
     116   79.959      0.83403E-001 0.13776      -4.3465      -6.2232     -0.40539     
     117   79.947      0.55530E-001 0.12202      -4.2745      -6.3205     -0.63126     
     118   79.937     -0.11163E-001 0.78469E-001 -4.2910      -6.3395     -0.82635     
     119   79.933     -0.11969      0.16006E-001 -4.4117      -6.2643     -0.93840     
     120   79.939     -0.25641     -0.38510E-001 -4.6286      -6.1009     -0.91887     
     121   79.954     -0.38242     -0.42106E-001 -4.8941      -5.8906     -0.74748     
     122   79.971     -0.43472      0.43480E-001 -5.0797      -5.7273     -0.46391     
     123   79.964     -0.35135      0.19158      -4.7920      -5.9687     -0.18416     
     124   79.862     -0.16113      0.32009      -3.5356      -7.3651      0.75292E-002
     125   79.792      0.75074E-001 0.51801      -4.9632      -6.2207      0.92364E-001
     126   79.803      0.51044      0.39926E-001 -6.5739      -4.5433     -0.26320     
     127   79.880      0.28471     -0.23872      -7.0465      -3.8069     -0.87763E-001
     128   79.976      0.13099     -0.41898      -5.8927      -4.9029      0.21106     
     129   79.985     -0.49943E-002-0.46219      -5.7774      -5.0529      0.56278     
     130  0.25016E-001 0.22166     -0.22794      -51.852      -38.035     -0.19933     
     131  0.29228E-001  4.8692       2.9506      -51.626      -37.960     -0.15614     
     132  0.30065E-001  9.4926       6.0933      -50.969      -37.609     -0.71118E-001
     133  0.25091E-001  14.036       9.1857      -49.878      -36.976      0.57720E-001
     134  0.11352E-001  18.436       12.214      -48.354      -36.047      0.22307     
     135 -0.14461E-001  22.625       15.161      -46.411      -34.807      0.40487     
     136 -0.55666E-001  26.532       18.003      -44.067      -33.239      0.56868     
     137 -0.11501       30.091       20.709      -41.350      -31.338      0.66875     
     138 -0.19372       33.250       23.241      -38.296      -29.121      0.65878     
     139 -0.28951       35.980       25.559      -34.943      -26.636      0.51277     
     140 -0.39038       38.292       27.631      -31.330      -23.981      0.25267     
     141 -0.43991       40.299       29.402      -27.412      -21.348     -0.29201E-001
     142 -0.16495       42.167       30.805      -23.047      -18.995     -0.20099     
 
  ***** POST1 ELEMENT TABLE LISTING *****                                      
 
    STAT     CURRENT      CURRENT      CURRENT      CURRENT      CURRENT      CURRENT 
    ELEM     LS1          LS2          LS7          LS4          LS9          SMIS4   
     143   1.0628       43.524       32.316      -19.157      -16.105     -0.22130     
     144   1.4770       44.502       33.999      -16.347      -12.245      0.84690E-001
     145  0.76844       45.630       35.082      -13.318      -8.4015      0.34968     
     146 -0.26518       47.161       35.722      -9.2817      -5.3744      0.23558     
     147 -0.43948       48.541       36.198      -4.8599      -2.5702     -0.26988E-001
     148 -0.36900       49.537       36.572     -0.64356      0.65168     -0.35349     
     149   95.502      0.23393E-001 0.70856E-001 -2.2520      -2.8883      0.18809     
     150   95.500      0.63384E-001 0.12307      -2.0805      -3.0573      0.96129E-001
     151   95.497      0.10732      0.17682      -1.8976      -3.2430     -0.61907E-001
     152   95.496      0.14586      0.22180      -1.7282      -3.4231     -0.29339     
     153   95.498      0.16478      0.24490      -1.6080      -3.5642     -0.59632     
     154   95.508      0.14603      0.23315      -1.5824      -3.6233     -0.95470     
     155   95.535      0.71296E-001 0.17970      -1.7024      -3.5512      -1.3347     
     156   95.595     -0.70246E-001 0.92629E-001 -2.0155      -3.3020      -1.6827     
     157   95.709     -0.26987      0.42848E-002 -2.5491      -2.8506      -1.9302     
     158   95.909     -0.48544     -0.27478E-001 -3.2774      -2.2248      -2.0094     
     159   96.223     -0.63755      0.60142E-001 -4.0327      -1.5830      -1.8866     
     160   96.647     -0.63180      0.28081      -4.2175      -1.4416      -1.6020     
     161   97.004     -0.40640      0.35906      -1.9896      -4.7137      -1.2219     
     162   96.605     -0.40690      0.78182      -2.7816      -3.9786     -0.47525     
     163   96.625      0.78029     -0.50241      -4.5464      -2.1202      0.29109     
     164   97.027      0.28833     -0.54272      -4.2558      -2.3695       1.1928     
     165   96.662      0.18215     -0.72645      -1.3921      -4.3118       1.6945     
     166   96.244     -0.80545E-002-0.65939      -1.6726      -3.9644       2.0292     
     167  0.13687E-001 0.24273     -0.24944      -38.815      -51.409     -0.21939     
     168  0.15656E-001  3.7732       4.0777      -38.613      -51.269     -0.16549     
     169  0.15206E-001  7.2874       8.3565      -38.074      -50.759     -0.57469E-001
     170  0.10518E-001  10.735       12.568      -37.193      -49.871      0.11233     
     171 -0.80356E-003  14.055       16.696      -35.973      -48.590      0.34341     
     172 -0.21740E-001  17.179       20.718      -34.420      -46.888      0.62284     
     173 -0.55773E-001  20.033       24.602      -32.549      -44.731      0.92171     
     174 -0.10659       22.547       28.292      -30.380      -42.089       1.1940     
     175 -0.17737       24.662       31.712      -27.927      -38.957       1.3809     
     176 -0.26906       26.351       34.762      -25.193      -35.392       1.4244     
     177 -0.37538       27.640       37.336      -22.147      -31.559       1.2933     
     178 -0.46266       28.654       39.307      -18.638      -27.845       1.0174     
     179 -0.27898       29.710       40.531      -14.233      -24.907      0.73393     
     180   1.1733       29.510       41.993      -11.825      -21.092      0.42815     
     181   1.6183       28.992       44.225      -10.797      -15.868      0.10475     
     182  0.82041       30.190       45.727      -9.9827      -10.748     -0.29916     
     183 -0.36189       32.035       46.995      -7.9860      -7.1385     -0.74441     
 
  ***** POST1 ELEMENT TABLE LISTING *****                                      
 
    STAT     CURRENT      CURRENT      CURRENT      CURRENT      CURRENT      CURRENT 
    ELEM     LS1          LS2          LS7          LS4          LS9          SMIS4   
     184 -0.45088       34.074       48.020      -4.1107      -3.9501      -1.1243     
     185 -0.35140       35.569       48.945     -0.85151      0.24324      -1.4212     
     186   101.92      0.30116E-001 0.10787     -0.45732      -1.0915      0.15903     
     187   101.92      0.89412E-001 0.18472     -0.28995      -1.2589      0.51009E-001
     188   101.92      0.15891      0.26698     -0.11494      -1.4402     -0.13664     
     189   101.93      0.22828      0.34186      0.37901E-001 -1.6083     -0.42059     
     190   101.94      0.28088      0.39216      0.12271      -1.7200     -0.81162     
     191   101.95      0.29430      0.39913      0.74580E-001 -1.7121      -1.3094     
     192   101.98      0.24376      0.34845     -0.19310      -1.4978      -1.8955     
     193   102.04      0.10959      0.24012     -0.79046     -0.96238      -2.5256     
     194   102.16     -0.10973      0.10100      -1.8516      0.39993E-001 -3.1232     
     195   102.42     -0.37985     -0.62510E-002 -3.5306       1.6908      -3.5866     
     196   102.97     -0.61679     -0.40096E-003 -5.9612       4.1945      -3.8282     
     197   104.11     -0.71352      0.16285      -9.0367       7.6670      -3.8449     
     198   106.58     -0.61002      0.49724      -11.658       11.044      -3.7389     
     199   111.27      0.27582E-001 -1.2378      -13.607       2.9477      -4.1119     
     200   111.26      -1.2117     -0.19965       2.2348      -12.657       3.9709     
     201   106.57      0.36485     -0.80183       11.633      -12.133       3.8444     
     202   104.12      0.31398E-001-0.82041       7.6159      -9.0445       4.0417     
     203   102.99     -0.75701E-001-0.60662       4.0448      -5.8260       4.0137     
     204  0.14473E-002 0.26114     -0.26038      -21.255      -38.611     -0.21052     
     205  0.10200E-002  2.2671       2.9487      -21.095      -38.502     -0.14568     
     206 -0.64055E-003  4.2623       6.1187      -20.731      -38.121     -0.15721E-001
     207 -0.45044E-002  6.2024       9.2452      -20.161      -37.458      0.19440     
     208 -0.12038E-001  8.0297       12.329      -19.392      -36.489      0.49454     
     209 -0.25379E-001  9.6733       15.370      -18.444      -35.165      0.88492     
     210 -0.47515E-001  11.052       18.359      -17.351      -33.413       1.3507     
     211 -0.82419E-001  12.084       21.267      -16.166      -31.140       1.8565     
     212 -0.13503       12.703       24.028      -14.949      -28.248       2.3417     
     213 -0.21085       12.896       26.531      -13.740      -24.678       2.7225     
     214 -0.31532       12.769       28.597      -12.463      -20.509       2.9104     
     215 -0.44863       12.675       29.902      -10.619      -16.228       2.8515     
     216 -0.51540       13.477       29.753      -6.2957      -13.573       2.5555     
     217   1.2390       15.979       28.155       2.9347      -13.292       2.4585     
     218   1.7741       8.6065       28.566      -3.5750      -10.035      0.10879     
     219  0.79720       10.397       30.139      -12.611      -7.7854      -2.3952     
     220 -0.56847       14.646       31.510      -3.5866      -8.9331      -2.6658     
     221 -0.42389       16.832       33.454     -0.29141E-001 -6.7646      -3.0286     
     222 -0.29030       18.099       35.258       1.2488      -2.5650      -3.0506     
     223   103.06      0.40939E-001 0.14856      0.37361     -0.16184      0.10257     
     224   103.07      0.12178      0.25315      0.51558     -0.30759     -0.19604E-001
 
  ***** POST1 ELEMENT TABLE LISTING *****                                      
 
    STAT     CURRENT      CURRENT      CURRENT      CURRENT      CURRENT      CURRENT 
    ELEM     LS1          LS2          LS7          LS4          LS9          SMIS4   
     225   103.09      0.22128      0.36942      0.66084     -0.46469     -0.23010     
     226   103.11      0.32959      0.48289      0.78045     -0.60822     -0.55296     
     227   103.14      0.42948      0.57285      0.82973     -0.69807      -1.0096     
     228   103.16      0.49633      0.61418      0.74476     -0.67501      -1.6127     
     229   103.17      0.50051      0.58222      0.43918     -0.45609      -2.3564     
     230   103.15      0.41389      0.46160     -0.19898      0.71204E-001 -3.2004     
     231   103.07      0.22277      0.25962      -1.3103       1.0572      -4.0495     
     232   102.85     -0.50406E-001 0.23037E-001 -3.0666       2.7059      -4.7350     
     233   102.36     -0.31305     -0.16050      -5.6554       5.3048      -5.0307     
     234   101.32     -0.38128     -0.26222      -8.9751       8.9295      -4.7269     
     235   99.119     -0.10516     -0.61527      -12.544       14.876      -3.5685     
     238   99.095     -0.72838     -0.37172       15.487      -13.072       3.8889     
     239   101.34     -0.41977     -0.45565       8.7557      -8.9108       5.0862     
     240   102.37     -0.21392     -0.22375       5.1960      -5.5124       5.2333     
     241 -0.10654E-001 0.25912     -0.23977      -8.0485      -21.211     -0.17309     
     242 -0.13369E-001  1.1091       1.4642      -7.9218      -21.146     -0.96746E-001
     243 -0.15956E-001  1.9527       3.1400      -7.6942      -20.940      0.52680E-001
     244 -0.18300E-001  2.7532       4.7967      -7.3677      -20.586      0.29697     
     245 -0.20485E-001  3.4577       6.4519      -6.9568      -20.054      0.65619     
     246 -0.22972E-001  3.9950       8.1290      -6.4968      -19.292       1.1443     
     247 -0.26794E-001  4.2737       9.8524      -6.0555      -18.203       1.7626     
     248 -0.33729E-001  4.1822       11.644      -5.7536      -16.643       2.4897     
     249 -0.46330E-001  3.5936       13.521      -5.7972      -14.397       3.2690     
     250 -0.67726E-001  2.3799       15.513      -6.5336      -11.156       3.9970     
     251 -0.10322      0.44915       17.689      -8.5449      -6.4524       4.5288     
     252 -0.16717      -2.1306       20.161      -12.750      0.43027       4.7417     
     253 -0.25755      -5.0029       23.007      -20.660       10.639       4.6041     
     254  0.97472      -6.2703       26.468      -31.694       25.360       3.7034     
     256  0.41572       15.774       4.0859       28.173      -36.176      -3.8915     
     257 -0.26302       9.9096       10.930       19.220      -23.098      -4.8744     
     258 -0.13205       7.0839       15.474       10.934      -13.170      -5.0025     
     259 -0.81303E-001  6.3455       18.043       6.1025      -6.2871      -4.6399     
     260   102.00      0.58676E-001 0.18930      0.52764      0.22633      0.30651E-001
     261   102.02      0.16292      0.32194      0.61014      0.13917     -0.99837E-001
     262   102.06      0.29576      0.47398      0.68038      0.55935E-001-0.32066     
     263   102.12      0.44876      0.63034      0.70921      0.82259E-003-0.66065     
     264   102.20      0.60508      0.76786      0.65421      0.93158E-002 -1.1492     
     265   102.30      0.73814      0.85590      0.45952      0.12767      -1.8101     
     266   102.43      0.81175      0.85923      0.59815E-001 0.40798      -2.6499     
     267   102.59      0.78287      0.74450     -0.60739      0.89448      -3.6356     
     268   102.76      0.60904      0.49177      -1.5747       1.5967      -4.6593     
 
  ***** POST1 ELEMENT TABLE LISTING *****                                      
 
    STAT     CURRENT      CURRENT      CURRENT      CURRENT      CURRENT      CURRENT 
    ELEM     LS1          LS2          LS7          LS4          LS9          SMIS4   
     269   102.90      0.26392      0.11404      -2.7863       2.4258      -5.4855     
     270   102.93     -0.23192     -0.30418      -4.0231       3.1952      -5.7030     
     271   102.72     -0.72912     -0.68288      -4.4610       3.2035      -4.8283     
     272   101.93      -1.0953      -1.2655     -0.62761      -1.3471      -2.7345     
     275   102.23      -1.3799      -1.4226     -0.55725      -1.9944       3.4456     
     276   102.63     -0.86526     -0.61478       3.8314      -4.8148       5.4279     
     277   102.73     -0.27394      0.16608E-002  3.2392      -3.8836       5.7867     
     278 -0.21104E-001 0.20383     -0.15925     -0.70889      -8.0845     -0.11247     
     279 -0.25737E-001 0.38877      0.43892     -0.61435      -8.0422     -0.25782E-001
     280 -0.28953E-001 0.57265       1.0204     -0.48555      -7.9548      0.13716     
     281 -0.29611E-001 0.73283       1.5991     -0.32710      -7.8171      0.40255     
     282 -0.26465E-001 0.83743       2.1941     -0.15245      -7.6102      0.79777     
     283 -0.18328E-001 0.84506       2.8247      0.12827E-001 -7.2956       1.3471     
     284 -0.42488E-002 0.70577       3.5013      0.12759      -6.8132       2.0639     
     285  0.16368E-001 0.36386       4.2127      0.13172      -6.0857       2.9358     
     286  0.43824E-001-0.23591       4.9133     -0.57339E-001 -5.0370       3.9021     
     287  0.78634E-001 -1.1313       5.5160     -0.54408      -3.6389       4.8188     
     288  0.11977      -2.3130       5.9087      -1.4479      -2.0117       5.4196     
     289  0.13133      -3.5069       5.9193      -2.6516     -0.77484       5.3269     
     290  0.15143      -3.9332       5.2770      -3.1685      -1.6662       4.1878     
     291  0.20915      -2.6629       2.1702      0.42534      -11.364       1.7561     
     293 -0.45729      -1.7684       9.1469       1.7291       7.2990      -2.2235     
     294  0.20520     -0.26915       5.4674       4.4047      -2.2901      -4.7471     
     295  0.16705     -0.10006       5.6241       4.1131      -3.2562      -5.6433     
     296  0.13733     -0.12028       6.4120       2.5724      -2.2262      -5.3981     
     297   100.52      0.84314E-001 0.22428      0.34914      0.33397     -0.27454E-001
     298   100.54      0.21340      0.38102      0.35199      0.33144     -0.14869     
     299   100.58      0.38252      0.56454      0.31371      0.36629     -0.35128     
     300   100.64      0.58605      0.75975      0.19445      0.47605     -0.66541     
     301   100.73      0.80955      0.94197     -0.65918E-001 0.71779      -1.1262     
     302   100.87       1.0271       1.0763     -0.55337       1.1731      -1.7708     
     303   101.10       1.1986       1.1183      -1.3833       1.9509      -2.6307     
     304   101.46       1.2673       1.0176      -2.6973       3.1810      -3.7154     
     305   102.05       1.1578      0.72660      -4.6385       4.9818      -4.9810     
     306   103.03      0.77691      0.21756      -7.2833       7.3876      -6.2740     
     307   104.58      0.21451E-001-0.47884      -10.362       9.8945      -7.2257     
     308   106.80      -1.1901      -1.0127      -13.364       12.908      -7.2257     
     309   109.57      -2.3548      -1.3531      -6.4714     -0.93029      -5.5210     
     312   108.20      -1.8440      -2.1884       10.423      -12.134       7.4383     
     313   105.41      -1.0694     -0.62807       11.609      -12.048       7.5397     
     314   103.54     -0.27132      0.39424       8.7118      -8.8105       6.7582     
 
  ***** POST1 ELEMENT TABLE LISTING *****                                      
 
    STAT     CURRENT      CURRENT      CURRENT      CURRENT      CURRENT      CURRENT 
    ELEM     LS1          LS2          LS7          LS4          LS9          SMIS4   
     315 -0.27702E-001 0.75043E-001-0.22713E-001  2.2998     -0.76987     -0.45681E-001
     316 -0.33030E-001-0.69587E-001 0.15383E-001  2.3413     -0.73302      0.44163E-001
     317 -0.35550E-001-0.22591      0.67637E-001  2.3602     -0.69541      0.20656     
     318 -0.33219E-001-0.40749      0.15982       2.3376     -0.64785      0.46941     
     319 -0.23736E-001-0.62929      0.32477       2.2443     -0.56540      0.86474     
     320 -0.48722E-002-0.90313      0.59548       2.0432     -0.40099       1.4259     
     321  0.24981E-001 -1.2301      0.99038       1.6973     -0.82994E-001  2.1809     
     322  0.65959E-001 -1.5903       1.4876       1.1934      0.47569       3.1383     
     323  0.11559      -1.9324       1.9873      0.59023       1.3432       4.2612     
     324  0.16636      -2.1772       2.2665      0.10048       2.4868       5.4228     
     325  0.20600      -2.2394       1.9561      0.22457       3.6207       6.3366     
     326  0.15051      -2.3514      0.66446       1.6066       3.9767       6.4533     
     327 -0.20895      -1.4009      -2.5433       7.8113      0.59239       5.2810     
     328  0.28659      -7.2392      -3.8737       2.1461       1.0935       3.2844     
     330 -0.52426      -8.3497      -3.2175      -5.2687       2.1123      -4.4015     
     331 -0.10467      -3.7812      -1.9620      -1.8401      -1.3551      -6.2244     
     332  0.23253      -1.6333      -1.0206       1.2651      -4.0687      -6.5467     
     333  0.23262      -1.2503      0.15382E-001  1.7764      -3.8479      -5.9609     
     334   99.428      0.11056      0.24754      0.13264      0.24327     -0.37728E-001
     335   99.427      0.26160      0.42024      0.97589E-001 0.28261     -0.11504     
     336   99.423      0.46390      0.62471      0.16202E-001 0.36958     -0.24389     
     337   99.413      0.71613      0.84578     -0.15058      0.54483     -0.44602     
     338   99.391       1.0094       1.0575     -0.46697      0.87625     -0.74972     
     339   99.350       1.3248       1.2213      -1.0377       1.4766      -1.1910     
     340   99.284       1.6300       1.2849      -2.0342       2.5342      -1.8144     
     341   99.202       1.8757       1.1825      -3.7401       4.3674      -2.6741     
     342   99.162       1.9892      0.83962      -6.6357       7.5287      -3.8336     
     343   99.370       1.8649      0.18672      -11.550       12.983      -5.3688     
     344   100.43       1.3510     -0.80844      -20.022       22.681      -7.3854     
     345   103.95      0.21111      -2.0769      -34.209       38.147      -9.9019     
     346   114.60      -2.1075      -1.0729      -66.255       91.053      -13.102     
     349   106.25      -2.0837     -0.42851       55.782      -44.536       12.531     
     350   101.10      -1.3455      0.79355       27.639      -24.662       8.4724     
     351   99.523     -0.38185       1.5543       16.208      -14.422       6.0966     
     352 -0.29252E-001-0.55951E-001 0.76545E-001  3.0706       2.2450     -0.39701E-003
     353 -0.33261E-001-0.34823     -0.78050E-001  3.0462       2.2646      0.72991E-001
     354 -0.32406E-001-0.67493     -0.18221       2.9439       2.2618      0.20258     
     355 -0.23374E-001 -1.0531     -0.18854       2.7152       2.2483      0.41239     
     356 -0.21533E-002 -1.5033     -0.27263E-001  2.2848       2.2596      0.73274     
     357  0.35654E-001 -2.0477      0.39675       1.5399       2.3733       1.2003     
     358  0.94088E-001 -2.7043       1.2019      0.32047       2.7378       1.8567     
 
  ***** POST1 ELEMENT TABLE LISTING *****                                      
 
    STAT     CURRENT      CURRENT      CURRENT      CURRENT      CURRENT      CURRENT 
    ELEM     LS1          LS2          LS7          LS4          LS9          SMIS4   
     359  0.17531      -3.4748       2.5150      -1.5849       3.6087       2.7432     
     360  0.27643      -4.3174       4.4274      -4.4143       5.3870       3.8895     
     361  0.38345      -5.0869       6.8919      -8.3160       8.6223       5.2894     
     362  0.44609      -5.4150       9.4770      -12.973       13.831       6.8565     
     363  0.40907      -4.3403       10.989      -16.318       20.922       8.3387     
     364  -1.1000      -1.2091       8.0710      -12.899       24.941       8.8384     
     365  0.29809       27.039      -8.1491       53.909       4.6528       9.6201     
     367  -1.5407       3.5816      -13.458      -9.3449      -16.925      -11.444     
     368 -0.15196       9.2948      -8.0033       15.982      -25.433      -9.1904     
     369  0.49625       6.5717      -3.3130       14.943      -19.644      -7.4924     
     370  0.47319       3.3698     -0.93431       11.375      -13.298      -5.9367     
     371   99.036      0.12220      0.25560      0.33658E-013-0.13248E-012 0.35542E-012
     372   99.016      0.28255      0.43379     -0.10384E-012 0.17351E-013 0.17474E-013
     373   98.979      0.49933      0.64540     -0.21859E-012 0.14270E-012-0.30464E-012
     374   98.911      0.77371      0.87515     -0.39325E-012 0.32734E-012 0.12232E-012
     375   98.783       1.1007       1.0964     -0.55329E-012 0.48868E-012 0.17593E-012
     376   98.544       1.4674       1.2686     -0.72675E-012 0.66485E-012 0.74384E-012
     377   98.099       1.8520       1.3353     -0.80641E-012 0.76774E-012 0.39978E-012
     378   97.270       2.2233       1.2223     -0.78326E-012 0.71201E-012 0.28886E-013
     379   95.710       2.5437      0.83858     -0.76794E-012 0.79058E-012 0.11830E-011
     380   92.718       2.7790      0.81341E-001-0.63552E-012 0.66783E-012 0.13242E-012
     381   86.814       2.9262      -1.1250     -0.47031E-012 0.52256E-012 0.54100E-012
     382   74.810       3.1276      -2.7783     -0.20225E-012 0.26914E-012-0.59266E-012
     383   48.804       3.9519      -6.9425     -0.74363E-013 0.13334E-012-0.50095E-012
     386   67.555      -2.3752       3.3931     -0.14099E-012 0.19010E-012 0.47005E-012
     387   83.369      -1.7073       2.7630     -0.15186E-012 0.23688E-012 0.76773E-012
     388   90.978     -0.53945       2.6533     -0.49329E-013 0.13050E-012 0.78302E-012
     389 -0.28070E-001-0.63084E-001 0.39598E-001  3.1338       3.0390      0.65317E-002
     390 -0.30063E-001-0.37028     -0.19690       3.0799       3.0152      0.35727E-001
     391 -0.25169E-001-0.69752     -0.39631       2.9299       2.9304      0.86867E-001
     392 -0.86724E-002 -1.0482     -0.51798       2.6295       2.7698      0.17006     
     393  0.25693E-001 -1.4269     -0.49466       2.0938       2.5265      0.29894     
     394  0.85994E-001 -1.8437     -0.21848       1.1875       2.2172      0.49180     
     395  0.18238      -2.3254      0.48141     -0.31306       1.9165      0.77327     
     396  0.32744      -2.9428       1.8761      -2.8002       1.8305       1.1770     
     397  0.53679      -3.8716       4.4028      -7.0121       2.4615       1.7513     
     398  0.82911      -5.5152       8.7828      -14.442       4.9835       2.5717     
     399   1.2271      -8.7562       16.262      -28.323       12.155       3.7704     
     400   1.6837      -15.279       28.787      -55.863       30.216       5.6362     
     401   2.5516      -28.773       51.115      -115.83       77.769       8.9197     
     402  -7.2022      -49.385       71.652      -226.22       147.55       9.2011     
 
  ***** POST1 ELEMENT TABLE LISTING *****                                      
 
    STAT     CURRENT      CURRENT      CURRENT      CURRENT      CURRENT      CURRENT 
    ELEM     LS1          LS2          LS7          LS4          LS9          SMIS4   
     404  -1.7373       76.670      -22.210       126.58      -104.09      -11.993     
     405   1.9120       35.979      -2.5056       65.897      -55.506      -6.7598     
     406   1.4277       17.411       3.5168       33.695      -26.018      -4.3768     
     407   1.0284       8.3452       3.7831       18.035      -12.571      -2.9813     
     408   99.428      0.11056      0.24754     -0.13264     -0.24327      0.37728E-001
     409   99.427      0.26160      0.42024     -0.97589E-001-0.28261      0.11504     
     410   99.423      0.46390      0.62471     -0.16202E-001-0.36958      0.24389     
     411   99.413      0.71613      0.84578      0.15058     -0.54483      0.44602     
     412   99.391       1.0094       1.0575      0.46697     -0.87625      0.74972     
     413   99.350       1.3248       1.2213       1.0377      -1.4766       1.1910     
     414   99.284       1.6300       1.2849       2.0342      -2.5342       1.8144     
     415   99.202       1.8757       1.1825       3.7401      -4.3674       2.6741     
     416   99.162       1.9892      0.83962       6.6357      -7.5287       3.8336     
     417   99.370       1.8649      0.18672       11.550      -12.983       5.3688     
     418   100.43       1.3510     -0.80844       20.022      -22.681       7.3854     
     419   103.95      0.21111      -2.0769       34.209      -38.147       9.9019     
     420   114.60      -2.1075      -1.0729       66.255      -91.053       13.102     
     423   106.25      -2.0837     -0.42851      -55.782       44.536      -12.531     
     424   101.10      -1.3455      0.79355      -27.639       24.662      -8.4724     
     425   99.523     -0.38185       1.5543      -16.208       14.422      -6.0966     
     426 -0.28070E-001 0.39598E-001-0.63084E-001  3.0390       3.1338     -0.65317E-002
     427 -0.30063E-001-0.19690     -0.37028       3.0152       3.0799     -0.35727E-001
     428 -0.25169E-001-0.39631     -0.69752       2.9304       2.9299     -0.86867E-001
     429 -0.86724E-002-0.51798      -1.0482       2.7698       2.6295     -0.17006     
     430  0.25693E-001-0.49466      -1.4269       2.5265       2.0938     -0.29894     
     431  0.85994E-001-0.21848      -1.8437       2.2172       1.1875     -0.49180     
     432  0.18238      0.48141      -2.3254       1.9165     -0.31306     -0.77327     
     433  0.32744       1.8761      -2.9428       1.8305      -2.8002      -1.1770     
     434  0.53679       4.4028      -3.8716       2.4615      -7.0121      -1.7513     
     435  0.82911       8.7828      -5.5152       4.9835      -14.442      -2.5717     
     436   1.2271       16.262      -8.7562       12.155      -28.323      -3.7704     
     437   1.6837       28.787      -15.279       30.216      -55.863      -5.6362     
     438   2.5516       51.115      -28.773       77.769      -115.83      -8.9197     
     439  -7.2022       71.652      -49.385       147.55      -226.22      -9.2011     
     441  -1.7373      -22.210       76.670      -104.09       126.58       11.993     
     442   1.9120      -2.5056       35.979      -55.506       65.897       6.7598     
     443   1.4277       3.5168       17.411      -26.018       33.695       4.3768     
     444   1.0284       3.7831       8.3452      -12.571       18.035       2.9813     
     445   100.52      0.84314E-001 0.22428     -0.34914     -0.33397      0.27454E-001
     446   100.54      0.21340      0.38102     -0.35199     -0.33144      0.14869     
     447   100.58      0.38252      0.56454     -0.31371     -0.36629      0.35128     
 
  ***** POST1 ELEMENT TABLE LISTING *****                                      
 
    STAT     CURRENT      CURRENT      CURRENT      CURRENT      CURRENT      CURRENT 
    ELEM     LS1          LS2          LS7          LS4          LS9          SMIS4   
     448   100.64      0.58605      0.75975     -0.19445     -0.47605      0.66541     
     449   100.73      0.80955      0.94197      0.65918E-001-0.71779       1.1262     
     450   100.87       1.0271       1.0763      0.55337      -1.1731       1.7708     
     451   101.10       1.1986       1.1183       1.3833      -1.9509       2.6307     
     452   101.46       1.2673       1.0176       2.6973      -3.1810       3.7154     
     453   102.05       1.1578      0.72660       4.6385      -4.9818       4.9810     
     454   103.03      0.77691      0.21756       7.2833      -7.3876       6.2740     
     455   104.58      0.21451E-001-0.47884       10.362      -9.8945       7.2257     
     456   106.80      -1.1901      -1.0127       13.364      -12.908       7.2257     
     457   109.57      -2.3548      -1.3531       6.4714      0.93029       5.5210     
     460   108.20      -1.8440      -2.1884      -10.423       12.134      -7.4383     
     461   105.41      -1.0694     -0.62807      -11.609       12.048      -7.5397     
     462   103.54     -0.27132      0.39424      -8.7118       8.8105      -6.7582     
     463 -0.29252E-001 0.76545E-001-0.55951E-001  2.2450       3.0706      0.39701E-003
     464 -0.33261E-001-0.78050E-001-0.34823       2.2646       3.0462     -0.72991E-001
     465 -0.32406E-001-0.18221     -0.67493       2.2618       2.9439     -0.20258     
     466 -0.23374E-001-0.18854      -1.0531       2.2483       2.7152     -0.41239     
     467 -0.21533E-002-0.27263E-001 -1.5033       2.2596       2.2848     -0.73274     
     468  0.35654E-001 0.39675      -2.0477       2.3733       1.5399      -1.2003     
     469  0.94088E-001  1.2019      -2.7043       2.7378      0.32047      -1.8567     
     470  0.17531       2.5150      -3.4748       3.6087      -1.5849      -2.7432     
     471  0.27643       4.4274      -4.3174       5.3870      -4.4143      -3.8895     
     472  0.38345       6.8919      -5.0869       8.6223      -8.3160      -5.2894     
     473  0.44609       9.4770      -5.4150       13.831      -12.973      -6.8565     
     474  0.40907       10.989      -4.3403       20.922      -16.318      -8.3387     
     475  -1.1000       8.0710      -1.2091       24.941      -12.899      -8.8384     
     476  0.29809      -8.1491       27.039       4.6528       53.909      -9.6201     
     478  -1.5407      -13.458       3.5816      -16.925      -9.3449       11.444     
     479 -0.15196      -8.0033       9.2948      -25.433       15.982       9.1904     
     480  0.49625      -3.3130       6.5717      -19.644       14.943       7.4924     
     481  0.47319     -0.93431       3.3698      -13.298       11.375       5.9367     
     482   102.00      0.58676E-001 0.18930     -0.52764     -0.22633     -0.30651E-001
     483   102.02      0.16292      0.32194     -0.61014     -0.13917      0.99837E-001
     484   102.06      0.29576      0.47398     -0.68038     -0.55935E-001 0.32066     
     485   102.12      0.44876      0.63034     -0.70921     -0.82259E-003 0.66065     
     486   102.20      0.60508      0.76786     -0.65421     -0.93158E-002  1.1492     
     487   102.30      0.73814      0.85590     -0.45952     -0.12767       1.8101     
     488   102.43      0.81175      0.85923     -0.59815E-001-0.40798       2.6499     
     489   102.59      0.78287      0.74450      0.60739     -0.89448       3.6356     
     490   102.76      0.60904      0.49177       1.5747      -1.5967       4.6593     
     491   102.90      0.26392      0.11404       2.7863      -2.4258       5.4855     
 
  ***** POST1 ELEMENT TABLE LISTING *****                                      
 
    STAT     CURRENT      CURRENT      CURRENT      CURRENT      CURRENT      CURRENT 
    ELEM     LS1          LS2          LS7          LS4          LS9          SMIS4   
     492   102.93     -0.23192     -0.30418       4.0231      -3.1952       5.7030     
     493   102.72     -0.72912     -0.68288       4.4610      -3.2035       4.8283     
     494   101.93      -1.0953      -1.2655      0.62761       1.3471       2.7345     
     497   102.23      -1.3799      -1.4226      0.55725       1.9944      -3.4456     
     498   102.63     -0.86526     -0.61478      -3.8314       4.8148      -5.4279     
     499   102.73     -0.27394      0.16608E-002 -3.2392       3.8836      -5.7867     
     500 -0.27702E-001-0.22713E-001 0.75043E-001-0.76987       2.2998      0.45681E-001
     501 -0.33030E-001 0.15383E-001-0.69587E-001-0.73302       2.3413     -0.44163E-001
     502 -0.35550E-001 0.67637E-001-0.22591     -0.69541       2.3602     -0.20656     
     503 -0.33219E-001 0.15982     -0.40749     -0.64785       2.3376     -0.46941     
     504 -0.23736E-001 0.32477     -0.62929     -0.56540       2.2443     -0.86474     
     505 -0.48722E-002 0.59548     -0.90313     -0.40099       2.0432      -1.4259     
     506  0.24981E-001 0.99038      -1.2301     -0.82994E-001  1.6973      -2.1809     
     507  0.65959E-001  1.4876      -1.5903      0.47569       1.1934      -3.1383     
     508  0.11559       1.9873      -1.9324       1.3432      0.59023      -4.2612     
     509  0.16636       2.2665      -2.1772       2.4868      0.10048      -5.4228     
     510  0.20600       1.9561      -2.2394       3.6207      0.22457      -6.3366     
     511  0.15051      0.66446      -2.3514       3.9767       1.6066      -6.4533     
     512 -0.20895      -2.5433      -1.4009      0.59239       7.8113      -5.2810     
     513  0.28659      -3.8737      -7.2392       1.0935       2.1461      -3.2844     
     515 -0.52426      -3.2175      -8.3497       2.1123      -5.2687       4.4015     
     516 -0.10467      -1.9620      -3.7812      -1.3551      -1.8401       6.2244     
     517  0.23253      -1.0206      -1.6333      -4.0687       1.2651       6.5467     
     518  0.23262      0.15382E-001 -1.2503      -3.8479       1.7764       5.9609     
     519   103.06      0.40939E-001 0.14856     -0.37361      0.16184     -0.10257     
     520   103.07      0.12178      0.25315     -0.51558      0.30759      0.19604E-001
     521   103.09      0.22128      0.36942     -0.66084      0.46469      0.23010     
     522   103.11      0.32959      0.48289     -0.78045      0.60822      0.55296     
     523   103.14      0.42948      0.57285     -0.82973      0.69807       1.0096     
     524   103.16      0.49633      0.61418     -0.74476      0.67501       1.6127     
     525   103.17      0.50051      0.58222     -0.43918      0.45609       2.3564     
     526   103.15      0.41389      0.46160      0.19898     -0.71204E-001  3.2004     
     527   103.07      0.22277      0.25962       1.3103      -1.0572       4.0495     
     528   102.85     -0.50406E-001 0.23037E-001  3.0666      -2.7059       4.7350     
     529   102.36     -0.31305     -0.16050       5.6554      -5.3048       5.0307     
     530   101.32     -0.38128     -0.26222       8.9751      -8.9295       4.7269     
     531   99.119     -0.10516     -0.61527       12.544      -14.876       3.5685     
     534   99.095     -0.72838     -0.37172      -15.487       13.072      -3.8889     
     535   101.34     -0.41977     -0.45565      -8.7557       8.9108      -5.0862     
     536   102.37     -0.21392     -0.22375      -5.1960       5.5124      -5.2333     
     537 -0.21104E-001-0.15925      0.20383      -8.0845     -0.70889      0.11247     
 
  ***** POST1 ELEMENT TABLE LISTING *****                                      
 
    STAT     CURRENT      CURRENT      CURRENT      CURRENT      CURRENT      CURRENT 
    ELEM     LS1          LS2          LS7          LS4          LS9          SMIS4   
     538 -0.25737E-001 0.43892      0.38877      -8.0422     -0.61435      0.25782E-001
     539 -0.28953E-001  1.0204      0.57265      -7.9548     -0.48555     -0.13716     
     540 -0.29611E-001  1.5991      0.73283      -7.8171     -0.32710     -0.40255     
     541 -0.26465E-001  2.1941      0.83743      -7.6102     -0.15245     -0.79777     
     542 -0.18328E-001  2.8247      0.84506      -7.2956      0.12827E-001 -1.3471     
     543 -0.42488E-002  3.5013      0.70577      -6.8132      0.12759      -2.0639     
     544  0.16368E-001  4.2127      0.36386      -6.0857      0.13172      -2.9358     
     545  0.43824E-001  4.9133     -0.23591      -5.0370     -0.57339E-001 -3.9021     
     546  0.78634E-001  5.5160      -1.1313      -3.6389     -0.54408      -4.8188     
     547  0.11977       5.9087      -2.3130      -2.0117      -1.4479      -5.4196     
     548  0.13133       5.9193      -3.5069     -0.77484      -2.6516      -5.3269     
     549  0.15143       5.2770      -3.9332      -1.6662      -3.1685      -4.1878     
     550  0.20915       2.1702      -2.6629      -11.364      0.42534      -1.7561     
     552 -0.45729       9.1469      -1.7684       7.2990       1.7291       2.2235     
     553  0.20520       5.4674     -0.26915      -2.2901       4.4047       4.7471     
     554  0.16705       5.6241     -0.10006      -3.2562       4.1131       5.6433     
     555  0.13733       6.4120     -0.12028      -2.2262       2.5724       5.3981     
     556   101.92      0.30116E-001 0.10787      0.45732       1.0915     -0.15903     
     557   101.92      0.89412E-001 0.18472      0.28995       1.2589     -0.51009E-001
     558   101.92      0.15891      0.26698      0.11494       1.4402      0.13664     
     559   101.93      0.22828      0.34186     -0.37901E-001  1.6083      0.42059     
     560   101.94      0.28088      0.39216     -0.12271       1.7200      0.81162     
     561   101.95      0.29430      0.39913     -0.74580E-001  1.7121       1.3094     
     562   101.98      0.24376      0.34845      0.19310       1.4978       1.8955     
     563   102.04      0.10959      0.24012      0.79046      0.96238       2.5256     
     564   102.16     -0.10973      0.10100       1.8516     -0.39993E-001  3.1232     
     565   102.42     -0.37985     -0.62510E-002  3.5306      -1.6908       3.5866     
     566   102.97     -0.61679     -0.40096E-003  5.9612      -4.1945       3.8282     
     567   104.11     -0.71352      0.16285       9.0367      -7.6670       3.8449     
     568   106.58     -0.61002      0.49724       11.658      -11.044       3.7389     
     569   111.27      0.27582E-001 -1.2378       13.607      -2.9477       4.1119     
     570   111.26      -1.2117     -0.19965      -2.2348       12.657      -3.9709     
     571   106.57      0.36485     -0.80183      -11.633       12.133      -3.8444     
     572   104.12      0.31398E-001-0.82041      -7.6159       9.0445      -4.0417     
     573   102.99     -0.75701E-001-0.60662      -4.0448       5.8260      -4.0137     
     574 -0.10654E-001-0.23977      0.25912      -21.211      -8.0485      0.17309     
     575 -0.13369E-001  1.4642       1.1091      -21.146      -7.9218      0.96746E-001
     576 -0.15956E-001  3.1400       1.9527      -20.940      -7.6942     -0.52680E-001
     577 -0.18300E-001  4.7967       2.7532      -20.586      -7.3677     -0.29697     
     578 -0.20485E-001  6.4519       3.4577      -20.054      -6.9568     -0.65619     
     579 -0.22972E-001  8.1290       3.9950      -19.292      -6.4968      -1.1443     
 
  ***** POST1 ELEMENT TABLE LISTING *****                                      
 
    STAT     CURRENT      CURRENT      CURRENT      CURRENT      CURRENT      CURRENT 
    ELEM     LS1          LS2          LS7          LS4          LS9          SMIS4   
     580 -0.26794E-001  9.8524       4.2737      -18.203      -6.0555      -1.7626     
     581 -0.33729E-001  11.644       4.1822      -16.643      -5.7536      -2.4897     
     582 -0.46330E-001  13.521       3.5936      -14.397      -5.7972      -3.2690     
     583 -0.67726E-001  15.513       2.3799      -11.156      -6.5336      -3.9970     
     584 -0.10322       17.689      0.44915      -6.4524      -8.5449      -4.5288     
     585 -0.16717       20.161      -2.1306      0.43027      -12.750      -4.7417     
     586 -0.25755       23.007      -5.0029       10.639      -20.660      -4.6041     
     587  0.97472       26.468      -6.2703       25.360      -31.694      -3.7034     
     589  0.41572       4.0859       15.774      -36.176       28.173       3.8915     
     590 -0.26302       10.930       9.9096      -23.098       19.220       4.8744     
     591 -0.13205       15.474       7.0839      -13.170       10.934       5.0025     
     592 -0.81303E-001  18.043       6.3455      -6.2871       6.1025       4.6399     
     593   95.502      0.23393E-001 0.70856E-001  2.2520       2.8883     -0.18809     
     594   95.500      0.63384E-001 0.12307       2.0805       3.0573     -0.96129E-001
     595   95.497      0.10732      0.17682       1.8976       3.2430      0.61907E-001
     596   95.496      0.14586      0.22180       1.7282       3.4231      0.29339     
     597   95.498      0.16478      0.24490       1.6080       3.5642      0.59632     
     598   95.508      0.14603      0.23315       1.5824       3.6233      0.95470     
     599   95.535      0.71296E-001 0.17970       1.7024       3.5512       1.3347     
     600   95.595     -0.70246E-001 0.92629E-001  2.0155       3.3020       1.6827     
     601   95.709     -0.26987      0.42848E-002  2.5491       2.8506       1.9302     
     602   95.909     -0.48544     -0.27478E-001  3.2774       2.2248       2.0094     
     603   96.223     -0.63755      0.60142E-001  4.0327       1.5830       1.8866     
     604   96.647     -0.63180      0.28081       4.2175       1.4416       1.6020     
     605   97.004     -0.40640      0.35906       1.9896       4.7137       1.2219     
     606   96.605     -0.40690      0.78182       2.7816       3.9786      0.47525     
     607   96.625      0.78029     -0.50241       4.5464       2.1202     -0.29109     
     608   97.027      0.28833     -0.54272       4.2558       2.3695      -1.1928     
     609   96.662      0.18215     -0.72645       1.3921       4.3118      -1.6945     
     610   96.244     -0.80545E-002-0.65939       1.6726       3.9644      -2.0292     
     611  0.14473E-002-0.26038      0.26114      -38.611      -21.255      0.21052     
     612  0.10200E-002  2.9487       2.2671      -38.502      -21.095      0.14568     
     613 -0.64055E-003  6.1187       4.2623      -38.121      -20.731      0.15721E-001
     614 -0.45044E-002  9.2452       6.2024      -37.458      -20.161     -0.19440     
     615 -0.12038E-001  12.329       8.0297      -36.489      -19.392     -0.49454     
     616 -0.25379E-001  15.370       9.6733      -35.165      -18.444     -0.88492     
     617 -0.47515E-001  18.359       11.052      -33.413      -17.351      -1.3507     
     618 -0.82419E-001  21.267       12.084      -31.140      -16.166      -1.8565     
     619 -0.13503       24.028       12.703      -28.248      -14.949      -2.3417     
     620 -0.21085       26.531       12.896      -24.678      -13.740      -2.7225     
     621 -0.31532       28.597       12.769      -20.509      -12.463      -2.9104     
 
  ***** POST1 ELEMENT TABLE LISTING *****                                      
 
    STAT     CURRENT      CURRENT      CURRENT      CURRENT      CURRENT      CURRENT 
    ELEM     LS1          LS2          LS7          LS4          LS9          SMIS4   
     622 -0.44863       29.902       12.675      -16.228      -10.619      -2.8515     
     623 -0.51540       29.753       13.477      -13.573      -6.2957      -2.5555     
     624   1.2390       28.155       15.979      -13.292       2.9347      -2.4585     
     625   1.7741       28.566       8.6065      -10.035      -3.5750     -0.10879     
     626  0.79720       30.139       10.397      -7.7854      -12.611       2.3952     
     627 -0.56847       31.510       14.646      -8.9331      -3.5866       2.6658     
     628 -0.42389       33.454       16.832      -6.7646     -0.29141E-001  3.0286     
     629 -0.29030       35.258       18.099      -2.5650       1.2488       3.0506     
     630   79.994      0.19001E-001 0.38887E-001  4.9781       5.5715     -0.18781     
     631   79.989      0.42412E-001 0.71168E-001  4.8184       5.7275     -0.11219     
     632   79.981      0.66018E-001 0.10357       4.6459       5.9008      0.14230E-001
     633   79.971      0.82970E-001 0.12880       4.4801       6.0740      0.19079     
     634   79.959      0.83403E-001 0.13776       4.3465       6.2232      0.40539     
     635   79.947      0.55530E-001 0.12202       4.2745       6.3205      0.63126     
     636   79.937     -0.11163E-001 0.78469E-001  4.2910       6.3395      0.82635     
     637   79.933     -0.11969      0.16006E-001  4.4117       6.2643      0.93840     
     638   79.939     -0.25641     -0.38510E-001  4.6286       6.1009      0.91887     
     639   79.954     -0.38242     -0.42106E-001  4.8941       5.8906      0.74748     
     640   79.971     -0.43472      0.43480E-001  5.0797       5.7273      0.46391     
     641   79.964     -0.35135      0.19158       4.7920       5.9687      0.18416     
     642   79.862     -0.16113      0.32009       3.5356       7.3651     -0.75292E-002
     643   79.792      0.75074E-001 0.51801       4.9632       6.2207     -0.92364E-001
     644   79.803      0.51044      0.39926E-001  6.5739       4.5433      0.26320     
     645   79.880      0.28471     -0.23872       7.0465       3.8069      0.87763E-001
     646   79.976      0.13099     -0.41898       5.8927       4.9029     -0.21106     
     647   79.985     -0.49943E-002-0.46219       5.7774       5.0529     -0.56278     
     648  0.13687E-001-0.24944      0.24273      -51.409      -38.815      0.21939     
     649  0.15656E-001  4.0777       3.7732      -51.269      -38.613      0.16549     
     650  0.15206E-001  8.3565       7.2874      -50.759      -38.074      0.57469E-001
     651  0.10518E-001  12.568       10.735      -49.871      -37.193     -0.11233     
     652 -0.80356E-003  16.696       14.055      -48.590      -35.973     -0.34341     
     653 -0.21740E-001  20.718       17.179      -46.888      -34.420     -0.62284     
     654 -0.55773E-001  24.602       20.033      -44.731      -32.549     -0.92171     
     655 -0.10659       28.292       22.547      -42.089      -30.380      -1.1940     
     656 -0.17737       31.712       24.662      -38.957      -27.927      -1.3809     
     657 -0.26906       34.762       26.351      -35.392      -25.193      -1.4244     
     658 -0.37538       37.336       27.640      -31.559      -22.147      -1.2933     
     659 -0.46266       39.307       28.654      -27.845      -18.638      -1.0174     
     660 -0.27898       40.531       29.710      -24.907      -14.233     -0.73393     
     661   1.1733       41.993       29.510      -21.092      -11.825     -0.42815     
     662   1.6183       44.225       28.992      -15.868      -10.797     -0.10475     
 
  ***** POST1 ELEMENT TABLE LISTING *****                                      
 
    STAT     CURRENT      CURRENT      CURRENT      CURRENT      CURRENT      CURRENT 
    ELEM     LS1          LS2          LS7          LS4          LS9          SMIS4   
     663  0.82041       45.727       30.190      -10.748      -9.9827      0.29916     
     664 -0.36189       46.995       32.035      -7.1385      -7.9860      0.74441     
     665 -0.45088       48.020       34.074      -3.9501      -4.1107       1.1243     
     666 -0.35140       48.945       35.569      0.24324     -0.85151       1.4212     
     667   53.170      0.16429E-001 0.12323E-001  7.6974       8.2387     -0.15928     
     668   53.166      0.26003E-001 0.30216E-001  7.5631       8.3687     -0.10137     
     669   53.157      0.33795E-001 0.48878E-001  7.4199       8.5108     -0.75481E-002
     670   53.143      0.36182E-001 0.64037E-001  7.2830       8.6507      0.11722     
     671   53.123      0.28398E-001 0.70127E-001  7.1725       8.7692      0.25706     
     672   53.099      0.53251E-002 0.61716E-001  7.1096       8.8451      0.38335     
     673   53.070     -0.36598E-001 0.36398E-001  7.1121       8.8590      0.45654     
     674   53.038     -0.95971E-001-0.98721E-003  7.1881       8.8001      0.43493     
     675   53.004     -0.16186     -0.34558E-001  7.3288       8.6724      0.29256     
     676   52.970     -0.21038     -0.38681E-001  7.5014       8.4995      0.44558E-001
     677   52.934     -0.20797      0.68915E-002  7.6244       8.3389     -0.23155     
     678   52.892     -0.13304      0.89161E-001  7.4608       8.4048     -0.41190     
     679   52.826     -0.88536E-002 0.18151       6.7824       9.1656     -0.41874     
     680   52.770      0.14624      0.24042       7.6540       8.4686     -0.15800     
     681   52.778      0.23008      0.14152       8.6635       7.4192      0.29235     
     682   52.838      0.16471     -0.41757E-001  8.9536       6.9655      0.50204     
     683   52.897      0.59327E-001-0.17018       8.3346       7.5548      0.41793     
     684   52.939     -0.18202E-001-0.22872       8.3649       7.6174      0.16901     
     685  0.25016E-001-0.22794      0.22166      -38.035      -51.852      0.19933     
     686  0.29228E-001  2.9506       4.8692      -37.960      -51.626      0.15614     
     687  0.30065E-001  6.0933       9.4926      -37.609      -50.969      0.71118E-001
     688  0.25091E-001  9.1857       14.036      -36.976      -49.878     -0.57720E-001
     689  0.11352E-001  12.214       18.436      -36.047      -48.354     -0.22307     
     690 -0.14461E-001  15.161       22.625      -34.807      -46.411     -0.40487     
     691 -0.55666E-001  18.003       26.532      -33.239      -44.067     -0.56868     
     692 -0.11501       20.709       30.091      -31.338      -41.350     -0.66875     
     693 -0.19372       23.241       33.250      -29.121      -38.296     -0.65878     
     694 -0.28951       25.559       35.980      -26.636      -34.943     -0.51277     
     695 -0.39038       27.631       38.292      -23.981      -31.330     -0.25267     
     696 -0.43991       29.402       40.299      -21.348      -27.412      0.29201E-001
     697 -0.16495       30.805       42.167      -18.995      -23.047      0.20099     
     698   1.0628       32.316       43.524      -16.105      -19.157      0.22130     
     699   1.4770       33.999       44.502      -12.245      -16.347     -0.84690E-001
     700  0.76844       35.082       45.630      -8.4015      -13.318     -0.34968     
     701 -0.26518       35.722       47.161      -5.3744      -9.2817     -0.23558     
     702 -0.43948       36.198       48.541      -2.5702      -4.8599      0.26988E-001
     703 -0.36900       36.572       49.537      0.65168     -0.64356      0.35349     
 
  ***** POST1 ELEMENT TABLE LISTING *****                                      
 
    STAT     CURRENT      CURRENT      CURRENT      CURRENT      CURRENT      CURRENT 
    ELEM     LS1          LS2          LS7          LS4          LS9          SMIS4   
     704   19.718      0.15908E-001-0.74138E-002  7.7203       8.1931     -0.10131     
     705   19.716      0.15282E-001 0.16406E-002  7.6212       8.2890     -0.67219E-001
     706   19.711      0.11824E-001 0.13034E-001  7.5184       8.3895     -0.12903E-001
     707   19.703      0.47871E-002 0.24906E-001  7.4237       8.4833      0.57018E-001
     708   19.690     -0.61749E-002 0.34207E-001  7.3514       8.5562      0.13056     
     709   19.673     -0.20619E-001 0.37075E-001  7.3164       8.5930      0.18743     
     710   19.654     -0.36837E-001 0.30026E-001  7.3301       8.5811      0.20106     
     711   19.634     -0.51390E-001 0.12135E-001  7.3963       8.5147      0.14583     
     712   19.616     -0.58965E-001-0.12234E-001  7.5063       8.3996      0.10897E-001
     713   19.601     -0.53123E-001-0.32137E-001  7.6350       8.2565     -0.18170     
     714   19.590     -0.29107E-001-0.34322E-001  7.7287       8.1283     -0.36590     
     715   19.579      0.10215E-001-0.13156E-001  7.6552       8.1440     -0.45127     
     716   19.544      0.52629E-001 0.21535E-001  7.3302       8.4941     -0.37682     
     717   19.508      0.73714E-001 0.61916E-001  7.7385       8.1560     -0.12288     
     718   19.513      0.49565E-001 0.83320E-001  8.2393       7.6379      0.20169     
     719   19.551      0.11786E-001 0.48851E-001  8.3828       7.4297      0.43501     
     720   19.579     -0.23622E-001-0.11160E-002  8.0980       7.7133      0.46581     
     721   19.589     -0.39264E-001-0.40255E-001  8.1386       7.7287      0.33344     
     722  0.34644E-001-0.21824      0.20959       38.957      -38.716      0.14991     
     723  0.40587E-001 -3.7233       3.6854       38.723      -38.565      0.11988     
     724  0.42332E-001 -7.2049       7.1421       38.193      -38.088      0.61632E-001
     725  0.36984E-001 -10.632       10.535       37.385      -37.279     -0.24068E-001
     726  0.21199E-001 -13.973       13.814       36.319      -36.144     -0.12861     
     727 -0.84938E-002 -17.201       16.926       35.018      -34.695     -0.23310     
     728 -0.55176E-001 -20.287       19.825       33.500      -32.959     -0.30808     
     729 -0.12082      -23.202       22.471       31.770      -30.969     -0.31788     
     730 -0.20525      -25.916       24.844       29.824      -28.764     -0.23235     
     731 -0.30436      -28.392       26.947       27.641      -26.378     -0.46729E-001
     732 -0.40257      -30.604       28.814       25.191      -23.828      0.19607     
     733 -0.43005      -32.568       30.531       22.412      -21.055      0.40011     
     734 -0.10309      -34.334       32.198       19.218      -17.912      0.46080     
     735  0.99534      -35.699       33.534       16.115      -14.997      0.31480     
     736   1.3885      -36.721       34.475       13.421      -12.628     -0.57296E-001
     737  0.73646      -37.755       35.295       10.606      -10.059     -0.41115     
     738 -0.21324      -38.757       36.170       7.2741      -6.8577     -0.50352     
     739 -0.43809      -39.446       36.912       3.7496      -3.4547     -0.37587     
     740 -0.38397      -39.699       37.392      0.40117     -0.28366     -0.12772     
     741   0.0000       0.0000       0.0000       0.0000       0.0000       0.0000     
     742   0.0000       0.0000       0.0000       0.0000       0.0000       0.0000     
     743   0.0000       0.0000       0.0000       0.0000       0.0000       0.0000     
     744   0.0000       0.0000       0.0000       0.0000       0.0000       0.0000     
 
  ***** POST1 ELEMENT TABLE LISTING *****                                      
 
    STAT     CURRENT      CURRENT      CURRENT      CURRENT      CURRENT      CURRENT 
    ELEM     LS1          LS2          LS7          LS4          LS9          SMIS4   
     745   0.0000       0.0000       0.0000       0.0000       0.0000       0.0000     
     746   0.0000       0.0000       0.0000       0.0000       0.0000       0.0000     
     747   0.0000       0.0000       0.0000       0.0000       0.0000       0.0000     
     748   0.0000       0.0000       0.0000       0.0000       0.0000       0.0000     
     749   0.0000       0.0000       0.0000       0.0000       0.0000       0.0000     
     750   0.0000       0.0000       0.0000       0.0000       0.0000       0.0000     
     751   0.0000       0.0000       0.0000       0.0000       0.0000       0.0000     
     752   0.0000       0.0000       0.0000       0.0000       0.0000       0.0000     
     753   0.0000       0.0000       0.0000       0.0000       0.0000       0.0000     
     754   0.0000       0.0000       0.0000       0.0000       0.0000       0.0000     
     755   0.0000       0.0000       0.0000       0.0000       0.0000       0.0000     
     756   0.0000       0.0000       0.0000       0.0000       0.0000       0.0000     
     757   0.0000       0.0000       0.0000       0.0000       0.0000       0.0000     
     758   0.0000       0.0000       0.0000       0.0000       0.0000       0.0000     
     759  0.41989E-001-0.26661      0.17413       226.50       38.272      0.72315E-001
     760  0.48968E-001 -20.110      -3.0924       225.52       38.099      0.59724E-001
     761  0.51070E-001 -39.795      -6.3293       222.83       37.668      0.34639E-001
     762  0.45087E-001 -59.173      -9.5288       218.48       36.993     -0.22080E-002
     763  0.27438E-001 -78.097      -12.687       212.52       36.082     -0.46223E-001
     764 -0.54024E-002 -96.425      -15.800       204.99       34.932     -0.87775E-001
     765 -0.56276E-001 -114.01      -18.855       195.95       33.530     -0.11217     
     766 -0.12652      -130.71      -21.826       185.43       31.858     -0.10207     
     767 -0.21493      -146.35      -24.664       173.48       29.896     -0.43884E-001
     768 -0.31604      -160.77      -27.304       160.12       27.637      0.61655E-001
     769 -0.41210      -173.82      -29.672       145.44       25.109      0.18804     
     770 -0.42622      -185.42      -31.699       129.54       22.397      0.28206     
     771 -0.74072E-001 -195.55      -33.360       112.61       19.610      0.28642     
     772  0.96325      -204.24      -34.822       95.014       16.548      0.17649     
     773   1.3447      -211.55      -36.193       77.005       13.139     -0.24557E-001
     774  0.72134      -217.60      -37.360       58.494       9.7194     -0.22153     
     775 -0.18881      -222.32      -38.220       39.416       6.4863     -0.31142     
     776 -0.43917      -225.45      -38.746       19.947       3.2487     -0.27475     
     777 -0.39561      -226.76      -38.921      0.33408     -0.16605     -0.15688     
    2953   147.62      0.23311      -3.1479      -13.820       4.9474     -0.16632     
    2954   147.66      -3.0878     -0.19358       3.7197      -12.392      0.18161     
    2955  0.65990       7.7623       12.110      -3.3608      -3.7870      0.39515E-001
    2956   160.16      -3.5978     -0.32031      -2.7460     -0.63263      0.60763     
    2957   159.72     -0.12592      -4.2999      -1.2361      -1.0002     -0.40770     
    2958 -0.53953      -3.6419       8.2962      0.54159E-001 -2.2503     -0.42134E-001
    2959   165.36      -7.3110       1.2172      -5.2985       6.0461     -0.94396     
    2960   171.06       2.3921      -8.7903      -6.0825      -3.9548       1.3782     
 
  ***** POST1 ELEMENT TABLE LISTING *****                                      
 
    STAT     CURRENT      CURRENT      CURRENT      CURRENT      CURRENT      CURRENT 
    ELEM     LS1          LS2          LS7          LS4          LS9          SMIS4   
    2961 -0.60409      -7.7751      -2.8122       9.4015      0.38687     -0.30594     
    2962   222.97      -1.7867      -12.003      -24.310      -57.862      -6.2851     
    2963   189.15      -5.5960      -4.4742       104.70      -82.298       9.9183     
    2964 -0.92105      -39.527      -5.2434      -80.203       21.360      -1.9006     
    2966   56.933      -15.615       13.034     -0.20499E-012 0.22580E-012-0.16023E-012
    2967  -6.1977       184.11      -104.40       270.29      -229.54      -10.596     
    2968   222.97      -1.7867      -12.003       24.310       57.862       6.2851     
    2969   189.15      -5.5960      -4.4742      -104.70       82.298      -9.9183     
    2970  -6.1977      -104.40       184.11      -229.54       270.29       10.596     
    2971   165.36      -7.3110       1.2172       5.2985      -6.0461      0.94396     
    2972   171.06       2.3921      -8.7903       6.0825       3.9548      -1.3782     
    2973 -0.92105      -5.2434      -39.527       21.360      -80.203       1.9006     
    2974   160.16      -3.5978     -0.32031       2.7460      0.63263     -0.60763     
    2975   159.72     -0.12592      -4.2999       1.2361       1.0002      0.40770     
    2976 -0.60409      -2.8122      -7.7751      0.38687       9.4015      0.30594     
    2977   147.62      0.23311      -3.1479       13.820      -4.9474      0.16632     
    2978   147.66      -3.0878     -0.19358      -3.7197       12.392     -0.18161     
    2979 -0.53953       8.2962      -3.6419      -2.2503      0.54159E-001 0.42134E-001
    2980  0.65990       12.110       7.7623      -3.7870      -3.3608     -0.39515E-001
    2981 -0.13212E-012-0.26701E-012 0.53402E-012 0.26170E-027 0.26170E-027 0.79977E-028
    2982  0.67925E-013 0.14241E-011 0.50261E-012  0.0000      0.25769E-027  0.0000     

 MINIMUM VALUES
 ELEM        402          777           74         2970         2967          346
 VALUE   -7.2022      -226.76      -226.76      -229.54      -229.54      -13.102     

 MAXIMUM VALUES
 ELEM       2962         2967         2970         2967         2970          420
 VALUE    222.97       184.11       184.11       270.29       270.29       13.102     

