
 PRINT ELEMENT TABLE ITEMS PER ELEMENT
 
  ***** POST1 ELEMENT TABLE LISTING *****                                      
 
    STAT     CURRENT      CURRENT      CURRENT      CURRENT      CURRENT      CURRENT 
    ELEM     LS1          LS2          LS7          LS4          LS9          SMIS4   
       1   0.0000       0.0000       0.0000       0.0000       0.0000       0.0000     
       2   0.0000       0.0000       0.0000       0.0000       0.0000       0.0000     
       3   0.0000       0.0000       0.0000       0.0000       0.0000       0.0000     
       4   0.0000       0.0000       0.0000       0.0000       0.0000       0.0000     
       5   0.0000       0.0000       0.0000       0.0000       0.0000       0.0000     
       6   0.0000       0.0000       0.0000       0.0000       0.0000       0.0000     
       7   0.0000       0.0000       0.0000       0.0000       0.0000       0.0000     
       8   0.0000       0.0000       0.0000       0.0000       0.0000       0.0000     
       9   0.0000       0.0000       0.0000       0.0000       0.0000       0.0000     
      10   0.0000       0.0000       0.0000       0.0000       0.0000       0.0000     
      11   0.0000       0.0000       0.0000       0.0000       0.0000       0.0000     
      12   0.0000       0.0000       0.0000       0.0000       0.0000       0.0000     
      13   0.0000       0.0000       0.0000       0.0000       0.0000       0.0000     
      14   0.0000       0.0000       0.0000       0.0000       0.0000       0.0000     
      15   0.0000       0.0000       0.0000       0.0000       0.0000       0.0000     
      16   0.0000       0.0000       0.0000       0.0000       0.0000       0.0000     
      17   0.0000       0.0000       0.0000       0.0000       0.0000       0.0000     
      18   0.0000       0.0000       0.0000       0.0000       0.0000       0.0000     
      38   19.778      0.44025E-001-0.32138E-001 -7.1621      -8.7244      0.36090     
      39   19.779      0.43933E-001-0.84912E-002 -6.8337      -9.0427      0.29208     
      40   19.771      0.36309E-001 0.24301E-001 -6.4733      -9.3951      0.16232     
      41   19.752      0.18632E-001 0.62979E-001 -6.1104      -9.7534     -0.24637E-001
      42   19.719     -0.10927E-001 0.10104      -5.7850      -10.079     -0.24763     
      43   19.672     -0.52615E-001 0.12888      -5.5431      -10.325     -0.46323     
      44   19.612     -0.10395      0.13564      -5.4299      -10.444     -0.60588     
      45   19.542     -0.15834      0.11357      -5.4780      -10.399     -0.59851     
      46   19.467     -0.20385      0.65211E-001 -5.6943      -10.175     -0.38032     
      47   19.396     -0.22288      0.11885E-001 -6.0441      -9.7954      0.45071E-001
      48   19.336     -0.19317     -0.19504E-002 -6.4102      -9.3397      0.55046     
      49   19.278     -0.87208E-001 0.49590E-001 -6.3919      -9.1754      0.86535     
      50   19.150      0.78347E-001 0.78108E-001 -5.4957      -10.149      0.75390     
      51   19.020      0.12991      0.11856      -7.0603      -8.8025      0.28129     
      52   19.020      0.11856      0.12991      -8.8025      -7.0603     -0.28129     
      53   19.150      0.78107E-001 0.78347E-001 -10.149      -5.4957     -0.75391     
      54   19.278      0.49590E-001-0.87208E-001 -9.1754      -6.3919     -0.86535     
      55   19.336     -0.19506E-002-0.19317      -9.3397      -6.4102     -0.55047     
      56  0.11233      0.60761     -0.91577       37.771       225.56     -0.24516     
      57  0.13458      -2.4476      -20.915       37.539       224.27     -0.22754     
      58  0.14508      -5.4484      -40.746       37.116       221.27     -0.17500     
      59  0.13489      -8.4179      -60.252       36.541       216.62     -0.85162E-001
      60  0.93584E-001 -11.396      -79.282       35.835       210.42      0.35810E-001
 
  ***** POST1 ELEMENT TABLE LISTING *****                                      
 
    STAT     CURRENT      CURRENT      CURRENT      CURRENT      CURRENT      CURRENT 
    ELEM     LS1          LS2          LS7          LS4          LS9          SMIS4   
      61  0.10158E-001 -14.429      -97.694       34.996       202.76      0.16938     
      62 -0.12545      -17.554      -115.34       33.986       193.71      0.28242     
      63 -0.32031      -20.772      -132.05       32.734       183.29      0.32941     
      64 -0.57585      -24.030      -147.63       31.150       171.49      0.26304     
      65 -0.88311      -27.214      -161.82       29.160       158.30      0.57530E-001
      66  -1.2034      -30.153      -174.39       26.755       143.68     -0.25522     
      67  -1.3420      -32.634      -185.23       24.085       127.70     -0.54446     
      68 -0.42963      -34.472      -194.51       21.433       110.60     -0.60022     
      69   2.8713      -36.124      -202.41       18.089       93.271     -0.36831     
      70   4.2941      -37.877      -209.11       13.786       76.111      0.36901E-006
      71   2.8713      -39.300      -215.01       9.3630       58.658      0.36831     
      72 -0.42963      -40.184      -220.10       5.7398       40.306      0.60022     
      73  -1.3420      -40.481      -223.98       2.5264       21.239      0.54446     
      74  -1.2034      -40.296      -225.95      -1.1133       2.0352      0.25522     
      75   53.250      0.24594E-001 0.24124E-001 -7.1264      -8.7537      0.52055     
      76   53.251      0.48956E-001 0.77847E-001 -6.7089      -9.1595      0.38709     
      77   53.242      0.70971E-001 0.14050      -6.2395      -9.6262      0.14373     
      78   53.222      0.82082E-001 0.20316      -5.7550      -10.121     -0.21011     
      79   53.186      0.70264E-001 0.25255      -5.3070      -10.598     -0.64955     
      80   53.135      0.21062E-001 0.27304      -4.9568      -10.996      -1.1163     
      81   53.068     -0.79166E-001 0.25192      -4.7659      -11.253      -1.5166     
      82   52.983     -0.23647      0.18883      -4.7814      -11.317      -1.7325     
      83   52.881     -0.43785      0.10812      -5.0182      -11.161      -1.6541     
      84   52.762     -0.63649      0.66042E-001 -5.4386      -10.796      -1.2364     
      85   52.628     -0.74240      0.13793      -5.8832      -10.299     -0.56395     
      86   52.469     -0.62949      0.35038      -5.6741      -10.214      0.12524     
      87   52.240     -0.19929      0.47100      -3.6142      -12.543      0.48109     
      88   52.040      0.22940      0.36017      -6.7301      -9.9769      0.17604     
      89   52.040      0.36017      0.22940      -9.9769      -6.7301     -0.17605     
      90   52.240      0.47100     -0.19929      -12.543      -3.6142     -0.48110     
      91   52.469      0.35038     -0.62949      -10.214      -5.6741     -0.12525     
      92   52.628      0.13793     -0.74240      -10.299      -5.8832      0.56394     
      93  0.88865E-001 0.70226     -0.69799      -38.870       38.447     -0.48377     
      94  0.10678       4.4203      -4.3969      -38.674       38.024     -0.42918     
      95  0.11444       8.1454      -8.0928      -38.071       37.288     -0.29375     
      96  0.10389       11.797      -11.747      -37.033       36.276     -0.70135E-001
      97  0.65611E-001  15.274      -15.320      -35.549       35.039      0.23171     
      98 -0.10809E-001  18.458      -18.779      -33.633       33.630      0.57665     
      99 -0.13544       21.230      -22.090      -31.332       32.099      0.89956     
     100 -0.31632       23.483      -25.219      -28.723       30.471       1.1087     
     101 -0.55694       25.146      -28.123      -25.905       28.740       1.1044     
 
  ***** POST1 ELEMENT TABLE LISTING *****                                      
 
    STAT     CURRENT      CURRENT      CURRENT      CURRENT      CURRENT      CURRENT 
    ELEM     LS1          LS2          LS7          LS4          LS9          SMIS4   
     102 -0.85174       26.207      -30.742      -22.989       26.859      0.82115     
     103  -1.1681       26.750      -33.021      -20.052       24.733      0.28832     
     104  -1.3357       27.081      -34.996      -16.965       22.115     -0.31847     
     105 -0.51002       27.786      -36.841      -13.200       18.525     -0.67644     
     106   2.9965       28.211      -37.954      -10.674       15.519     -0.50561     
     107   4.4439       28.048      -38.400      -10.209       13.976      0.79410E-006
     108   2.9965       28.472      -39.050      -9.9565       12.509      0.50561     
     109 -0.51002       29.771      -40.130      -7.7488       9.4902      0.67645     
     110  -1.3357       31.650      -41.024      -4.4116       5.5535      0.31847     
     111  -1.1681       33.381      -41.194      -1.8337       2.2785     -0.28832     
     112   80.074      0.16887E-001 0.97181E-001 -4.5009      -5.9881      0.54202     
     113   80.088      0.77874E-001 0.19699      -4.0550      -6.4263      0.34349     
     114   80.104      0.14526      0.30922      -3.5548      -6.9336     -0.12192E-001
     115   80.124      0.20383      0.41823      -3.0471      -7.4708     -0.54034     
     116   80.151      0.22986      0.50198      -2.5981      -7.9800      -1.2308     
     117   80.193      0.19205      0.53577      -2.2883      -8.3891      -2.0375     
     118   80.257      0.56430E-001 0.50089      -2.1989      -8.6245      -2.8709     
     119   80.352     -0.20215      0.39896      -2.3899      -8.6324      -3.6002     
     120   80.482     -0.57977      0.26981      -2.8681      -8.4085      -4.0687     
     121   80.638      -1.0153      0.19951      -3.5416      -8.0326      -4.1296     
     122   80.778      -1.3687      0.28155      -4.1170      -7.6918      -3.6959     
     123   80.806      -1.4602      0.55019      -3.4853      -8.2705      -2.7263     
     124   80.476      -1.0585      0.89458      0.67008      -12.882      -1.2185     
     125   80.243      0.96425E-001 0.40221      -4.1569      -8.9402     -0.36374     
     126   80.243      0.40221      0.96425E-001 -8.9402      -4.1569      0.36374     
     127   80.476      0.89458      -1.0585      -12.882      0.67008       1.2185     
     128   80.806      0.55019      -1.4602      -8.2705      -3.4853       2.7263     
     129   80.778      0.28155      -1.3687      -7.6918      -4.1170       3.6959     
     130  0.59968E-001 0.65759     -0.61382      -51.781      -38.207     -0.59187     
     131  0.71385E-001  5.5605       2.3159      -51.445      -38.232     -0.49500     
     132  0.74204E-001  10.471       5.1631      -50.585      -38.008     -0.27553     
     133  0.61785E-001  15.296       7.9235      -49.169      -37.514      0.84701E-001
     134  0.25885E-001  19.914       10.594      -47.179      -36.712      0.58397     
     135 -0.42970E-001  24.181       13.165      -44.614      -35.547       1.1903     
     136 -0.15471       27.933       15.610      -41.497      -33.958       1.8332     
     137 -0.31841       30.999       17.876      -37.873      -31.894       2.4032     
     138 -0.54006       33.219       19.891      -33.815      -29.346       2.7655     
     139 -0.81797       34.465       21.574      -29.431      -26.374       2.7949     
     140  -1.1276       34.712       22.863      -24.863      -23.159       2.4312     
     141  -1.3411       34.250       23.652      -20.063      -20.195       1.7157     
     142 -0.69868       33.854       23.846      -14.456      -18.550      0.78055     
 
  ***** POST1 ELEMENT TABLE LISTING *****                                      
 
    STAT     CURRENT      CURRENT      CURRENT      CURRENT      CURRENT      CURRENT 
    ELEM     LS1          LS2          LS7          LS4          LS9          SMIS4   
     143   3.2407       33.105       25.094      -11.158      -15.640      0.13479     
     144   4.7230       32.142       27.355      -11.699      -9.9563      0.10251E-005
     145   3.2407       32.532       29.277      -12.731      -4.1491     -0.13479     
     146 -0.69868       35.226       30.191      -10.687      -1.1180     -0.78055     
     147  -1.3411       39.133       31.100      -6.6469      0.26750      -1.7157     
     148  -1.1276       42.573       32.400      -3.2662       3.0447      -2.4312     
     149   95.571      0.29097E-001 0.18201      -1.9355      -3.1443      0.47115     
     150   95.601      0.13905      0.34186      -1.5355      -3.5380      0.20616     
     151   95.646      0.27028      0.52318      -1.1128      -3.9708     -0.26326     
     152   95.717      0.40320      0.70405     -0.73778      -4.3812     -0.97598     
     153   95.828      0.50495      0.85326     -0.51367      -4.6764      -1.9528     
     154   96.004      0.52957      0.93491     -0.57545      -4.7332      -3.1847     
     155   96.284      0.42284      0.91906      -1.0803      -4.4080      -4.6209     
     156   96.725      0.13488      0.79936      -2.1842      -3.5623      -6.1584     
     157   97.412     -0.35731      0.61494      -3.9936      -2.1136      -7.6330     
     158   98.446      -1.0187      0.46398      -6.4624     -0.14457      -8.8140     
     159   99.914      -1.7274      0.46768      -9.1383       1.8890      -9.4084     
     160   101.78      -2.2936      0.51495      -10.245       2.5245      -9.0383     
     161   103.27      -2.8515      0.80251      -2.2331      -9.3768      -6.1325     
     162   101.83      -1.6874      0.66783      -3.9095      -7.5813     -0.92392     
     163   101.83      0.66783      -1.6874      -7.5813      -3.9095      0.92391     
     164   103.27      0.80251      -2.8515      -9.3768      -2.2331       6.1325     
     165   101.78      0.51495      -2.2937       2.5245      -10.245       9.0383     
     166   99.914      0.46767      -1.7274       1.8890      -9.1383       9.4084     
     167  0.29286E-001 0.56150     -0.49875      -38.646      -51.366     -0.58767     
     168  0.33382E-001  4.3254       3.5903      -38.315      -51.253     -0.44382     
     169  0.30901E-001  8.0978       7.5880      -37.560      -50.787     -0.13840     
     170  0.16868E-001  11.788       11.493      -36.353      -49.943      0.36408     
     171 -0.15300E-001  15.274       15.306      -34.678      -48.666       1.0833     
     172 -0.73873E-001  18.409       19.015      -32.530      -46.864       2.0118     
     173 -0.16868       21.019       22.573      -29.918      -44.421       3.1037     
     174 -0.31054       22.927       25.866      -26.850      -41.216       4.2667     
     175 -0.50988       23.963       28.695      -23.315      -37.186       5.3598     
     176 -0.77286       23.996       30.770      -19.254      -32.421       6.2012     
     177  -1.0882       22.970       31.749      -14.522      -27.316       6.5882     
     178  -1.3931       21.089       31.202      -8.6891      -22.929       6.3324     
     179  -1.0755       19.211       28.641     -0.14759      -21.685       5.0447     
     180   3.6176       13.573       28.466      0.76329      -18.584       2.2504     
     181   5.1343       11.044       31.151      -4.0196      -11.338      0.11186E-005
     182   3.6176       9.9067       33.752      -9.3091      -4.0614      -2.2504     
     183  -1.0755       14.811       35.879      -12.235      -1.7981      -5.0447     
 
  ***** POST1 ELEMENT TABLE LISTING *****                                      
 
    STAT     CURRENT      CURRENT      CURRENT      CURRENT      CURRENT      CURRENT 
    ELEM     LS1          LS2          LS7          LS4          LS9          SMIS4   
     184  -1.3931       21.741       38.641      -6.8997      -2.4914      -6.3324     
     185  -1.0882       26.930       41.880      -3.6403      0.51688      -6.5882     
     186   101.94      0.62976E-001 0.27450     -0.29192      -1.1943      0.36754     
     187   101.96      0.23488      0.50325      0.21926E-001 -1.4999      0.55360E-001
     188   102.00      0.45154      0.76747      0.31140      -1.7950     -0.49553     
     189   102.07      0.69383       1.0401      0.47628      -1.9868      -1.3477     
     190   102.17      0.92636       1.2810      0.36277      -1.9288      -2.5565     
     191   102.34       1.0968       1.4412     -0.24937      -1.4071      -4.1599     
     192   102.61       1.1396       1.4735      -1.6599     -0.12412      -6.1657     
     193   103.07      0.98744       1.3503      -4.2620       2.3193      -8.5358     
     194   103.87      0.59094       1.0872      -8.5559       6.4455      -11.169     
     195   105.31     -0.56858E-001 0.76052      -15.162       12.945      -13.884     
     196   107.99     -0.90727      0.49421      -24.718       22.570      -16.418     
     197   113.13      -1.8864      0.32112      -37.749       37.051      -18.532     
     198   123.70      -3.0287      -2.4729      -48.728       49.769      -19.445     
     199   141.70      -10.884       3.8934      -53.118       16.435      -2.8598     
     200   141.70       3.8934      -10.884       16.435      -53.118       2.8598     
     201   123.70      -2.4729      -3.0287       49.769      -48.728       19.445     
     202   113.13      0.32112      -1.8864       37.051      -37.749       18.532     
     203   107.99      0.49421     -0.90727       22.570      -24.718       16.418     
     204  0.10591E-002 0.40326     -0.34321      -21.101      -38.479     -0.51727     
     205 -0.73312E-003  2.5695       2.7041      -20.852      -38.352     -0.32995     
     206 -0.58723E-002  4.7205       5.7081      -20.353      -37.955      0.51317E-001
     207 -0.16893E-001  6.7632       8.7040      -19.607      -37.245      0.68211     
     208 -0.37621E-001  8.5698       11.742      -18.641      -36.128       1.6110     
     209 -0.73658E-001  9.9789       14.871      -17.518      -34.439       2.8698     
     210 -0.13300       10.804       18.114      -16.344      -31.927       4.4611     
     211 -0.22674       10.857       21.420      -15.258      -28.262       6.3453     
     212 -0.36983       9.9880       24.613      -14.397      -23.066       8.4258     
     213 -0.58210       8.1691       27.310      -13.778      -16.041       10.531     
     214 -0.88580       5.6607       28.799      -12.936      -7.2928       12.397     
     215  -1.3182       3.2409       27.804      -10.036       1.7785       13.652     
     216  -1.9315       4.3372       20.775       2.9023       4.7261       13.968     
     217   3.7669       7.7562       9.0089       35.719      -3.0073       8.8503     
     218   5.4499      -9.5705       9.7678       3.4834      -3.5552      0.11466E-005
     219   3.7669      -17.018       8.8343      -32.348      -3.4871      -8.8503     
     220  -1.9315       1.4569       12.876      -5.0112      -16.974      -13.968     
     221  -1.3182       8.9340       20.156       5.6052      -19.234      -13.652     
     222 -0.88580       12.651       26.749       6.2706      -12.925      -12.397     
     223   103.00      0.10886      0.36806      0.51847     -0.24906      0.28760     
     224   103.00      0.34883      0.66811      0.77847     -0.50242     -0.23491E-001
 
  ***** POST1 ELEMENT TABLE LISTING *****                                      
 
    STAT     CURRENT      CURRENT      CURRENT      CURRENT      CURRENT      CURRENT 
    ELEM     LS1          LS2          LS7          LS4          LS9          SMIS4   
     225   103.00      0.66297       1.0208      0.99914     -0.72921     -0.57466     
     226   103.00       1.0370       1.3953       1.0765     -0.83207      -1.4384     
     227   102.99       1.4394       1.7432      0.84796     -0.65537      -2.6866     
     228   102.95       1.8203       2.0012      0.75137E-001 0.34231E-001 -4.3808     
     229   102.87       2.1147       2.0993      -1.5776       1.5721      -6.5560     
     230   102.68       2.2536       1.9764      -4.5679       4.4268      -9.1984     
     231   102.31       2.1849       1.6016      -9.5085       9.2461      -12.216     
     232   101.55       1.9040      0.99453      -17.196       16.902      -15.409     
     233   100.00       1.4877      0.22062      -28.666       28.754      -18.486     
     234   96.733       1.0988     -0.71754      -44.231       44.797      -21.196     
     235   89.579      0.74569     -0.64991      -67.256       83.871      -24.885     
     238   89.579     -0.64991      0.74569       83.871      -67.256       24.885     
     239   96.733     -0.71754       1.0988       44.797      -44.231       21.196     
     240   100.00      0.22062       1.4877       28.754      -28.666       18.486     
     241 -0.22280E-001 0.27144     -0.24933      -7.9592      -21.098     -0.43162     
     242 -0.27360E-001  1.2093       1.3580      -7.8077      -21.025     -0.22493     
     243 -0.31002E-001  2.1085       2.9726      -7.5682      -20.820      0.18836     
     244 -0.32223E-001  2.8769       4.6689      -7.2847      -20.441      0.87731     
     245 -0.30249E-001  3.3844       6.5561      -7.0521      -19.783       1.9125     
     246 -0.24919E-001  3.4580       8.7737      -7.0431      -18.642       3.3581     
     247 -0.17218E-001  2.8822       11.481      -7.5488      -16.671       5.2607     
     248 -0.98594E-002  1.4014       14.844      -9.0384      -13.323       7.6338     
     249 -0.78977E-002 -1.2738       19.022      -12.260      -7.7566       10.439     
     250 -0.18771E-001 -5.4592       24.180      -18.424       1.3233       13.564     
     251 -0.61281E-001 -11.501       30.506      -29.556       15.987       16.818     
     252 -0.13565      -19.601       38.246      -48.916       39.721       19.962     
     253 -0.91283      -30.929       47.355      -83.346       77.742       22.847     
     254   2.5227      -25.555       45.554      -113.85       131.91       31.144     
     256   2.5227       53.605      -49.896       103.64      -130.33      -31.144     
     257 -0.91283       29.881      -13.695       83.728      -89.993      -22.847     
     258 -0.13565       16.427       3.7658       50.071      -55.012      -19.962     
     259 -0.61281E-001  10.188       13.093       30.034      -31.855      -16.818     
     260   101.90      0.14851      0.45463      0.80486     -0.13733E-001 0.24420     
     261   101.89      0.44916      0.82140       1.0602     -0.26951     -0.11109E-001
     262   101.87      0.85160       1.2589       1.3052     -0.52914     -0.46904     
     263   101.84       1.3468       1.7338       1.4661     -0.72701      -1.1933     
     264   101.78       1.9076       2.1912       1.4283     -0.75860      -2.2472     
     265   101.65       2.4855       2.5544       1.0278     -0.47191      -3.6812     
     266   101.42       3.0114       2.7306      0.46132E-001 0.33756      -5.5132     
     267   101.00       3.4023       2.6231      -1.7844       1.9223      -7.6951     
     268   100.31       3.5752       2.1519      -4.7542       4.5537      -10.067     
 
  ***** POST1 ELEMENT TABLE LISTING *****                                      
 
    STAT     CURRENT      CURRENT      CURRENT      CURRENT      CURRENT      CURRENT 
    ELEM     LS1          LS2          LS7          LS4          LS9          SMIS4   
     269   99.176       3.4698       1.2825      -9.1033       8.4617      -12.309     
     270   97.414       3.0737      0.67437E-001 -14.747       13.489      -13.923     
     271   94.858       2.4476      -1.1660      -20.943       19.869      -14.464     
     272   91.359       2.0251      -1.5186      -18.774       15.670      -12.937     
     275   91.359      -1.5186       2.0251       15.670      -18.774       12.937     
     276   94.858      -1.1660       2.4476       19.869      -20.943       14.464     
     277   97.414      0.67435E-001  3.0737       13.489      -14.747       13.923     
     278 -0.42213E-001 0.26622     -0.28229     -0.63510      -8.0326     -0.36106     
     279 -0.49426E-001 0.54446      0.19461     -0.53545      -8.0374     -0.17395     
     280 -0.50236E-001 0.80258      0.68064     -0.43975      -8.0529      0.20199     
     281 -0.39968E-001 0.97960       1.2546     -0.40831      -8.0721      0.83449     
     282 -0.12833E-001 0.99323       2.0321     -0.55179      -8.0457       1.7956     
     283  0.37943E-001 0.74497       3.1611      -1.0528      -7.8582       3.1537     
     284  0.11993      0.13379       4.8088      -2.1908      -7.3054       4.9598     
     285  0.24139     -0.91604       7.1349      -4.3665      -6.0800       7.2248     
     286  0.41162      -2.4039       10.250      -8.1141      -3.7864       9.8860     
     287  0.64076      -4.1655       14.148      -14.071     -0.28373E-001  12.762     
     288  0.94119      -5.7124       18.615      -22.788       5.3294       15.510     
     289   1.2230      -6.0070       22.880      -34.122       11.150       17.634     
     290   1.7565      -2.0889       25.779      -44.195       14.053       18.969     
     291  -3.6455       17.637       7.9287      -33.030      -30.413       19.578     
     293  -3.6455       34.742       25.623       13.966       18.202      -19.578     
     294   1.7565       26.808       10.714       35.198      -27.336      -18.969     
     295   1.2230       17.332       10.360       30.000      -23.248      -17.634     
     296  0.94119       10.272       10.834       21.129      -16.048      -15.510     
     297   100.46      0.16989      0.52537      0.75400     -0.61139E-001 0.20154     
     298   100.47      0.51348      0.94690      0.99154     -0.30470      0.32716E-001
     299   100.48      0.97874       1.4552       1.2510     -0.58346     -0.27634     
     300   100.49       1.5599       2.0158       1.4948     -0.86726     -0.76975     
     301   100.50       2.2308       2.5688       1.6632      -1.1062      -1.4895     
     302   100.47       2.9402       3.0272       1.6716      -1.2278      -2.4643     
     303   100.40       3.6076       3.2785       1.4121      -1.1384      -3.6909     
     304   100.24       4.1238       3.1953      0.76211     -0.73139      -5.1034     
     305   99.958       4.3567       2.6570     -0.39110      0.92318E-001 -6.5340     
     306   99.520       4.1667       1.5929      -2.0957       1.3718      -7.6776     
     307   98.916       3.4410      0.79713E-001 -4.2374       3.0721      -8.1145     
     308   98.183       2.1948      -1.4628      -5.9743       4.6694      -7.4231     
     309   97.673      0.80005      -2.1801      -2.9576       1.6028      -5.1297     
     312   97.673      -2.1801      0.80005       1.6028      -2.9576       5.1297     
     313   98.183      -1.4628       2.1948       4.6694      -5.9743       7.4231     
     314   98.916      0.79711E-001  3.4410       3.0721      -4.2374       8.1145     
 
  ***** POST1 ELEMENT TABLE LISTING *****                                      
 
    STAT     CURRENT      CURRENT      CURRENT      CURRENT      CURRENT      CURRENT 
    ELEM     LS1          LS2          LS7          LS4          LS9          SMIS4   
     315 -0.61099E-001 0.33834     -0.34572       2.4657     -0.72072     -0.29598     
     316 -0.71396E-001 0.36303     -0.51581       2.5702     -0.77062     -0.15943     
     317 -0.71927E-001 0.40681     -0.70111       2.6439     -0.92602      0.12195     
     318 -0.55390E-001 0.44940     -0.83817       2.6358      -1.2203      0.60138     
     319 -0.12566E-001 0.46891     -0.83067       2.4614      -1.6709       1.3350     
     320  0.67484E-001 0.45108     -0.55067       1.9958      -2.2663       2.3738     
     321  0.19692      0.40474      0.15256       1.0706      -2.9558       3.7486     
     322  0.38819      0.38465       1.4341     -0.51535      -3.6478       5.4444     
     323  0.65239      0.52033       3.4250      -2.9614      -4.2290       7.3622     
     324  0.99568       1.0448       6.1996      -6.3826      -4.6196       9.2693     
     325   1.3999       2.3076       9.7252      -10.642      -4.9105       10.763     
     326   1.7636       4.7949       13.892      -14.997      -5.4918       11.325     
     327   1.4827       9.9936       16.983      -16.062      -10.106       10.510     
     328  -5.0330       17.158       20.869      -13.798      -15.254       7.7140     
     330  -5.0330       22.013       25.792     -0.45941      -1.7293      -7.7140     
     331   1.4827       17.980       19.505       5.8803      -3.1747      -10.510     
     332   1.7636       13.313       14.172       8.4061      -4.7228      -11.325     
     333   1.3999       8.6082       10.606       6.6688      -2.4896      -10.763     
     334   99.465      0.17553      0.57185      0.45170     -0.80685E-001 0.12009     
     335   99.505      0.54263       1.0294      0.60097     -0.23523      0.39680E-001
     336   99.564       1.0424       1.5847      0.77426     -0.42161     -0.11082     
     337   99.642       1.6704       2.2027      0.95743     -0.62991     -0.35332     
     338   99.740       2.4002       2.8208       1.1265     -0.84149     -0.70790     
     339   99.852       3.1764       3.3445       1.2464      -1.0273      -1.1864     
     340   99.971       3.9083       3.6481       1.2702      -1.1473      -1.7815     
     341   100.08       4.4653       3.5824       1.1425      -1.1508      -2.4492     
     342   100.16       4.6781       2.9992      0.80615     -0.98188      -3.0884     
     343   100.19       4.3550       1.8070      0.21887     -0.58721      -3.5267     
     344   100.15       3.3334      0.89495E-001-0.60165      0.64690E-001 -3.5378     
     345   100.04       1.6106      -1.6925      -1.3111      0.87421      -2.9079     
     346   99.962     -0.43321      -2.4993      0.82027E-001-0.60873      -1.5268     
     349   99.962      -2.4993     -0.43321     -0.60873      0.82027E-001  1.5268     
     350   100.04      -1.6925       1.6105      0.87421      -1.3111       2.9079     
     351   100.15      0.89494E-001  3.3334      0.64690E-001-0.60165       3.5378     
     352 -0.77838E-001 0.33544     -0.29009       3.3832       2.4010     -0.20517     
     353 -0.92076E-001 0.25217     -0.67941       3.5054       2.3744     -0.12792     
     354 -0.95064E-001 0.20369      -1.0925       3.5897       2.2193      0.37560E-001
     355 -0.78069E-001 0.19635      -1.4811       3.5946       1.8848      0.32393     
     356 -0.30074E-001 0.24484      -1.7671       3.4599       1.3219      0.76498     
     357  0.61892E-001 0.37838      -1.8394       3.1056      0.49507       1.3896     
     358  0.21192      0.64703      -1.5564       2.4379     -0.60475       2.2101     
 
  ***** POST1 ELEMENT TABLE LISTING *****                                      
 
    STAT     CURRENT      CURRENT      CURRENT      CURRENT      CURRENT      CURRENT 
    ELEM     LS1          LS2          LS7          LS4          LS9          SMIS4   
     359  0.43363       1.1253     -0.75621       1.3628      -1.9441       3.2037     
     360  0.73736       1.9069      0.72170     -0.18663      -3.4323       4.2837     
     361   1.1240       3.0814       2.9989      -2.2065      -4.9145       5.2675     
     362   1.5650       4.6870       6.1072      -4.5639      -6.1755       5.8638     
     363   1.9069       6.7206       9.8082      -6.8261      -7.1620       5.7189     
     364   1.2213       9.4152       13.223      -7.4944      -8.8892       4.5123     
     365  -5.1904       11.653       16.099      -6.9773      -10.711       2.2111     
     367  -5.1904       13.412       19.217      -2.1454      -2.1430      -2.2111     
     368   1.2213       12.030       15.843     -0.31089      -1.6899      -4.5123     
     369   1.9069       9.5361       12.117      0.90918     -0.81815      -5.7189     
     370   1.5650       6.5241       8.6479      0.48340      0.80509      -5.8638     
     371   99.127      0.17564      0.58805     -0.11529E-012 0.57915E-014 0.77383E-012
     372   99.180      0.54995       1.0582     -0.18302E-012 0.65140E-013-0.14004E-011
     373   99.259       1.0604       1.6299     -0.49861E-012 0.37238E-012-0.34123E-012
     374   99.366       1.7028       2.2681     -0.88584E-012 0.77557E-012 0.69484E-012
     375   99.504       2.4504       2.9091     -0.12064E-011 0.11614E-011 0.19104E-011
     376   99.672       3.2464       3.4559     -0.12406E-011 0.12362E-011 0.14709E-011
     377   99.864       3.9959       3.7777     -0.11138E-011 0.11988E-011 0.73920E-012
     378   100.07       4.5606       3.7177     -0.92173E-012 0.97163E-012 0.42608E-012
     379   100.26       4.7585       3.1175     -0.56124E-012 0.65158E-012-0.10821E-013
     380   100.42       4.3805       1.8786     -0.27349E-012 0.35667E-012-0.91936E-012
     381   100.51       3.2501      0.84636E-001-0.14611E-012 0.19935E-012-0.13790E-012
     382   100.52       1.3576      -1.7855     -0.66102E-013 0.16208E-012-0.12573E-012
     383   100.56     -0.89952      -2.5618     -0.23301E-014-0.76941E-014-0.48768E-013
     386   100.56      -2.5618     -0.89953      0.78761E-012-0.71460E-012-0.22374E-011
     387   100.52      -1.7855       1.3576      0.80140E-012-0.83526E-012-0.18217E-011
     388   100.51      0.84634E-001  3.2501      0.60816E-012-0.74616E-012-0.24452E-011
     389 -0.88078E-001 0.17492     -0.81590E-001  3.5190       3.3502     -0.74678E-001
     390 -0.10514     -0.28833E-001-0.42424       3.6237       3.3930     -0.50494E-001
     391 -0.11052     -0.21326     -0.77443       3.6677       3.3357      0.29860E-002
     392 -0.94896E-001-0.35672      -1.0974       3.6090       3.1292      0.96638E-001
     393 -0.46438E-001-0.42215      -1.3346       3.3947       2.7197      0.24159     
     394  0.48752E-001-0.35316      -1.4001       2.9653       2.0578      0.44695     
     395  0.20574     -0.73336E-001 -1.1811       2.2639       1.1112      0.71568     
     396  0.43897      0.50717     -0.54733       1.2516     -0.11538       1.0376     
     397  0.75908       1.4716      0.62420     -0.69881E-001 -1.5578       1.3794     
     398   1.1662       2.8564       2.4035      -1.6314      -3.0711       1.6738     
     399   1.6283       4.5956       4.7345      -3.2726      -4.4332       1.8177     
     400   1.9722       6.4775       7.3308      -4.7119      -5.4460       1.6870     
     401   1.0976       8.2146       9.4327      -5.3441      -6.5064       1.1742     
     402  -5.1469       9.1179       10.814      -5.2173      -6.9593      0.39031     
 
  ***** POST1 ELEMENT TABLE LISTING *****                                      
 
    STAT     CURRENT      CURRENT      CURRENT      CURRENT      CURRENT      CURRENT 
    ELEM     LS1          LS2          LS7          LS4          LS9          SMIS4   
     404  -5.1469       10.338       12.758      -1.8641      -1.6203     -0.39031     
     405   1.0976       9.7278       11.408      -1.1864      -1.0790      -1.1742     
     406   1.9722       7.9908       9.1163     -0.55413     -0.54027      -1.6870     
     407   1.6283       5.6240       6.4764     -0.44704      0.35272      -1.8177     
     408   99.465      0.17553      0.57185     -0.45170      0.80685E-001-0.12009     
     409   99.505      0.54263       1.0294     -0.60097      0.23523     -0.39680E-001
     410   99.564       1.0424       1.5847     -0.77426      0.42161      0.11082     
     411   99.642       1.6704       2.2027     -0.95743      0.62991      0.35332     
     412   99.740       2.4002       2.8208      -1.1265      0.84149      0.70790     
     413   99.852       3.1764       3.3445      -1.2464       1.0273       1.1864     
     414   99.971       3.9083       3.6481      -1.2702       1.1473       1.7815     
     415   100.08       4.4653       3.5824      -1.1425       1.1508       2.4492     
     416   100.16       4.6781       2.9992     -0.80615      0.98188       3.0884     
     417   100.19       4.3550       1.8070     -0.21887      0.58721       3.5267     
     418   100.15       3.3334      0.89495E-001 0.60165     -0.64690E-001  3.5378     
     419   100.04       1.6106      -1.6925       1.3111     -0.87421       2.9079     
     420   99.962     -0.43321      -2.4993     -0.82027E-001 0.60873       1.5268     
     423   99.962      -2.4993     -0.43321      0.60873     -0.82027E-001 -1.5268     
     424   100.04      -1.6925       1.6105     -0.87421       1.3111      -2.9079     
     425   100.15      0.89494E-001  3.3334     -0.64690E-001 0.60165      -3.5378     
     426 -0.88078E-001-0.81590E-001 0.17492       3.3502       3.5190      0.74678E-001
     427 -0.10514     -0.42424     -0.28833E-001  3.3930       3.6237      0.50494E-001
     428 -0.11052     -0.77443     -0.21326       3.3357       3.6677     -0.29860E-002
     429 -0.94896E-001 -1.0974     -0.35672       3.1292       3.6090     -0.96638E-001
     430 -0.46438E-001 -1.3346     -0.42215       2.7197       3.3947     -0.24159     
     431  0.48752E-001 -1.4001     -0.35316       2.0578       2.9653     -0.44695     
     432  0.20574      -1.1811     -0.73336E-001  1.1112       2.2639     -0.71568     
     433  0.43897     -0.54733      0.50717     -0.11538       1.2516      -1.0376     
     434  0.75908      0.62420       1.4716      -1.5578     -0.69881E-001 -1.3794     
     435   1.1662       2.4035       2.8564      -3.0711      -1.6314      -1.6738     
     436   1.6283       4.7345       4.5956      -4.4332      -3.2726      -1.8177     
     437   1.9722       7.3308       6.4775      -5.4460      -4.7119      -1.6870     
     438   1.0976       9.4327       8.2146      -6.5064      -5.3441      -1.1742     
     439  -5.1469       10.814       9.1179      -6.9593      -5.2173     -0.39031     
     441  -5.1469       12.758       10.338      -1.6203      -1.8641      0.39031     
     442   1.0976       11.408       9.7278      -1.0790      -1.1864       1.1742     
     443   1.9722       9.1163       7.9908     -0.54027     -0.55413       1.6870     
     444   1.6283       6.4764       5.6240      0.35272     -0.44704       1.8177     
     445   100.46      0.16989      0.52537     -0.75400      0.61139E-001-0.20154     
     446   100.47      0.51348      0.94690     -0.99154      0.30470     -0.32716E-001
     447   100.48      0.97874       1.4552      -1.2510      0.58346      0.27634     
 
  ***** POST1 ELEMENT TABLE LISTING *****                                      
 
    STAT     CURRENT      CURRENT      CURRENT      CURRENT      CURRENT      CURRENT 
    ELEM     LS1          LS2          LS7          LS4          LS9          SMIS4   
     448   100.49       1.5599       2.0158      -1.4948      0.86726      0.76975     
     449   100.50       2.2308       2.5688      -1.6632       1.1062       1.4895     
     450   100.47       2.9402       3.0272      -1.6716       1.2278       2.4643     
     451   100.40       3.6076       3.2785      -1.4121       1.1384       3.6909     
     452   100.24       4.1238       3.1953     -0.76211      0.73139       5.1034     
     453   99.958       4.3567       2.6570      0.39110     -0.92318E-001  6.5340     
     454   99.520       4.1667       1.5929       2.0957      -1.3718       7.6776     
     455   98.916       3.4410      0.79713E-001  4.2374      -3.0721       8.1145     
     456   98.183       2.1948      -1.4628       5.9743      -4.6694       7.4231     
     457   97.673      0.80005      -2.1801       2.9576      -1.6028       5.1297     
     460   97.673      -2.1801      0.80005      -1.6028       2.9576      -5.1297     
     461   98.183      -1.4628       2.1948      -4.6694       5.9743      -7.4231     
     462   98.916      0.79711E-001  3.4410      -3.0721       4.2374      -8.1145     
     463 -0.77838E-001-0.29009      0.33544       2.4010       3.3832      0.20517     
     464 -0.92076E-001-0.67941      0.25217       2.3744       3.5054      0.12792     
     465 -0.95064E-001 -1.0925      0.20369       2.2193       3.5897     -0.37560E-001
     466 -0.78069E-001 -1.4811      0.19635       1.8848       3.5946     -0.32393     
     467 -0.30074E-001 -1.7671      0.24484       1.3219       3.4599     -0.76498     
     468  0.61892E-001 -1.8394      0.37838      0.49507       3.1056      -1.3896     
     469  0.21192      -1.5564      0.64703     -0.60475       2.4379      -2.2101     
     470  0.43363     -0.75621       1.1253      -1.9441       1.3628      -3.2037     
     471  0.73736      0.72170       1.9069      -3.4323     -0.18663      -4.2837     
     472   1.1240       2.9989       3.0814      -4.9145      -2.2065      -5.2675     
     473   1.5650       6.1072       4.6870      -6.1755      -4.5639      -5.8638     
     474   1.9069       9.8082       6.7206      -7.1620      -6.8261      -5.7189     
     475   1.2213       13.223       9.4152      -8.8892      -7.4944      -4.5123     
     476  -5.1904       16.099       11.653      -10.711      -6.9773      -2.2111     
     478  -5.1904       19.217       13.412      -2.1430      -2.1454       2.2111     
     479   1.2213       15.843       12.030      -1.6899     -0.31089       4.5123     
     480   1.9069       12.117       9.5361     -0.81815      0.90918       5.7189     
     481   1.5650       8.6479       6.5241      0.80509      0.48340       5.8638     
     482   101.90      0.14851      0.45463     -0.80486      0.13733E-001-0.24420     
     483   101.89      0.44916      0.82140      -1.0602      0.26951      0.11109E-001
     484   101.87      0.85160       1.2589      -1.3052      0.52914      0.46904     
     485   101.84       1.3468       1.7338      -1.4661      0.72701       1.1933     
     486   101.78       1.9076       2.1912      -1.4283      0.75860       2.2472     
     487   101.65       2.4855       2.5544      -1.0278      0.47191       3.6812     
     488   101.42       3.0114       2.7306     -0.46132E-001-0.33756       5.5132     
     489   101.00       3.4023       2.6231       1.7844      -1.9223       7.6951     
     490   100.31       3.5752       2.1519       4.7542      -4.5537       10.067     
     491   99.176       3.4698       1.2825       9.1033      -8.4617       12.309     
 
  ***** POST1 ELEMENT TABLE LISTING *****                                      
 
    STAT     CURRENT      CURRENT      CURRENT      CURRENT      CURRENT      CURRENT 
    ELEM     LS1          LS2          LS7          LS4          LS9          SMIS4   
     492   97.414       3.0737      0.67437E-001  14.747      -13.489       13.923     
     493   94.858       2.4476      -1.1660       20.943      -19.869       14.464     
     494   91.359       2.0251      -1.5186       18.774      -15.670       12.937     
     497   91.359      -1.5186       2.0251      -15.670       18.774      -12.937     
     498   94.858      -1.1660       2.4476      -19.869       20.943      -14.464     
     499   97.414      0.67435E-001  3.0737      -13.489       14.747      -13.923     
     500 -0.61099E-001-0.34572      0.33834     -0.72072       2.4657      0.29598     
     501 -0.71396E-001-0.51581      0.36303     -0.77062       2.5702      0.15943     
     502 -0.71927E-001-0.70111      0.40681     -0.92602       2.6439     -0.12195     
     503 -0.55390E-001-0.83817      0.44940      -1.2203       2.6358     -0.60138     
     504 -0.12566E-001-0.83067      0.46891      -1.6709       2.4614      -1.3350     
     505  0.67484E-001-0.55067      0.45108      -2.2663       1.9958      -2.3738     
     506  0.19692      0.15256      0.40474      -2.9558       1.0706      -3.7486     
     507  0.38819       1.4341      0.38465      -3.6478     -0.51535      -5.4444     
     508  0.65239       3.4250      0.52033      -4.2290      -2.9614      -7.3622     
     509  0.99568       6.1996       1.0448      -4.6196      -6.3826      -9.2693     
     510   1.3999       9.7252       2.3076      -4.9105      -10.642      -10.763     
     511   1.7636       13.892       4.7949      -5.4918      -14.997      -11.325     
     512   1.4827       16.983       9.9936      -10.106      -16.062      -10.510     
     513  -5.0330       20.869       17.158      -15.254      -13.798      -7.7140     
     515  -5.0330       25.792       22.013      -1.7293     -0.45941       7.7140     
     516   1.4827       19.505       17.980      -3.1747       5.8803       10.510     
     517   1.7636       14.172       13.313      -4.7228       8.4061       11.325     
     518   1.3999       10.606       8.6082      -2.4896       6.6688       10.763     
     519   103.00      0.10886      0.36806     -0.51847      0.24906     -0.28760     
     520   103.00      0.34883      0.66811     -0.77847      0.50242      0.23491E-001
     521   103.00      0.66297       1.0208     -0.99914      0.72921      0.57466     
     522   103.00       1.0370       1.3953      -1.0765      0.83207       1.4384     
     523   102.99       1.4394       1.7432     -0.84796      0.65537       2.6866     
     524   102.95       1.8203       2.0012     -0.75137E-001-0.34231E-001  4.3808     
     525   102.87       2.1147       2.0993       1.5776      -1.5721       6.5560     
     526   102.68       2.2536       1.9764       4.5679      -4.4268       9.1984     
     527   102.31       2.1849       1.6016       9.5085      -9.2461       12.216     
     528   101.55       1.9040      0.99453       17.196      -16.902       15.409     
     529   100.00       1.4877      0.22062       28.666      -28.754       18.486     
     530   96.733       1.0988     -0.71754       44.231      -44.797       21.196     
     531   89.579      0.74569     -0.64991       67.256      -83.871       24.885     
     534   89.579     -0.64991      0.74569      -83.871       67.256      -24.885     
     535   96.733     -0.71754       1.0988      -44.797       44.231      -21.196     
     536   100.00      0.22062       1.4877      -28.754       28.666      -18.486     
     537 -0.42213E-001-0.28229      0.26622      -8.0326     -0.63510      0.36106     
 
  ***** POST1 ELEMENT TABLE LISTING *****                                      
 
    STAT     CURRENT      CURRENT      CURRENT      CURRENT      CURRENT      CURRENT 
    ELEM     LS1          LS2          LS7          LS4          LS9          SMIS4   
     538 -0.49426E-001 0.19461      0.54446      -8.0374     -0.53545      0.17395     
     539 -0.50236E-001 0.68064      0.80258      -8.0529     -0.43975     -0.20199     
     540 -0.39968E-001  1.2546      0.97960      -8.0721     -0.40831     -0.83449     
     541 -0.12833E-001  2.0321      0.99323      -8.0457     -0.55179      -1.7956     
     542  0.37943E-001  3.1611      0.74497      -7.8582      -1.0528      -3.1537     
     543  0.11993       4.8088      0.13379      -7.3054      -2.1908      -4.9598     
     544  0.24139       7.1349     -0.91604      -6.0800      -4.3665      -7.2248     
     545  0.41162       10.250      -2.4039      -3.7864      -8.1141      -9.8860     
     546  0.64076       14.148      -4.1655     -0.28373E-001 -14.071      -12.762     
     547  0.94119       18.615      -5.7124       5.3294      -22.788      -15.510     
     548   1.2230       22.880      -6.0070       11.150      -34.122      -17.634     
     549   1.7565       25.779      -2.0889       14.053      -44.195      -18.969     
     550  -3.6455       7.9287       17.637      -30.413      -33.030      -19.578     
     552  -3.6455       25.623       34.742       18.202       13.966       19.578     
     553   1.7565       10.714       26.808      -27.336       35.198       18.969     
     554   1.2230       10.360       17.332      -23.248       30.000       17.634     
     555  0.94119       10.834       10.272      -16.048       21.129       15.510     
     556   101.94      0.62976E-001 0.27450      0.29192       1.1943     -0.36754     
     557   101.96      0.23488      0.50325     -0.21926E-001  1.4999     -0.55360E-001
     558   102.00      0.45154      0.76747     -0.31140       1.7950      0.49553     
     559   102.07      0.69383       1.0401     -0.47628       1.9868       1.3477     
     560   102.17      0.92636       1.2810     -0.36277       1.9288       2.5565     
     561   102.34       1.0968       1.4412      0.24937       1.4071       4.1599     
     562   102.61       1.1396       1.4735       1.6599      0.12412       6.1657     
     563   103.07      0.98744       1.3503       4.2620      -2.3193       8.5358     
     564   103.87      0.59094       1.0872       8.5559      -6.4455       11.169     
     565   105.31     -0.56858E-001 0.76052       15.162      -12.945       13.884     
     566   107.99     -0.90727      0.49421       24.718      -22.570       16.418     
     567   113.13      -1.8864      0.32112       37.749      -37.051       18.532     
     568   123.70      -3.0287      -2.4729       48.728      -49.769       19.445     
     569   141.70      -10.884       3.8934       53.118      -16.435       2.8598     
     570   141.70       3.8934      -10.884      -16.435       53.118      -2.8598     
     571   123.70      -2.4729      -3.0287      -49.769       48.728      -19.445     
     572   113.13      0.32112      -1.8864      -37.051       37.749      -18.532     
     573   107.99      0.49421     -0.90727      -22.570       24.718      -16.418     
     574 -0.22280E-001-0.24933      0.27144      -21.098      -7.9592      0.43162     
     575 -0.27360E-001  1.3580       1.2093      -21.025      -7.8077      0.22493     
     576 -0.31002E-001  2.9726       2.1085      -20.820      -7.5682     -0.18836     
     577 -0.32223E-001  4.6689       2.8769      -20.441      -7.2847     -0.87731     
     578 -0.30249E-001  6.5561       3.3844      -19.783      -7.0521      -1.9125     
     579 -0.24919E-001  8.7737       3.4580      -18.642      -7.0431      -3.3581     
 
  ***** POST1 ELEMENT TABLE LISTING *****                                      
 
    STAT     CURRENT      CURRENT      CURRENT      CURRENT      CURRENT      CURRENT 
    ELEM     LS1          LS2          LS7          LS4          LS9          SMIS4   
     580 -0.17218E-001  11.481       2.8822      -16.671      -7.5488      -5.2607     
     581 -0.98594E-002  14.844       1.4014      -13.323      -9.0384      -7.6338     
     582 -0.78977E-002  19.022      -1.2738      -7.7566      -12.260      -10.439     
     583 -0.18771E-001  24.180      -5.4592       1.3233      -18.424      -13.564     
     584 -0.61281E-001  30.506      -11.501       15.987      -29.556      -16.818     
     585 -0.13565       38.246      -19.601       39.721      -48.916      -19.962     
     586 -0.91283       47.355      -30.929       77.742      -83.346      -22.847     
     587   2.5227       45.554      -25.555       131.91      -113.85      -31.144     
     589   2.5227      -49.896       53.605      -130.33       103.64       31.144     
     590 -0.91283      -13.695       29.881      -89.993       83.728       22.847     
     591 -0.13565       3.7658       16.427      -55.012       50.071       19.962     
     592 -0.61281E-001  13.093       10.188      -31.855       30.034       16.818     
     593   95.571      0.29097E-001 0.18201       1.9355       3.1443     -0.47115     
     594   95.601      0.13905      0.34186       1.5355       3.5380     -0.20616     
     595   95.646      0.27028      0.52318       1.1128       3.9708      0.26326     
     596   95.717      0.40320      0.70405      0.73778       4.3812      0.97598     
     597   95.828      0.50495      0.85326      0.51367       4.6764       1.9528     
     598   96.004      0.52957      0.93491      0.57545       4.7332       3.1847     
     599   96.284      0.42284      0.91906       1.0803       4.4080       4.6209     
     600   96.725      0.13488      0.79936       2.1842       3.5623       6.1584     
     601   97.412     -0.35731      0.61494       3.9936       2.1136       7.6330     
     602   98.446      -1.0187      0.46398       6.4624      0.14457       8.8140     
     603   99.914      -1.7274      0.46768       9.1383      -1.8890       9.4084     
     604   101.78      -2.2936      0.51495       10.245      -2.5245       9.0383     
     605   103.27      -2.8515      0.80251       2.2331       9.3768       6.1325     
     606   101.83      -1.6874      0.66783       3.9095       7.5813      0.92392     
     607   101.83      0.66783      -1.6874       7.5813       3.9095     -0.92391     
     608   103.27      0.80251      -2.8515       9.3768       2.2331      -6.1325     
     609   101.78      0.51495      -2.2937      -2.5245       10.245      -9.0383     
     610   99.914      0.46767      -1.7274      -1.8890       9.1383      -9.4084     
     611  0.10591E-002-0.34321      0.40326      -38.479      -21.101      0.51727     
     612 -0.73312E-003  2.7041       2.5695      -38.352      -20.852      0.32995     
     613 -0.58723E-002  5.7081       4.7205      -37.955      -20.353     -0.51317E-001
     614 -0.16893E-001  8.7040       6.7632      -37.245      -19.607     -0.68211     
     615 -0.37621E-001  11.742       8.5698      -36.128      -18.641      -1.6110     
     616 -0.73658E-001  14.871       9.9789      -34.439      -17.518      -2.8698     
     617 -0.13300       18.114       10.804      -31.927      -16.344      -4.4611     
     618 -0.22674       21.420       10.857      -28.262      -15.258      -6.3453     
     619 -0.36983       24.613       9.9880      -23.066      -14.397      -8.4258     
     620 -0.58210       27.310       8.1691      -16.041      -13.778      -10.531     
     621 -0.88580       28.799       5.6607      -7.2928      -12.936      -12.397     
 
  ***** POST1 ELEMENT TABLE LISTING *****                                      
 
    STAT     CURRENT      CURRENT      CURRENT      CURRENT      CURRENT      CURRENT 
    ELEM     LS1          LS2          LS7          LS4          LS9          SMIS4   
     622  -1.3182       27.804       3.2409       1.7785      -10.036      -13.652     
     623  -1.9315       20.775       4.3372       4.7261       2.9023      -13.968     
     624   3.7669       9.0089       7.7562      -3.0073       35.719      -8.8503     
     625   5.4499       9.7678      -9.5705      -3.5552       3.4834     -0.11466E-005
     626   3.7669       8.8343      -17.018      -3.4871      -32.348       8.8503     
     627  -1.9315       12.876       1.4569      -16.974      -5.0112       13.968     
     628  -1.3182       20.156       8.9340      -19.234       5.6052       13.652     
     629 -0.88580       26.749       12.651      -12.925       6.2706       12.397     
     630   80.074      0.16887E-001 0.97181E-001  4.5009       5.9881     -0.54202     
     631   80.088      0.77874E-001 0.19699       4.0550       6.4263     -0.34349     
     632   80.104      0.14526      0.30922       3.5548       6.9336      0.12192E-001
     633   80.124      0.20383      0.41823       3.0471       7.4708      0.54034     
     634   80.151      0.22986      0.50198       2.5981       7.9800       1.2308     
     635   80.193      0.19205      0.53577       2.2883       8.3891       2.0375     
     636   80.257      0.56430E-001 0.50089       2.1989       8.6245       2.8709     
     637   80.352     -0.20215      0.39896       2.3899       8.6324       3.6002     
     638   80.482     -0.57977      0.26981       2.8681       8.4085       4.0687     
     639   80.638      -1.0153      0.19951       3.5416       8.0326       4.1296     
     640   80.778      -1.3687      0.28155       4.1170       7.6918       3.6959     
     641   80.806      -1.4602      0.55019       3.4853       8.2705       2.7263     
     642   80.476      -1.0585      0.89458     -0.67008       12.882       1.2185     
     643   80.243      0.96425E-001 0.40221       4.1569       8.9402      0.36374     
     644   80.243      0.40221      0.96425E-001  8.9402       4.1569     -0.36374     
     645   80.476      0.89458      -1.0585       12.882     -0.67008      -1.2185     
     646   80.806      0.55019      -1.4602       8.2705       3.4853      -2.7263     
     647   80.778      0.28155      -1.3687       7.6918       4.1170      -3.6959     
     648  0.29286E-001-0.49875      0.56150      -51.366      -38.646      0.58767     
     649  0.33382E-001  3.5903       4.3254      -51.253      -38.315      0.44382     
     650  0.30901E-001  7.5880       8.0978      -50.787      -37.560      0.13840     
     651  0.16868E-001  11.493       11.788      -49.943      -36.353     -0.36408     
     652 -0.15300E-001  15.306       15.274      -48.666      -34.678      -1.0833     
     653 -0.73873E-001  19.015       18.409      -46.864      -32.530      -2.0118     
     654 -0.16868       22.573       21.019      -44.421      -29.918      -3.1037     
     655 -0.31054       25.866       22.927      -41.216      -26.850      -4.2667     
     656 -0.50988       28.695       23.963      -37.186      -23.315      -5.3598     
     657 -0.77286       30.770       23.996      -32.421      -19.254      -6.2012     
     658  -1.0882       31.749       22.970      -27.316      -14.522      -6.5882     
     659  -1.3931       31.202       21.089      -22.929      -8.6891      -6.3324     
     660  -1.0755       28.641       19.211      -21.685     -0.14759      -5.0447     
     661   3.6176       28.466       13.573      -18.584      0.76329      -2.2504     
     662   5.1343       31.151       11.044      -11.338      -4.0196     -0.11186E-005
 
  ***** POST1 ELEMENT TABLE LISTING *****                                      
 
    STAT     CURRENT      CURRENT      CURRENT      CURRENT      CURRENT      CURRENT 
    ELEM     LS1          LS2          LS7          LS4          LS9          SMIS4   
     663   3.6176       33.752       9.9067      -4.0614      -9.3091       2.2504     
     664  -1.0755       35.879       14.811      -1.7981      -12.235       5.0447     
     665  -1.3931       38.641       21.741      -2.4914      -6.8997       6.3324     
     666  -1.0882       41.880       26.930      0.51688      -3.6403       6.5882     
     667   53.250      0.24594E-001 0.24124E-001  7.1264       8.7537     -0.52055     
     668   53.251      0.48956E-001 0.77847E-001  6.7089       9.1595     -0.38709     
     669   53.242      0.70971E-001 0.14050       6.2395       9.6262     -0.14373     
     670   53.222      0.82082E-001 0.20316       5.7550       10.121      0.21011     
     671   53.186      0.70264E-001 0.25255       5.3070       10.598      0.64955     
     672   53.135      0.21062E-001 0.27304       4.9568       10.996       1.1163     
     673   53.068     -0.79166E-001 0.25192       4.7659       11.253       1.5166     
     674   52.983     -0.23647      0.18883       4.7814       11.317       1.7325     
     675   52.881     -0.43785      0.10812       5.0182       11.161       1.6541     
     676   52.762     -0.63649      0.66042E-001  5.4386       10.796       1.2364     
     677   52.628     -0.74240      0.13793       5.8832       10.299      0.56395     
     678   52.469     -0.62949      0.35038       5.6741       10.214     -0.12524     
     679   52.240     -0.19929      0.47100       3.6142       12.543     -0.48109     
     680   52.040      0.22940      0.36017       6.7301       9.9769     -0.17604     
     681   52.040      0.36017      0.22940       9.9769       6.7301      0.17605     
     682   52.240      0.47100     -0.19929       12.543       3.6142      0.48110     
     683   52.469      0.35038     -0.62949       10.214       5.6741      0.12525     
     684   52.628      0.13793     -0.74240       10.299       5.8832     -0.56394     
     685  0.59968E-001-0.61382      0.65759      -38.207      -51.781      0.59187     
     686  0.71385E-001  2.3159       5.5605      -38.232      -51.445      0.49500     
     687  0.74204E-001  5.1631       10.471      -38.008      -50.585      0.27553     
     688  0.61785E-001  7.9235       15.296      -37.514      -49.169     -0.84701E-001
     689  0.25885E-001  10.594       19.914      -36.712      -47.179     -0.58397     
     690 -0.42970E-001  13.165       24.181      -35.547      -44.614      -1.1903     
     691 -0.15471       15.610       27.933      -33.958      -41.497      -1.8332     
     692 -0.31841       17.876       30.999      -31.894      -37.873      -2.4032     
     693 -0.54006       19.891       33.219      -29.346      -33.815      -2.7655     
     694 -0.81797       21.574       34.465      -26.374      -29.431      -2.7949     
     695  -1.1276       22.863       34.712      -23.159      -24.863      -2.4312     
     696  -1.3411       23.652       34.250      -20.195      -20.063      -1.7157     
     697 -0.69868       23.846       33.854      -18.550      -14.456     -0.78055     
     698   3.2407       25.094       33.105      -15.640      -11.158     -0.13479     
     699   4.7230       27.355       32.142      -9.9563      -11.699     -0.10251E-005
     700   3.2407       29.277       32.532      -4.1491      -12.731      0.13479     
     701 -0.69868       30.191       35.226      -1.1180      -10.687      0.78055     
     702  -1.3411       31.100       39.133      0.26750      -6.6469       1.7157     
     703  -1.1276       32.400       42.573       3.0447      -3.2662       2.4312     
 
  ***** POST1 ELEMENT TABLE LISTING *****                                      
 
    STAT     CURRENT      CURRENT      CURRENT      CURRENT      CURRENT      CURRENT 
    ELEM     LS1          LS2          LS7          LS4          LS9          SMIS4   
     704   19.778      0.44025E-001-0.32138E-001  7.1621       8.7244     -0.36090     
     705   19.779      0.43933E-001-0.84912E-002  6.8337       9.0427     -0.29208     
     706   19.771      0.36309E-001 0.24301E-001  6.4733       9.3951     -0.16232     
     707   19.752      0.18632E-001 0.62979E-001  6.1104       9.7534      0.24637E-001
     708   19.719     -0.10927E-001 0.10104       5.7850       10.079      0.24763     
     709   19.672     -0.52615E-001 0.12888       5.5431       10.325      0.46323     
     710   19.612     -0.10395      0.13564       5.4299       10.444      0.60588     
     711   19.542     -0.15834      0.11357       5.4780       10.399      0.59851     
     712   19.467     -0.20385      0.65211E-001  5.6943       10.175      0.38032     
     713   19.396     -0.22288      0.11885E-001  6.0441       9.7954     -0.45071E-001
     714   19.336     -0.19317     -0.19504E-002  6.4102       9.3397     -0.55046     
     715   19.278     -0.87208E-001 0.49590E-001  6.3919       9.1754     -0.86535     
     716   19.150      0.78347E-001 0.78108E-001  5.4957       10.149     -0.75390     
     717   19.020      0.12991      0.11856       7.0603       8.8025     -0.28129     
     718   19.020      0.11856      0.12991       8.8025       7.0603      0.28129     
     719   19.150      0.78107E-001 0.78347E-001  10.149       5.4957      0.75391     
     720   19.278      0.49590E-001-0.87208E-001  9.1754       6.3919      0.86535     
     721   19.336     -0.19506E-002-0.19317       9.3397       6.4102      0.55047     
     722  0.88865E-001-0.69799      0.70226       38.447      -38.870      0.48377     
     723  0.10678      -4.3969       4.4203       38.024      -38.674      0.42918     
     724  0.11444      -8.0928       8.1454       37.288      -38.071      0.29375     
     725  0.10389      -11.747       11.797       36.276      -37.033      0.70135E-001
     726  0.65611E-001 -15.320       15.274       35.039      -35.549     -0.23171     
     727 -0.10809E-001 -18.779       18.458       33.630      -33.633     -0.57665     
     728 -0.13544      -22.090       21.230       32.099      -31.332     -0.89956     
     729 -0.31632      -25.219       23.483       30.471      -28.723      -1.1087     
     730 -0.55694      -28.123       25.146       28.740      -25.905      -1.1044     
     731 -0.85174      -30.742       26.207       26.859      -22.989     -0.82115     
     732  -1.1681      -33.021       26.750       24.733      -20.052     -0.28832     
     733  -1.3357      -34.996       27.081       22.115      -16.965      0.31847     
     734 -0.51002      -36.841       27.786       18.525      -13.200      0.67644     
     735   2.9965      -37.954       28.211       15.519      -10.674      0.50561     
     736   4.4439      -38.400       28.048       13.976      -10.209     -0.79410E-006
     737   2.9965      -39.050       28.472       12.509      -9.9565     -0.50561     
     738 -0.51002      -40.130       29.771       9.4902      -7.7488     -0.67645     
     739  -1.3357      -41.024       31.650       5.5535      -4.4116     -0.31847     
     740  -1.1681      -41.194       33.381       2.2785      -1.8337      0.28832     
     741   0.0000       0.0000       0.0000       0.0000       0.0000       0.0000     
     742   0.0000       0.0000       0.0000       0.0000       0.0000       0.0000     
     743   0.0000       0.0000       0.0000       0.0000       0.0000       0.0000     
     744   0.0000       0.0000       0.0000       0.0000       0.0000       0.0000     
 
  ***** POST1 ELEMENT TABLE LISTING *****                                      
 
    STAT     CURRENT      CURRENT      CURRENT      CURRENT      CURRENT      CURRENT 
    ELEM     LS1          LS2          LS7          LS4          LS9          SMIS4   
     745   0.0000       0.0000       0.0000       0.0000       0.0000       0.0000     
     746   0.0000       0.0000       0.0000       0.0000       0.0000       0.0000     
     747   0.0000       0.0000       0.0000       0.0000       0.0000       0.0000     
     748   0.0000       0.0000       0.0000       0.0000       0.0000       0.0000     
     749   0.0000       0.0000       0.0000       0.0000       0.0000       0.0000     
     750   0.0000       0.0000       0.0000       0.0000       0.0000       0.0000     
     751   0.0000       0.0000       0.0000       0.0000       0.0000       0.0000     
     752   0.0000       0.0000       0.0000       0.0000       0.0000       0.0000     
     753   0.0000       0.0000       0.0000       0.0000       0.0000       0.0000     
     754   0.0000       0.0000       0.0000       0.0000       0.0000       0.0000     
     755   0.0000       0.0000       0.0000       0.0000       0.0000       0.0000     
     756   0.0000       0.0000       0.0000       0.0000       0.0000       0.0000     
     757   0.0000       0.0000       0.0000       0.0000       0.0000       0.0000     
     758   0.0000       0.0000       0.0000       0.0000       0.0000       0.0000     
     759  0.11233     -0.91577      0.60761       225.56       37.771      0.24516     
     760  0.13458      -20.915      -2.4476       224.27       37.539      0.22754     
     761  0.14508      -40.746      -5.4484       221.27       37.116      0.17500     
     762  0.13489      -60.252      -8.4179       216.62       36.541      0.85162E-001
     763  0.93584E-001 -79.282      -11.396       210.42       35.835     -0.35810E-001
     764  0.10158E-001 -97.694      -14.429       202.76       34.996     -0.16938     
     765 -0.12545      -115.34      -17.554       193.71       33.986     -0.28242     
     766 -0.32031      -132.05      -20.772       183.29       32.734     -0.32941     
     767 -0.57585      -147.63      -24.030       171.49       31.150     -0.26304     
     768 -0.88311      -161.82      -27.214       158.30       29.160     -0.57530E-001
     769  -1.2034      -174.39      -30.153       143.68       26.755      0.25522     
     770  -1.3420      -185.23      -32.634       127.70       24.085      0.54446     
     771 -0.42963      -194.51      -34.472       110.60       21.433      0.60022     
     772   2.8713      -202.41      -36.124       93.271       18.089      0.36831     
     773   4.2941      -209.11      -37.877       76.111       13.786     -0.36901E-006
     774   2.8713      -215.01      -39.300       58.658       9.3630     -0.36831     
     775 -0.42963      -220.10      -40.184       40.306       5.7398     -0.60022     
     776  -1.3420      -223.98      -40.481       21.239       2.5264     -0.54446     
     777  -1.2034      -225.95      -40.296       2.0352      -1.1133     -0.25522     
    2953   294.55       29.710      -43.711      -44.230       16.802      -2.7767     
    2954   294.55      -43.711       29.710       16.802      -44.230       2.7767     
    2955  -2.1179       59.550      -81.991      -21.674       29.842      0.13010E-006
    2956   365.84       23.657      -44.261      -12.996       4.3205      0.84773     
    2957   365.84      -44.261       23.657       4.3205      -12.996     -0.84773     
    2958  -4.7414       16.230       45.192      -5.9071      -16.449      0.12563E-006
    2959   390.21     -0.83238      -22.374      -5.4475       1.7390      0.98575     
    2960   390.21      -22.374     -0.83238       1.7390      -5.4475     -0.98575     
 
  ***** POST1 ELEMENT TABLE LISTING *****                                      
 
    STAT     CURRENT      CURRENT      CURRENT      CURRENT      CURRENT      CURRENT 
    ELEM     LS1          LS2          LS7          LS4          LS9          SMIS4   
    2961  -5.4857       1.8447       21.388     -0.67141      -7.7845      0.10161E-006
    2962   400.00      -14.499      -9.4531      -2.0160      0.56451      0.41015     
    2963   400.00      -9.4531      -14.499      0.56451      -2.0160     -0.41015     
    2964  -5.7946       1.4912       7.5733     -0.54275      -2.7564      0.64467E-007
    2965   402.66      -18.138      -5.9452      0.14043E-012-0.73685E-013 0.63044E-013
    2966   402.66      -5.9452      -18.138      0.43070E-012-0.46523E-012 0.16802E-013
    2967  -5.9056       2.5887       3.8617     -0.94221      -1.4056      0.21950E-007
    2968   400.00      -14.499      -9.4531       2.0160     -0.56451     -0.41015     
    2969   400.00      -9.4531      -14.499     -0.56451       2.0160      0.41015     
    2970  -5.9056       3.8617       2.5887      -1.4056     -0.94221     -0.21950E-007
    2971   390.21     -0.83238      -22.374       5.4475      -1.7390     -0.98575     
    2972   390.21      -22.374     -0.83238      -1.7390       5.4475      0.98575     
    2973  -5.7946       7.5733       1.4912      -2.7564     -0.54275     -0.64467E-007
    2974   365.84       23.657      -44.261       12.996      -4.3205     -0.84773     
    2975   365.84      -44.261       23.657      -4.3205       12.996      0.84773     
    2976  -5.4857       21.388       1.8447      -7.7845     -0.67141     -0.10161E-006
    2977   294.55       29.710      -43.711       44.230      -16.802       2.7767     
    2978   294.55      -43.711       29.710      -16.802       44.230      -2.7767     
    2979  -4.7414       45.192       16.230      -16.449      -5.9071     -0.12563E-006
    2980  -2.1179      -81.991       59.550       29.842      -21.674     -0.13010E-006

 MINIMUM VALUES
 ELEM       2967          777           74          589          256          587
 VALUE   -5.9056      -225.95      -225.95      -130.33      -130.33      -31.144     

 MAXIMUM VALUES
 ELEM       2966         2955         2980          759           56          254
 VALUE    402.66       59.550       59.550       225.56       225.56       31.144     

