
 PRINT ELEMENT TABLE ITEMS PER ELEMENT
 
  ***** POST1 ELEMENT TABLE LISTING *****                                      
 
    STAT     CURRENT      CURRENT      CURRENT      CURRENT      CURRENT      CURRENT 
    ELEM     LS1          LS2          LS7          LS4          LS9          SMIS4   
       1   0.0000       0.0000       0.0000       0.0000       0.0000       0.0000     
       2   0.0000       0.0000       0.0000       0.0000       0.0000       0.0000     
       3   0.0000       0.0000       0.0000       0.0000       0.0000       0.0000     
       4   0.0000       0.0000       0.0000       0.0000       0.0000       0.0000     
       5   0.0000       0.0000       0.0000       0.0000       0.0000       0.0000     
       6   0.0000       0.0000       0.0000       0.0000       0.0000       0.0000     
       7   0.0000       0.0000       0.0000       0.0000       0.0000       0.0000     
       8   0.0000       0.0000       0.0000       0.0000       0.0000       0.0000     
       9   0.0000       0.0000       0.0000       0.0000       0.0000       0.0000     
      10   0.0000       0.0000       0.0000       0.0000       0.0000       0.0000     
      11   0.0000       0.0000       0.0000       0.0000       0.0000       0.0000     
      12   0.0000       0.0000       0.0000       0.0000       0.0000       0.0000     
      13   0.0000       0.0000       0.0000       0.0000       0.0000       0.0000     
      14   0.0000       0.0000       0.0000       0.0000       0.0000       0.0000     
      15   0.0000       0.0000       0.0000       0.0000       0.0000       0.0000     
      16   0.0000       0.0000       0.0000       0.0000       0.0000       0.0000     
      17   0.0000       0.0000       0.0000       0.0000       0.0000       0.0000     
      18   0.0000       0.0000       0.0000       0.0000       0.0000       0.0000     
      38   19.716      0.93156E-002-0.53138E-002 -7.7706      -8.1495      0.73036E-001
      39   19.716      0.88866E-002 0.52908E-003 -7.6973      -8.2209      0.54146E-001
      40   19.714      0.67027E-002 0.83761E-002 -7.6186      -8.2983      0.21452E-001
      41   19.710      0.22408E-002 0.17434E-001 -7.5414      -8.3753     -0.23886E-001
      42   19.702     -0.48443E-002 0.26170E-001 -7.4748      -8.4427     -0.76764E-001
      43   19.692     -0.14525E-001 0.32333E-001 -7.4293      -8.4902     -0.12705     
      44   19.679     -0.26160E-001 0.33288E-001 -7.4148      -8.5073     -0.15948     
      45   19.664     -0.38227E-001 0.26886E-001 -7.4381      -8.4860     -0.15568     
      46   19.648     -0.48091E-001 0.12942E-001 -7.5001      -8.4235     -0.99530E-001
      47   19.633     -0.51975E-001-0.50667E-002 -7.5919      -8.3259      0.13100E-001
      48   19.622     -0.45667E-001-0.18700E-001 -7.6869      -8.2122      0.16180     
      49   19.611     -0.25337E-001-0.13040E-001 -7.7041      -8.1556      0.29175     
      50   19.588      0.16534E-001 0.17473E-001 -7.5274      -8.3354      0.31265     
      51   19.560      0.63143E-001 0.49467E-001 -7.7362      -8.1773      0.13557     
      52   19.560      0.49466E-001 0.63143E-001 -8.1773      -7.7362     -0.13557     
      53   19.588      0.17473E-001 0.16534E-001 -8.3354      -7.5274     -0.31265     
      54   19.611     -0.13040E-001-0.25337E-001 -8.1556      -7.7041     -0.29175     
      55   19.622     -0.18700E-001-0.45668E-001 -8.2122      -7.6869     -0.16180     
      56  0.25263E-001 0.14742     -0.22336       38.374       226.63     -0.51541E-001
      57  0.29532E-001 -3.1443      -20.053       38.214       225.67     -0.45609E-001
      58  0.30922E-001 -6.4063      -39.727       37.787       223.00     -0.31652E-001
      59  0.27497E-001 -9.6247      -59.097       37.102       218.65     -0.93009E-002
      60  0.17064E-001 -12.790      -78.013       36.169       212.66      0.19863E-001
 
  ***** POST1 ELEMENT TABLE LISTING *****                                      
 
    STAT     CURRENT      CURRENT      CURRENT      CURRENT      CURRENT      CURRENT 
    ELEM     LS1          LS2          LS7          LS4          LS9          SMIS4   
      61 -0.25828E-002 -15.892      -96.334       34.991       205.08      0.51475E-001
      62 -0.33299E-001 -18.922      -113.92       33.566       195.98      0.77871E-001
      63 -0.76101E-001 -21.861      -130.63       31.885       185.41      0.88437E-001
      64 -0.13056      -24.678      -146.31       29.939       173.44      0.71626E-001
      65 -0.19379      -27.328      -160.83       27.719       160.12      0.19523E-001
      66 -0.25678      -29.752      -174.03       25.236       145.53     -0.65031E-001
      67 -0.28168      -31.885      -185.79       22.537       129.75     -0.16044     
      68 -0.10611      -33.675      -196.03       19.707       112.90     -0.21733     
      69  0.54556      -35.187      -204.78       16.653       95.295     -0.16692     
      70  0.93611      -36.530      -212.11       13.296       77.202      0.36725E-006
      71  0.54556      -37.659      -218.12       9.8612       58.627      0.16692     
      72 -0.10611      -38.464      -222.75       6.5493       39.518      0.21733     
      73 -0.28168      -38.912      -225.72       3.2307       20.029      0.16044     
      74 -0.25678      -39.013      -226.86     -0.20802      0.38267      0.65031E-001
      75   53.176      0.65976E-002 0.86816E-002 -7.7771      -8.1731      0.10264     
      76   53.176      0.11977E-001 0.21208E-001 -7.6848      -8.2635      0.66856E-001
      77   53.175      0.16664E-001 0.35504E-001 -7.5835      -8.3653      0.62685E-002
      78   53.171      0.18743E-001 0.49472E-001 -7.4819      -8.4706     -0.78600E-001
      79   53.165      0.15572E-001 0.60015E-001 -7.3919      -8.5685     -0.18137     
      80   53.156      0.39970E-002 0.63443E-001 -7.3274      -8.6457     -0.28802     
      81   53.143     -0.18984E-001 0.56525E-001 -7.3015      -8.6886     -0.37636     
      82   53.128     -0.54891E-001 0.38401E-001 -7.3236      -8.6865     -0.41822     
      83   53.110     -0.10154      0.13248E-001 -7.3949      -8.6353     -0.38603     
      84   53.087     -0.15006     -0.75072E-002 -7.5044      -8.5399     -0.26529     
      85   53.061     -0.18265     -0.68220E-002 -7.6159      -8.4205     -0.71552E-001
      86   53.028     -0.17567      0.34159E-001 -7.5994      -8.3764      0.14188     
      87   52.983     -0.99101E-001 0.13833      -7.2037      -8.8019      0.29886     
      88   52.940      0.98844E-001 0.20804      -7.6283      -8.5073      0.18629     
      89   52.940      0.20804      0.98844E-001 -8.5073      -7.6283     -0.18630     
      90   52.983      0.13833     -0.99101E-001 -8.8019      -7.2037     -0.29887     
      91   53.028      0.34159E-001-0.17567      -8.3764      -7.5994     -0.14188     
      92   53.061     -0.68224E-002-0.18265      -8.4205      -7.6159      0.71552E-001
      93  0.19924E-001 0.17299     -0.17275      -38.635       39.063     -0.99967E-001
      94  0.23319E-001  3.6144      -3.6561      -38.472       38.856     -0.83250E-001
      95  0.24210E-001  7.0352      -7.1179      -37.990       38.350     -0.48016E-001
      96  0.20870E-001  10.397      -10.530      -37.186       37.557      0.69616E-002
      97  0.11302E-001  13.657      -13.863      -36.062       36.492      0.78914E-001
      98 -0.65817E-002  16.771      -17.092      -34.631       35.174      0.15935     
      99 -0.34658E-001  19.694      -20.190      -32.909       33.621      0.23292     
     100 -0.74179E-001  22.387      -23.132      -30.927       31.847      0.27800     
     101 -0.12521       24.819      -25.892      -28.718       29.859      0.27036     
 
  ***** POST1 ELEMENT TABLE LISTING *****                                      
 
    STAT     CURRENT      CURRENT      CURRENT      CURRENT      CURRENT      CURRENT 
    ELEM     LS1          LS2          LS7          LS4          LS9          SMIS4   
     102 -0.18565       26.976      -28.438      -26.320       27.657      0.19160     
     103 -0.24781       28.862      -30.742      -23.761       25.230      0.42588E-001
     104 -0.27851       30.524      -32.789      -21.028       22.542     -0.14285     
     105 -0.12143       32.057      -34.593      -18.015       19.501     -0.29572     
     106  0.56133       33.369      -36.018      -15.061       16.372     -0.28798     
     107  0.97403       34.398      -37.104      -12.520       13.505      0.78507E-006
     108  0.56133       35.243      -38.115      -9.9118       10.611      0.28798     
     109 -0.12143       36.137      -39.035      -6.8056       7.2973      0.29572     
     110 -0.27851       36.899      -39.607      -3.5121       3.8086      0.14285     
     111 -0.24781       37.383      -39.767     -0.35070      0.43322     -0.42588E-001
     112   80.011      0.73218E-002 0.26872E-001 -5.1041      -5.4630      0.10340     
     113   80.015      0.21391E-001 0.49582E-001 -5.0076      -5.5586      0.51647E-001
     114   80.020      0.36583E-001 0.74521E-001 -4.9026      -5.6662     -0.35368E-001
     115   80.026      0.49413E-001 0.97990E-001 -4.8007      -5.7761     -0.16007     
     116   80.035      0.54553E-001 0.11485      -4.7172      -5.8746     -0.31887     
     117   80.049      0.45024E-001 0.11928      -4.6704      -5.9452     -0.49984     
     118   80.069      0.13205E-001 0.10658      -4.6778      -5.9721     -0.68118     
     119   80.099     -0.46849E-001 0.76209E-001 -4.7508      -5.9454     -0.83168     
     120   80.138     -0.13533      0.35688E-001 -4.8868      -5.8681     -0.91455     
     121   80.185     -0.24085      0.39173E-002 -5.0591      -5.7653     -0.89601     
     122   80.228     -0.33440      0.85679E-002 -5.1975      -5.6867     -0.76042     
     123   80.243     -0.36964      0.61379E-001 -5.0784      -5.8167     -0.52388     
     124   80.173     -0.32222      0.19898      -4.2509      -6.6979     -0.17561     
     125   80.122     -0.64683E-001 0.49524      -4.8895      -6.2694      0.16442     
     126   80.122      0.49524     -0.64683E-001 -6.2694      -4.8895     -0.16442     
     127   80.173      0.19898     -0.32222      -6.6979      -4.2509      0.17561     
     128   80.243      0.61378E-001-0.36964      -5.8167      -5.0784      0.52388     
     129   80.228      0.85672E-002-0.33440      -5.6867      -5.1975      0.76042     
     130  0.13380E-001 0.16266     -0.15186      -51.795      -37.948     -0.12002     
     131  0.15469E-001  4.7637       3.0666      -51.563      -37.839     -0.91986E-001
     132  0.15479E-001  9.3371       6.2489      -50.910      -37.450     -0.35972E-001
     133  0.11975E-001  13.835       9.3750      -49.831      -36.777      0.51389E-001
     134  0.32274E-002  18.204       12.425      -48.331      -35.816      0.16877     
     135 -0.12673E-001  22.388       15.378      -46.420      -34.559      0.30783     
     136 -0.37615E-001  26.327       18.209      -44.112      -33.002      0.45141     
     137 -0.73141E-001  29.962       20.889      -41.433      -31.143      0.57333     
     138 -0.11994       33.239       23.382      -38.412      -28.993      0.64129     
     139 -0.17684       36.113       25.655      -35.086      -26.581      0.62447     
     140 -0.23789       38.555       27.677      -31.500      -23.964      0.50682     
     141 -0.27732       40.598       29.414      -27.668      -21.254      0.30470     
     142 -0.15673       42.353       30.828      -23.515      -18.666      0.57508E-001
 
  ***** POST1 ELEMENT TABLE LISTING *****                                      
 
    STAT     CURRENT      CURRENT      CURRENT      CURRENT      CURRENT      CURRENT 
    ELEM     LS1          LS2          LS7          LS4          LS9          SMIS4   
     143  0.59224       43.717       32.259      -19.502      -15.846     -0.18331     
     144   1.0496       44.883       33.833      -16.336      -12.314      0.99495E-006
     145  0.59224       46.025       34.897      -13.162      -8.5969      0.18331     
     146 -0.15673       47.560       35.614      -9.2104      -5.5164     -0.57506E-001
     147 -0.27732       48.885       36.195      -4.9010      -2.6257     -0.30470     
     148 -0.23789       49.783       36.605     -0.65250      0.56692     -0.50682     
     149   95.522      0.12971E-001 0.47781E-001 -2.4337      -2.7223      0.86482E-001
     150   95.530      0.38578E-001 0.83628E-001 -2.3495      -2.8057      0.19860E-001
     151   95.541      0.68462E-001 0.12323      -2.2650      -2.8931     -0.92111E-001
     152   95.558      0.98046E-001 0.16132      -2.1972      -2.9694     -0.25669     
     153   95.585      0.11985      0.19054      -2.1707      -3.0123     -0.47660     
     154   95.627      0.12354      0.20244      -2.2163      -2.9930     -0.74748     
     155   95.695      0.96950E-001 0.18978      -2.3695      -2.8789      -1.0556     
     156   95.801      0.28712E-001 0.15040      -2.6643      -2.6393      -1.3758     
     157   95.967     -0.87005E-001 0.92240E-001 -3.1220      -2.2583      -1.6714     
     158   96.218     -0.24373      0.37908E-001 -3.7279      -1.7593      -1.8944     
     159   96.576     -0.41520      0.24363E-001 -4.3732      -1.2624      -1.9886     
     160   97.036     -0.55031      0.84911E-001 -4.6939      -1.0636      -1.9039     
     161   97.438     -0.58163      0.81480E-001 -3.0699      -3.6009      -1.5355     
     162   97.066     -0.79063      0.87337      -2.5984      -4.0286     -0.39278     
     163   97.066      0.87337     -0.79063      -4.0285      -2.5984      0.39278     
     164   97.438      0.81479E-001-0.58163      -3.6009      -3.0699       1.5355     
     165   97.036      0.84910E-001-0.55031      -1.0636      -4.6939       1.9039     
     166   96.576      0.24362E-001-0.41520      -1.2624      -4.3732       1.9886     
     167  0.65393E-002 0.13722     -0.12169      -38.800      -51.346     -0.11683     
     168  0.72105E-002  3.6049       4.2698      -38.611      -51.167     -0.77459E-001
     169  0.63422E-002  7.0512       8.6179      -38.100      -50.606     -0.15157E-002
     170  0.28674E-002  10.435       12.897      -37.266      -49.659      0.11794     
     171 -0.45912E-002  13.711       17.082      -36.111      -48.317      0.28391     
     172 -0.17719E-001  16.828       21.144      -34.643      -46.567      0.49290     
     173 -0.38456E-001  19.732       25.050      -32.874      -44.393      0.73256     
     174 -0.68857E-001  22.372       28.747      -30.816      -41.782      0.98003     
     175 -0.11077       24.699       32.168      -28.474      -38.735       1.2020     
     176 -0.16501       26.679       35.220      -25.839      -35.294       1.3575     
     177 -0.22856       28.290       37.803      -22.877      -31.573       1.4036     
     178 -0.28804       29.544       39.804      -19.501      -27.828       1.3072     
     179 -0.23018       30.619       41.083      -15.397      -24.575       1.0743     
     180  0.63812       30.474       42.379      -12.688      -20.871      0.51558     
     181   1.1682       30.155       44.486      -10.976      -16.192      0.10277E-005
     182  0.63812       31.500       45.880      -9.8691      -11.253     -0.51557     
     183 -0.23018       33.352       47.268      -7.8868      -7.5821      -1.0743     
 
  ***** POST1 ELEMENT TABLE LISTING *****                                      
 
    STAT     CURRENT      CURRENT      CURRENT      CURRENT      CURRENT      CURRENT 
    ELEM     LS1          LS2          LS7          LS4          LS9          SMIS4   
     184 -0.28804       35.167       48.379      -4.0517      -4.2680      -1.3072     
     185 -0.22856       36.376       49.253     -0.65948     -0.11258      -1.4036     
     186   101.92      0.23373E-001 0.70097E-001-0.66969     -0.88837      0.66087E-001
     187   101.93      0.63299E-001 0.12080     -0.60439     -0.95220     -0.92627E-002
     188   101.94      0.11248      0.17772     -0.54891      -1.0093     -0.13653     
     189   101.95      0.16628      0.23416     -0.52683      -1.0373     -0.32763     
     190   101.97      0.21649      0.28053     -0.57355      -1.0024     -0.59212     
     191   102.00      0.25124      0.30525     -0.73895     -0.85518     -0.93497     
     192   102.06      0.25593      0.29715      -1.0904     -0.52796      -1.3540     
     193   102.15      0.21579      0.24958      -1.7159      0.70329E-001 -1.8375     
     194   102.32      0.12044      0.16592      -2.7289       1.0605      -2.3619     
     195   102.63     -0.30241E-001 0.65013E-001 -4.2743       2.6058      -2.8907     
     196   103.22     -0.22086     -0.17609E-001 -6.5216       4.9128      -3.3771     
     197   104.40     -0.42150     -0.36764E-001 -9.6298       8.3198      -3.7854     
     198   106.90     -0.59498      0.85507E-001 -13.084       12.740      -4.1507     
     199   111.63     -0.42319      -1.4014      -13.139       2.9203      -4.8147     
     200   111.63      -1.4014     -0.42319       2.9203      -13.139       4.8147     
     201   106.90      0.85507E-001-0.59498       12.740      -13.084       4.1507     
     202   104.40     -0.36764E-001-0.42150       8.3198      -9.6298       3.7854     
     203   103.22     -0.17610E-001-0.22086       4.9128      -6.5216       3.3771     
     204  0.36570E-003 0.97975E-001-0.84233E-001 -21.304      -38.590     -0.10156     
     205  0.73483E-005  2.0237       3.2150      -21.188      -38.448     -0.53066E-001
     206 -0.10505E-002  3.9315       6.4893      -20.895      -38.018      0.38683E-001
     207 -0.33226E-002  5.7892       9.7281      -20.428      -37.290      0.18470     
     208 -0.75768E-002  7.5577       12.925      -19.799      -36.247      0.39382     
     209 -0.14929E-001  9.1920       16.073      -19.030      -34.857      0.67048     
     210 -0.26964E-001  10.644       19.160      -18.154      -33.069       1.0122     
     211 -0.45889E-001  11.867       22.159      -17.211      -30.817       1.4070     
     212 -0.74716E-001  12.828       25.017      -16.243      -28.024       1.8313     
     213 -0.11752       13.526       27.633      -15.261      -24.634       2.2480     
     214 -0.17946       14.031       29.831      -14.163      -20.678       2.6046     
     215 -0.26570       14.548       31.308      -12.518      -16.473       2.8305     
     216 -0.40905       15.694       31.373      -8.6431      -13.452       2.8411     
     217  0.59947       18.577       29.429       1.0563      -13.270       2.8273     
     218   1.2912       10.635       29.547      -3.8707      -10.754      0.94331E-006
     219  0.59947       13.552       31.074      -12.750      -8.7508      -2.8273     
     220 -0.40905       17.578       32.680      -3.4669      -9.8611      -2.8411     
     221 -0.26570       19.190       34.572      0.23831      -7.5052      -2.8305     
     222 -0.17946       19.852       36.144       1.8309      -3.3348      -2.6046     
     223   103.03      0.35594E-001 0.92124E-001 0.20261      0.62252E-002 0.54130E-001
     224   103.03      0.90742E-001 0.15798      0.25937     -0.49407E-001-0.17744E-001
 
  ***** POST1 ELEMENT TABLE LISTING *****                                      
 
    STAT     CURRENT      CURRENT      CURRENT      CURRENT      CURRENT      CURRENT 
    ELEM     LS1          LS2          LS7          LS4          LS9          SMIS4   
     225   103.03      0.16120      0.23307      0.30530     -0.97038E-001-0.14034     
     226   103.03      0.24312      0.30955      0.31731     -0.11488     -0.32703     
     227   103.02      0.32882      0.37563      0.26018     -0.68944E-001-0.58990     
     228   103.00      0.40661      0.41622      0.83250E-001 0.90727E-001-0.93734     
     229   102.96      0.46179      0.41491     -0.28338      0.43465      -1.3706     
     230   102.89      0.47946      0.35760     -0.93352       1.0599      -1.8789     
     231   102.76      0.44981      0.23750      -1.9909       2.0991      -2.4335     
     232   102.50      0.37619      0.59614E-001 -3.6160       3.7311      -2.9801     
     233   102.00      0.28421     -0.15928      -6.0148       6.2262      -3.4302     
     234   100.96      0.23079     -0.40595      -9.2928       9.6811      -3.6183     
     235   98.743      0.31878     -0.92610      -13.980       16.984      -3.2820     
     238   98.743     -0.92610      0.31878       16.984      -13.980       3.2820     
     239   100.96     -0.40595      0.23079       9.6811      -9.2928       3.6183     
     240   102.00     -0.15928      0.28421       6.2262      -6.0148       3.4302     
     241 -0.47206E-002 0.69404E-001-0.65796E-001 -8.1614      -21.252     -0.85810E-001
     242 -0.55430E-002 0.83250       1.7370      -8.1078      -21.177     -0.35044E-001
     243 -0.58877E-002  1.5804       3.5340      -7.9900      -20.947      0.60740E-001
     244 -0.54792E-002  2.2884       5.3323      -7.8207      -20.555      0.21501     
     245 -0.40653E-002  2.9241       7.1466      -7.6246      -19.980      0.44066     
     246 -0.14917E-002  3.4469       8.9988      -7.4451      -19.179      0.74812     
     247  0.22061E-002  3.8080       10.916      -7.3533      -18.081       1.1429     
     248  0.67158E-002  3.9514       12.930      -7.4622      -16.569       1.6226     
     249  0.11392E-001  3.8142       15.076      -7.9529      -14.464       2.1736     
     250  0.15331E-001  3.3276       17.398      -9.1233      -11.473       2.7679     
     251  0.16301E-001  2.4153       19.968      -11.491      -7.1071       3.3624     
     252  0.14351E-001  1.0286       22.906      -15.962     -0.49036       3.9011     
     253 -0.70568E-001-0.92818       26.391      -24.522       10.024       4.3207     
     254  0.17971     -0.96768       29.777      -35.275       24.523       4.1756     
     256  0.17971       21.933       7.0473       27.644      -37.926      -4.1756     
     257 -0.70568E-001  15.051       13.773       19.381      -24.642      -4.3207     
     258  0.14351E-001  11.048       17.862       11.566      -14.348      -3.9011     
     259  0.16301E-001  9.2363       19.865       7.2499      -7.3909      -3.3624     
     260   101.95      0.45125E-001 0.11203      0.48322      0.26707      0.50846E-001
     261   101.95      0.11323      0.19187      0.54284      0.20696     -0.54542E-002
     262   101.94      0.20201      0.28413      0.60065      0.14546     -0.10306     
     263   101.93      0.30831      0.38012      0.64162      0.95872E-001-0.25303     
     264   101.92      0.42475      0.46618      0.64313      0.78688E-001-0.46484     
     265   101.88      0.53917      0.52391      0.57420      0.12239     -0.74341     
     266   101.82      0.63491      0.53148      0.39594      0.26293      -1.0841     
     267   101.72      0.69259      0.46667      0.65002E-001 0.54013      -1.4650     
     268   101.55      0.69367      0.31150     -0.45668      0.98726      -1.8351     
 
  ***** POST1 ELEMENT TABLE LISTING *****                                      
 
    STAT     CURRENT      CURRENT      CURRENT      CURRENT      CURRENT      CURRENT 
    ELEM     LS1          LS2          LS7          LS4          LS9          SMIS4   
     269   101.29      0.62586      0.57341E-001 -1.1797       1.6099      -2.1002     
     270   100.89      0.48753     -0.29510      -2.0198       2.3048      -2.1075     
     271   100.35      0.27856     -0.76906      -2.6997       2.9559      -1.6555     
     272   99.723     -0.98713E-001 -1.3419      -1.3124      0.56943     -0.57019     
     275   99.723      -1.3419     -0.98714E-001 0.56943      -1.3124      0.57019     
     276   100.35     -0.76906      0.27856       2.9559      -2.6997       1.6555     
     277   100.89     -0.29511      0.48752       2.3048      -2.0198       2.1075     
     278 -0.92174E-002 0.73322E-001-0.78263E-001-0.84426      -8.1856     -0.75022E-001
     279 -0.10374E-001 0.19802      0.58334     -0.82243      -8.1684     -0.31382E-001
     280 -0.99096E-002 0.31793       1.2439     -0.79816      -8.1076      0.52186E-001
     281 -0.67624E-002 0.42016       1.9167     -0.78536      -8.0031      0.18836     
     282  0.36515E-003 0.48827       2.6223     -0.80853      -7.8466      0.38959     
     283  0.12977E-001 0.50402       3.3875     -0.90672      -7.6180      0.66602     
     284  0.32749E-001 0.45119       4.2421      -1.1376      -7.2815       1.0221     
     285  0.61538E-001 0.32296       5.2122      -1.5805      -6.7867       1.4516     
     286  0.10151      0.13514       6.3116      -2.3346      -6.0771       1.9292     
     287  0.15533     -0.50721E-001  7.5269      -3.5041      -5.1219       2.4003     
     288  0.22666     -0.84472E-001  8.7953      -5.1398      -3.9963       2.7671     
     289  0.30376      0.33596       9.9365      -7.0691      -3.1305       2.8671     
     290  0.44482       1.8543       10.676      -8.0711      -3.7945       2.3997     
     291 -0.76348       5.0279       8.4173      -4.8245      -13.659       1.1645     
     293 -0.76348       6.9528       15.228      0.46389       5.0529      -1.1645     
     294  0.44482       6.6085       10.617       4.9909      -3.9555      -2.3997     
     295  0.30376       4.8013       9.6240       5.1993      -3.9890      -2.8671     
     296  0.22666       3.2391       9.3063       3.9916      -2.5922      -2.7671     
     297   100.49      0.49575E-001 0.12797      0.44305      0.22924      0.45426E-001
     298   100.50      0.12635      0.21914      0.49999      0.17073      0.99083E-002
     299   100.50      0.22734      0.32557      0.56319      0.10304     -0.53222E-001
     300   100.50      0.34963      0.43797      0.62567      0.31574E-001-0.15108     
     301   100.50      0.48542      0.54129      0.67680     -0.35013E-001-0.28910     
     302   100.50      0.62097      0.61436      0.70240     -0.84919E-001-0.46819     
     303   100.49      0.73588      0.63062      0.68598     -0.10435     -0.68013     
     304   100.46      0.80326      0.56041      0.61206     -0.80564E-001-0.90009     
     305   100.42      0.79111      0.37568      0.47292     -0.77607E-002 -1.0764     
     306   100.35      0.66557      0.57926E-001 0.28214      0.10063      -1.1209     
     307   100.27      0.39580     -0.39245      0.96481E-001 0.20848     -0.91774     
     308   100.20     -0.47492E-001-0.93123      0.13566      0.13437     -0.40564     
     309   100.23     -0.68448      -1.3112       1.0360     -0.88539      0.19455     
     312   100.23      -1.3112     -0.68448     -0.88539       1.0360     -0.19455     
     313   100.20     -0.93123     -0.47494E-001 0.13437      0.13566      0.40564     
     314   100.27     -0.39245      0.39580      0.20848      0.96480E-001 0.91774     
 
  ***** POST1 ELEMENT TABLE LISTING *****                                      
 
    STAT     CURRENT      CURRENT      CURRENT      CURRENT      CURRENT      CURRENT 
    ELEM     LS1          LS2          LS7          LS4          LS9          SMIS4   
     315 -0.13674E-001 0.92576E-001-0.93620E-001  2.2112     -0.88895     -0.64769E-001
     316 -0.15520E-001-0.42424E-001-0.72250E-001  2.2278     -0.90284     -0.34556E-001
     317 -0.15039E-001-0.17066     -0.55142E-001  2.2254     -0.93707      0.25308E-001
     318 -0.10655E-001-0.29435     -0.29463E-001  2.1936     -0.99989      0.12428     
     319 -0.43864E-003-0.41531      0.23934E-001  2.1168      -1.0968      0.27128     
     320  0.17818E-001-0.53276      0.12979       1.9724      -1.2285      0.47255     
     321  0.46453E-001-0.63983      0.31607       1.7326      -1.3900      0.72789     
     322  0.87679E-001-0.71871      0.60983       1.3686      -1.5723       1.0245     
     323  0.14316     -0.73497       1.0316      0.86116      -1.7692       1.3275     
     324  0.21317     -0.63306       1.5906      0.22220      -1.9923       1.5671     
     325  0.29265     -0.33882       2.2794     -0.46530      -2.2992       1.6268     
     326  0.36097      0.21889       3.0856     -0.95931      -2.8152       1.3465     
     327  0.28261       1.1061       3.7126     -0.53751      -4.1777      0.62282     
     328 -0.84025       1.3108       5.0753     -0.13268      -3.9337     -0.20000     
     330 -0.84025       1.0894       6.4164     -0.74092     -0.24898      0.20000     
     331  0.28261       1.1928       5.5294     -0.29921      0.81390     -0.62282     
     332  0.36097      0.78431       4.1732      0.59418      0.17316      -1.3465     
     333  0.29265      0.39542E-001  3.2240      0.57423      0.29611      -1.6268     
     334   99.460      0.50239E-001 0.13827      0.25081      0.11306      0.28095E-001
     335   99.471      0.13148      0.23682      0.28664      0.75999E-001 0.11821E-001
     336   99.485      0.23877      0.35254      0.32867      0.31080E-001-0.17910E-001
     337   99.505      0.36912      0.47583      0.37445     -0.20081E-001-0.64452E-001
     338   99.530      0.51418      0.59069      0.41990     -0.74411E-001-0.13007     
     339   99.560      0.65874      0.67404      0.45929     -0.12722     -0.21436     
     340   99.593      0.77929      0.69589      0.48548     -0.17229     -0.31150     
     341   99.628      0.84312      0.62110      0.49084     -0.20238     -0.40601     
     342   99.664      0.80833      0.41425      0.46934     -0.21042     -0.46720     
     343   99.697      0.62658      0.51396E-001 0.42053     -0.19164     -0.44558     
     344   99.728      0.25339     -0.45180      0.36064     -0.15010     -0.28795     
     345   99.762     -0.31852     -0.97280      0.37550     -0.13593     -0.12292E-001
     346   99.816     -0.95926      -1.2095      0.73231     -0.55880      0.19533     
     349   99.816      -1.2095     -0.95926     -0.55880      0.73231     -0.19533     
     350   99.762     -0.97280     -0.31853     -0.13593      0.37550      0.12292E-001
     351   99.728     -0.45180      0.25339     -0.15010      0.36064      0.28795     
     352 -0.17698E-001 0.89117E-001-0.76098E-001  3.0688       2.1741     -0.46510E-001
     353 -0.20483E-001-0.12723     -0.30886       3.0889       2.1592     -0.30259E-001
     354 -0.20665E-001-0.33344     -0.54640       3.0844       2.1024      0.35617E-002
     355 -0.16412E-001-0.52631     -0.77767       3.0482       1.9930      0.60498E-001
     356 -0.54988E-002-0.70094     -0.98588       2.9701       1.8209      0.14551     
     357  0.14572E-001-0.84973      -1.1483       2.8378       1.5788      0.26136     
     358  0.46323E-001-0.96159      -1.2374       2.6388       1.2651      0.40580     
 
  ***** POST1 ELEMENT TABLE LISTING *****                                      
 
    STAT     CURRENT      CURRENT      CURRENT      CURRENT      CURRENT      CURRENT 
    ELEM     LS1          LS2          LS7          LS4          LS9          SMIS4   
     359  0.91879E-001 -1.0223      -1.2234       2.3638      0.88697      0.56691     
     360  0.15227      -1.0171      -1.0799       2.0140      0.46262      0.71597     
     361  0.22603     -0.93922     -0.79196       1.6108      0.22653E-001 0.79867     
     362  0.30526     -0.80557     -0.36666       1.2106     -0.39273      0.73120     
     363  0.35610     -0.67052      0.12729      0.94192     -0.77978      0.43214     
     364  0.20008     -0.59961      0.50572       1.0504      -1.2270     -0.31231E-001
     365 -0.77741     -0.89638      0.81883       1.0125      -1.1601     -0.28775     
     367 -0.77741      -1.3375       1.3730     -0.19944      0.36239      0.28775     
     368  0.20008      -1.1345       1.1761     -0.41922      0.61488      0.31231E-001
     369  0.35610      -1.1191      0.59875     -0.29055      0.51553     -0.43214     
     370  0.30526      -1.3952     -0.28434E-001-0.40953      0.53653     -0.73120     
     371   99.102      0.49995E-001 0.14182     -0.14725E-011 0.14826E-011 0.30664E-011
     372   99.116      0.13256      0.24293     -0.10565E-011 0.11456E-011 0.59298E-012
     373   99.135      0.24170      0.36189     -0.65578E-012 0.73922E-012 0.72018E-012
     374   99.162      0.37439      0.48897     -0.14783E-012 0.24841E-012-0.50500E-012
     375   99.195      0.52207      0.60784      0.23623E-012-0.14192E-012-0.13307E-011
     376   99.237      0.66896      0.69473      0.42073E-012-0.37045E-012-0.14540E-011
     377   99.286      0.79042      0.71838      0.41623E-012-0.42169E-012-0.12767E-011
     378   99.340      0.85167      0.64158      0.22826E-012-0.23098E-012-0.36021E-012
     379   99.397      0.80734      0.42618     -0.17484E-015-0.41466E-014 0.66068E-012
     380   99.452      0.60415      0.46773E-001-0.14747E-012 0.18055E-012 0.11273E-011
     381   99.501      0.19450     -0.47177     -0.15144E-012 0.20149E-012 0.59628E-012
     382   99.546     -0.41226     -0.97754     -0.91635E-013 0.16447E-012 0.35616E-012
     383   99.611      -1.0282      -1.1639      0.13183E-013 0.24171E-013-0.12986E-012
     386   99.611      -1.1639      -1.0282      0.11621E-012-0.91507E-013 0.50762E-013
     387   99.546     -0.97754     -0.41226      0.19479E-012-0.19517E-012-0.10172E-011
     388   99.501     -0.47178      0.19449      0.13218E-012-0.20514E-012-0.16271E-011
     389 -0.20163E-001 0.45781E-001-0.20788E-001  3.1807       3.0493     -0.17195E-001
     390 -0.23617E-001-0.20671     -0.29859       3.1967       3.0502     -0.12282E-001
     391 -0.24402E-001-0.45334     -0.57693       3.1826       3.0122     -0.16260E-002
     392 -0.20579E-001-0.68817     -0.84724       3.1309       2.9258      0.16572E-001
     393 -0.97881E-002-0.90259      -1.0966       3.0328       2.7812      0.43870E-001
     394  0.10609E-001 -1.0850      -1.3073       2.8796       2.5709      0.80995E-001
     395  0.43260E-001 -1.2213      -1.4581       2.6645       2.2918      0.12682     
     396  0.90355E-001 -1.2978      -1.5269       2.3870       1.9500      0.17665     
     397  0.15285      -1.3071      -1.4979       2.0570       1.5653      0.21968     
     398  0.22894      -1.2588      -1.3736       1.7017       1.1750      0.23588     
     399  0.30962      -1.1964      -1.1923       1.3714      0.83058      0.19578     
     400  0.35607      -1.2033      -1.0459       1.1393      0.56979      0.78873E-001
     401  0.16656      -1.3416      -1.0801       1.0832      0.32270     -0.67107E-001
     402 -0.73529      -1.6119      -1.1733       1.0047      0.30607     -0.10167     
 
  ***** POST1 ELEMENT TABLE LISTING *****                                      
 
    STAT     CURRENT      CURRENT      CURRENT      CURRENT      CURRENT      CURRENT 
    ELEM     LS1          LS2          LS7          LS4          LS9          SMIS4   
     404 -0.73529      -1.8806      -1.0956      0.26645      0.51974      0.10167     
     405  0.16656      -1.7240      -1.0348      0.32551E-001 0.44705      0.67107E-001
     406  0.35607      -1.6541      -1.1675     -0.99292E-001 0.23582     -0.78873E-001
     407  0.30962      -1.7980      -1.4473     -0.28154      0.13015     -0.19578     
     408   99.460      0.50239E-001 0.13827     -0.25081     -0.11306     -0.28095E-001
     409   99.471      0.13148      0.23682     -0.28664     -0.75999E-001-0.11821E-001
     410   99.485      0.23877      0.35254     -0.32867     -0.31080E-001 0.17910E-001
     411   99.505      0.36912      0.47583     -0.37445      0.20081E-001 0.64452E-001
     412   99.530      0.51418      0.59069     -0.41990      0.74411E-001 0.13007     
     413   99.560      0.65874      0.67404     -0.45929      0.12722      0.21436     
     414   99.593      0.77929      0.69589     -0.48548      0.17229      0.31150     
     415   99.628      0.84312      0.62110     -0.49084      0.20238      0.40601     
     416   99.664      0.80833      0.41425     -0.46934      0.21042      0.46720     
     417   99.697      0.62658      0.51396E-001-0.42053      0.19164      0.44558     
     418   99.728      0.25339     -0.45180     -0.36064      0.15010      0.28795     
     419   99.762     -0.31852     -0.97280     -0.37550      0.13593      0.12292E-001
     420   99.816     -0.95926      -1.2095     -0.73231      0.55880     -0.19533     
     423   99.816      -1.2095     -0.95926      0.55880     -0.73231      0.19533     
     424   99.762     -0.97280     -0.31853      0.13593     -0.37550     -0.12292E-001
     425   99.728     -0.45180      0.25339      0.15010     -0.36064     -0.28795     
     426 -0.20163E-001-0.20788E-001 0.45781E-001  3.0493       3.1807      0.17195E-001
     427 -0.23617E-001-0.29859     -0.20671       3.0502       3.1967      0.12282E-001
     428 -0.24402E-001-0.57693     -0.45334       3.0122       3.1826      0.16260E-002
     429 -0.20579E-001-0.84724     -0.68817       2.9258       3.1309     -0.16572E-001
     430 -0.97881E-002 -1.0966     -0.90259       2.7812       3.0328     -0.43870E-001
     431  0.10609E-001 -1.3073      -1.0850       2.5709       2.8796     -0.80995E-001
     432  0.43260E-001 -1.4581      -1.2213       2.2918       2.6645     -0.12682     
     433  0.90355E-001 -1.5269      -1.2978       1.9500       2.3870     -0.17665     
     434  0.15285      -1.4979      -1.3071       1.5653       2.0570     -0.21968     
     435  0.22894      -1.3736      -1.2588       1.1750       1.7017     -0.23588     
     436  0.30962      -1.1923      -1.1964      0.83058       1.3714     -0.19578     
     437  0.35607      -1.0459      -1.2033      0.56979       1.1393     -0.78873E-001
     438  0.16656      -1.0801      -1.3416      0.32270       1.0832      0.67107E-001
     439 -0.73529      -1.1733      -1.6119      0.30607       1.0047      0.10167     
     441 -0.73529      -1.0956      -1.8806      0.51974      0.26645     -0.10167     
     442  0.16656      -1.0348      -1.7240      0.44705      0.32551E-001-0.67107E-001
     443  0.35607      -1.1675      -1.6541      0.23582     -0.99292E-001 0.78873E-001
     444  0.30962      -1.4473      -1.7980      0.13015     -0.28154      0.19578     
     445   100.49      0.49575E-001 0.12797     -0.44305     -0.22924     -0.45426E-001
     446   100.50      0.12635      0.21914     -0.49999     -0.17073     -0.99083E-002
     447   100.50      0.22734      0.32557     -0.56319     -0.10304      0.53222E-001
 
  ***** POST1 ELEMENT TABLE LISTING *****                                      
 
    STAT     CURRENT      CURRENT      CURRENT      CURRENT      CURRENT      CURRENT 
    ELEM     LS1          LS2          LS7          LS4          LS9          SMIS4   
     448   100.50      0.34963      0.43797     -0.62567     -0.31574E-001 0.15108     
     449   100.50      0.48542      0.54129     -0.67680      0.35013E-001 0.28910     
     450   100.50      0.62097      0.61436     -0.70240      0.84919E-001 0.46819     
     451   100.49      0.73588      0.63062     -0.68598      0.10435      0.68013     
     452   100.46      0.80326      0.56041     -0.61206      0.80564E-001 0.90009     
     453   100.42      0.79111      0.37568     -0.47292      0.77607E-002  1.0764     
     454   100.35      0.66557      0.57926E-001-0.28214     -0.10063       1.1209     
     455   100.27      0.39580     -0.39245     -0.96481E-001-0.20848      0.91774     
     456   100.20     -0.47492E-001-0.93123     -0.13566     -0.13437      0.40564     
     457   100.23     -0.68448      -1.3112      -1.0360      0.88539     -0.19455     
     460   100.23      -1.3112     -0.68448      0.88539      -1.0360      0.19455     
     461   100.20     -0.93123     -0.47494E-001-0.13437     -0.13566     -0.40564     
     462   100.27     -0.39245      0.39580     -0.20848     -0.96480E-001-0.91774     
     463 -0.17698E-001-0.76098E-001 0.89117E-001  2.1741       3.0688      0.46510E-001
     464 -0.20483E-001-0.30886     -0.12723       2.1592       3.0889      0.30259E-001
     465 -0.20665E-001-0.54640     -0.33344       2.1024       3.0844     -0.35617E-002
     466 -0.16412E-001-0.77767     -0.52631       1.9930       3.0482     -0.60498E-001
     467 -0.54988E-002-0.98588     -0.70094       1.8209       2.9701     -0.14551     
     468  0.14572E-001 -1.1483     -0.84973       1.5788       2.8378     -0.26136     
     469  0.46323E-001 -1.2374     -0.96159       1.2651       2.6388     -0.40580     
     470  0.91879E-001 -1.2234      -1.0223      0.88697       2.3638     -0.56691     
     471  0.15227      -1.0799      -1.0171      0.46262       2.0140     -0.71597     
     472  0.22603     -0.79196     -0.93922      0.22653E-001  1.6108     -0.79867     
     473  0.30526     -0.36666     -0.80557     -0.39273       1.2106     -0.73120     
     474  0.35610      0.12729     -0.67052     -0.77978      0.94192     -0.43214     
     475  0.20008      0.50572     -0.59961      -1.2270       1.0504      0.31231E-001
     476 -0.77741      0.81883     -0.89638      -1.1601       1.0125      0.28775     
     478 -0.77741       1.3730      -1.3375      0.36239     -0.19944     -0.28775     
     479  0.20008       1.1761      -1.1345      0.61488     -0.41922     -0.31231E-001
     480  0.35610      0.59875      -1.1191      0.51553     -0.29055      0.43214     
     481  0.30526     -0.28434E-001 -1.3952      0.53653     -0.40953      0.73120     
     482   101.95      0.45125E-001 0.11203     -0.48322     -0.26707     -0.50846E-001
     483   101.95      0.11323      0.19187     -0.54284     -0.20696      0.54542E-002
     484   101.94      0.20201      0.28413     -0.60065     -0.14546      0.10306     
     485   101.93      0.30831      0.38012     -0.64162     -0.95872E-001 0.25303     
     486   101.92      0.42475      0.46618     -0.64313     -0.78688E-001 0.46484     
     487   101.88      0.53917      0.52391     -0.57420     -0.12239      0.74341     
     488   101.82      0.63491      0.53148     -0.39594     -0.26293       1.0841     
     489   101.72      0.69259      0.46667     -0.65002E-001-0.54013       1.4650     
     490   101.55      0.69367      0.31150      0.45668     -0.98726       1.8351     
     491   101.29      0.62586      0.57341E-001  1.1797      -1.6099       2.1002     
 
  ***** POST1 ELEMENT TABLE LISTING *****                                      
 
    STAT     CURRENT      CURRENT      CURRENT      CURRENT      CURRENT      CURRENT 
    ELEM     LS1          LS2          LS7          LS4          LS9          SMIS4   
     492   100.89      0.48753     -0.29510       2.0198      -2.3048       2.1075     
     493   100.35      0.27856     -0.76906       2.6997      -2.9559       1.6555     
     494   99.723     -0.98713E-001 -1.3419       1.3124     -0.56943      0.57019     
     497   99.723      -1.3419     -0.98714E-001-0.56943       1.3124     -0.57019     
     498   100.35     -0.76906      0.27856      -2.9559       2.6997      -1.6555     
     499   100.89     -0.29511      0.48752      -2.3048       2.0198      -2.1075     
     500 -0.13674E-001-0.93620E-001 0.92576E-001-0.88895       2.2112      0.64769E-001
     501 -0.15520E-001-0.72250E-001-0.42424E-001-0.90284       2.2278      0.34556E-001
     502 -0.15039E-001-0.55142E-001-0.17066     -0.93707       2.2254     -0.25308E-001
     503 -0.10655E-001-0.29463E-001-0.29435     -0.99989       2.1936     -0.12428     
     504 -0.43864E-003 0.23934E-001-0.41531      -1.0968       2.1168     -0.27128     
     505  0.17818E-001 0.12979     -0.53276      -1.2285       1.9724     -0.47255     
     506  0.46453E-001 0.31607     -0.63983      -1.3900       1.7326     -0.72789     
     507  0.87679E-001 0.60983     -0.71871      -1.5723       1.3686      -1.0245     
     508  0.14316       1.0316     -0.73497      -1.7692      0.86116      -1.3275     
     509  0.21317       1.5906     -0.63306      -1.9923      0.22220      -1.5671     
     510  0.29265       2.2794     -0.33882      -2.2992     -0.46530      -1.6268     
     511  0.36097       3.0856      0.21889      -2.8152     -0.95931      -1.3465     
     512  0.28261       3.7126       1.1061      -4.1777     -0.53751     -0.62282     
     513 -0.84025       5.0753       1.3108      -3.9337     -0.13268      0.20000     
     515 -0.84025       6.4164       1.0894     -0.24898     -0.74092     -0.20000     
     516  0.28261       5.5294       1.1928      0.81390     -0.29921      0.62282     
     517  0.36097       4.1732      0.78431      0.17316      0.59418       1.3465     
     518  0.29265       3.2240      0.39542E-001 0.29611      0.57423       1.6268     
     519   103.03      0.35594E-001 0.92124E-001-0.20261     -0.62252E-002-0.54130E-001
     520   103.03      0.90742E-001 0.15798     -0.25937      0.49407E-001 0.17744E-001
     521   103.03      0.16120      0.23307     -0.30530      0.97038E-001 0.14034     
     522   103.03      0.24312      0.30955     -0.31731      0.11488      0.32703     
     523   103.02      0.32882      0.37563     -0.26018      0.68944E-001 0.58990     
     524   103.00      0.40661      0.41622     -0.83250E-001-0.90727E-001 0.93734     
     525   102.96      0.46179      0.41491      0.28338     -0.43465       1.3706     
     526   102.89      0.47946      0.35760      0.93352      -1.0599       1.8789     
     527   102.76      0.44981      0.23750       1.9909      -2.0991       2.4335     
     528   102.50      0.37619      0.59614E-001  3.6160      -3.7311       2.9801     
     529   102.00      0.28421     -0.15928       6.0148      -6.2262       3.4302     
     530   100.96      0.23079     -0.40595       9.2928      -9.6811       3.6183     
     531   98.743      0.31878     -0.92610       13.980      -16.984       3.2820     
     534   98.743     -0.92610      0.31878      -16.984       13.980      -3.2820     
     535   100.96     -0.40595      0.23079      -9.6811       9.2928      -3.6183     
     536   102.00     -0.15928      0.28421      -6.2262       6.0148      -3.4302     
     537 -0.92174E-002-0.78263E-001 0.73322E-001 -8.1856     -0.84426      0.75022E-001
 
  ***** POST1 ELEMENT TABLE LISTING *****                                      
 
    STAT     CURRENT      CURRENT      CURRENT      CURRENT      CURRENT      CURRENT 
    ELEM     LS1          LS2          LS7          LS4          LS9          SMIS4   
     538 -0.10374E-001 0.58334      0.19802      -8.1684     -0.82243      0.31382E-001
     539 -0.99096E-002  1.2439      0.31793      -8.1076     -0.79816     -0.52186E-001
     540 -0.67624E-002  1.9167      0.42016      -8.0031     -0.78536     -0.18836     
     541  0.36515E-003  2.6223      0.48827      -7.8466     -0.80853     -0.38959     
     542  0.12977E-001  3.3875      0.50402      -7.6180     -0.90672     -0.66602     
     543  0.32749E-001  4.2421      0.45119      -7.2815      -1.1376      -1.0221     
     544  0.61538E-001  5.2122      0.32296      -6.7867      -1.5805      -1.4516     
     545  0.10151       6.3116      0.13514      -6.0771      -2.3346      -1.9292     
     546  0.15533       7.5269     -0.50721E-001 -5.1219      -3.5041      -2.4003     
     547  0.22666       8.7953     -0.84472E-001 -3.9963      -5.1398      -2.7671     
     548  0.30376       9.9365      0.33596      -3.1305      -7.0691      -2.8671     
     549  0.44482       10.676       1.8543      -3.7945      -8.0711      -2.3997     
     550 -0.76348       8.4173       5.0279      -13.659      -4.8245      -1.1645     
     552 -0.76348       15.228       6.9528       5.0529      0.46389       1.1645     
     553  0.44482       10.617       6.6085      -3.9555       4.9909       2.3997     
     554  0.30376       9.6240       4.8013      -3.9890       5.1993       2.8671     
     555  0.22666       9.3063       3.2391      -2.5922       3.9916       2.7671     
     556   101.92      0.23373E-001 0.70097E-001 0.66969      0.88837     -0.66087E-001
     557   101.93      0.63299E-001 0.12080      0.60439      0.95220      0.92627E-002
     558   101.94      0.11248      0.17772      0.54891       1.0093      0.13653     
     559   101.95      0.16628      0.23416      0.52683       1.0373      0.32763     
     560   101.97      0.21649      0.28053      0.57355       1.0024      0.59212     
     561   102.00      0.25124      0.30525      0.73895      0.85518      0.93497     
     562   102.06      0.25593      0.29715       1.0904      0.52796       1.3540     
     563   102.15      0.21579      0.24958       1.7159     -0.70329E-001  1.8375     
     564   102.32      0.12044      0.16592       2.7289      -1.0605       2.3619     
     565   102.63     -0.30241E-001 0.65013E-001  4.2743      -2.6058       2.8907     
     566   103.22     -0.22086     -0.17609E-001  6.5216      -4.9128       3.3771     
     567   104.40     -0.42150     -0.36764E-001  9.6298      -8.3198       3.7854     
     568   106.90     -0.59498      0.85507E-001  13.084      -12.740       4.1507     
     569   111.63     -0.42319      -1.4014       13.139      -2.9203       4.8147     
     570   111.63      -1.4014     -0.42319      -2.9203       13.139      -4.8147     
     571   106.90      0.85507E-001-0.59498      -12.740       13.084      -4.1507     
     572   104.40     -0.36764E-001-0.42150      -8.3198       9.6298      -3.7854     
     573   103.22     -0.17610E-001-0.22086      -4.9128       6.5216      -3.3771     
     574 -0.47206E-002-0.65796E-001 0.69404E-001 -21.252      -8.1614      0.85810E-001
     575 -0.55430E-002  1.7370      0.83250      -21.177      -8.1078      0.35044E-001
     576 -0.58877E-002  3.5340       1.5804      -20.947      -7.9900     -0.60740E-001
     577 -0.54792E-002  5.3323       2.2884      -20.555      -7.8207     -0.21501     
     578 -0.40653E-002  7.1466       2.9241      -19.980      -7.6246     -0.44066     
     579 -0.14917E-002  8.9988       3.4469      -19.179      -7.4451     -0.74812     
 
  ***** POST1 ELEMENT TABLE LISTING *****                                      
 
    STAT     CURRENT      CURRENT      CURRENT      CURRENT      CURRENT      CURRENT 
    ELEM     LS1          LS2          LS7          LS4          LS9          SMIS4   
     580  0.22061E-002  10.916       3.8080      -18.081      -7.3533      -1.1429     
     581  0.67158E-002  12.930       3.9514      -16.569      -7.4622      -1.6226     
     582  0.11392E-001  15.076       3.8142      -14.464      -7.9529      -2.1736     
     583  0.15331E-001  17.398       3.3276      -11.473      -9.1233      -2.7679     
     584  0.16301E-001  19.968       2.4153      -7.1071      -11.491      -3.3624     
     585  0.14351E-001  22.906       1.0286     -0.49036      -15.962      -3.9011     
     586 -0.70568E-001  26.391     -0.92818       10.024      -24.522      -4.3207     
     587  0.17971       29.777     -0.96768       24.523      -35.275      -4.1756     
     589  0.17971       7.0473       21.933      -37.926       27.644       4.1756     
     590 -0.70568E-001  13.773       15.051      -24.642       19.381       4.3207     
     591  0.14351E-001  17.862       11.048      -14.348       11.566       3.9011     
     592  0.16301E-001  19.865       9.2363      -7.3909       7.2499       3.3624     
     593   95.522      0.12971E-001 0.47781E-001  2.4337       2.7223     -0.86482E-001
     594   95.530      0.38578E-001 0.83628E-001  2.3495       2.8057     -0.19860E-001
     595   95.541      0.68462E-001 0.12323       2.2650       2.8931      0.92111E-001
     596   95.558      0.98046E-001 0.16132       2.1972       2.9694      0.25669     
     597   95.585      0.11985      0.19054       2.1707       3.0123      0.47660     
     598   95.627      0.12354      0.20244       2.2163       2.9930      0.74748     
     599   95.695      0.96950E-001 0.18978       2.3695       2.8789       1.0556     
     600   95.801      0.28712E-001 0.15040       2.6643       2.6393       1.3758     
     601   95.967     -0.87005E-001 0.92240E-001  3.1220       2.2583       1.6714     
     602   96.218     -0.24373      0.37908E-001  3.7279       1.7593       1.8944     
     603   96.576     -0.41520      0.24363E-001  4.3732       1.2624       1.9886     
     604   97.036     -0.55031      0.84911E-001  4.6939       1.0636       1.9039     
     605   97.438     -0.58163      0.81480E-001  3.0699       3.6009       1.5355     
     606   97.066     -0.79063      0.87337       2.5984       4.0286      0.39278     
     607   97.066      0.87337     -0.79063       4.0285       2.5984     -0.39278     
     608   97.438      0.81479E-001-0.58163       3.6009       3.0699      -1.5355     
     609   97.036      0.84910E-001-0.55031       1.0636       4.6939      -1.9039     
     610   96.576      0.24362E-001-0.41520       1.2624       4.3732      -1.9886     
     611  0.36570E-003-0.84233E-001 0.97975E-001 -38.590      -21.304      0.10156     
     612  0.73483E-005  3.2150       2.0237      -38.448      -21.188      0.53066E-001
     613 -0.10505E-002  6.4893       3.9315      -38.018      -20.895     -0.38683E-001
     614 -0.33226E-002  9.7281       5.7892      -37.290      -20.428     -0.18470     
     615 -0.75768E-002  12.925       7.5577      -36.247      -19.799     -0.39382     
     616 -0.14929E-001  16.073       9.1920      -34.857      -19.030     -0.67048     
     617 -0.26964E-001  19.160       10.644      -33.069      -18.154      -1.0122     
     618 -0.45889E-001  22.159       11.867      -30.817      -17.211      -1.4070     
     619 -0.74716E-001  25.017       12.828      -28.024      -16.243      -1.8313     
     620 -0.11752       27.633       13.526      -24.634      -15.261      -2.2480     
     621 -0.17946       29.831       14.031      -20.678      -14.163      -2.6046     
 
  ***** POST1 ELEMENT TABLE LISTING *****                                      
 
    STAT     CURRENT      CURRENT      CURRENT      CURRENT      CURRENT      CURRENT 
    ELEM     LS1          LS2          LS7          LS4          LS9          SMIS4   
     622 -0.26570       31.308       14.548      -16.473      -12.518      -2.8305     
     623 -0.40905       31.373       15.694      -13.452      -8.6431      -2.8411     
     624  0.59947       29.429       18.577      -13.270       1.0563      -2.8273     
     625   1.2912       29.547       10.635      -10.754      -3.8707     -0.94331E-006
     626  0.59947       31.074       13.552      -8.7508      -12.750       2.8273     
     627 -0.40905       32.680       17.578      -9.8611      -3.4669       2.8411     
     628 -0.26570       34.572       19.190      -7.5052      0.23831       2.8305     
     629 -0.17946       36.144       19.852      -3.3348       1.8309       2.6046     
     630   80.011      0.73218E-002 0.26872E-001  5.1041       5.4630     -0.10340     
     631   80.015      0.21391E-001 0.49582E-001  5.0076       5.5586     -0.51647E-001
     632   80.020      0.36583E-001 0.74521E-001  4.9026       5.6662      0.35368E-001
     633   80.026      0.49413E-001 0.97990E-001  4.8007       5.7761      0.16007     
     634   80.035      0.54553E-001 0.11485       4.7172       5.8746      0.31887     
     635   80.049      0.45024E-001 0.11928       4.6704       5.9452      0.49984     
     636   80.069      0.13205E-001 0.10658       4.6778       5.9721      0.68118     
     637   80.099     -0.46849E-001 0.76209E-001  4.7508       5.9454      0.83168     
     638   80.138     -0.13533      0.35688E-001  4.8868       5.8681      0.91455     
     639   80.185     -0.24085      0.39173E-002  5.0591       5.7653      0.89601     
     640   80.228     -0.33440      0.85679E-002  5.1975       5.6867      0.76042     
     641   80.243     -0.36964      0.61379E-001  5.0784       5.8167      0.52388     
     642   80.173     -0.32222      0.19898       4.2509       6.6979      0.17561     
     643   80.122     -0.64683E-001 0.49524       4.8895       6.2694     -0.16442     
     644   80.122      0.49524     -0.64683E-001  6.2694       4.8895      0.16442     
     645   80.173      0.19898     -0.32222       6.6979       4.2509     -0.17561     
     646   80.243      0.61378E-001-0.36964       5.8167       5.0784     -0.52388     
     647   80.228      0.85672E-002-0.33440       5.6867       5.1975     -0.76042     
     648  0.65393E-002-0.12169      0.13722      -51.346      -38.800      0.11683     
     649  0.72105E-002  4.2698       3.6049      -51.167      -38.611      0.77459E-001
     650  0.63422E-002  8.6179       7.0512      -50.606      -38.100      0.15157E-002
     651  0.28674E-002  12.897       10.435      -49.659      -37.266     -0.11794     
     652 -0.45912E-002  17.082       13.711      -48.317      -36.111     -0.28391     
     653 -0.17719E-001  21.144       16.828      -46.567      -34.643     -0.49290     
     654 -0.38456E-001  25.050       19.732      -44.393      -32.874     -0.73256     
     655 -0.68857E-001  28.747       22.372      -41.782      -30.816     -0.98003     
     656 -0.11077       32.168       24.699      -38.735      -28.474      -1.2020     
     657 -0.16501       35.220       26.679      -35.294      -25.839      -1.3575     
     658 -0.22856       37.803       28.290      -31.573      -22.877      -1.4036     
     659 -0.28804       39.804       29.544      -27.828      -19.501      -1.3072     
     660 -0.23018       41.083       30.619      -24.575      -15.397      -1.0743     
     661  0.63812       42.379       30.474      -20.871      -12.688     -0.51558     
     662   1.1682       44.486       30.155      -16.192      -10.976     -0.10277E-005
 
  ***** POST1 ELEMENT TABLE LISTING *****                                      
 
    STAT     CURRENT      CURRENT      CURRENT      CURRENT      CURRENT      CURRENT 
    ELEM     LS1          LS2          LS7          LS4          LS9          SMIS4   
     663  0.63812       45.880       31.500      -11.253      -9.8691      0.51557     
     664 -0.23018       47.268       33.352      -7.5821      -7.8868       1.0743     
     665 -0.28804       48.379       35.167      -4.2680      -4.0517       1.3072     
     666 -0.22856       49.253       36.376     -0.11258     -0.65948       1.4036     
     667   53.176      0.65976E-002 0.86816E-002  7.7771       8.1731     -0.10264     
     668   53.176      0.11977E-001 0.21208E-001  7.6848       8.2635     -0.66856E-001
     669   53.175      0.16664E-001 0.35504E-001  7.5835       8.3653     -0.62685E-002
     670   53.171      0.18743E-001 0.49472E-001  7.4819       8.4706      0.78600E-001
     671   53.165      0.15572E-001 0.60015E-001  7.3919       8.5685      0.18137     
     672   53.156      0.39970E-002 0.63443E-001  7.3274       8.6457      0.28802     
     673   53.143     -0.18984E-001 0.56525E-001  7.3015       8.6886      0.37636     
     674   53.128     -0.54891E-001 0.38401E-001  7.3236       8.6865      0.41822     
     675   53.110     -0.10154      0.13248E-001  7.3949       8.6353      0.38603     
     676   53.087     -0.15006     -0.75072E-002  7.5044       8.5399      0.26529     
     677   53.061     -0.18265     -0.68220E-002  7.6159       8.4205      0.71552E-001
     678   53.028     -0.17567      0.34159E-001  7.5994       8.3764     -0.14188     
     679   52.983     -0.99101E-001 0.13833       7.2037       8.8019     -0.29886     
     680   52.940      0.98844E-001 0.20804       7.6283       8.5073     -0.18629     
     681   52.940      0.20804      0.98844E-001  8.5073       7.6283      0.18630     
     682   52.983      0.13833     -0.99101E-001  8.8019       7.2037      0.29887     
     683   53.028      0.34159E-001-0.17567       8.3764       7.5994      0.14188     
     684   53.061     -0.68224E-002-0.18265       8.4205       7.6159     -0.71552E-001
     685  0.13380E-001-0.15186      0.16266      -37.948      -51.795      0.12002     
     686  0.15469E-001  3.0666       4.7637      -37.839      -51.563      0.91986E-001
     687  0.15479E-001  6.2489       9.3371      -37.450      -50.910      0.35972E-001
     688  0.11975E-001  9.3750       13.835      -36.777      -49.831     -0.51389E-001
     689  0.32274E-002  12.425       18.204      -35.816      -48.331     -0.16877     
     690 -0.12673E-001  15.378       22.388      -34.559      -46.420     -0.30783     
     691 -0.37615E-001  18.209       26.327      -33.002      -44.112     -0.45141     
     692 -0.73141E-001  20.889       29.962      -31.143      -41.433     -0.57333     
     693 -0.11994       23.382       33.239      -28.993      -38.412     -0.64129     
     694 -0.17684       25.655       36.113      -26.581      -35.086     -0.62447     
     695 -0.23789       27.677       38.555      -23.964      -31.500     -0.50682     
     696 -0.27732       29.414       40.598      -21.254      -27.668     -0.30470     
     697 -0.15673       30.828       42.353      -18.666      -23.515     -0.57508E-001
     698  0.59224       32.259       43.717      -15.846      -19.502      0.18331     
     699   1.0496       33.833       44.883      -12.314      -16.336     -0.99495E-006
     700  0.59224       34.897       46.025      -8.5969      -13.162     -0.18331     
     701 -0.15673       35.614       47.560      -5.5164      -9.2104      0.57506E-001
     702 -0.27732       36.195       48.885      -2.6257      -4.9010      0.30470     
     703 -0.23789       36.605       49.783      0.56692     -0.65250      0.50682     
 
  ***** POST1 ELEMENT TABLE LISTING *****                                      
 
    STAT     CURRENT      CURRENT      CURRENT      CURRENT      CURRENT      CURRENT 
    ELEM     LS1          LS2          LS7          LS4          LS9          SMIS4   
     704   19.716      0.93156E-002-0.53138E-002  7.7706       8.1495     -0.73036E-001
     705   19.716      0.88866E-002 0.52908E-003  7.6973       8.2209     -0.54146E-001
     706   19.714      0.67027E-002 0.83761E-002  7.6186       8.2983     -0.21452E-001
     707   19.710      0.22408E-002 0.17434E-001  7.5414       8.3753      0.23886E-001
     708   19.702     -0.48443E-002 0.26170E-001  7.4748       8.4427      0.76764E-001
     709   19.692     -0.14525E-001 0.32333E-001  7.4293       8.4902      0.12705     
     710   19.679     -0.26160E-001 0.33288E-001  7.4148       8.5073      0.15948     
     711   19.664     -0.38227E-001 0.26886E-001  7.4381       8.4860      0.15568     
     712   19.648     -0.48091E-001 0.12942E-001  7.5001       8.4235      0.99530E-001
     713   19.633     -0.51975E-001-0.50667E-002  7.5919       8.3259     -0.13100E-001
     714   19.622     -0.45667E-001-0.18700E-001  7.6869       8.2122     -0.16180     
     715   19.611     -0.25337E-001-0.13040E-001  7.7041       8.1556     -0.29175     
     716   19.588      0.16534E-001 0.17473E-001  7.5274       8.3354     -0.31265     
     717   19.560      0.63143E-001 0.49467E-001  7.7362       8.1773     -0.13557     
     718   19.560      0.49466E-001 0.63143E-001  8.1773       7.7362      0.13557     
     719   19.588      0.17473E-001 0.16534E-001  8.3354       7.5274      0.31265     
     720   19.611     -0.13040E-001-0.25337E-001  8.1556       7.7041      0.29175     
     721   19.622     -0.18700E-001-0.45668E-001  8.2122       7.6869      0.16180     
     722  0.19924E-001-0.17275      0.17299       39.063      -38.635      0.99967E-001
     723  0.23319E-001 -3.6561       3.6144       38.856      -38.472      0.83250E-001
     724  0.24210E-001 -7.1179       7.0352       38.350      -37.990      0.48016E-001
     725  0.20870E-001 -10.530       10.397       37.557      -37.186     -0.69616E-002
     726  0.11302E-001 -13.863       13.657       36.492      -36.062     -0.78914E-001
     727 -0.65817E-002 -17.092       16.771       35.174      -34.631     -0.15935     
     728 -0.34658E-001 -20.190       19.694       33.621      -32.909     -0.23292     
     729 -0.74179E-001 -23.132       22.387       31.847      -30.927     -0.27800     
     730 -0.12521      -25.892       24.819       29.859      -28.718     -0.27036     
     731 -0.18565      -28.438       26.976       27.657      -26.320     -0.19160     
     732 -0.24781      -30.742       28.862       25.230      -23.761     -0.42588E-001
     733 -0.27851      -32.789       30.524       22.542      -21.028      0.14285     
     734 -0.12143      -34.593       32.057       19.501      -18.015      0.29572     
     735  0.56133      -36.018       33.369       16.372      -15.061      0.28798     
     736  0.97403      -37.104       34.398       13.505      -12.520     -0.78507E-006
     737  0.56133      -38.115       35.243       10.611      -9.9118     -0.28798     
     738 -0.12143      -39.035       36.137       7.2973      -6.8056     -0.29572     
     739 -0.27851      -39.607       36.899       3.8086      -3.5121     -0.14285     
     740 -0.24781      -39.767       37.383      0.43322     -0.35070      0.42588E-001
     741   0.0000       0.0000       0.0000       0.0000       0.0000       0.0000     
     742   0.0000       0.0000       0.0000       0.0000       0.0000       0.0000     
     743   0.0000       0.0000       0.0000       0.0000       0.0000       0.0000     
     744   0.0000       0.0000       0.0000       0.0000       0.0000       0.0000     
 
  ***** POST1 ELEMENT TABLE LISTING *****                                      
 
    STAT     CURRENT      CURRENT      CURRENT      CURRENT      CURRENT      CURRENT 
    ELEM     LS1          LS2          LS7          LS4          LS9          SMIS4   
     745   0.0000       0.0000       0.0000       0.0000       0.0000       0.0000     
     746   0.0000       0.0000       0.0000       0.0000       0.0000       0.0000     
     747   0.0000       0.0000       0.0000       0.0000       0.0000       0.0000     
     748   0.0000       0.0000       0.0000       0.0000       0.0000       0.0000     
     749   0.0000       0.0000       0.0000       0.0000       0.0000       0.0000     
     750   0.0000       0.0000       0.0000       0.0000       0.0000       0.0000     
     751   0.0000       0.0000       0.0000       0.0000       0.0000       0.0000     
     752   0.0000       0.0000       0.0000       0.0000       0.0000       0.0000     
     753   0.0000       0.0000       0.0000       0.0000       0.0000       0.0000     
     754   0.0000       0.0000       0.0000       0.0000       0.0000       0.0000     
     755   0.0000       0.0000       0.0000       0.0000       0.0000       0.0000     
     756   0.0000       0.0000       0.0000       0.0000       0.0000       0.0000     
     757   0.0000       0.0000       0.0000       0.0000       0.0000       0.0000     
     758   0.0000       0.0000       0.0000       0.0000       0.0000       0.0000     
     759  0.25263E-001-0.22336      0.14742       226.63       38.374      0.51541E-001
     760  0.29532E-001 -20.053      -3.1443       225.67       38.214      0.45609E-001
     761  0.30922E-001 -39.727      -6.4063       223.00       37.787      0.31652E-001
     762  0.27497E-001 -59.097      -9.6247       218.65       37.102      0.93009E-002
     763  0.17064E-001 -78.013      -12.790       212.66       36.169     -0.19863E-001
     764 -0.25828E-002 -96.334      -15.892       205.08       34.991     -0.51475E-001
     765 -0.33299E-001 -113.92      -18.922       195.98       33.566     -0.77871E-001
     766 -0.76101E-001 -130.63      -21.861       185.41       31.885     -0.88437E-001
     767 -0.13056      -146.31      -24.678       173.44       29.939     -0.71626E-001
     768 -0.19379      -160.83      -27.328       160.12       27.719     -0.19523E-001
     769 -0.25678      -174.03      -29.752       145.53       25.236      0.65031E-001
     770 -0.28168      -185.79      -31.885       129.75       22.537      0.16044     
     771 -0.10611      -196.03      -33.675       112.90       19.707      0.21733     
     772  0.54556      -204.78      -35.187       95.295       16.653      0.16692     
     773  0.93611      -212.11      -36.530       77.202       13.296     -0.36725E-006
     774  0.54556      -218.12      -37.659       58.627       9.8612     -0.16692     
     775 -0.10611      -222.75      -38.464       39.518       6.5493     -0.21733     
     776 -0.28168      -225.72      -38.912       20.029       3.2307     -0.16044     
     777 -0.25678      -226.86      -39.013      0.38267     -0.20802     -0.65031E-001
    2953   147.06      0.40991      -4.1232      -12.763       4.8572     -0.40245     
    2954   147.06      -4.1232      0.40991       4.8572      -12.763      0.40245     
    2955 -0.13968       12.660       14.577      -4.6077      -5.3055      0.44401E-006
    2956   156.27      -1.6153      -2.7264     -0.49835     -0.31109      0.35126     
    2957   156.27      -2.7264      -1.6153     -0.31108     -0.49835     -0.35126     
    2958  -1.3515       4.1432       12.501      -1.5080      -4.5500      0.37318E-006
    2959   156.66      -2.4962      -1.7376      0.48651     -0.41110      0.15179     
    2960   156.66      -1.7376      -2.4962     -0.41110      0.48651     -0.15179     
 
  ***** POST1 ELEMENT TABLE LISTING *****                                      
 
    STAT     CURRENT      CURRENT      CURRENT      CURRENT      CURRENT      CURRENT 
    ELEM     LS1          LS2          LS7          LS4          LS9          SMIS4   
    2961  -1.3644      0.48427       4.6036     -0.17626      -1.6756      0.27381E-006
    2962   156.04      -2.4993      -1.5792      0.38191     -0.22592      0.27130E-001
    2963   156.04      -1.5792      -2.4993     -0.22592      0.38191     -0.27130E-001
    2964  -1.3027     -0.99858      0.66057      0.36345     -0.24043      0.16383E-006
    2965   155.73      -2.4229      -1.6007      0.67619E-013-0.67601E-014-0.29007E-012
    2966   155.73      -1.6007      -2.4229      0.52378E-013-0.24434E-013 0.85163E-014
    2967  -1.2609      -1.4052     -0.97956      0.51146      0.35653      0.54264E-007
    2968   156.04      -2.4993      -1.5792     -0.38191      0.22592     -0.27130E-001
    2969   156.04      -1.5792      -2.4993      0.22592     -0.38191      0.27130E-001
    2970  -1.2609     -0.97956      -1.4052      0.35653      0.51146     -0.54264E-007
    2971   156.66      -2.4962      -1.7376     -0.48651      0.41110     -0.15179     
    2972   156.66      -1.7376      -2.4962      0.41110     -0.48651      0.15179     
    2973  -1.3027      0.66057     -0.99858     -0.24043      0.36345     -0.16383E-006
    2974   156.27      -1.6153      -2.7264      0.49835      0.31109     -0.35126     
    2975   156.27      -2.7264      -1.6153      0.31108      0.49835      0.35126     
    2976  -1.3644       4.6036      0.48427      -1.6756     -0.17626     -0.27381E-006
    2977   147.06      0.40991      -4.1232       12.763      -4.8572      0.40245     
    2978   147.06      -4.1232      0.40991      -4.8572       12.763     -0.40245     
    2979  -1.3515       12.501       4.1432      -4.5500      -1.5080     -0.37318E-006
    2980 -0.13968       14.577       12.660      -5.3055      -4.6077     -0.44401E-006

 MINIMUM VALUES
 ELEM       2961          777           74          130          685          199
 VALUE   -1.3644      -226.86      -226.86      -51.795      -51.795      -4.8147     

 MAXIMUM VALUES
 ELEM       2960          148          703          759           56          569
 VALUE    156.66       49.783       49.783       226.63       226.63       4.8147     

