
 PRINT ELEMENT TABLE ITEMS PER ELEMENT
 
  ***** POST1 ELEMENT TABLE LISTING *****                                      
 
    STAT     CURRENT      CURRENT      CURRENT      CURRENT      CURRENT      CURRENT 
    ELEM     LS1          LS2          LS7          LS4          LS9          SMIS4   
       1   0.0000       0.0000       0.0000       0.0000       0.0000       0.0000     
       2   0.0000       0.0000       0.0000       0.0000       0.0000       0.0000     
       3   0.0000       0.0000       0.0000       0.0000       0.0000       0.0000     
       4   0.0000       0.0000       0.0000       0.0000       0.0000       0.0000     
       5   0.0000       0.0000       0.0000       0.0000       0.0000       0.0000     
       6   0.0000       0.0000       0.0000       0.0000       0.0000       0.0000     
       7   0.0000       0.0000       0.0000       0.0000       0.0000       0.0000     
       8   0.0000       0.0000       0.0000       0.0000       0.0000       0.0000     
       9   0.0000       0.0000       0.0000       0.0000       0.0000       0.0000     
      10   0.0000       0.0000       0.0000       0.0000       0.0000       0.0000     
      11   0.0000       0.0000       0.0000       0.0000       0.0000       0.0000     
      12   0.0000       0.0000       0.0000       0.0000       0.0000       0.0000     
      13   0.0000       0.0000       0.0000       0.0000       0.0000       0.0000     
      14   0.0000       0.0000       0.0000       0.0000       0.0000       0.0000     
      15   0.0000       0.0000       0.0000       0.0000       0.0000       0.0000     
      16   0.0000       0.0000       0.0000       0.0000       0.0000       0.0000     
      17   0.0000       0.0000       0.0000       0.0000       0.0000       0.0000     
      18   0.0000       0.0000       0.0000       0.0000       0.0000       0.0000     
      38   19.749      0.27343E-001-0.18717E-001 -7.4406      -8.4619      0.22225     
      39   19.750      0.26912E-001-0.32483E-002 -7.2321      -8.6644      0.17576     
      40   19.745      0.21650E-001 0.18001E-001 -7.0045      -8.8874      0.90495E-001
      41   19.733      0.99936E-002 0.42933E-001 -6.7769      -9.1128     -0.30976E-001
      42   19.712     -0.91638E-002 0.67389E-001 -6.5746      -9.3159     -0.17506     
      43   19.683     -0.35919E-001 0.85230E-001 -6.4271      -9.4671     -0.31409     
      44   19.645     -0.68642E-001 0.89407E-001 -6.3627      -9.5364     -0.40622     
      45   19.601     -0.10315      0.74620E-001 -6.4022      -9.5003     -0.40174     
      46   19.554     -0.13196      0.41716E-001 -6.5495      -9.3496     -0.25981     
      47   19.510     -0.14410      0.27756E-002 -6.7824      -9.0986      0.22317E-001
      48   19.473     -0.12631     -0.16026E-001 -7.0274      -8.7984      0.37293     
      49   19.437     -0.63687E-001 0.10182E-001 -7.0384      -8.6726      0.62897     
      50   19.361      0.44819E-001 0.50733E-001 -6.4924      -9.2549      0.60754     
      51   19.279      0.11316      0.97078E-001 -7.3633      -8.5247      0.24551     
      52   19.279      0.97078E-001 0.11316      -8.5247      -7.3633     -0.24551     
      53   19.361      0.50732E-001 0.44819E-001 -9.2549      -6.4924     -0.60755     
      54   19.437      0.10182E-001-0.63687E-001 -8.6726      -7.0384     -0.62897     
      55   19.473     -0.16026E-001-0.12631      -8.7984      -7.0274     -0.37293     
      56  0.71174E-001 0.39777     -0.60039       38.056       226.06     -0.15268     
      57  0.84620E-001 -2.7685      -20.520       37.861       224.93     -0.13990     
      58  0.90414E-001 -5.8929      -40.279       37.440       222.09     -0.10482     
      59  0.82959E-001 -8.9814      -59.721       36.817       217.58     -0.46045E-001
      60  0.55779E-001 -12.050      -78.699       36.009       211.48      0.32409E-001
 
  ***** POST1 ELEMENT TABLE LISTING *****                                      
 
    STAT     CURRENT      CURRENT      CURRENT      CURRENT      CURRENT      CURRENT 
    ELEM     LS1          LS2          LS7          LS4          LS9          SMIS4   
      61  0.21404E-002 -15.121      -97.070       35.016       203.87      0.11872     
      62 -0.83979E-001 -18.207      -114.69       33.815       194.79      0.19181     
      63 -0.20656      -21.301      -131.40       32.364       184.31      0.22259     
      64 -0.36586      -24.360      -147.04       30.612       172.44      0.18029     
      65 -0.55545      -27.302      -161.39       28.513       159.20      0.46517E-001
      66 -0.75064      -30.006      -174.26       26.066       144.60     -0.16298     
      67 -0.83370      -32.328      -185.53       23.371       128.71     -0.37396     
      68 -0.28214      -34.143      -195.23       20.621       111.72     -0.45327     
      69   1.7387      -35.710      -203.46       17.416       94.212     -0.31163     
      70   2.7110      -37.253      -210.44       13.559       76.593      0.36535E-006
      71   1.7387      -38.550      -216.42       9.6123       58.613      0.31163     
      72 -0.28214      -39.410      -221.36       6.1498       39.910      0.45327     
      73 -0.83370      -39.787      -224.86       2.8763       20.653      0.37396     
      74 -0.75064      -39.741      -226.44     -0.68006       1.2438      0.16298     
      75   53.216      0.16293E-001 0.18265E-001 -7.4257      -8.4879      0.31736     
      76   53.218      0.31595E-001 0.52804E-001 -7.1618      -8.7451      0.22761     
      77   53.213      0.45274E-001 0.92868E-001 -6.8672      -9.0390      0.67972E-001
      78   53.201      0.51934E-001 0.13276      -6.5655      -9.3489     -0.16149     
      79   53.181      0.44023E-001 0.16400      -6.2895      -9.6443     -0.44453     
      80   53.151      0.12479E-001 0.17656      -6.0781      -9.8880     -0.74362     
      81   53.112     -0.51297E-001 0.16201      -5.9699      -10.041     -0.99867     
      82   53.062     -0.15134      0.11935      -5.9935      -10.070      -1.1336     
      83   53.002     -0.28022      0.62592E-001 -6.1570      -9.9610      -1.0760     
      84   52.931     -0.41001      0.25893E-001 -6.4347      -9.7210     -0.79277     
      85   52.848     -0.48634      0.56082E-001 -6.7266      -9.4007     -0.33317     
      86   52.749     -0.43512      0.18095      -6.6244      -9.3208      0.15533     
      87   52.609     -0.18797      0.32938      -5.3749      -10.714      0.46290     
      88   52.483      0.18216      0.34994      -7.1156      -9.3307      0.24630     
      89   52.483      0.34994      0.18216      -9.3307      -7.1156     -0.24630     
      90   52.609      0.32938     -0.18797      -10.714      -5.3749     -0.46290     
      91   52.749      0.18095     -0.43512      -9.3208      -6.6244     -0.15533     
      92   52.848      0.56081E-001-0.48634      -9.4007      -6.7266      0.33317     
      93  0.56183E-001 0.46170     -0.45912      -38.756       38.738     -0.29928     
      94  0.66951E-001  4.0497      -4.0572      -38.572       38.418     -0.26084     
      95  0.71047E-001  7.6307      -7.6435      -38.022       37.793     -0.17082     
      96  0.63485E-001  11.144      -11.184      -37.090       36.887     -0.24821E-001
      97  0.38357E-001  14.515      -14.646      -35.771       35.735      0.17050     
      98 -0.10700E-001  17.662      -17.997      -34.079       34.374      0.39255     
      99 -0.89727E-001  20.499      -21.210      -32.048       32.838      0.59967     
     100 -0.20331       22.953      -24.255      -29.732       31.147      0.73301     
     101 -0.35304       24.971      -27.095      -27.201       29.301      0.72788     
 
  ***** POST1 ELEMENT TABLE LISTING *****                                      
 
    STAT     CURRENT      CURRENT      CURRENT      CURRENT      CURRENT      CURRENT 
    ELEM     LS1          LS2          LS7          LS4          LS9          SMIS4   
     102 -0.53465       26.541      -29.685      -24.531       27.275      0.53907     
     103 -0.72720       27.709      -31.980      -21.778       25.013      0.17917     
     104 -0.82781       28.653      -33.990      -18.869       22.369     -0.24763     
     105 -0.33064       29.718      -35.808      -15.469       19.044     -0.54508     
     106   1.8075       30.545      -37.048      -12.709       15.939     -0.47710     
     107   2.8108       30.966      -37.778      -11.271       13.750      0.78349E-006
     108   1.8075       31.568      -38.626      -9.8981       11.604      0.47710     
     109 -0.33064       32.709      -39.672      -7.2526       8.4283      0.54508     
     110 -0.82781       34.079      -40.417      -3.9631       4.7130      0.24763     
     111 -0.72720       35.225      -40.576      -1.1279       1.3957     -0.17917     
     112   80.046      0.13574E-001 0.66254E-001 -4.7816      -5.7447      0.32620     
     113   80.057      0.52512E-001 0.12992      -4.5027      -6.0195      0.19363     
     114   80.069      0.95270E-001 0.20110      -4.1928      -6.3350     -0.38756E-001
     115   80.084      0.13219      0.26975      -3.8823      -6.6655     -0.37994     
     116   80.105      0.14829      0.32182      -3.6139      -6.9737     -0.82261     
     117   80.137      0.12382      0.34145      -3.4385      -7.2139      -1.3365     
     118   80.186      0.37262E-001 0.31629      -3.4068      -7.3403      -1.8637     
     119   80.256     -0.12769      0.24640      -3.5551      -7.3210      -2.3200     
     120   80.352     -0.36980      0.15540      -3.8836      -7.1573      -2.6050     
     121   80.465     -0.65296      0.96919E-001 -4.3282      -6.9068      -2.6243     
     122   80.569     -0.89146      0.13566      -4.6991      -6.6955      -2.3260     
     123   80.596     -0.96656      0.29304      -4.3158      -7.0693      -1.7072     
     124   80.389     -0.76551      0.55636      -1.7568      -9.8745     -0.74327     
     125   80.240     -0.55226E-001 0.64592      -4.4334      -7.7737     -0.10991E-001
     126   80.240      0.64592     -0.55226E-001 -7.7737      -4.4334      0.10989E-001
     127   80.389      0.55636     -0.76551      -9.8745      -1.7568      0.74327     
     128   80.596      0.29304     -0.96656      -7.0693      -4.3158       1.7072     
     129   80.569      0.13566     -0.89146      -6.6955      -4.6991       2.3260     
     130  0.37787E-001 0.43146     -0.40174      -51.784      -38.082     -0.36328     
     131  0.44558E-001  5.1915       2.6644      -51.494      -38.042     -0.29618     
     132  0.45747E-001  9.9414       5.6705      -50.729      -37.738     -0.15086     
     133  0.37196E-001  14.609       8.6047      -49.470      -37.155      0.83681E-001
     134  0.13794E-001  19.106       11.456      -47.709      -36.273      0.40571     
     135 -0.30260E-001  23.329       14.209      -45.451      -35.058      0.79420     
     136 -0.10095       27.164       16.836      -42.716      -33.475       1.2036     
     137 -0.20357       30.494       19.297      -39.539      -31.500       1.5636     
     138 -0.34131       33.211       21.535      -35.973      -29.131       1.7870     
     139 -0.51240       35.225       23.490      -32.091      -26.419       1.7918     
     140 -0.70088       36.507       25.116      -27.987      -23.483       1.5369     
     141 -0.82877       37.216       26.341      -23.648      -20.632       1.0544     
     142 -0.44425       37.793       27.086      -18.748      -18.513      0.43279     
 
  ***** POST1 ELEMENT TABLE LISTING *****                                      
 
    STAT     CURRENT      CURRENT      CURRENT      CURRENT      CURRENT      CURRENT 
    ELEM     LS1          LS2          LS7          LS4          LS9          SMIS4   
     143   1.9418       37.956       28.390      -15.034      -15.684     -0.86855E-001
     144   3.0012       37.991       30.375      -13.827      -11.056      0.10008E-005
     145   1.9418       38.740       31.830      -12.881      -6.2339      0.86857E-001
     146 -0.44425       41.002       32.649      -9.9307      -3.2288     -0.43279     
     147 -0.82877       43.710       33.440      -5.8067      -1.1260      -1.0544     
     148 -0.70088       45.956       34.334      -2.0271       1.8451      -1.5369     
     149   95.549      0.24142E-001 0.12172      -2.1710      -2.9448      0.27943     
     150   95.569      0.94700E-001 0.22317      -1.9243      -3.1881      0.10451     
     151   95.600      0.17841      0.33744      -1.6681      -3.4513     -0.19978     
     152   95.647      0.26276      0.45041      -1.4484      -3.6939     -0.65695     
     153   95.720      0.32696      0.54209      -1.3320      -3.8556      -1.2787     
     154   95.837      0.34194      0.58943      -1.4057      -3.8570      -2.0578     
     155   96.022      0.27340      0.57298      -1.7695      -3.6061      -2.9603     
     156   96.314      0.89482E-001 0.48789      -2.5223      -3.0151      -3.9201     
     157   96.768     -0.22538      0.35781      -3.7295      -2.0337      -4.8341     
     158   97.453     -0.65102      0.24496      -5.3582     -0.71992      -5.5601     
     159   98.428      -1.1125      0.23475      -7.1132      0.61809      -5.9218     
     160   99.668      -1.4829      0.31193      -7.8945       1.0762      -5.7132     
     161   100.70      -1.7532      0.39417      -2.9166      -6.4417      -4.1807     
     162   99.719      -1.5463       1.1019      -3.1745      -6.0833     -0.85056     
     163   99.719       1.1019      -1.5463      -6.0833      -3.1745      0.85056     
     164   100.70      0.39417      -1.7532      -6.4417      -2.9166       4.1807     
     165   99.668      0.31193      -1.4829       1.0762      -7.8945       5.7132     
     166   98.428      0.23475      -1.1125      0.61810      -7.1132       5.9218     
     167  0.18414E-001 0.36419     -0.32196      -38.717      -51.353     -0.35764     
     168  0.20755E-001  3.9861       3.9123      -38.453      -51.208     -0.25975     
     169  0.18867E-001  7.6008       8.0795      -37.814      -50.694     -0.59003E-001
     170  0.96442E-002  11.141       12.167      -36.785      -49.796      0.26633     
     171 -0.10993E-001  14.521       16.163      -35.361      -48.481      0.72767     
     172 -0.48127E-001  17.640       20.050      -33.543      -46.693       1.3190     
     173 -0.10774       20.382       23.783      -31.342      -44.363       2.0099     
     174 -0.19637       22.633       27.279      -28.769      -41.421       2.7405     
     175 -0.32015       24.284       30.397      -25.817      -37.836       3.4203     
     176 -0.48252       25.253       32.938      -22.446      -33.679       3.9345     
     177 -0.67586       25.502       34.668      -18.552      -29.216       4.1568     
     178 -0.86131       25.131       35.306      -13.863      -25.132       3.9760     
     179 -0.67483       24.676       34.511      -7.3893      -22.936       3.2387     
     180   2.1472       21.516       34.848      -5.5612      -19.569       1.5343     
     181   3.2884       19.554       37.346      -7.1169      -13.593      0.10604E-005
     182   2.1472       20.057       39.274      -9.5702      -7.4096      -1.5343     
     183 -0.67483       23.652       41.180      -10.201      -4.6137      -3.2387     
 
  ***** POST1 ELEMENT TABLE LISTING *****                                      
 
    STAT     CURRENT      CURRENT      CURRENT      CURRENT      CURRENT      CURRENT 
    ELEM     LS1          LS2          LS7          LS4          LS9          SMIS4   
     184 -0.86131       28.162       43.201      -5.5347      -3.4422      -3.9760     
     185 -0.67586       31.460       45.337      -2.1805      0.97034E-001 -4.1568     
     186   101.93      0.48497E-001 0.18166     -0.47180      -1.0482      0.21649     
     187   101.94      0.15884      0.32618     -0.27978      -1.2352      0.13549E-001
     188   101.97      0.29703      0.49179     -0.10804      -1.4106     -0.33929     
     189   102.01      0.45077      0.66087     -0.21459E-001 -1.5138     -0.87987     
     190   102.07      0.59756      0.80755     -0.11892      -1.4504      -1.6409     
     191   102.17      0.70433      0.90037     -0.54139      -1.0824      -2.6436     
     192   102.34      0.72984      0.90885      -1.4805     -0.21876      -3.8900     
     193   102.63      0.63188      0.81501      -3.1879       1.3979      -5.3542     
     194   103.13      0.37959      0.62823      -5.9862       4.1068      -6.9727     
     195   104.04     -0.30674E-001 0.39799      -10.281       8.3618      -8.6378     
     196   105.74     -0.56514      0.20952      -16.513       14.685      -10.198     
     197   109.07      -1.1670      0.11990      -25.087       24.183      -11.528     
     198   116.01      -1.8208     -0.91087      -33.133       33.873      -12.342     
     199   128.24      -4.9013     -0.47972E-001 -35.012       10.153      -6.2768     
     200   128.24     -0.47972E-001 -4.9013       10.153      -35.012       6.2768     
     201   116.01     -0.91087      -1.8208       33.873      -33.133       12.342     
     202   109.07      0.11990      -1.1670       24.183      -25.087       11.528     
     203   105.74      0.20952     -0.56514       14.685      -16.513       10.198     
     204  0.78075E-003 0.25776     -0.21906      -21.199      -38.530     -0.31308     
     205 -0.30751E-003  2.3067       2.9514      -21.015      -38.396     -0.18813     
     206 -0.34605E-002  4.3370       6.0900      -20.619      -37.981      0.59643E-001
     207 -0.10229E-001  6.2842       9.2111      -20.013      -37.259      0.46428     
     208 -0.22945E-001  8.0625       12.339      -19.221      -36.171       1.0549     
     209 -0.45020E-001  9.5663       15.498      -18.290      -34.612       1.8495     
     210 -0.81317E-001  10.676       18.695      -17.292      -32.426       2.8476     
     211 -0.13861       11.274       21.893      -16.325      -29.402       4.0221     
     212 -0.22607       11.271       24.974      -15.484      -25.304       5.3110     
     213 -0.35604       10.660       27.688      -14.782      -19.942       6.6086     
     214 -0.54291       9.6254       29.571      -13.918      -13.382       7.7549     
     215 -0.80804       8.6942       29.795      -11.692      -6.5122       8.5289     
     216  -1.2119       9.9338       26.182      -3.0308      -3.4648       8.7125     
     217   2.1737       13.917       18.654       19.640      -7.7367       6.6778     
     218   3.5385      -1.7124       18.452      0.62325      -6.7161      0.10249E-005
     219   2.1737      -1.9633       19.263      -23.990      -6.0639      -6.6778     
     220  -1.2119       9.5579       22.284      -4.0636      -14.175      -8.7125     
     221 -0.80804       14.176       27.010       3.3681      -14.163      -8.5289     
     222 -0.54291       16.320       31.255       4.4750      -8.7567      -7.7549     
     223   103.01      0.79520E-001 0.24167      0.37181     -0.13092      0.17277     
     224   103.01      0.23301      0.43049      0.53405     -0.28916     -0.25711E-001
 
  ***** POST1 ELEMENT TABLE LISTING *****                                      
 
    STAT     CURRENT      CURRENT      CURRENT      CURRENT      CURRENT      CURRENT 
    ELEM     LS1          LS2          LS7          LS4          LS9          SMIS4   
     225   103.01      0.43253      0.65048      0.66926     -0.42832     -0.37311     
     226   103.00      0.66860      0.88133      0.71165     -0.48662     -0.91258     
     227   102.99      0.92095       1.0916      0.55928     -0.36610      -1.6859     
     228   102.95       1.1578       1.2405      0.63345E-001 0.79329E-001 -2.7269     
     229   102.88       1.3383       1.2831     -0.98437       1.0586      -4.0518     
     230   102.72       1.4196       1.1801      -2.8668       2.8625      -5.6451     
     231   102.42       1.3711      0.91176      -5.9619       5.8927      -7.4419     
     232   101.84       1.1943      0.49044      -10.762       10.691      -9.3090     
     233   100.66      0.94625     -0.40556E-001 -17.908       18.103      -11.043     
     234   98.219      0.75158     -0.66586      -27.632       28.171      -12.389     
     235   92.939      0.71899      -1.1580      -42.137       52.358      -13.731     
     238   92.939      -1.1580      0.71899       52.358      -42.137       13.731     
     239   98.219     -0.66586      0.75158       28.171      -27.632       12.389     
     240   100.66     -0.40557E-001 0.94625       18.103      -17.908       11.043     
     241 -0.13732E-001 0.17490     -0.16302      -8.0596      -21.174     -0.26258     
     242 -0.16599E-001  1.0272       1.5398      -7.9585      -21.101     -0.12764     
     243 -0.18382E-001  1.8504       3.2462      -7.7835      -20.887      0.13692     
     244 -0.18389E-001  2.5844       4.9996      -7.5655      -20.504      0.57301     
     245 -0.16028E-001  3.1453       6.8657      -7.3686      -19.887       1.2227     
     246 -0.11045E-001  3.4237       8.9302      -7.3076      -18.908       2.1232     
     247 -0.38256E-002  3.2844       11.293      -7.5742      -17.350       3.2996     
     248  0.42789E-002  2.5680       14.060      -8.4767      -14.867       4.7562     
     249  0.10648E-001  1.0940       17.341      -10.508      -10.926       6.4651     
     250  0.11474E-001 -1.3358       21.259      -14.473      -4.6896       8.3551     
     251 -0.32731E-002 -4.9429       25.977      -21.741       5.2063       10.308     
     252 -0.31210E-001 -9.8602       31.728      -34.589       21.121       12.178     
     253 -0.44952      -16.730       38.689      -57.980       46.941       13.857     
     254   1.2348      -14.447       41.014      -81.174       83.277       17.255     
     256   1.2348       41.111      -22.111       71.469      -90.157      -17.255     
     257 -0.44952       24.453     -0.53580       55.169      -60.828      -13.857     
     258 -0.31210E-001  14.680       10.729       32.835      -36.574      -12.178     
     259 -0.32730E-002  10.188       16.553       19.832      -20.686      -10.308     
     260   101.92      0.10499      0.29666      0.66145      0.11024      0.15318     
     261   101.91      0.29615      0.52668      0.82644     -0.55366E-001-0.61385E-002
     262   101.90      0.54999      0.79847      0.98619     -0.22471     -0.28915     
     263   101.88      0.85991       1.0899       1.0959     -0.35804     -0.73283     
     264   101.83       1.2076       1.3649       1.0867     -0.39273      -1.3723     
     265   101.74       1.5616       1.5740      0.86118     -0.23897      -2.2330     
     266   101.58       1.8772       1.6575      0.29255      0.22150      -3.3171     
     267   101.30       2.1016       1.5536     -0.77022       1.1297      -4.5827     
     268   100.84       2.1828       1.2114      -2.4808       2.6263      -5.9133     
 
  ***** POST1 ELEMENT TABLE LISTING *****                                      
 
    STAT     CURRENT      CURRENT      CURRENT      CURRENT      CURRENT      CURRENT 
    ELEM     LS1          LS2          LS7          LS4          LS9          SMIS4   
     269   100.09       2.0843      0.60786      -4.9431       4.8058      -7.0835     
     270   98.934       1.7999     -0.23428      -8.0273       7.4843      -7.7387     
     271   97.294       1.3562      -1.1975      -11.152       10.671      -7.5011     
     272   95.147      0.84466      -1.8176      -8.5794       6.0019      -5.7894     
     275   95.147      -1.8176      0.84466       6.0019      -8.5794       5.7894     
     276   97.294      -1.1975       1.3562       10.671      -11.152       7.5011     
     277   98.934     -0.23428       1.7999       7.4843      -8.0273       7.7387     
     278 -0.26310E-001 0.17951     -0.19259     -0.73829      -8.1102     -0.22395     
     279 -0.30375E-001 0.38567      0.37107     -0.67833      -8.1086     -0.10468     
     280 -0.30176E-001 0.57936      0.93954     -0.62086      -8.0939      0.13151     
     281 -0.22718E-001 0.72318       1.5605     -0.60468      -8.0632      0.52499     
     282 -0.42974E-002 0.76759       2.3044     -0.69988      -7.9882       1.1177     
     283  0.29419E-001 0.65477       3.2610      -1.0208      -7.8019       1.9478     
     284  0.83302E-001 0.32817       4.5313      -1.7402      -7.3854       3.0406     
     285  0.16274     -0.24853       6.2104      -3.1025      -6.5631       4.3944     
     286  0.27394      -1.0570       8.3608      -5.4274      -5.1183       5.9589     
     287  0.42403      -1.9648       10.972      -9.0816      -2.8604       7.6063     
     288  0.62254      -2.6158       13.898      -14.343      0.18532       9.0997     
     289  0.81953      -2.2756       16.644      -20.979       3.1021       10.078     
     290   1.2136      0.93539       18.515      -26.148       3.2743       10.186     
     291  -2.4132       12.433       8.4706      -18.401      -26.208       9.3944     
     293  -2.4132       21.353       23.335       6.1043       14.632      -9.3944     
     294   1.2136       17.524       12.079       19.429      -14.410      -10.186     
     295  0.81953       11.742       10.756       17.534      -13.075      -10.078     
     296  0.62254       7.2155       10.527       12.669      -9.0752      -9.0997     
     297   100.47      0.11758      0.34122      0.61813      0.64768E-001 0.13100     
     298   100.48      0.33469      0.60489      0.77441     -0.95574E-001 0.28176E-001
     299   100.49      0.62604      0.91969      0.94728     -0.28086     -0.15886     
     300   100.50      0.98647       1.2624       1.1151     -0.47409     -0.45498     
     301   100.50       1.3978       1.5937       1.2437     -0.64725     -0.88231     
     302   100.49       1.8253       1.8570       1.2861     -0.76054      -1.4529     
     303   100.44       2.2162       1.9798       1.1838     -0.76422      -2.1564     
     304   100.35       2.4989       1.8807      0.87460     -0.60557      -2.9398     
     305   100.19       2.5877       1.4822      0.30983     -0.24365      -3.6818     
     306   99.946       2.3918      0.73722     -0.50909      0.31583      -4.1686     
     307   99.624       1.8344     -0.32144      -1.4687       1.0135      -4.1119     
     308   99.265      0.89396      -1.4702      -1.9824       1.4253      -3.2705     
     309   99.113     -0.28152      -2.1194      0.39459      -1.2236      -1.6272     
     312   99.113      -2.1194     -0.28152      -1.2236      0.39458       1.6272     
     313   99.265      -1.4702      0.89396       1.4253      -1.9824       3.2705     
     314   99.624     -0.32145       1.8344       1.0135      -1.4687       4.1119     
 
  ***** POST1 ELEMENT TABLE LISTING *****                                      
 
    STAT     CURRENT      CURRENT      CURRENT      CURRENT      CURRENT      CURRENT 
    ELEM     LS1          LS2          LS7          LS4          LS9          SMIS4   
     315 -0.38527E-001 0.23238     -0.23763       2.3449     -0.80445     -0.18802     
     316 -0.44585E-001 0.18514     -0.32074       2.4078     -0.84142     -0.10332     
     317 -0.44322E-001 0.15287     -0.41504       2.4461     -0.94574      0.69725E-001
     318 -0.33165E-001 0.12495     -0.48186       2.4291      -1.1400      0.36212     
     319 -0.53906E-002 0.90713E-001-0.46283       2.3068      -1.4380      0.80550     
     320  0.45721E-001 0.45498E-001-0.28107       2.0065      -1.8376       1.4265     
     321  0.12754      0.59920E-003 0.15288       1.4331      -2.3159       2.2369     
     322  0.24746     -0.23768E-002 0.92943      0.47799      -2.8308       3.2172     
     323  0.41180      0.12614       2.1230     -0.95493      -3.3369       4.2909     
     324  0.62356      0.54007       3.7741      -2.8926      -3.8236       5.2925     
     325  0.87024       1.4605       5.8637      -5.1818      -4.4029       5.9401     
     326   1.0908       3.1626       8.3429      -7.2531      -5.3792       5.8621     
     327  0.90234       6.3541       10.181      -6.9406      -9.0266       4.7727     
     328  -2.9692       9.3878       13.586      -5.7100      -10.743       2.6561     
     330  -2.9692       10.862       17.313      -1.6602     -0.50346      -2.6561     
     331  0.90234       9.3289       13.601       1.2325      0.37065      -4.7727     
     332   1.0908       7.0849       9.8487       3.5233      -1.2420      -5.8621     
     333  0.87024       4.4496       7.3220       3.0307     -0.39627      -5.9401     
     334   99.465      0.11992      0.37030      0.36436      0.31346E-002 0.79425E-001
     335   99.492      0.35081      0.65600      0.46300     -0.98926E-001 0.31476E-001
     336   99.532      0.66213      0.99924      0.57866     -0.22289     -0.58049E-001
     337   99.584       1.0491       1.3762      0.70361     -0.36360     -0.20123     
     338   99.651       1.4928       1.7456      0.82474     -0.51110     -0.40821     
     339   99.729       1.9553       2.0457      0.92291     -0.64989     -0.68293     
     340   99.815       2.3761       2.1954      0.97340     -0.75881      -1.0159     
     341   99.901       2.6690       2.0988      0.94788     -0.81203      -1.3730     
     342   99.980       2.7230       1.6603      0.81973     -0.78231      -1.6813     
     343   100.04       2.4114      0.81903      0.57467     -0.64633      -1.8204     
     344   100.08       1.6239     -0.37494      0.24006     -0.39860      -1.6438     
     345   100.09      0.35179      -1.6152      0.50430E-001-0.13808      -1.0720     
     346   100.16      -1.1274      -2.1989       1.0764      -1.3266     -0.21742     
     349   100.16      -2.1989      -1.1274      -1.3266       1.0764      0.21742     
     350   100.09      -1.6152      0.35178     -0.13807      0.50430E-001  1.0720     
     351   100.08     -0.37494       1.6239     -0.39860      0.24006       1.6438     
     352 -0.49510E-001 0.22984     -0.19824       3.2384       2.2936     -0.13258     
     353 -0.58195E-001 0.87406E-001-0.51717       3.3148       2.2707     -0.86004E-001
     354 -0.59717E-001-0.30547E-001-0.85235       3.3615       2.1595      0.13670E-001
     355 -0.48682E-001-0.11869      -1.1741       3.3552       1.9278      0.18510     
     356 -0.18365E-001-0.16653      -1.4347       3.2618       1.5445      0.44672     
     357  0.39029E-001-0.15491      -1.5675       3.0378      0.98631      0.81260     
     358  0.13178     -0.52688E-001 -1.4884       2.6345      0.24601       1.2849     
 
  ***** POST1 ELEMENT TABLE LISTING *****                                      
 
    STAT     CURRENT      CURRENT      CURRENT      CURRENT      CURRENT      CURRENT 
    ELEM     LS1          LS2          LS7          LS4          LS9          SMIS4   
     359  0.26757      0.18426      -1.1027       2.0074     -0.65882       1.8414     
     360  0.45163      0.60775     -0.31949       1.1350      -1.6771       2.4169     
     361  0.68281       1.2595      0.92547      0.46382E-001 -2.7202       2.8815     
     362  0.94148       2.1343       2.6392      -1.1405      -3.6656       3.0318     
     363   1.1306       3.1741       4.6546      -2.1109      -4.4957       2.6405     
     364  0.68630       4.3984       6.4416      -2.0066      -5.7091       1.6219     
     365  -2.8833       4.7859       8.2261      -1.8123      -6.0853      0.25020     
     367  -2.8833       4.8311       10.213      -1.6880     -0.62604     -0.25020     
     368  0.68630       4.6592       8.6043      -1.2901      0.23280      -1.6219     
     369   1.1306       3.7884       6.4554     -0.42322      0.45195      -2.6405     
     370  0.94148       2.3681       4.3779     -0.49828       1.1116      -3.0318     
     371   99.118      0.11946      0.38040     -0.12652E-011 0.12746E-011 0.29254E-011
     372   99.154      0.35448      0.67377     -0.98358E-012 0.10637E-011 0.11591E-011
     373   99.207      0.67182       1.0269     -0.59646E-012 0.70257E-012 0.11201E-011
     374   99.279       1.0668       1.4159     -0.70683E-013 0.19156E-012-0.23380E-012
     375   99.372       1.5199       1.7986      0.40007E-012-0.27460E-012-0.60266E-012
     376   99.486       1.9922       2.1116      0.78279E-012-0.65535E-012-0.12058E-011
     377   99.619       2.4203       2.2705      0.95566E-012-0.92827E-012-0.84139E-012
     378   99.765       2.7126       2.1742      0.11057E-011-0.10738E-011-0.11468E-011
     379   99.914       2.7494       1.7203      0.10452E-011-0.10661E-011-0.98009E-012
     380   100.05       2.3921      0.84377      0.85482E-012-0.92010E-012-0.17592E-011
     381   100.16       1.5217     -0.39714      0.42388E-012-0.57361E-012-0.98073E-012
     382   100.24      0.14172      -1.6651     -0.11471E-012-0.13788E-016 0.47295E-012
     383   100.37      -1.4170      -2.1909     -0.53393E-012 0.47990E-012 0.39861E-012
     386   100.37      -2.1909      -1.4170     -0.51883E-012 0.48760E-012 0.45284E-012
     387   100.24      -1.6651      0.14172     -0.65353E-013 0.10238E-012-0.10416E-011
     388   100.16     -0.39714       1.5217      0.13133E-012-0.14170E-012-0.15793E-011
     389 -0.56259E-001 0.11953     -0.55288E-001  3.3649       3.2121     -0.48639E-001
     390 -0.66822E-001-0.10578     -0.36874       3.4306       3.2363     -0.34351E-001
     391 -0.70017E-001-0.31792     -0.68728       3.4521       3.1902     -0.25765E-002
     392 -0.60101E-001-0.50303     -0.98926       3.4052       3.0443      0.52832E-001
     393 -0.29911E-001-0.63833      -1.2392       3.2602       2.7669      0.13783     
     394  0.28843E-001-0.69030      -1.3857       2.9850       2.3298      0.25667     
     395  0.12493     -0.61524      -1.3631       2.5509       1.7167      0.40912     
     396  0.26638     -0.36473      -1.0983       1.9430      0.93501      0.58598     
     397  0.45842      0.99902E-001-0.52766       1.1741      0.30156E-001 0.76235     
     398  0.69918      0.77976      0.37229      0.30184     -0.90216      0.89042     
     399  0.96651       1.5994       1.5372     -0.55650      -1.7210      0.89849     
     400   1.1499       2.3833       2.7535      -1.2123      -2.3095      0.71416     
     401  0.59111       2.9357       3.5589      -1.3373      -2.8984      0.32884     
     402  -2.7780       2.8766       4.0611      -1.2113      -2.8448     -0.88630E-001
 
  ***** POST1 ELEMENT TABLE LISTING *****                                      
 
    STAT     CURRENT      CURRENT      CURRENT      CURRENT      CURRENT      CURRENT 
    ELEM     LS1          LS2          LS7          LS4          LS9          SMIS4   
     404  -2.7780       2.9822       4.9396     -0.92112     -0.43119      0.88630E-001
     405  0.59111       3.1085       4.5893     -0.86260     -0.67354E-001-0.32884     
     406   1.1499       2.6049       3.5938     -0.60332     -0.74089E-003-0.71416     
     407  0.96651       1.5829       2.2838     -0.60177      0.33026     -0.89849     
     408   99.465      0.11992      0.37030     -0.36436     -0.31346E-002-0.79425E-001
     409   99.492      0.35081      0.65600     -0.46300      0.98926E-001-0.31476E-001
     410   99.532      0.66213      0.99924     -0.57866      0.22289      0.58049E-001
     411   99.584       1.0491       1.3762     -0.70361      0.36360      0.20123     
     412   99.651       1.4928       1.7456     -0.82474      0.51110      0.40821     
     413   99.729       1.9553       2.0457     -0.92291      0.64989      0.68293     
     414   99.815       2.3761       2.1954     -0.97340      0.75881       1.0159     
     415   99.901       2.6690       2.0988     -0.94788      0.81203       1.3730     
     416   99.980       2.7230       1.6603     -0.81973      0.78231       1.6813     
     417   100.04       2.4114      0.81903     -0.57467      0.64633       1.8204     
     418   100.08       1.6239     -0.37494     -0.24006      0.39860       1.6438     
     419   100.09      0.35179      -1.6152     -0.50430E-001 0.13808       1.0720     
     420   100.16      -1.1274      -2.1989      -1.0764       1.3266      0.21742     
     423   100.16      -2.1989      -1.1274       1.3266      -1.0764     -0.21742     
     424   100.09      -1.6152      0.35178      0.13807     -0.50430E-001 -1.0720     
     425   100.08     -0.37494       1.6239      0.39860     -0.24006      -1.6438     
     426 -0.56259E-001-0.55288E-001 0.11953       3.2121       3.3649      0.48639E-001
     427 -0.66822E-001-0.36874     -0.10578       3.2363       3.4306      0.34351E-001
     428 -0.70017E-001-0.68728     -0.31792       3.1902       3.4521      0.25765E-002
     429 -0.60101E-001-0.98926     -0.50303       3.0443       3.4052     -0.52832E-001
     430 -0.29911E-001 -1.2392     -0.63833       2.7669       3.2602     -0.13783     
     431  0.28843E-001 -1.3857     -0.69030       2.3298       2.9850     -0.25667     
     432  0.12493      -1.3631     -0.61524       1.7167       2.5509     -0.40912     
     433  0.26638      -1.0983     -0.36473      0.93501       1.9430     -0.58598     
     434  0.45842     -0.52766      0.99902E-001 0.30156E-001  1.1741     -0.76235     
     435  0.69918      0.37229      0.77976     -0.90216      0.30184     -0.89042     
     436  0.96651       1.5372       1.5994      -1.7210     -0.55650     -0.89849     
     437   1.1499       2.7535       2.3833      -2.3095      -1.2123     -0.71416     
     438  0.59111       3.5589       2.9357      -2.8984      -1.3373     -0.32884     
     439  -2.7780       4.0611       2.8766      -2.8448      -1.2113      0.88630E-001
     441  -2.7780       4.9396       2.9822     -0.43119     -0.92112     -0.88630E-001
     442  0.59111       4.5893       3.1085     -0.67354E-001-0.86260      0.32884     
     443   1.1499       3.5938       2.6049     -0.74089E-003-0.60332      0.71416     
     444  0.96651       2.2838       1.5829      0.33026     -0.60177      0.89849     
     445   100.47      0.11758      0.34122     -0.61813     -0.64768E-001-0.13100     
     446   100.48      0.33469      0.60489     -0.77441      0.95574E-001-0.28176E-001
     447   100.49      0.62604      0.91969     -0.94728      0.28086      0.15886     
 
  ***** POST1 ELEMENT TABLE LISTING *****                                      
 
    STAT     CURRENT      CURRENT      CURRENT      CURRENT      CURRENT      CURRENT 
    ELEM     LS1          LS2          LS7          LS4          LS9          SMIS4   
     448   100.50      0.98647       1.2624      -1.1151      0.47409      0.45498     
     449   100.50       1.3978       1.5937      -1.2437      0.64725      0.88231     
     450   100.49       1.8253       1.8570      -1.2861      0.76054       1.4529     
     451   100.44       2.2162       1.9798      -1.1838      0.76422       2.1564     
     452   100.35       2.4989       1.8807     -0.87460      0.60557       2.9398     
     453   100.19       2.5877       1.4822     -0.30983      0.24365       3.6818     
     454   99.946       2.3918      0.73722      0.50909     -0.31583       4.1686     
     455   99.624       1.8344     -0.32144       1.4687      -1.0135       4.1119     
     456   99.265      0.89396      -1.4702       1.9824      -1.4253       3.2705     
     457   99.113     -0.28152      -2.1194     -0.39459       1.2236       1.6272     
     460   99.113      -2.1194     -0.28152       1.2236     -0.39458      -1.6272     
     461   99.265      -1.4702      0.89396      -1.4253       1.9824      -3.2705     
     462   99.624     -0.32145       1.8344      -1.0135       1.4687      -4.1119     
     463 -0.49510E-001-0.19824      0.22984       2.2936       3.2384      0.13258     
     464 -0.58195E-001-0.51717      0.87406E-001  2.2707       3.3148      0.86004E-001
     465 -0.59717E-001-0.85235     -0.30547E-001  2.1595       3.3615     -0.13670E-001
     466 -0.48682E-001 -1.1741     -0.11869       1.9278       3.3552     -0.18510     
     467 -0.18365E-001 -1.4347     -0.16653       1.5445       3.2618     -0.44672     
     468  0.39029E-001 -1.5675     -0.15491      0.98631       3.0378     -0.81260     
     469  0.13178      -1.4884     -0.52688E-001 0.24601       2.6345      -1.2849     
     470  0.26757      -1.1027      0.18426     -0.65882       2.0074      -1.8414     
     471  0.45163     -0.31949      0.60775      -1.6771       1.1350      -2.4169     
     472  0.68281      0.92547       1.2595      -2.7202      0.46382E-001 -2.8815     
     473  0.94148       2.6392       2.1343      -3.6656      -1.1405      -3.0318     
     474   1.1306       4.6546       3.1741      -4.4957      -2.1109      -2.6405     
     475  0.68630       6.4416       4.3984      -5.7091      -2.0066      -1.6219     
     476  -2.8833       8.2261       4.7859      -6.0853      -1.8123     -0.25020     
     478  -2.8833       10.213       4.8311     -0.62604      -1.6880      0.25020     
     479  0.68630       8.6043       4.6592      0.23280      -1.2901       1.6219     
     480   1.1306       6.4554       3.7884      0.45195     -0.42322       2.6405     
     481  0.94148       4.3779       2.3681       1.1116     -0.49828       3.0318     
     482   101.92      0.10499      0.29666     -0.66145     -0.11024     -0.15318     
     483   101.91      0.29615      0.52668     -0.82644      0.55366E-001 0.61385E-002
     484   101.90      0.54999      0.79847     -0.98619      0.22471      0.28915     
     485   101.88      0.85991       1.0899      -1.0959      0.35804      0.73283     
     486   101.83       1.2076       1.3649      -1.0867      0.39273       1.3723     
     487   101.74       1.5616       1.5740     -0.86118      0.23897       2.2330     
     488   101.58       1.8772       1.6575     -0.29255     -0.22150       3.3171     
     489   101.30       2.1016       1.5536      0.77022      -1.1297       4.5827     
     490   100.84       2.1828       1.2114       2.4808      -2.6263       5.9133     
     491   100.09       2.0843      0.60786       4.9431      -4.8058       7.0835     
 
  ***** POST1 ELEMENT TABLE LISTING *****                                      
 
    STAT     CURRENT      CURRENT      CURRENT      CURRENT      CURRENT      CURRENT 
    ELEM     LS1          LS2          LS7          LS4          LS9          SMIS4   
     492   98.934       1.7999     -0.23428       8.0273      -7.4843       7.7387     
     493   97.294       1.3562      -1.1975       11.152      -10.671       7.5011     
     494   95.147      0.84466      -1.8176       8.5794      -6.0019       5.7894     
     497   95.147      -1.8176      0.84466      -6.0019       8.5794      -5.7894     
     498   97.294      -1.1975       1.3562      -10.671       11.152      -7.5011     
     499   98.934     -0.23428       1.7999      -7.4843       8.0273      -7.7387     
     500 -0.38527E-001-0.23763      0.23238     -0.80445       2.3449      0.18802     
     501 -0.44585E-001-0.32074      0.18514     -0.84142       2.4078      0.10332     
     502 -0.44322E-001-0.41504      0.15287     -0.94574       2.4461     -0.69725E-001
     503 -0.33165E-001-0.48186      0.12495      -1.1400       2.4291     -0.36212     
     504 -0.53906E-002-0.46283      0.90713E-001 -1.4380       2.3068     -0.80550     
     505  0.45721E-001-0.28107      0.45498E-001 -1.8376       2.0065      -1.4265     
     506  0.12754      0.15288      0.59920E-003 -2.3159       1.4331      -2.2369     
     507  0.24746      0.92943     -0.23768E-002 -2.8308      0.47799      -3.2172     
     508  0.41180       2.1230      0.12614      -3.3369     -0.95493      -4.2909     
     509  0.62356       3.7741      0.54007      -3.8236      -2.8926      -5.2925     
     510  0.87024       5.8637       1.4605      -4.4029      -5.1818      -5.9401     
     511   1.0908       8.3429       3.1626      -5.3792      -7.2531      -5.8621     
     512  0.90234       10.181       6.3541      -9.0266      -6.9406      -4.7727     
     513  -2.9692       13.586       9.3878      -10.743      -5.7100      -2.6561     
     515  -2.9692       17.313       10.862     -0.50346      -1.6602       2.6561     
     516  0.90234       13.601       9.3289      0.37065       1.2325       4.7727     
     517   1.0908       9.8487       7.0849      -1.2420       3.5233       5.8621     
     518  0.87024       7.3220       4.4496     -0.39627       3.0307       5.9401     
     519   103.01      0.79520E-001 0.24167     -0.37181      0.13092     -0.17277     
     520   103.01      0.23301      0.43049     -0.53405      0.28916      0.25711E-001
     521   103.01      0.43253      0.65048     -0.66926      0.42832      0.37311     
     522   103.00      0.66860      0.88133     -0.71165      0.48662      0.91258     
     523   102.99      0.92095       1.0916     -0.55928      0.36610       1.6859     
     524   102.95       1.1578       1.2405     -0.63345E-001-0.79329E-001  2.7269     
     525   102.88       1.3383       1.2831      0.98437      -1.0586       4.0518     
     526   102.72       1.4196       1.1801       2.8668      -2.8625       5.6451     
     527   102.42       1.3711      0.91176       5.9619      -5.8927       7.4419     
     528   101.84       1.1943      0.49044       10.762      -10.691       9.3090     
     529   100.66      0.94625     -0.40556E-001  17.908      -18.103       11.043     
     530   98.219      0.75158     -0.66586       27.632      -28.171       12.389     
     531   92.939      0.71899      -1.1580       42.137      -52.358       13.731     
     534   92.939      -1.1580      0.71899      -52.358       42.137      -13.731     
     535   98.219     -0.66586      0.75158      -28.171       27.632      -12.389     
     536   100.66     -0.40557E-001 0.94625      -18.103       17.908      -11.043     
     537 -0.26310E-001-0.19259      0.17951      -8.1102     -0.73829      0.22395     
 
  ***** POST1 ELEMENT TABLE LISTING *****                                      
 
    STAT     CURRENT      CURRENT      CURRENT      CURRENT      CURRENT      CURRENT 
    ELEM     LS1          LS2          LS7          LS4          LS9          SMIS4   
     538 -0.30375E-001 0.37107      0.38567      -8.1086     -0.67833      0.10468     
     539 -0.30176E-001 0.93954      0.57936      -8.0939     -0.62086     -0.13151     
     540 -0.22718E-001  1.5605      0.72318      -8.0632     -0.60468     -0.52499     
     541 -0.42974E-002  2.3044      0.76759      -7.9882     -0.69988      -1.1177     
     542  0.29419E-001  3.2610      0.65477      -7.8019      -1.0208      -1.9478     
     543  0.83302E-001  4.5313      0.32817      -7.3854      -1.7402      -3.0406     
     544  0.16274       6.2104     -0.24853      -6.5631      -3.1025      -4.3944     
     545  0.27394       8.3608      -1.0570      -5.1183      -5.4274      -5.9589     
     546  0.42403       10.972      -1.9648      -2.8604      -9.0816      -7.6063     
     547  0.62254       13.898      -2.6158      0.18532      -14.343      -9.0997     
     548  0.81953       16.644      -2.2756       3.1021      -20.979      -10.078     
     549   1.2136       18.515      0.93539       3.2743      -26.148      -10.186     
     550  -2.4132       8.4706       12.433      -26.208      -18.401      -9.3944     
     552  -2.4132       23.335       21.353       14.632       6.1043       9.3944     
     553   1.2136       12.079       17.524      -14.410       19.429       10.186     
     554  0.81953       10.756       11.742      -13.075       17.534       10.078     
     555  0.62254       10.527       7.2155      -9.0752       12.669       9.0997     
     556   101.93      0.48497E-001 0.18166      0.47180       1.0482     -0.21649     
     557   101.94      0.15884      0.32618      0.27978       1.2352     -0.13549E-001
     558   101.97      0.29703      0.49179      0.10804       1.4106      0.33929     
     559   102.01      0.45077      0.66087      0.21459E-001  1.5138      0.87987     
     560   102.07      0.59756      0.80755      0.11892       1.4504       1.6409     
     561   102.17      0.70433      0.90037      0.54139       1.0824       2.6436     
     562   102.34      0.72984      0.90885       1.4805      0.21876       3.8900     
     563   102.63      0.63188      0.81501       3.1879      -1.3979       5.3542     
     564   103.13      0.37959      0.62823       5.9862      -4.1068       6.9727     
     565   104.04     -0.30674E-001 0.39799       10.281      -8.3618       8.6378     
     566   105.74     -0.56514      0.20952       16.513      -14.685       10.198     
     567   109.07      -1.1670      0.11990       25.087      -24.183       11.528     
     568   116.01      -1.8208     -0.91087       33.133      -33.873       12.342     
     569   128.24      -4.9013     -0.47972E-001  35.012      -10.153       6.2768     
     570   128.24     -0.47972E-001 -4.9013      -10.153       35.012      -6.2768     
     571   116.01     -0.91087      -1.8208      -33.873       33.133      -12.342     
     572   109.07      0.11990      -1.1670      -24.183       25.087      -11.528     
     573   105.74      0.20952     -0.56514      -14.685       16.513      -10.198     
     574 -0.13732E-001-0.16302      0.17490      -21.174      -8.0596      0.26258     
     575 -0.16599E-001  1.5398       1.0272      -21.101      -7.9585      0.12764     
     576 -0.18382E-001  3.2462       1.8504      -20.887      -7.7835     -0.13692     
     577 -0.18389E-001  4.9996       2.5844      -20.504      -7.5655     -0.57301     
     578 -0.16028E-001  6.8657       3.1453      -19.887      -7.3686      -1.2227     
     579 -0.11045E-001  8.9302       3.4237      -18.908      -7.3076      -2.1232     
 
  ***** POST1 ELEMENT TABLE LISTING *****                                      
 
    STAT     CURRENT      CURRENT      CURRENT      CURRENT      CURRENT      CURRENT 
    ELEM     LS1          LS2          LS7          LS4          LS9          SMIS4   
     580 -0.38256E-002  11.293       3.2844      -17.350      -7.5742      -3.2996     
     581  0.42789E-002  14.060       2.5680      -14.867      -8.4767      -4.7562     
     582  0.10648E-001  17.341       1.0940      -10.926      -10.508      -6.4651     
     583  0.11474E-001  21.259      -1.3358      -4.6896      -14.473      -8.3551     
     584 -0.32731E-002  25.977      -4.9429       5.2063      -21.741      -10.308     
     585 -0.31210E-001  31.728      -9.8602       21.121      -34.589      -12.178     
     586 -0.44952       38.689      -16.730       46.941      -57.980      -13.857     
     587   1.2348       41.014      -14.447       83.277      -81.174      -17.255     
     589   1.2348      -22.111       41.111      -90.157       71.469       17.255     
     590 -0.44952     -0.53580       24.453      -60.828       55.169       13.857     
     591 -0.31210E-001  10.729       14.680      -36.574       32.835       12.178     
     592 -0.32730E-002  16.553       10.188      -20.686       19.832       10.308     
     593   95.549      0.24142E-001 0.12172       2.1710       2.9448     -0.27943     
     594   95.569      0.94700E-001 0.22317       1.9243       3.1881     -0.10451     
     595   95.600      0.17841      0.33744       1.6681       3.4513      0.19978     
     596   95.647      0.26276      0.45041       1.4484       3.6939      0.65695     
     597   95.720      0.32696      0.54209       1.3320       3.8556       1.2787     
     598   95.837      0.34194      0.58943       1.4057       3.8570       2.0578     
     599   96.022      0.27340      0.57298       1.7695       3.6061       2.9603     
     600   96.314      0.89482E-001 0.48789       2.5223       3.0151       3.9201     
     601   96.768     -0.22538      0.35781       3.7295       2.0337       4.8341     
     602   97.453     -0.65102      0.24496       5.3582      0.71992       5.5601     
     603   98.428      -1.1125      0.23475       7.1132     -0.61809       5.9218     
     604   99.668      -1.4829      0.31193       7.8945      -1.0762       5.7132     
     605   100.70      -1.7532      0.39417       2.9166       6.4417       4.1807     
     606   99.719      -1.5463       1.1019       3.1745       6.0833      0.85056     
     607   99.719       1.1019      -1.5463       6.0833       3.1745     -0.85056     
     608   100.70      0.39417      -1.7532       6.4417       2.9166      -4.1807     
     609   99.668      0.31193      -1.4829      -1.0762       7.8945      -5.7132     
     610   98.428      0.23475      -1.1125     -0.61810       7.1132      -5.9218     
     611  0.78075E-003-0.21906      0.25776      -38.530      -21.199      0.31308     
     612 -0.30751E-003  2.9514       2.3067      -38.396      -21.015      0.18813     
     613 -0.34605E-002  6.0900       4.3370      -37.981      -20.619     -0.59643E-001
     614 -0.10229E-001  9.2111       6.2842      -37.259      -20.013     -0.46428     
     615 -0.22945E-001  12.339       8.0625      -36.171      -19.221      -1.0549     
     616 -0.45020E-001  15.498       9.5663      -34.612      -18.290      -1.8495     
     617 -0.81317E-001  18.695       10.676      -32.426      -17.292      -2.8476     
     618 -0.13861       21.893       11.274      -29.402      -16.325      -4.0221     
     619 -0.22607       24.974       11.271      -25.304      -15.484      -5.3110     
     620 -0.35604       27.688       10.660      -19.942      -14.782      -6.6086     
     621 -0.54291       29.571       9.6254      -13.382      -13.918      -7.7549     
 
  ***** POST1 ELEMENT TABLE LISTING *****                                      
 
    STAT     CURRENT      CURRENT      CURRENT      CURRENT      CURRENT      CURRENT 
    ELEM     LS1          LS2          LS7          LS4          LS9          SMIS4   
     622 -0.80804       29.795       8.6942      -6.5122      -11.692      -8.5289     
     623  -1.2119       26.182       9.9338      -3.4648      -3.0308      -8.7125     
     624   2.1737       18.654       13.917      -7.7367       19.640      -6.6778     
     625   3.5385       18.452      -1.7124      -6.7161      0.62325     -0.10249E-005
     626   2.1737       19.263      -1.9633      -6.0639      -23.990       6.6778     
     627  -1.2119       22.284       9.5579      -14.175      -4.0636       8.7125     
     628 -0.80804       27.010       14.176      -14.163       3.3681       8.5289     
     629 -0.54291       31.255       16.320      -8.7567       4.4750       7.7549     
     630   80.046      0.13574E-001 0.66254E-001  4.7816       5.7447     -0.32620     
     631   80.057      0.52512E-001 0.12992       4.5027       6.0195     -0.19363     
     632   80.069      0.95270E-001 0.20110       4.1928       6.3350      0.38756E-001
     633   80.084      0.13219      0.26975       3.8823       6.6655      0.37994     
     634   80.105      0.14829      0.32182       3.6139       6.9737      0.82261     
     635   80.137      0.12382      0.34145       3.4385       7.2139       1.3365     
     636   80.186      0.37262E-001 0.31629       3.4068       7.3403       1.8637     
     637   80.256     -0.12769      0.24640       3.5551       7.3210       2.3200     
     638   80.352     -0.36980      0.15540       3.8836       7.1573       2.6050     
     639   80.465     -0.65296      0.96919E-001  4.3282       6.9068       2.6243     
     640   80.569     -0.89146      0.13566       4.6991       6.6955       2.3260     
     641   80.596     -0.96656      0.29304       4.3158       7.0693       1.7072     
     642   80.389     -0.76551      0.55636       1.7568       9.8745      0.74327     
     643   80.240     -0.55226E-001 0.64592       4.4334       7.7737      0.10991E-001
     644   80.240      0.64592     -0.55226E-001  7.7737       4.4334     -0.10989E-001
     645   80.389      0.55636     -0.76551       9.8745       1.7568     -0.74327     
     646   80.596      0.29304     -0.96656       7.0693       4.3158      -1.7072     
     647   80.569      0.13566     -0.89146       6.6955       4.6991      -2.3260     
     648  0.18414E-001-0.32196      0.36419      -51.353      -38.717      0.35764     
     649  0.20755E-001  3.9123       3.9861      -51.208      -38.453      0.25975     
     650  0.18867E-001  8.0795       7.6008      -50.694      -37.814      0.59003E-001
     651  0.96442E-002  12.167       11.141      -49.796      -36.785     -0.26633     
     652 -0.10993E-001  16.163       14.521      -48.481      -35.361     -0.72767     
     653 -0.48127E-001  20.050       17.640      -46.693      -33.543      -1.3190     
     654 -0.10774       23.783       20.382      -44.363      -31.342      -2.0099     
     655 -0.19637       27.279       22.633      -41.421      -28.769      -2.7405     
     656 -0.32015       30.397       24.284      -37.836      -25.817      -3.4203     
     657 -0.48252       32.938       25.253      -33.679      -22.446      -3.9345     
     658 -0.67586       34.668       25.502      -29.216      -18.552      -4.1568     
     659 -0.86131       35.306       25.131      -25.132      -13.863      -3.9760     
     660 -0.67483       34.511       24.676      -22.936      -7.3893      -3.2387     
     661   2.1472       34.848       21.516      -19.569      -5.5612      -1.5343     
     662   3.2884       37.346       19.554      -13.593      -7.1169     -0.10604E-005
 
  ***** POST1 ELEMENT TABLE LISTING *****                                      
 
    STAT     CURRENT      CURRENT      CURRENT      CURRENT      CURRENT      CURRENT 
    ELEM     LS1          LS2          LS7          LS4          LS9          SMIS4   
     663   2.1472       39.274       20.057      -7.4096      -9.5702       1.5343     
     664 -0.67483       41.180       23.652      -4.6137      -10.201       3.2387     
     665 -0.86131       43.201       28.162      -3.4422      -5.5347       3.9760     
     666 -0.67586       45.337       31.460      0.97034E-001 -2.1805       4.1568     
     667   53.216      0.16293E-001 0.18265E-001  7.4257       8.4879     -0.31736     
     668   53.218      0.31595E-001 0.52804E-001  7.1618       8.7451     -0.22761     
     669   53.213      0.45274E-001 0.92868E-001  6.8672       9.0390     -0.67972E-001
     670   53.201      0.51934E-001 0.13276       6.5655       9.3489      0.16149     
     671   53.181      0.44023E-001 0.16400       6.2895       9.6443      0.44453     
     672   53.151      0.12479E-001 0.17656       6.0781       9.8880      0.74362     
     673   53.112     -0.51297E-001 0.16201       5.9699       10.041      0.99867     
     674   53.062     -0.15134      0.11935       5.9935       10.070       1.1336     
     675   53.002     -0.28022      0.62592E-001  6.1570       9.9610       1.0760     
     676   52.931     -0.41001      0.25893E-001  6.4347       9.7210      0.79277     
     677   52.848     -0.48634      0.56082E-001  6.7266       9.4007      0.33317     
     678   52.749     -0.43512      0.18095       6.6244       9.3208     -0.15533     
     679   52.609     -0.18797      0.32938       5.3749       10.714     -0.46290     
     680   52.483      0.18216      0.34994       7.1156       9.3307     -0.24630     
     681   52.483      0.34994      0.18216       9.3307       7.1156      0.24630     
     682   52.609      0.32938     -0.18797       10.714       5.3749      0.46290     
     683   52.749      0.18095     -0.43512       9.3208       6.6244      0.15533     
     684   52.848      0.56081E-001-0.48634       9.4007       6.7266     -0.33317     
     685  0.37787E-001-0.40174      0.43146      -38.082      -51.784      0.36328     
     686  0.44558E-001  2.6644       5.1915      -38.042      -51.494      0.29618     
     687  0.45747E-001  5.6705       9.9414      -37.738      -50.729      0.15086     
     688  0.37196E-001  8.6047       14.609      -37.155      -49.470     -0.83681E-001
     689  0.13794E-001  11.456       19.106      -36.273      -47.709     -0.40571     
     690 -0.30260E-001  14.209       23.329      -35.058      -45.451     -0.79420     
     691 -0.10095       16.836       27.164      -33.475      -42.716      -1.2036     
     692 -0.20357       19.297       30.494      -31.500      -39.539      -1.5636     
     693 -0.34131       21.535       33.211      -29.131      -35.973      -1.7870     
     694 -0.51240       23.490       35.225      -26.419      -32.091      -1.7918     
     695 -0.70088       25.116       36.507      -23.483      -27.987      -1.5369     
     696 -0.82877       26.341       37.216      -20.632      -23.648      -1.0544     
     697 -0.44425       27.086       37.793      -18.513      -18.748     -0.43279     
     698   1.9418       28.390       37.956      -15.684      -15.034      0.86855E-001
     699   3.0012       30.375       37.991      -11.056      -13.827     -0.10008E-005
     700   1.9418       31.830       38.740      -6.2339      -12.881     -0.86857E-001
     701 -0.44425       32.649       41.002      -3.2288      -9.9307      0.43279     
     702 -0.82877       33.440       43.710      -1.1260      -5.8067       1.0544     
     703 -0.70088       34.334       45.956       1.8451      -2.0271       1.5369     
 
  ***** POST1 ELEMENT TABLE LISTING *****                                      
 
    STAT     CURRENT      CURRENT      CURRENT      CURRENT      CURRENT      CURRENT 
    ELEM     LS1          LS2          LS7          LS4          LS9          SMIS4   
     704   19.749      0.27343E-001-0.18717E-001  7.4406       8.4619     -0.22225     
     705   19.750      0.26912E-001-0.32483E-002  7.2321       8.6644     -0.17576     
     706   19.745      0.21650E-001 0.18001E-001  7.0045       8.8874     -0.90495E-001
     707   19.733      0.99936E-002 0.42933E-001  6.7769       9.1128      0.30976E-001
     708   19.712     -0.91638E-002 0.67389E-001  6.5746       9.3159      0.17506     
     709   19.683     -0.35919E-001 0.85230E-001  6.4271       9.4671      0.31409     
     710   19.645     -0.68642E-001 0.89407E-001  6.3627       9.5364      0.40622     
     711   19.601     -0.10315      0.74620E-001  6.4022       9.5003      0.40174     
     712   19.554     -0.13196      0.41716E-001  6.5495       9.3496      0.25981     
     713   19.510     -0.14410      0.27756E-002  6.7824       9.0986     -0.22317E-001
     714   19.473     -0.12631     -0.16026E-001  7.0274       8.7984     -0.37293     
     715   19.437     -0.63687E-001 0.10182E-001  7.0384       8.6726     -0.62897     
     716   19.361      0.44819E-001 0.50733E-001  6.4924       9.2549     -0.60754     
     717   19.279      0.11316      0.97078E-001  7.3633       8.5247     -0.24551     
     718   19.279      0.97078E-001 0.11316       8.5247       7.3633      0.24551     
     719   19.361      0.50732E-001 0.44819E-001  9.2549       6.4924      0.60755     
     720   19.437      0.10182E-001-0.63687E-001  8.6726       7.0384      0.62897     
     721   19.473     -0.16026E-001-0.12631       8.7984       7.0274      0.37293     
     722  0.56183E-001-0.45912      0.46170       38.738      -38.756      0.29928     
     723  0.66951E-001 -4.0572       4.0497       38.418      -38.572      0.26084     
     724  0.71047E-001 -7.6435       7.6307       37.793      -38.022      0.17082     
     725  0.63485E-001 -11.184       11.144       36.887      -37.090      0.24821E-001
     726  0.38357E-001 -14.646       14.515       35.735      -35.771     -0.17050     
     727 -0.10700E-001 -17.997       17.662       34.374      -34.079     -0.39255     
     728 -0.89727E-001 -21.210       20.499       32.838      -32.048     -0.59967     
     729 -0.20331      -24.255       22.953       31.147      -29.732     -0.73301     
     730 -0.35304      -27.095       24.971       29.301      -27.201     -0.72788     
     731 -0.53465      -29.685       26.541       27.275      -24.531     -0.53907     
     732 -0.72720      -31.980       27.709       25.013      -21.778     -0.17917     
     733 -0.82781      -33.990       28.653       22.369      -18.869      0.24763     
     734 -0.33064      -35.808       29.718       19.044      -15.469      0.54508     
     735   1.8075      -37.048       30.545       15.939      -12.709      0.47710     
     736   2.8108      -37.778       30.966       13.750      -11.271     -0.78349E-006
     737   1.8075      -38.626       31.568       11.604      -9.8981     -0.47710     
     738 -0.33064      -39.672       32.709       8.4283      -7.2526     -0.54508     
     739 -0.82781      -40.417       34.079       4.7130      -3.9631     -0.24763     
     740 -0.72720      -40.576       35.225       1.3957      -1.1279      0.17917     
     741   0.0000       0.0000       0.0000       0.0000       0.0000       0.0000     
     742   0.0000       0.0000       0.0000       0.0000       0.0000       0.0000     
     743   0.0000       0.0000       0.0000       0.0000       0.0000       0.0000     
     744   0.0000       0.0000       0.0000       0.0000       0.0000       0.0000     
 
  ***** POST1 ELEMENT TABLE LISTING *****                                      
 
    STAT     CURRENT      CURRENT      CURRENT      CURRENT      CURRENT      CURRENT 
    ELEM     LS1          LS2          LS7          LS4          LS9          SMIS4   
     745   0.0000       0.0000       0.0000       0.0000       0.0000       0.0000     
     746   0.0000       0.0000       0.0000       0.0000       0.0000       0.0000     
     747   0.0000       0.0000       0.0000       0.0000       0.0000       0.0000     
     748   0.0000       0.0000       0.0000       0.0000       0.0000       0.0000     
     749   0.0000       0.0000       0.0000       0.0000       0.0000       0.0000     
     750   0.0000       0.0000       0.0000       0.0000       0.0000       0.0000     
     751   0.0000       0.0000       0.0000       0.0000       0.0000       0.0000     
     752   0.0000       0.0000       0.0000       0.0000       0.0000       0.0000     
     753   0.0000       0.0000       0.0000       0.0000       0.0000       0.0000     
     754   0.0000       0.0000       0.0000       0.0000       0.0000       0.0000     
     755   0.0000       0.0000       0.0000       0.0000       0.0000       0.0000     
     756   0.0000       0.0000       0.0000       0.0000       0.0000       0.0000     
     757   0.0000       0.0000       0.0000       0.0000       0.0000       0.0000     
     758   0.0000       0.0000       0.0000       0.0000       0.0000       0.0000     
     759  0.71174E-001-0.60039      0.39777       226.06       38.056      0.15268     
     760  0.84620E-001 -20.520      -2.7685       224.93       37.861      0.13990     
     761  0.90414E-001 -40.279      -5.8929       222.09       37.440      0.10482     
     762  0.82959E-001 -59.721      -8.9814       217.58       36.817      0.46045E-001
     763  0.55779E-001 -78.699      -12.050       211.48       36.009     -0.32409E-001
     764  0.21404E-002 -97.070      -15.121       203.87       35.016     -0.11872     
     765 -0.83979E-001 -114.69      -18.207       194.79       33.815     -0.19181     
     766 -0.20656      -131.40      -21.301       184.31       32.364     -0.22259     
     767 -0.36586      -147.04      -24.360       172.44       30.612     -0.18029     
     768 -0.55545      -161.39      -27.302       159.20       28.513     -0.46517E-001
     769 -0.75064      -174.26      -30.006       144.60       26.066      0.16298     
     770 -0.83370      -185.53      -32.328       128.71       23.371      0.37396     
     771 -0.28214      -195.23      -34.143       111.72       20.621      0.45327     
     772   1.7387      -203.46      -35.710       94.212       17.416      0.31163     
     773   2.7110      -210.44      -37.253       76.593       13.559     -0.36535E-006
     774   1.7387      -216.42      -38.550       58.613       9.6123     -0.31163     
     775 -0.28214      -221.36      -39.410       39.910       6.1498     -0.45327     
     776 -0.83370      -224.86      -39.787       20.653       2.8763     -0.37396     
     777 -0.75064      -226.44      -39.741       1.2438     -0.68006     -0.16298     
    2953   226.63       8.3686      -18.323      -32.137       12.427      -1.9490     
    2954   226.63      -18.323       8.3686       12.427      -32.137       1.9490     
    2955 -0.95658       31.004      -24.658      -11.285       8.9747      0.20603E-006
    2956   265.30       3.3540      -17.111      -6.2371       1.3870      0.56380     
    2957   265.30      -17.111       3.3540       1.3870      -6.2371     -0.56380     
    2958  -3.2553       10.507       25.632      -3.8242      -9.3291      0.19049E-006
    2959   275.37      -5.6098      -9.2219      -1.7322      0.21917E-001 0.56041     
    2960   275.37      -9.2219      -5.6098      0.21918E-001 -1.7322     -0.56041     
 
  ***** POST1 ELEMENT TABLE LISTING *****                                      
 
    STAT     CURRENT      CURRENT      CURRENT      CURRENT      CURRENT      CURRENT 
    ELEM     LS1          LS2          LS7          LS4          LS9          SMIS4   
    2961  -3.6486       3.0414       12.470      -1.1070      -4.5386      0.14895E-006
    2962   278.47      -9.5880      -5.3450     -0.38478     -0.16893      0.20442     
    2963   278.47      -5.3450      -9.5880     -0.16893     -0.38478     -0.20442     
    2964  -3.7391       1.3983       4.8809     -0.50893      -1.7765      0.92321E-007
    2965   279.14      -10.453      -4.4445     -0.87576E-012 0.71242E-012 0.33823E-012
    2966   279.14      -4.4445      -10.453     -0.73695E-012 0.81985E-012 0.31745E-012
    2967  -3.7502       1.1690       2.0548     -0.42549     -0.74788      0.31058E-007
    2968   278.47      -9.5880      -5.3450      0.38478      0.16893     -0.20442     
    2969   278.47      -5.3450      -9.5880      0.16893      0.38478      0.20442     
    2970  -3.7502       2.0548       1.1690     -0.74788     -0.42549     -0.31059E-007
    2971   275.37      -5.6098      -9.2219       1.7322     -0.21917E-001-0.56041     
    2972   275.37      -9.2219      -5.6098     -0.21918E-001  1.7322      0.56041     
    2973  -3.7391       4.8809       1.3983      -1.7765     -0.50893     -0.92322E-007
    2974   265.30       3.3540      -17.111       6.2371      -1.3870     -0.56380     
    2975   265.30      -17.111       3.3540      -1.3870       6.2371      0.56380     
    2976  -3.6486       12.470       3.0414      -4.5386      -1.1070     -0.14895E-006
    2977   226.63       8.3686      -18.323       32.137      -12.427       1.9490     
    2978   226.63      -18.323       8.3686      -12.427       32.137      -1.9490     
    2979  -3.2553       25.632       10.507      -9.3291      -3.8242     -0.19049E-006
    2980 -0.95658      -24.658       31.004       8.9747      -11.285     -0.20603E-006

 MINIMUM VALUES
 ELEM       2967          777           74          589          256          587
 VALUE   -3.7502      -226.44      -226.44      -90.157      -90.157      -17.255     

 MAXIMUM VALUES
 ELEM       2966          148          703          759           56          254
 VALUE    279.14       45.956       45.956       226.06       226.06       17.255     

