
 PRINT ELEMENT TABLE ITEMS PER ELEMENT
 
  ***** POST1 ELEMENT TABLE LISTING *****                                      
 
    STAT     CURRENT      CURRENT      CURRENT      CURRENT      CURRENT      CURRENT 
    ELEM     LS1          LS2          LS7          LS4          LS9          SMIS4   
       1   0.0000       0.0000       0.0000       0.0000       0.0000       0.0000     
       2   0.0000       0.0000       0.0000       0.0000       0.0000       0.0000     
       3   0.0000       0.0000       0.0000       0.0000       0.0000       0.0000     
       4   0.0000       0.0000       0.0000       0.0000       0.0000       0.0000     
       5   0.0000       0.0000       0.0000       0.0000       0.0000       0.0000     
       6   0.0000       0.0000       0.0000       0.0000       0.0000       0.0000     
       7   0.0000       0.0000       0.0000       0.0000       0.0000       0.0000     
       8   0.0000       0.0000       0.0000       0.0000       0.0000       0.0000     
       9   0.0000       0.0000       0.0000       0.0000       0.0000       0.0000     
      10   0.0000       0.0000       0.0000       0.0000       0.0000       0.0000     
      11   0.0000       0.0000       0.0000       0.0000       0.0000       0.0000     
      12   0.0000       0.0000       0.0000       0.0000       0.0000       0.0000     
      13   0.0000       0.0000       0.0000       0.0000       0.0000       0.0000     
      14   0.0000       0.0000       0.0000       0.0000       0.0000       0.0000     
      15   0.0000       0.0000       0.0000       0.0000       0.0000       0.0000     
      16   0.0000       0.0000       0.0000       0.0000       0.0000       0.0000     
      17   0.0000       0.0000       0.0000       0.0000       0.0000       0.0000     
      18   0.0000       0.0000       0.0000       0.0000       0.0000       0.0000     
      38   19.730      0.16661E-001-0.10470E-001 -7.6307      -8.2822      0.13323     
      39   19.730      0.16145E-001-0.52606E-003 -7.5014      -8.4079      0.10219     
      40   19.727      0.12586E-001 0.12979E-001 -7.3614      -8.5454      0.46977E-001
      41   19.719      0.50393E-002 0.28698E-001 -7.2227      -8.6833     -0.30616E-001
      42   19.706     -0.71439E-002 0.43999E-001 -7.1011      -8.8059     -0.12190     
      43   19.688     -0.23971E-001 0.54995E-001 -7.0150      -8.8949     -0.20939     
      44   19.665     -0.44374E-001 0.57183E-001 -6.9819      -8.9318     -0.26671     
      45   19.638     -0.65724E-001 0.47022E-001 -7.0144      -8.9021     -0.26226     
      46   19.610     -0.83382E-001 0.24612E-001 -7.1144      -8.8007     -0.16917     
      47   19.583     -0.90611E-001-0.32659E-002 -7.2673      -8.6370      0.17086E-001
      48   19.561     -0.79609E-001-0.21248E-001 -7.4272      -8.4436      0.25651     
      49   19.540     -0.42653E-001-0.84843E-002 -7.4464      -8.3541      0.45110     
      50   19.496      0.27469E-001 0.31408E-001 -7.1212      -8.6932      0.46507     
      51   19.447      0.90991E-001 0.74243E-001 -7.5770      -8.3258      0.19668     
      52   19.447      0.74243E-001 0.90991E-001 -8.3258      -7.5770     -0.19668     
      53   19.496      0.31408E-001 0.27470E-001 -8.6932      -7.1212     -0.46507     
      54   19.540     -0.84844E-002-0.42653E-001 -8.3541      -7.4464     -0.45111     
      55   19.561     -0.21248E-001-0.79609E-001 -8.4436      -7.4272     -0.25651     
      56  0.44290E-001 0.25369     -0.38364       38.242       226.39     -0.92745E-001
      57  0.52209E-001 -2.9861      -20.251       38.069       225.37     -0.83567E-001
      58  0.55223E-001 -6.1916      -39.960       37.646       222.63     -0.60414E-001
      59  0.49894E-001 -9.3573      -59.360       36.989       218.21     -0.22519E-001
      60  0.32286E-001 -12.484      -78.302       36.110       212.18      0.27491E-001
 
  ***** POST1 ELEMENT TABLE LISTING *****                                      
 
    STAT     CURRENT      CURRENT      CURRENT      CURRENT      CURRENT      CURRENT 
    ELEM     LS1          LS2          LS7          LS4          LS9          SMIS4   
      61 -0.16260E-002 -15.576      -96.645       35.010       204.59      0.82121E-001
      62 -0.55339E-001 -18.633      -114.25       33.679       195.50      0.12811     
      63 -0.13098      -21.640      -130.96       32.095       184.97      0.14709     
      64 -0.22824      -24.561      -146.62       30.228       173.05      0.11937     
      65 -0.34258      -27.334      -161.07       28.057       159.77      0.32256E-001
      66 -0.45845      -29.875      -174.14       25.585       145.17     -0.10690     
      67 -0.50612      -32.084      -185.69       22.881       129.35     -0.25640     
      68 -0.18048      -33.881      -195.69       20.077       112.43     -0.33220     
      69   1.0218      -35.403      -204.20       16.962       94.841     -0.24493     
      70   1.6673      -36.819      -211.37       13.401       76.933      0.36512E-006
      71   1.0218      -38.024      -217.39       9.7631       58.603      0.24493     
      72 -0.18048      -38.860      -222.18       6.3979       39.663      0.33220     
      73 -0.50612      -39.286      -225.39       3.0954       20.272      0.25640     
      74 -0.45845      -39.331      -226.71     -0.39578      0.72552      0.10690     
      75   53.193      0.10822E-001 0.13344E-001 -7.6282      -8.3070      0.18862     
      76   53.194      0.20290E-001 0.35095E-001 -7.4651      -8.4663      0.12926     
      77   53.191      0.28647E-001 0.60127E-001 -7.2845      -8.6472      0.26370E-001
      78   53.185      0.32538E-001 0.84833E-001 -7.1014      -8.8362     -0.11958     
      79   53.173      0.27297E-001 0.10386      -6.9365      -9.0141     -0.29796     
      80   53.155      0.73404E-002 0.11086      -6.8139      -9.1579     -0.48485     
      81   53.133     -0.32645E-001 0.10035      -6.7572      -9.2435     -0.64208     
      82   53.104     -0.95261E-001 0.71263E-001 -6.7836      -9.2513     -0.72130     
      83   53.069     -0.17630      0.31609E-001 -6.8967      -9.1729     -0.67575     
      84   53.027     -0.25930      0.20251E-002 -7.0788      -9.0152     -0.48235     
      85   52.978     -0.31174      0.11785E-001 -7.2673      -8.8112     -0.17010     
      86   52.919     -0.29036      0.85521E-001 -7.2215      -8.7470      0.16850     
      87   52.835     -0.14888      0.22438      -6.4843      -9.5554      0.40477     
      88   52.759      0.14198      0.29503      -7.4019      -8.8631      0.24262     
      89   52.759      0.29503      0.14198      -8.8631      -7.4019     -0.24262     
      90   52.835      0.22438     -0.14888      -9.5554      -6.4843     -0.40477     
      91   52.919      0.85521E-001-0.29036      -8.7470      -7.2215     -0.16851     
      92   52.978      0.11784E-001-0.31174      -8.8112      -7.2673      0.17010     
      93  0.34932E-001 0.29607     -0.29496      -38.684       38.928     -0.18076     
      94  0.41250E-001  3.7982      -3.8260      -38.511       38.675     -0.15412     
      95  0.43295E-001  7.2849      -7.3395      -38.000       38.121     -0.95171E-001
      96  0.38004E-001  10.708      -10.804      -37.141       37.283     -0.14743E-002
      97  0.21790E-001  14.013      -14.191      -35.936       36.185      0.12250     
      98 -0.91538E-002  17.138      -17.471      -34.395       34.852      0.26229     
      99 -0.58347E-001  20.022      -20.617      -32.545       33.309      0.39150     
     100 -0.12831       22.613      -23.602      -30.425       31.573      0.47288     
     101 -0.21957       24.871      -26.395      -28.085       29.647      0.46503     
 
  ***** POST1 ELEMENT TABLE LISTING *****                                      
 
    STAT     CURRENT      CURRENT      CURRENT      CURRENT      CURRENT      CURRENT 
    ELEM     LS1          LS2          LS7          LS4          LS9          SMIS4   
     102 -0.32898       26.783      -28.960      -25.578       27.520      0.33767     
     103 -0.44326       28.372      -31.260      -22.943       25.164      0.95461E-001
     104 -0.50145       29.735      -33.290      -20.144       22.495     -0.19966     
     105 -0.20903       31.067      -35.093      -16.976       19.338     -0.42750     
     106   1.0572       32.177      -36.431      -14.087       16.199     -0.40286     
     107   1.7317       32.967      -37.362      -11.999       13.599      0.78141E-006
     108   1.0572       33.704      -38.320      -9.8912       11.008      0.40286     
     109 -0.20903       34.710      -39.313      -6.9650       7.7438      0.42751     
     110 -0.50145       35.726      -39.961      -3.6823       4.1663      0.19966     
     111 -0.44326       36.481      -40.122     -0.66156      0.81740     -0.95461E-001
     112   80.026      0.10633E-001 0.44262E-001 -4.9680      -5.5823      0.19179     
     113   80.033      0.35084E-001 0.84017E-001 -4.7967      -5.7516      0.10502     
     114   80.041      0.61713E-001 0.12808      -4.6085      -5.9439     -0.43769E-001
     115   80.052      0.84466E-001 0.17009      -4.4227      -6.1430     -0.25952     
     116   80.067      0.94015E-001 0.20116      -4.2662      -6.3249     -0.53685     
     117   80.089      0.78099E-001 0.21128      -4.1710      -6.4614     -0.85589     
     118   80.122      0.23333E-001 0.19246      -4.1680      -6.5242      -1.1796     
     119   80.171     -0.80600E-001 0.14420      -4.2784      -6.4947      -1.4544     
     120   80.236     -0.23352      0.80435E-001 -4.5001      -6.3762      -1.6167     
     121   80.313     -0.41427      0.34461E-001 -4.7894      -6.2088      -1.6076     
     122   80.384     -0.57072      0.50898E-001 -5.0256      -6.0756      -1.3972     
     123   80.406     -0.62492      0.14522      -4.8007      -6.3077      -1.0010     
     124   80.279     -0.52423      0.34456      -3.2735      -7.9590     -0.39967     
     125   80.188     -0.86646E-001 0.64809      -4.6725      -6.9239      0.14282     
     126   80.188      0.64809     -0.86646E-001 -6.9239      -4.6725     -0.14282     
     127   80.279      0.34456     -0.52423      -7.9590      -3.2735      0.39967     
     128   80.406      0.14522     -0.62492      -6.3077      -4.8007       1.0010     
     129   80.384      0.50897E-001-0.57072      -6.0756      -5.0256       1.3972     
     130  0.23464E-001 0.27729     -0.25835      -51.789      -38.003     -0.21808     
     131  0.27391E-001  4.9440       2.8971      -51.533      -37.922     -0.17253     
     132  0.27757E-001  9.5897       6.0070      -50.832      -37.567     -0.78081E-001
     133  0.22011E-001  14.157       9.0545      -49.679      -36.930      0.71656E-001
     134  0.70500E-002  18.577       12.024      -48.071      -35.999      0.27501     
     135 -0.20603E-001  22.774       14.895      -46.016      -34.757      0.51813     
     136 -0.64460E-001  26.667       17.644      -43.533      -33.185      0.77188     
     137 -0.12751       30.174       20.234      -40.651      -31.274      0.99139     
     138 -0.21134       33.219       22.623      -37.408      -29.030       1.1212     
     139 -0.31437       35.738       24.764      -33.857      -26.491       1.1088     
     140 -0.42639       37.703       26.622      -30.060      -23.740      0.92715     
     141 -0.50066       39.195       28.146      -26.023      -20.970      0.60123     
     142 -0.27547       40.453       29.279      -21.573      -18.565      0.19380     
 
  ***** POST1 ELEMENT TABLE LISTING *****                                      
 
    STAT     CURRENT      CURRENT      CURRENT      CURRENT      CURRENT      CURRENT 
    ELEM     LS1          LS2          LS7          LS4          LS9          SMIS4   
     143   1.1264       41.294       30.648      -17.648      -15.760     -0.18444     
     144   1.8573       41.995       32.413      -15.285      -11.797      0.99262E-006
     145   1.1264       42.977       33.608      -13.024      -7.6272      0.18444     
     146 -0.27547       44.856       34.362      -9.4769      -4.5987     -0.19380     
     147 -0.50066       46.753       35.041      -5.2592      -2.0281     -0.60123     
     148 -0.42639       48.205       35.653      -1.2076       1.0740     -0.92715     
     149   95.534      0.18950E-001 0.79879E-001 -2.3234      -2.8160      0.16223     
     150   95.547      0.63381E-001 0.14291      -2.1732      -2.9644      0.49202E-001
     151   95.566      0.11567      0.21324      -2.0199      -3.1224     -0.14389     
     152   95.596      0.16792      0.28186      -1.8930      -3.2641     -0.43074     
     153   95.643      0.20712      0.33611      -1.8345      -3.3509     -0.81742     
     154   95.717      0.21517      0.36141      -1.8989      -3.3330      -1.2979     
     155   95.834      0.17072      0.34535      -2.1484      -3.1529      -1.8496     
     156   96.020      0.53872E-001 0.28448      -2.6436      -2.7565      -2.4301     
     157   96.308     -0.14540      0.19311      -3.4237      -2.1142      -2.9752     
     158   96.743     -0.41526      0.11047      -4.4653      -1.2647      -3.3986     
     159   97.365     -0.70945      0.96057E-001 -5.5808     -0.41013      -3.5963     
     160   98.158     -0.94309      0.17714      -6.1074     -0.93192E-001 -3.4621     
     161   98.834      -1.0484      0.18752      -3.1192      -4.6806      -2.6856     
     162   98.200      -1.2061       1.1209      -2.7819      -4.9458     -0.64559     
     163   98.200       1.1209      -1.2061      -4.9458      -2.7819      0.64558     
     164   98.834      0.18752      -1.0484      -4.6806      -3.1192       2.6856     
     165   98.158      0.17714     -0.94310     -0.93190E-001 -6.1074       3.4621     
     166   97.365      0.96056E-001-0.70945     -0.41013      -5.5808       3.5963     
     167  0.11443E-001 0.23345     -0.20645      -38.765      -51.348     -0.21332     
     168  0.12752E-001  3.7643       4.1207      -38.545      -51.183     -0.14820     
     169  0.11395E-001  7.2790       8.3953      -37.982      -50.641     -0.18959E-001
     170  0.54706E-002  10.726       12.597      -37.068      -49.712      0.18726     
     171 -0.74965E-002  14.042       16.708      -35.804      -48.379      0.47665     
     172 -0.30562E-001  17.156       20.702      -34.195      -46.610      0.84434     
     173 -0.67287E-001  19.991       24.541      -32.254      -44.366       1.2701     
     174 -0.12150       22.468       28.161      -29.991      -41.612       1.7152     
     175 -0.19672       24.518       31.462      -27.407      -38.336       2.1224     
     176 -0.29474       26.086       34.308      -24.478      -34.593       2.4201     
     177 -0.41051       27.147       36.539      -21.136      -30.562       2.5313     
     178 -0.52030       27.744       37.977      -17.217      -26.677       2.3926     
     179 -0.41209       28.204       38.391      -12.134      -23.856       1.9683     
     180   1.2310       26.784       39.223      -9.7565      -20.301      0.95853     
     181   2.0509       25.592       41.529      -9.3147      -15.115      0.10339E-005
     182   1.2310       26.789       43.096      -9.7423      -9.6611     -0.95853     
     183 -0.41209       29.405       44.743      -8.8339      -6.4024      -1.9683     
 
  ***** POST1 ELEMENT TABLE LISTING *****                                      
 
    STAT     CURRENT      CURRENT      CURRENT      CURRENT      CURRENT      CURRENT 
    ELEM     LS1          LS2          LS7          LS4          LS9          SMIS4   
     184 -0.52030       32.320       46.239      -4.6444      -3.9753      -2.3926     
     185 -0.41051       34.381       47.635      -1.2585     -0.74996E-001 -2.5313     
     186   101.92      0.35748E-001 0.11810     -0.58643     -0.95585      0.12485     
     187   101.93      0.10514      0.20754     -0.46989      -1.0695     -0.44803E-002
     188   101.95      0.19135      0.30900     -0.36849      -1.1734     -0.22597     
     189   101.97      0.28649      0.41114     -0.32319      -1.2291     -0.56184     
     190   102.01      0.37639      0.49750     -0.39589      -1.1771      -1.0306     
     191   102.07      0.44038      0.54813     -0.67440     -0.93135      -1.6434     
     192   102.17      0.45284      0.54374      -1.2777     -0.37242      -2.3988     
     193   102.34      0.38772      0.47288      -2.3618      0.66014      -3.2788     
     194   102.65      0.22629      0.34140      -4.1274       2.3788      -4.2432     
     195   103.20     -0.32771E-001 0.18127      -6.8293       5.0696      -5.2269     
     196   104.26     -0.36545      0.50538E-001 -10.755       9.0781      -6.1425     
     197   106.34     -0.72774      0.87810E-002 -16.180       15.061      -6.9209     
     198   110.71      -1.0811     -0.16034      -21.748       21.986      -7.5108     
     199   118.70      -1.7830      -1.4409      -22.362       5.8942      -6.4480     
     200   118.70      -1.4409      -1.7830       5.8942      -22.362       6.4480     
     201   110.71     -0.16034      -1.0811       21.986      -21.748       7.5108     
     202   106.34      0.87804E-002-0.72774       15.061      -16.180       6.9209     
     203   104.26      0.50537E-001-0.36545       9.0781      -10.755       6.1425     
     204  0.56540E-003 0.16535     -0.14118      -21.261      -38.565     -0.18602     
     205 -0.84413E-004  2.1411       3.1059      -21.118      -38.427     -0.10447     
     206 -0.19870E-002  4.0978       6.3262      -20.784      -38.003      0.53248E-001
     207 -0.60741E-002  5.9898       9.5198      -20.262      -37.277      0.30738     
     208 -0.13742E-001  7.7589       12.693      -19.571      -36.213      0.67477     
     209 -0.27025E-001  9.3353       15.853      -18.743      -34.750       1.1649     
     210 -0.48823E-001  10.642       18.995      -17.829      -32.793       1.7755     
     211 -0.83172E-001  11.604       22.089      -16.894      -30.215       2.4878     
     212 -0.13557       12.168       25.055      -16.003      -26.872       3.2619     
     213 -0.21345       12.333       27.731      -15.167      -22.652       4.0327     
     214 -0.32583       12.220       29.821      -14.202      -17.600       4.7046     
     215 -0.48404       12.177       30.801      -12.348      -12.267       5.1470     
     216 -0.73772       13.396       29.391      -6.5220      -9.2116       5.2167     
     217   1.2051       17.066       25.013       8.7738      -10.964       4.6526     
     218   2.2369       4.8423       24.729      -1.7624      -9.0007      0.96457E-006
     219   1.2051       7.4339       26.209      -17.691      -7.6798      -4.6526     
     220 -0.73772       14.455       28.436      -3.6150      -11.836      -5.2167     
     221 -0.48404       17.265       31.480       1.6316      -10.401      -5.1470     
     222 -0.32583       18.490       34.157       3.0240      -5.6856      -4.7046     
     223   103.02      0.56173E-001 0.15605      0.27503     -0.52921E-001 0.10114     
     224   103.02      0.15235      0.27253      0.37507     -0.15071     -0.23538E-001
 
  ***** POST1 ELEMENT TABLE LISTING *****                                      
 
    STAT     CURRENT      CURRENT      CURRENT      CURRENT      CURRENT      CURRENT 
    ELEM     LS1          LS2          LS7          LS4          LS9          SMIS4   
     225   103.02      0.27631      0.40679      0.45715     -0.23547     -0.23890     
     226   103.02      0.42173      0.54564      0.48053     -0.26884     -0.57005     
     227   103.00      0.57560      0.66896      0.38260     -0.19051      -1.0405     
     228   102.97      0.71785      0.75082      0.72658E-001 0.88793E-001 -1.6680     
     229   102.92      0.82291      0.76280     -0.57541      0.69598      -2.4587     
     230   102.80      0.86449      0.68033      -1.7320       1.8068      -3.3982     
     231   102.59      0.82456      0.49122      -3.6233       3.6629      -4.4410     
     232   102.18      0.70670      0.20367      -6.5437       6.5902      -5.4984     
     233   101.36      0.55147     -0.15385      -10.876       11.093      -6.4293     
     234   99.668      0.44872     -0.56345      -16.781       17.252      -7.0066     
     235   96.032      0.52810      -1.1974      -25.489       31.384      -7.1213     
     238   96.032      -1.1974      0.52810       31.384      -25.489       7.1213     
     239   99.668     -0.56345      0.44872       17.252      -16.781       7.0066     
     240   101.36     -0.15385      0.55146       11.093      -10.876       6.4293     
     241 -0.83825E-002 0.11449     -0.10782      -8.1205      -21.221     -0.15667     
     242 -0.99790E-002 0.91386       1.6543      -8.0484      -21.147     -0.70136E-001
     243 -0.10811E-001  1.6917       3.4154      -7.9090      -20.925      0.96162E-001
     244 -0.10416E-001  2.4088       5.1978      -7.7231      -20.538      0.36705     
     245 -0.83836E-002  3.0116       7.0375      -7.5322      -19.946      0.76687     
     246 -0.44880E-002  3.4313       8.9835      -7.4104      -19.073       1.3163     
     247  0.11344E-002  3.5843       11.093      -7.4797      -17.786       2.0281     
     248  0.78119E-002  3.3725       13.431      -7.9356      -15.875       2.9013     
     249  0.14195E-001  2.6857       16.063      -9.0915      -13.011       3.9156     
     250  0.18355E-001  1.4024       19.073      -11.461      -8.6770       5.0245     
     251  0.15228E-001-0.61353       22.577      -15.931      -2.0096       6.1538     
     252  0.63161E-002 -3.4453       26.761      -24.015       8.5085       7.2100     
     253 -0.20072      -7.3870       31.842      -39.056       25.566       8.1056     
     254  0.53979      -6.7636       35.510      -55.764       49.313       8.9537     
     256  0.53979       30.663      -4.4954       47.065      -60.601      -8.9537     
     257 -0.20072       19.446       7.9593       34.667      -40.052      -8.1056     
     258  0.63161E-002  12.798       15.031       20.611      -23.719      -7.2100     
     259  0.15228E-001  9.7703       18.587       12.598      -12.973      -6.1538     
     260   101.94      0.72409E-001 0.19056      0.56061      0.19849      0.92644E-001
     261   101.93      0.19162      0.33206      0.66449      0.93989E-001-0.59465E-002
     262   101.92      0.34846      0.49742      0.76535     -0.13083E-001-0.17900     
     263   101.91      0.53812      0.67211      0.83618     -0.98808E-001-0.44759     
     264   101.88      0.74845      0.83295      0.83596     -0.12596     -0.83077     
     265   101.82      0.95897      0.94836      0.70759     -0.41994E-001 -1.3405     
     266   101.72       1.1413      0.98063      0.37807      0.22082      -1.9732     
     267   101.54       1.2619      0.89101     -0.23667      0.74033      -2.6960     
     268   101.24       1.2886      0.64784      -1.2163       1.5879      -3.4275     
 
  ***** POST1 ELEMENT TABLE LISTING *****                                      
 
    STAT     CURRENT      CURRENT      CURRENT      CURRENT      CURRENT      CURRENT 
    ELEM     LS1          LS2          LS7          LS4          LS9          SMIS4   
     269   100.77       1.1993      0.23632      -2.6002       2.7954      -4.0142     
     270   100.06      0.99073     -0.33617      -4.2696       4.2090      -4.2103     
     271   99.066      0.67111      -1.0560      -5.7987       5.7360      -3.7183     
     272   97.833      0.17728      -1.7437      -3.6778       1.9953      -2.2072     
     275   97.833      -1.7437      0.17728       1.9953      -3.6778       2.2072     
     276   99.066      -1.0560      0.67111       5.7360      -5.7987       3.7183     
     277   100.06     -0.33617      0.99073       4.2090      -4.2696       4.2103     
     278 -0.16226E-001 0.12007     -0.12881     -0.80133      -8.1559     -0.13555     
     279 -0.18483E-001 0.27881      0.49195     -0.76451      -8.1466     -0.60331E-001
     280 -0.17982E-001 0.42967       1.1143     -0.72776      -8.1068      0.86138E-001
     281 -0.12856E-001 0.54989       1.7658     -0.71539      -8.0356      0.32745     
     282 -0.80729E-003 0.60990       2.4872     -0.77071      -7.9170      0.68745     
     283  0.20841E-001 0.57606       3.3312     -0.96353      -7.7124       1.1867     
     284  0.55091E-001 0.41702       4.3561      -1.3982      -7.3536       1.8370     
     285  0.10528      0.11614       5.6156      -2.2200      -6.7421       2.6318     
     286  0.17528     -0.30600       7.1420      -3.6151      -5.7619       3.5332     
     287  0.26972     -0.75281       8.9213      -5.7883      -4.3284       4.4533     
     288  0.39497     -0.97926       10.854      -8.8682      -2.5191       5.2319     
     289  0.52493     -0.48847       12.629      -12.628      -1.0060       5.6128     
     290  0.78104       1.8726       13.806      -15.091      -1.7173       5.2123     
     291  -1.4629       8.2332       8.5741      -9.8266      -19.991       3.8825     
     293  -1.4629       12.623       19.418       2.2354       9.8028      -3.8825     
     294  0.78104       11.135       11.680       10.357      -7.5587      -5.2123     
     295  0.52493       7.7429       10.321       9.9876      -7.3471      -5.6128     
     296  0.39497       4.9502       9.9342       7.4229      -5.0473      -5.2319     
     297   100.49      0.80090E-001 0.21832      0.51922      0.15741      0.81242E-001
     298   100.49      0.21489      0.38019      0.61832      0.55666E-001 0.18550E-001
     299   100.50      0.39397      0.57128      0.72838     -0.62209E-001-0.94280E-001
     300   100.50      0.61313      0.77622      0.83672     -0.18636     -0.27108     
     301   100.50      0.85987      0.96954      0.92375     -0.30080     -0.52328     
     302   100.50       1.1113       1.1151      0.96280     -0.38324     -0.85517     
     303   100.47       1.3331       1.1669      0.92192     -0.40682      -1.2559     
     304   100.42       1.4793       1.0738      0.76927     -0.34502      -1.6867     
     305   100.33       1.4952      0.78686      0.48445     -0.18157      -2.0640     
     306   100.20       1.3228      0.27513      0.82056E-001 0.67619E-001 -2.2430     
     307   100.03      0.91079     -0.45146     -0.35001      0.35003      -2.0310     
     308   99.865      0.22565      -1.2848     -0.43035      0.36555      -1.2982     
     309   99.852     -0.70415      -1.8261       1.1558      -1.4406     -0.23202     
     312   99.852      -1.8261     -0.70415      -1.4406       1.1558      0.23202     
     313   99.865      -1.2848      0.22565      0.36555     -0.43035       1.2982     
     314   100.03     -0.45147      0.91079      0.35003     -0.35001       2.0310     
 
  ***** POST1 ELEMENT TABLE LISTING *****                                      
 
    STAT     CURRENT      CURRENT      CURRENT      CURRENT      CURRENT      CURRENT 
    ELEM     LS1          LS2          LS7          LS4          LS9          SMIS4   
     315 -0.23949E-001 0.15428     -0.15704       2.2667     -0.85499     -0.11570     
     316 -0.27440E-001 0.56635E-001-0.17988       2.3024     -0.87973     -0.63156E-001
     317 -0.26920E-001-0.30452E-001-0.21003       2.3169     -0.94486      0.42661E-001
     318 -0.19585E-001-0.11235     -0.22421       2.2917      -1.0648      0.21958     
     319 -0.19647E-002-0.19403     -0.18749       2.1977      -1.2488      0.48509     
     320  0.29968E-001-0.27625     -0.54372E-001  1.9927      -1.4975      0.85272     
     321  0.80552E-001-0.34932      0.22736       1.6234      -1.7999       1.3256     
     322  0.15403     -0.38440      0.70934       1.0316      -2.1363       1.8861     
     323  0.25382     -0.32299       1.4325      0.17222      -2.4891       2.4793     
     324  0.38110     -0.67883E-001  2.4175     -0.94985      -2.8682       2.9916     
     325  0.52749      0.51534       3.6521      -2.2098      -3.3638       3.2322     
     326  0.65629       1.5745       5.1124      -3.2105      -4.1850       2.9428     
     327  0.52908       3.3879       6.2083      -2.6305      -6.6222       1.9433     
     328  -1.6702       4.4451       8.5881      -1.9072      -6.8438      0.51460     
     330  -1.6702       4.6311       10.978      -1.3962     -0.27767     -0.51460     
     331  0.52908       4.2861       9.0125     -0.16261       1.0823      -1.9433     
     332  0.65629       3.2698       6.6064       1.4474     -0.80284E-001 -2.9428     
     333  0.52749       1.8152       4.9598       1.3615      0.22928      -3.2322     
     334   99.463      0.81256E-001 0.23635      0.30010      0.65255E-001 0.49831E-001
     335   99.481      0.22417      0.41150      0.36263      0.58457E-003 0.20949E-001
     336   99.506      0.41485      0.61953      0.43610     -0.78016E-001-0.32487E-001
     337   99.540      0.64914      0.84459      0.51610     -0.16764     -0.11708     
     338   99.583      0.91375       1.0597      0.59515     -0.26268     -0.23785     
     339   99.634       1.1835       1.2256      0.66254     -0.35446     -0.39547     
     340   99.691       1.4189       1.2905      0.70469     -0.43131     -0.58164     
     341   99.750       1.5643       1.1939      0.70665     -0.47933     -0.77189     
     342   99.808       1.5482      0.87482      0.65554     -0.48453     -0.91623     
     343   99.860       1.2888      0.29319      0.54736     -0.43620     -0.93334     
     344   99.904      0.71212     -0.52215      0.40588     -0.33701     -0.73051     
     345   99.947     -0.19144      -1.3696      0.38104     -0.26395     -0.29813     
     346   100.03      -1.2230      -1.7704       1.0313      -1.0355      0.16627     
     349   100.03      -1.7704      -1.2230      -1.0355       1.0313     -0.16628     
     350   99.947      -1.3696     -0.19144     -0.26395      0.38103      0.29813     
     351   99.904     -0.52215      0.71212     -0.33701      0.40588      0.73051     
     352 -0.30926E-001 0.15077     -0.12942       3.1402       2.2237     -0.82487E-001
     353 -0.36074E-001-0.34070E-001-0.39871       3.1841       2.2049     -0.54042E-001
     354 -0.36717E-001-0.20257     -0.67776       3.2018       2.1248      0.61408E-002
     355 -0.29579E-001-0.35057     -0.94802       3.1798       1.9638      0.10863     
     356 -0.10625E-001-0.47078      -1.1804       3.0989       1.7033      0.26336     
     357  0.24746E-001-0.55087      -1.3347       2.9352       1.3292      0.47693     
     358  0.81296E-001-0.57179      -1.3612       2.6630      0.83766      0.74776     
 
  ***** POST1 ELEMENT TABLE LISTING *****                                      
 
    STAT     CURRENT      CURRENT      CURRENT      CURRENT      CURRENT      CURRENT 
    ELEM     LS1          LS2          LS7          LS4          LS9          SMIS4   
     359  0.16325     -0.50773      -1.2050       2.2613      0.23946       1.0581     
     360  0.27309     -0.33042     -0.81521       1.7257     -0.43435       1.3621     
     361  0.40911     -0.21736E-001-0.15937       1.0855      -1.1306       1.5710     
     362  0.55820      0.39999      0.75812      0.42881      -1.7770       1.5473     
     363  0.66041      0.86664       1.8239     -0.31298E-001 -2.3666       1.1480     
     364  0.38326       1.3204       2.7152      0.18349      -3.1247      0.40413     
     365  -1.5644       1.1172       3.6107      0.23365      -3.0752     -0.28234     
     367  -1.5644      0.70563       4.7426     -0.89710      0.34875E-001 0.28234     
     368  0.38326      0.89354       4.0885     -0.98930      0.64834     -0.40413     
     369  0.66041      0.68400       2.9184     -0.53309      0.64051      -1.1480     
     370  0.55820      0.30774E-001  1.7230     -0.58559      0.87395      -1.5473     
     371   99.110      0.80836E-001 0.24259     -0.81042E-012 0.78930E-012 0.17202E-011
     372   99.133      0.22616      0.42235     -0.56279E-012 0.56336E-012-0.62310E-012
     373   99.167      0.42028      0.63628     -0.46682E-012 0.43904E-012 0.25673E-013
     374   99.212      0.65903      0.86837     -0.34069E-012 0.31794E-012-0.41480E-012
     375   99.272      0.92877       1.0911     -0.29023E-012 0.26928E-012-0.31390E-012
     376   99.345       1.2034       1.2640     -0.28872E-012 0.28140E-012-0.71842E-013
     377   99.430       1.4416       1.3333     -0.37576E-012 0.40059E-012-0.24892E-013
     378   99.525       1.5842       1.2349     -0.47020E-012 0.45456E-012-0.16436E-012
     379   99.624       1.5540      0.90343     -0.51580E-012 0.52226E-012-0.15072E-012
     380   99.719       1.2609      0.29617     -0.65735E-012 0.69389E-012 0.96914E-012
     381   99.802      0.62577     -0.54740     -0.66697E-012 0.72804E-012 0.14696E-011
     382   99.873     -0.34262      -1.3910     -0.45275E-012 0.53037E-012 0.97257E-012
     383   99.978      -1.3792      -1.7289     -0.14809E-012 0.25454E-012 0.32050E-012
     386   99.978      -1.7289      -1.3792      0.13550E-012-0.74081E-013-0.15383E-012
     387   99.873      -1.3910     -0.34263      0.18737E-012-0.13784E-012-0.19564E-012
     388   99.802     -0.54740      0.62577      0.14867E-012-0.11315E-012-0.71503E-012
     389 -0.35210E-001 0.77956E-001-0.35722E-001  3.2587       3.1180     -0.30406E-001
     390 -0.41541E-001-0.16296     -0.32861       3.2958       3.1287     -0.21774E-001
     391 -0.43254E-001-0.39499     -0.62407       3.2975       3.0877     -0.27421E-002
     392 -0.36870E-001-0.60902     -0.90831       3.2497       2.9776      0.30143E-001
     393 -0.18108E-001-0.79087      -1.1595       3.1357       2.7800      0.80042E-001
     394  0.17904E-001-0.92044      -1.3467       2.9380       2.4793      0.14883     
     395  0.76181E-001-0.97251      -1.4315       2.6422       2.0679      0.23536     
     396  0.16110     -0.92082      -1.3727       2.2435       1.5534      0.33249     
     397  0.27506     -0.74785      -1.1378       1.7552      0.96720      0.42284     
     398  0.41584     -0.46344     -0.72268       1.2194      0.37159      0.47375     
     399  0.56855     -0.13115     -0.18276      0.71723     -0.14469      0.43683     
     400  0.66462      0.11871      0.33297      0.37154     -0.51268      0.27140     
     401  0.32214      0.16691      0.55190      0.35129     -0.86447      0.15564E-001
     402  -1.4838     -0.12263      0.63395      0.37818     -0.77636     -0.15457     
 
  ***** POST1 ELEMENT TABLE LISTING *****                                      
 
    STAT     CURRENT      CURRENT      CURRENT      CURRENT      CURRENT      CURRENT 
    ELEM     LS1          LS2          LS7          LS4          LS9          SMIS4   
     404  -1.4838     -0.33703      0.98467     -0.21087      0.18723      0.15457     
     405  0.32214     -0.97945E-001 0.97845     -0.37639      0.30747     -0.15564E-001
     406  0.66462     -0.14788      0.58462     -0.36092      0.17871     -0.27140     
     407  0.56855     -0.56149     -0.46995E-001-0.46513      0.22831     -0.43683     
     408   99.463      0.81256E-001 0.23635     -0.30010     -0.65255E-001-0.49831E-001
     409   99.481      0.22417      0.41150     -0.36263     -0.58457E-003-0.20949E-001
     410   99.506      0.41485      0.61953     -0.43610      0.78016E-001 0.32487E-001
     411   99.540      0.64914      0.84459     -0.51610      0.16764      0.11708     
     412   99.583      0.91375       1.0597     -0.59515      0.26268      0.23785     
     413   99.634       1.1835       1.2256     -0.66254      0.35446      0.39547     
     414   99.691       1.4189       1.2905     -0.70469      0.43131      0.58164     
     415   99.750       1.5643       1.1939     -0.70665      0.47933      0.77189     
     416   99.808       1.5482      0.87482     -0.65554      0.48453      0.91623     
     417   99.860       1.2888      0.29319     -0.54736      0.43620      0.93334     
     418   99.904      0.71212     -0.52215     -0.40588      0.33701      0.73051     
     419   99.947     -0.19144      -1.3696     -0.38104      0.26395      0.29813     
     420   100.03      -1.2230      -1.7704      -1.0313       1.0355     -0.16627     
     423   100.03      -1.7704      -1.2230       1.0355      -1.0313      0.16628     
     424   99.947      -1.3696     -0.19144      0.26395     -0.38103     -0.29813     
     425   99.904     -0.52215      0.71212      0.33701     -0.40588     -0.73051     
     426 -0.35210E-001-0.35722E-001 0.77956E-001  3.1180       3.2587      0.30406E-001
     427 -0.41541E-001-0.32861     -0.16296       3.1287       3.2958      0.21774E-001
     428 -0.43254E-001-0.62407     -0.39499       3.0877       3.2975      0.27421E-002
     429 -0.36870E-001-0.90831     -0.60902       2.9776       3.2497     -0.30143E-001
     430 -0.18108E-001 -1.1595     -0.79087       2.7800       3.1357     -0.80042E-001
     431  0.17904E-001 -1.3467     -0.92044       2.4793       2.9380     -0.14883     
     432  0.76181E-001 -1.4315     -0.97251       2.0679       2.6422     -0.23536     
     433  0.16110      -1.3727     -0.92082       1.5534       2.2435     -0.33249     
     434  0.27506      -1.1378     -0.74785      0.96720       1.7552     -0.42284     
     435  0.41584     -0.72268     -0.46344      0.37159       1.2194     -0.47375     
     436  0.56855     -0.18276     -0.13115     -0.14469      0.71723     -0.43683     
     437  0.66462      0.33297      0.11871     -0.51268      0.37154     -0.27140     
     438  0.32214      0.55190      0.16691     -0.86447      0.35129     -0.15564E-001
     439  -1.4838      0.63395     -0.12263     -0.77636      0.37818      0.15457     
     441  -1.4838      0.98467     -0.33703      0.18723     -0.21087     -0.15457     
     442  0.32214      0.97845     -0.97945E-001 0.30747     -0.37639      0.15564E-001
     443  0.66462      0.58462     -0.14788      0.17871     -0.36092      0.27140     
     444  0.56855     -0.46995E-001-0.56149      0.22831     -0.46513      0.43683     
     445   100.49      0.80090E-001 0.21832     -0.51922     -0.15741     -0.81242E-001
     446   100.49      0.21489      0.38019     -0.61832     -0.55666E-001-0.18550E-001
     447   100.50      0.39397      0.57128     -0.72838      0.62209E-001 0.94280E-001
 
  ***** POST1 ELEMENT TABLE LISTING *****                                      
 
    STAT     CURRENT      CURRENT      CURRENT      CURRENT      CURRENT      CURRENT 
    ELEM     LS1          LS2          LS7          LS4          LS9          SMIS4   
     448   100.50      0.61313      0.77622     -0.83672      0.18636      0.27108     
     449   100.50      0.85987      0.96954     -0.92375      0.30080      0.52328     
     450   100.50       1.1113       1.1151     -0.96280      0.38324      0.85517     
     451   100.47       1.3331       1.1669     -0.92192      0.40682       1.2559     
     452   100.42       1.4793       1.0738     -0.76927      0.34502       1.6867     
     453   100.33       1.4952      0.78686     -0.48445      0.18157       2.0640     
     454   100.20       1.3228      0.27513     -0.82056E-001-0.67619E-001  2.2430     
     455   100.03      0.91079     -0.45146      0.35001     -0.35003       2.0310     
     456   99.865      0.22565      -1.2848      0.43035     -0.36555       1.2982     
     457   99.852     -0.70415      -1.8261      -1.1558       1.4406      0.23202     
     460   99.852      -1.8261     -0.70415       1.4406      -1.1558     -0.23202     
     461   99.865      -1.2848      0.22565     -0.36555      0.43035      -1.2982     
     462   100.03     -0.45147      0.91079     -0.35003      0.35001      -2.0310     
     463 -0.30926E-001-0.12942      0.15077       2.2237       3.1402      0.82487E-001
     464 -0.36074E-001-0.39871     -0.34070E-001  2.2049       3.1841      0.54042E-001
     465 -0.36717E-001-0.67776     -0.20257       2.1248       3.2018     -0.61408E-002
     466 -0.29579E-001-0.94802     -0.35057       1.9638       3.1798     -0.10863     
     467 -0.10625E-001 -1.1804     -0.47078       1.7033       3.0989     -0.26336     
     468  0.24746E-001 -1.3347     -0.55087       1.3292       2.9352     -0.47693     
     469  0.81296E-001 -1.3612     -0.57179      0.83766       2.6630     -0.74776     
     470  0.16325      -1.2050     -0.50773      0.23946       2.2613      -1.0581     
     471  0.27309     -0.81521     -0.33042     -0.43435       1.7257      -1.3621     
     472  0.40911     -0.15937     -0.21736E-001 -1.1306       1.0855      -1.5710     
     473  0.55820      0.75812      0.39999      -1.7770      0.42881      -1.5473     
     474  0.66041       1.8239      0.86664      -2.3666     -0.31298E-001 -1.1480     
     475  0.38326       2.7152       1.3204      -3.1247      0.18349     -0.40413     
     476  -1.5644       3.6107       1.1172      -3.0752      0.23365      0.28234     
     478  -1.5644       4.7426      0.70563      0.34875E-001-0.89710     -0.28234     
     479  0.38326       4.0885      0.89354      0.64834     -0.98930      0.40413     
     480  0.66041       2.9184      0.68400      0.64051     -0.53309       1.1480     
     481  0.55820       1.7230      0.30774E-001 0.87395     -0.58559       1.5473     
     482   101.94      0.72409E-001 0.19056     -0.56061     -0.19849     -0.92644E-001
     483   101.93      0.19162      0.33206     -0.66449     -0.93989E-001 0.59465E-002
     484   101.92      0.34846      0.49742     -0.76535      0.13083E-001 0.17900     
     485   101.91      0.53812      0.67211     -0.83618      0.98808E-001 0.44759     
     486   101.88      0.74845      0.83295     -0.83596      0.12596      0.83077     
     487   101.82      0.95897      0.94836     -0.70759      0.41994E-001  1.3405     
     488   101.72       1.1413      0.98063     -0.37807     -0.22082       1.9732     
     489   101.54       1.2619      0.89101      0.23667     -0.74033       2.6960     
     490   101.24       1.2886      0.64784       1.2163      -1.5879       3.4275     
     491   100.77       1.1993      0.23632       2.6002      -2.7954       4.0142     
 
  ***** POST1 ELEMENT TABLE LISTING *****                                      
 
    STAT     CURRENT      CURRENT      CURRENT      CURRENT      CURRENT      CURRENT 
    ELEM     LS1          LS2          LS7          LS4          LS9          SMIS4   
     492   100.06      0.99073     -0.33617       4.2696      -4.2090       4.2103     
     493   99.066      0.67111      -1.0560       5.7987      -5.7360       3.7183     
     494   97.833      0.17728      -1.7437       3.6778      -1.9953       2.2072     
     497   97.833      -1.7437      0.17728      -1.9953       3.6778      -2.2072     
     498   99.066      -1.0560      0.67111      -5.7360       5.7987      -3.7183     
     499   100.06     -0.33617      0.99073      -4.2090       4.2696      -4.2103     
     500 -0.23949E-001-0.15704      0.15428     -0.85499       2.2667      0.11570     
     501 -0.27440E-001-0.17988      0.56635E-001-0.87973       2.3024      0.63156E-001
     502 -0.26920E-001-0.21003     -0.30452E-001-0.94486       2.3169     -0.42661E-001
     503 -0.19585E-001-0.22421     -0.11235      -1.0648       2.2917     -0.21958     
     504 -0.19647E-002-0.18749     -0.19403      -1.2488       2.1977     -0.48509     
     505  0.29968E-001-0.54372E-001-0.27625      -1.4975       1.9927     -0.85272     
     506  0.80552E-001 0.22736     -0.34932      -1.7999       1.6234      -1.3256     
     507  0.15403      0.70934     -0.38440      -2.1363       1.0316      -1.8861     
     508  0.25382       1.4325     -0.32299      -2.4891      0.17222      -2.4793     
     509  0.38110       2.4175     -0.67883E-001 -2.8682     -0.94985      -2.9916     
     510  0.52749       3.6521      0.51534      -3.3638      -2.2098      -3.2322     
     511  0.65629       5.1124       1.5745      -4.1850      -3.2105      -2.9428     
     512  0.52908       6.2083       3.3879      -6.6222      -2.6305      -1.9433     
     513  -1.6702       8.5881       4.4451      -6.8438      -1.9072     -0.51460     
     515  -1.6702       10.978       4.6311     -0.27767      -1.3962      0.51460     
     516  0.52908       9.0125       4.2861       1.0823     -0.16261       1.9433     
     517  0.65629       6.6064       3.2698     -0.80284E-001  1.4474       2.9428     
     518  0.52749       4.9598       1.8152      0.22928       1.3615       3.2322     
     519   103.02      0.56173E-001 0.15605     -0.27503      0.52921E-001-0.10114     
     520   103.02      0.15235      0.27253     -0.37507      0.15071      0.23538E-001
     521   103.02      0.27631      0.40679     -0.45715      0.23547      0.23890     
     522   103.02      0.42173      0.54564     -0.48053      0.26884      0.57005     
     523   103.00      0.57560      0.66896     -0.38260      0.19051       1.0405     
     524   102.97      0.71785      0.75082     -0.72658E-001-0.88793E-001  1.6680     
     525   102.92      0.82291      0.76280      0.57541     -0.69598       2.4587     
     526   102.80      0.86449      0.68033       1.7320      -1.8068       3.3982     
     527   102.59      0.82456      0.49122       3.6233      -3.6629       4.4410     
     528   102.18      0.70670      0.20367       6.5437      -6.5902       5.4984     
     529   101.36      0.55147     -0.15385       10.876      -11.093       6.4293     
     530   99.668      0.44872     -0.56345       16.781      -17.252       7.0066     
     531   96.032      0.52810      -1.1974       25.489      -31.384       7.1213     
     534   96.032      -1.1974      0.52810      -31.384       25.489      -7.1213     
     535   99.668     -0.56345      0.44872      -17.252       16.781      -7.0066     
     536   101.36     -0.15385      0.55146      -11.093       10.876      -6.4293     
     537 -0.16226E-001-0.12881      0.12007      -8.1559     -0.80133      0.13555     
 
  ***** POST1 ELEMENT TABLE LISTING *****                                      
 
    STAT     CURRENT      CURRENT      CURRENT      CURRENT      CURRENT      CURRENT 
    ELEM     LS1          LS2          LS7          LS4          LS9          SMIS4   
     538 -0.18483E-001 0.49195      0.27881      -8.1466     -0.76451      0.60331E-001
     539 -0.17982E-001  1.1143      0.42967      -8.1068     -0.72776     -0.86138E-001
     540 -0.12856E-001  1.7658      0.54989      -8.0356     -0.71539     -0.32745     
     541 -0.80729E-003  2.4872      0.60990      -7.9170     -0.77071     -0.68745     
     542  0.20841E-001  3.3312      0.57606      -7.7124     -0.96353      -1.1867     
     543  0.55091E-001  4.3561      0.41702      -7.3536      -1.3982      -1.8370     
     544  0.10528       5.6156      0.11614      -6.7421      -2.2200      -2.6318     
     545  0.17528       7.1420     -0.30600      -5.7619      -3.6151      -3.5332     
     546  0.26972       8.9213     -0.75281      -4.3284      -5.7883      -4.4533     
     547  0.39497       10.854     -0.97926      -2.5191      -8.8682      -5.2319     
     548  0.52493       12.629     -0.48847      -1.0060      -12.628      -5.6128     
     549  0.78104       13.806       1.8726      -1.7173      -15.091      -5.2123     
     550  -1.4629       8.5741       8.2332      -19.991      -9.8266      -3.8825     
     552  -1.4629       19.418       12.623       9.8028       2.2354       3.8825     
     553  0.78104       11.680       11.135      -7.5587       10.357       5.2123     
     554  0.52493       10.321       7.7429      -7.3471       9.9876       5.6128     
     555  0.39497       9.9342       4.9502      -5.0473       7.4229       5.2319     
     556   101.92      0.35748E-001 0.11810      0.58643      0.95585     -0.12485     
     557   101.93      0.10514      0.20754      0.46989       1.0695      0.44803E-002
     558   101.95      0.19135      0.30900      0.36849       1.1734      0.22597     
     559   101.97      0.28649      0.41114      0.32319       1.2291      0.56184     
     560   102.01      0.37639      0.49750      0.39589       1.1771       1.0306     
     561   102.07      0.44038      0.54813      0.67440      0.93135       1.6434     
     562   102.17      0.45284      0.54374       1.2777      0.37242       2.3988     
     563   102.34      0.38772      0.47288       2.3618     -0.66014       3.2788     
     564   102.65      0.22629      0.34140       4.1274      -2.3788       4.2432     
     565   103.20     -0.32771E-001 0.18127       6.8293      -5.0696       5.2269     
     566   104.26     -0.36545      0.50538E-001  10.755      -9.0781       6.1425     
     567   106.34     -0.72774      0.87810E-002  16.180      -15.061       6.9209     
     568   110.71      -1.0811     -0.16034       21.748      -21.986       7.5108     
     569   118.70      -1.7830      -1.4409       22.362      -5.8942       6.4480     
     570   118.70      -1.4409      -1.7830      -5.8942       22.362      -6.4480     
     571   110.71     -0.16034      -1.0811      -21.986       21.748      -7.5108     
     572   106.34      0.87804E-002-0.72774      -15.061       16.180      -6.9209     
     573   104.26      0.50537E-001-0.36545      -9.0781       10.755      -6.1425     
     574 -0.83825E-002-0.10782      0.11449      -21.221      -8.1205      0.15667     
     575 -0.99790E-002  1.6543      0.91386      -21.147      -8.0484      0.70136E-001
     576 -0.10811E-001  3.4154       1.6917      -20.925      -7.9090     -0.96162E-001
     577 -0.10416E-001  5.1978       2.4088      -20.538      -7.7231     -0.36705     
     578 -0.83836E-002  7.0375       3.0116      -19.946      -7.5322     -0.76687     
     579 -0.44880E-002  8.9835       3.4313      -19.073      -7.4104      -1.3163     
 
  ***** POST1 ELEMENT TABLE LISTING *****                                      
 
    STAT     CURRENT      CURRENT      CURRENT      CURRENT      CURRENT      CURRENT 
    ELEM     LS1          LS2          LS7          LS4          LS9          SMIS4   
     580  0.11344E-002  11.093       3.5843      -17.786      -7.4797      -2.0281     
     581  0.78119E-002  13.431       3.3725      -15.875      -7.9356      -2.9013     
     582  0.14195E-001  16.063       2.6857      -13.011      -9.0915      -3.9156     
     583  0.18355E-001  19.073       1.4024      -8.6770      -11.461      -5.0245     
     584  0.15228E-001  22.577     -0.61353      -2.0096      -15.931      -6.1538     
     585  0.63161E-002  26.761      -3.4453       8.5085      -24.015      -7.2100     
     586 -0.20072       31.842      -7.3870       25.566      -39.056      -8.1056     
     587  0.53979       35.510      -6.7636       49.313      -55.764      -8.9537     
     589  0.53979      -4.4954       30.663      -60.601       47.065       8.9537     
     590 -0.20072       7.9593       19.446      -40.052       34.667       8.1056     
     591  0.63161E-002  15.031       12.798      -23.719       20.611       7.2100     
     592  0.15228E-001  18.587       9.7703      -12.973       12.598       6.1538     
     593   95.534      0.18950E-001 0.79879E-001  2.3234       2.8160     -0.16223     
     594   95.547      0.63381E-001 0.14291       2.1732       2.9644     -0.49202E-001
     595   95.566      0.11567      0.21324       2.0199       3.1224      0.14389     
     596   95.596      0.16792      0.28186       1.8930       3.2641      0.43074     
     597   95.643      0.20712      0.33611       1.8345       3.3509      0.81742     
     598   95.717      0.21517      0.36141       1.8989       3.3330       1.2979     
     599   95.834      0.17072      0.34535       2.1484       3.1529       1.8496     
     600   96.020      0.53872E-001 0.28448       2.6436       2.7565       2.4301     
     601   96.308     -0.14540      0.19311       3.4237       2.1142       2.9752     
     602   96.743     -0.41526      0.11047       4.4653       1.2647       3.3986     
     603   97.365     -0.70945      0.96057E-001  5.5808      0.41013       3.5963     
     604   98.158     -0.94309      0.17714       6.1074      0.93192E-001  3.4621     
     605   98.834      -1.0484      0.18752       3.1192       4.6806       2.6856     
     606   98.200      -1.2061       1.1209       2.7819       4.9458      0.64559     
     607   98.200       1.1209      -1.2061       4.9458       2.7819     -0.64558     
     608   98.834      0.18752      -1.0484       4.6806       3.1192      -2.6856     
     609   98.158      0.17714     -0.94310      0.93190E-001  6.1074      -3.4621     
     610   97.365      0.96056E-001-0.70945      0.41013       5.5808      -3.5963     
     611  0.56540E-003-0.14118      0.16535      -38.565      -21.261      0.18602     
     612 -0.84413E-004  3.1059       2.1411      -38.427      -21.118      0.10447     
     613 -0.19870E-002  6.3262       4.0978      -38.003      -20.784     -0.53248E-001
     614 -0.60741E-002  9.5198       5.9898      -37.277      -20.262     -0.30738     
     615 -0.13742E-001  12.693       7.7589      -36.213      -19.571     -0.67477     
     616 -0.27025E-001  15.853       9.3353      -34.750      -18.743      -1.1649     
     617 -0.48823E-001  18.995       10.642      -32.793      -17.829      -1.7755     
     618 -0.83172E-001  22.089       11.604      -30.215      -16.894      -2.4878     
     619 -0.13557       25.055       12.168      -26.872      -16.003      -3.2619     
     620 -0.21345       27.731       12.333      -22.652      -15.167      -4.0327     
     621 -0.32583       29.821       12.220      -17.600      -14.202      -4.7046     
 
  ***** POST1 ELEMENT TABLE LISTING *****                                      
 
    STAT     CURRENT      CURRENT      CURRENT      CURRENT      CURRENT      CURRENT 
    ELEM     LS1          LS2          LS7          LS4          LS9          SMIS4   
     622 -0.48404       30.801       12.177      -12.267      -12.348      -5.1470     
     623 -0.73772       29.391       13.396      -9.2116      -6.5220      -5.2167     
     624   1.2051       25.013       17.066      -10.964       8.7738      -4.6526     
     625   2.2369       24.729       4.8423      -9.0007      -1.7624     -0.96457E-006
     626   1.2051       26.209       7.4339      -7.6798      -17.691       4.6526     
     627 -0.73772       28.436       14.455      -11.836      -3.6150       5.2167     
     628 -0.48404       31.480       17.265      -10.401       1.6316       5.1470     
     629 -0.32583       34.157       18.490      -5.6856       3.0240       4.7046     
     630   80.026      0.10633E-001 0.44262E-001  4.9680       5.5823     -0.19179     
     631   80.033      0.35084E-001 0.84017E-001  4.7967       5.7516     -0.10502     
     632   80.041      0.61713E-001 0.12808       4.6085       5.9439      0.43769E-001
     633   80.052      0.84466E-001 0.17009       4.4227       6.1430      0.25952     
     634   80.067      0.94015E-001 0.20116       4.2662       6.3249      0.53685     
     635   80.089      0.78099E-001 0.21128       4.1710       6.4614      0.85589     
     636   80.122      0.23333E-001 0.19246       4.1680       6.5242       1.1796     
     637   80.171     -0.80600E-001 0.14420       4.2784       6.4947       1.4544     
     638   80.236     -0.23352      0.80435E-001  4.5001       6.3762       1.6167     
     639   80.313     -0.41427      0.34461E-001  4.7894       6.2088       1.6076     
     640   80.384     -0.57072      0.50898E-001  5.0256       6.0756       1.3972     
     641   80.406     -0.62492      0.14522       4.8007       6.3077       1.0010     
     642   80.279     -0.52423      0.34456       3.2735       7.9590      0.39967     
     643   80.188     -0.86646E-001 0.64809       4.6725       6.9239     -0.14282     
     644   80.188      0.64809     -0.86646E-001  6.9239       4.6725      0.14282     
     645   80.279      0.34456     -0.52423       7.9590       3.2735     -0.39967     
     646   80.406      0.14522     -0.62492       6.3077       4.8007      -1.0010     
     647   80.384      0.50897E-001-0.57072       6.0756       5.0256      -1.3972     
     648  0.11443E-001-0.20645      0.23345      -51.348      -38.765      0.21332     
     649  0.12752E-001  4.1207       3.7643      -51.183      -38.545      0.14820     
     650  0.11395E-001  8.3953       7.2790      -50.641      -37.982      0.18959E-001
     651  0.54706E-002  12.597       10.726      -49.712      -37.068     -0.18726     
     652 -0.74965E-002  16.708       14.042      -48.379      -35.804     -0.47665     
     653 -0.30562E-001  20.702       17.156      -46.610      -34.195     -0.84434     
     654 -0.67287E-001  24.541       19.991      -44.366      -32.254      -1.2701     
     655 -0.12150       28.161       22.468      -41.612      -29.991      -1.7152     
     656 -0.19672       31.462       24.518      -38.336      -27.407      -2.1224     
     657 -0.29474       34.308       26.086      -34.593      -24.478      -2.4201     
     658 -0.41051       36.539       27.147      -30.562      -21.136      -2.5313     
     659 -0.52030       37.977       27.744      -26.677      -17.217      -2.3926     
     660 -0.41209       38.391       28.204      -23.856      -12.134      -1.9683     
     661   1.2310       39.223       26.784      -20.301      -9.7565     -0.95853     
     662   2.0509       41.529       25.592      -15.115      -9.3147     -0.10339E-005
 
  ***** POST1 ELEMENT TABLE LISTING *****                                      
 
    STAT     CURRENT      CURRENT      CURRENT      CURRENT      CURRENT      CURRENT 
    ELEM     LS1          LS2          LS7          LS4          LS9          SMIS4   
     663   1.2310       43.096       26.789      -9.6611      -9.7423      0.95853     
     664 -0.41209       44.743       29.405      -6.4024      -8.8339       1.9683     
     665 -0.52030       46.239       32.320      -3.9753      -4.6444       2.3926     
     666 -0.41051       47.635       34.381     -0.74996E-001 -1.2585       2.5313     
     667   53.193      0.10822E-001 0.13344E-001  7.6282       8.3070     -0.18862     
     668   53.194      0.20290E-001 0.35095E-001  7.4651       8.4663     -0.12926     
     669   53.191      0.28647E-001 0.60127E-001  7.2845       8.6472     -0.26370E-001
     670   53.185      0.32538E-001 0.84833E-001  7.1014       8.8362      0.11958     
     671   53.173      0.27297E-001 0.10386       6.9365       9.0141      0.29796     
     672   53.155      0.73404E-002 0.11086       6.8139       9.1579      0.48485     
     673   53.133     -0.32645E-001 0.10035       6.7572       9.2435      0.64208     
     674   53.104     -0.95261E-001 0.71263E-001  6.7836       9.2513      0.72130     
     675   53.069     -0.17630      0.31609E-001  6.8967       9.1729      0.67575     
     676   53.027     -0.25930      0.20251E-002  7.0788       9.0152      0.48235     
     677   52.978     -0.31174      0.11785E-001  7.2673       8.8112      0.17010     
     678   52.919     -0.29036      0.85521E-001  7.2215       8.7470     -0.16850     
     679   52.835     -0.14888      0.22438       6.4843       9.5554     -0.40477     
     680   52.759      0.14198      0.29503       7.4019       8.8631     -0.24262     
     681   52.759      0.29503      0.14198       8.8631       7.4019      0.24262     
     682   52.835      0.22438     -0.14888       9.5554       6.4843      0.40477     
     683   52.919      0.85521E-001-0.29036       8.7470       7.2215      0.16851     
     684   52.978      0.11784E-001-0.31174       8.8112       7.2673     -0.17010     
     685  0.23464E-001-0.25835      0.27729      -38.003      -51.789      0.21808     
     686  0.27391E-001  2.8971       4.9440      -37.922      -51.533      0.17253     
     687  0.27757E-001  6.0070       9.5897      -37.567      -50.832      0.78081E-001
     688  0.22011E-001  9.0545       14.157      -36.930      -49.679     -0.71656E-001
     689  0.70500E-002  12.024       18.577      -35.999      -48.071     -0.27501     
     690 -0.20603E-001  14.895       22.774      -34.757      -46.016     -0.51813     
     691 -0.64460E-001  17.644       26.667      -33.185      -43.533     -0.77188     
     692 -0.12751       20.234       30.174      -31.274      -40.651     -0.99139     
     693 -0.21134       22.623       33.219      -29.030      -37.408      -1.1212     
     694 -0.31437       24.764       35.738      -26.491      -33.857      -1.1088     
     695 -0.42639       26.622       37.703      -23.740      -30.060     -0.92715     
     696 -0.50066       28.146       39.195      -20.970      -26.023     -0.60123     
     697 -0.27547       29.279       40.453      -18.565      -21.573     -0.19380     
     698   1.1264       30.648       41.294      -15.760      -17.648      0.18444     
     699   1.8573       32.413       41.995      -11.797      -15.285     -0.99262E-006
     700   1.1264       33.608       42.977      -7.6272      -13.024     -0.18444     
     701 -0.27547       34.362       44.856      -4.5987      -9.4769      0.19380     
     702 -0.50066       35.041       46.753      -2.0281      -5.2592      0.60123     
     703 -0.42639       35.653       48.205       1.0740      -1.2076      0.92715     
 
  ***** POST1 ELEMENT TABLE LISTING *****                                      
 
    STAT     CURRENT      CURRENT      CURRENT      CURRENT      CURRENT      CURRENT 
    ELEM     LS1          LS2          LS7          LS4          LS9          SMIS4   
     704   19.730      0.16661E-001-0.10470E-001  7.6307       8.2822     -0.13323     
     705   19.730      0.16145E-001-0.52606E-003  7.5014       8.4079     -0.10219     
     706   19.727      0.12586E-001 0.12979E-001  7.3614       8.5454     -0.46977E-001
     707   19.719      0.50393E-002 0.28698E-001  7.2227       8.6833      0.30616E-001
     708   19.706     -0.71439E-002 0.43999E-001  7.1011       8.8059      0.12190     
     709   19.688     -0.23971E-001 0.54995E-001  7.0150       8.8949      0.20939     
     710   19.665     -0.44374E-001 0.57183E-001  6.9819       8.9318      0.26671     
     711   19.638     -0.65724E-001 0.47022E-001  7.0144       8.9021      0.26226     
     712   19.610     -0.83382E-001 0.24612E-001  7.1144       8.8007      0.16917     
     713   19.583     -0.90611E-001-0.32659E-002  7.2673       8.6370     -0.17086E-001
     714   19.561     -0.79609E-001-0.21248E-001  7.4272       8.4436     -0.25651     
     715   19.540     -0.42653E-001-0.84843E-002  7.4464       8.3541     -0.45110     
     716   19.496      0.27469E-001 0.31408E-001  7.1212       8.6932     -0.46507     
     717   19.447      0.90991E-001 0.74243E-001  7.5770       8.3258     -0.19668     
     718   19.447      0.74243E-001 0.90991E-001  8.3258       7.5770      0.19668     
     719   19.496      0.31408E-001 0.27470E-001  8.6932       7.1212      0.46507     
     720   19.540     -0.84844E-002-0.42653E-001  8.3541       7.4464      0.45111     
     721   19.561     -0.21248E-001-0.79609E-001  8.4436       7.4272      0.25651     
     722  0.34932E-001-0.29496      0.29607       38.928      -38.684      0.18076     
     723  0.41250E-001 -3.8260       3.7982       38.675      -38.511      0.15412     
     724  0.43295E-001 -7.3395       7.2849       38.121      -38.000      0.95171E-001
     725  0.38004E-001 -10.804       10.708       37.283      -37.141      0.14743E-002
     726  0.21790E-001 -14.191       14.013       36.185      -35.936     -0.12250     
     727 -0.91538E-002 -17.471       17.138       34.852      -34.395     -0.26229     
     728 -0.58347E-001 -20.617       20.022       33.309      -32.545     -0.39150     
     729 -0.12831      -23.602       22.613       31.573      -30.425     -0.47288     
     730 -0.21957      -26.395       24.871       29.647      -28.085     -0.46503     
     731 -0.32898      -28.960       26.783       27.520      -25.578     -0.33767     
     732 -0.44326      -31.260       28.372       25.164      -22.943     -0.95461E-001
     733 -0.50145      -33.290       29.735       22.495      -20.144      0.19966     
     734 -0.20903      -35.093       31.067       19.338      -16.976      0.42750     
     735   1.0572      -36.431       32.177       16.199      -14.087      0.40286     
     736   1.7317      -37.362       32.967       13.599      -11.999     -0.78141E-006
     737   1.0572      -38.320       33.704       11.008      -9.8912     -0.40286     
     738 -0.20903      -39.313       34.710       7.7438      -6.9650     -0.42751     
     739 -0.50145      -39.961       35.726       4.1663      -3.6823     -0.19966     
     740 -0.44326      -40.122       36.481      0.81740     -0.66156      0.95461E-001
     741   0.0000       0.0000       0.0000       0.0000       0.0000       0.0000     
     742   0.0000       0.0000       0.0000       0.0000       0.0000       0.0000     
     743   0.0000       0.0000       0.0000       0.0000       0.0000       0.0000     
     744   0.0000       0.0000       0.0000       0.0000       0.0000       0.0000     
 
  ***** POST1 ELEMENT TABLE LISTING *****                                      
 
    STAT     CURRENT      CURRENT      CURRENT      CURRENT      CURRENT      CURRENT 
    ELEM     LS1          LS2          LS7          LS4          LS9          SMIS4   
     745   0.0000       0.0000       0.0000       0.0000       0.0000       0.0000     
     746   0.0000       0.0000       0.0000       0.0000       0.0000       0.0000     
     747   0.0000       0.0000       0.0000       0.0000       0.0000       0.0000     
     748   0.0000       0.0000       0.0000       0.0000       0.0000       0.0000     
     749   0.0000       0.0000       0.0000       0.0000       0.0000       0.0000     
     750   0.0000       0.0000       0.0000       0.0000       0.0000       0.0000     
     751   0.0000       0.0000       0.0000       0.0000       0.0000       0.0000     
     752   0.0000       0.0000       0.0000       0.0000       0.0000       0.0000     
     753   0.0000       0.0000       0.0000       0.0000       0.0000       0.0000     
     754   0.0000       0.0000       0.0000       0.0000       0.0000       0.0000     
     755   0.0000       0.0000       0.0000       0.0000       0.0000       0.0000     
     756   0.0000       0.0000       0.0000       0.0000       0.0000       0.0000     
     757   0.0000       0.0000       0.0000       0.0000       0.0000       0.0000     
     758   0.0000       0.0000       0.0000       0.0000       0.0000       0.0000     
     759  0.44290E-001-0.38364      0.25369       226.39       38.242      0.92745E-001
     760  0.52209E-001 -20.251      -2.9861       225.37       38.069      0.83567E-001
     761  0.55223E-001 -39.960      -6.1916       222.63       37.646      0.60414E-001
     762  0.49894E-001 -59.360      -9.3573       218.21       36.989      0.22519E-001
     763  0.32286E-001 -78.302      -12.484       212.18       36.110     -0.27491E-001
     764 -0.16260E-002 -96.645      -15.576       204.59       35.010     -0.82121E-001
     765 -0.55339E-001 -114.25      -18.633       195.50       33.679     -0.12811     
     766 -0.13098      -130.96      -21.640       184.97       32.095     -0.14709     
     767 -0.22824      -146.62      -24.561       173.05       30.228     -0.11937     
     768 -0.34258      -161.07      -27.334       159.77       28.057     -0.32256E-001
     769 -0.45845      -174.14      -29.875       145.17       25.585      0.10690     
     770 -0.50612      -185.69      -32.084       129.35       22.881      0.25640     
     771 -0.18048      -195.69      -33.881       112.43       20.077      0.33220     
     772   1.0218      -204.20      -35.403       94.841       16.962      0.24493     
     773   1.6673      -211.37      -36.819       76.933       13.401     -0.36513E-006
     774   1.0218      -217.39      -38.024       58.603       9.7631     -0.24493     
     775 -0.18048      -222.18      -38.860       39.663       6.3979     -0.33220     
     776 -0.50612      -225.39      -39.286       20.272       3.0954     -0.25640     
     777 -0.45845      -226.71      -39.331      0.72552     -0.39578     -0.10690     
    2953   180.37       2.0868      -8.5718      -21.634       8.3435      -1.1179     
    2954   180.37      -8.5718       2.0868       8.3435      -21.634       1.1179     
    2955 -0.39235       18.584       2.2101      -6.7642     -0.80442      0.30826E-006
    2956   200.46      -1.3794      -6.9391      -2.4238      0.57800E-001 0.41866     
    2957   200.46      -6.9391      -1.3794      0.57802E-001 -2.4238     -0.41866     
    2958  -2.1963       6.7862       16.960      -2.4700      -6.1728      0.27147E-006
    2959   203.88      -4.4475      -4.1139     -0.84914E-001-0.48185      0.29474     
    2960   203.88      -4.1139      -4.4475     -0.48185     -0.84915E-001-0.29474     
 
  ***** POST1 ELEMENT TABLE LISTING *****                                      
 
    STAT     CURRENT      CURRENT      CURRENT      CURRENT      CURRENT      CURRENT 
    ELEM     LS1          LS2          LS7          LS4          LS9          SMIS4   
    2961  -2.3456       1.9927       7.6556     -0.72530      -2.7864      0.20499E-006
    2962   204.29      -5.3022      -3.1259      0.23616     -0.32155      0.85293E-001
    2963   204.29      -3.1259      -5.3022     -0.32155      0.23616     -0.85293E-001
    2964  -2.3217      0.21083       2.5619     -0.76735E-001-0.93247      0.12435E-006
    2965   204.22      -5.3808      -2.9744      0.22237E-012-0.89948E-013-0.26638E-012
    2966   204.22      -2.9744      -5.3808      0.34431E-012-0.30050E-012-0.35995E-012
    2967  -2.2881     -0.28283      0.36062      0.10294     -0.13125      0.41404E-007
    2968   204.29      -5.3022      -3.1259     -0.23616      0.32155     -0.85293E-001
    2969   204.29      -3.1259      -5.3022      0.32155     -0.23616      0.85293E-001
    2970  -2.2881      0.36062     -0.28283     -0.13125      0.10294     -0.41403E-007
    2971   203.88      -4.4475      -4.1139      0.84914E-001 0.48185     -0.29474     
    2972   203.88      -4.1139      -4.4475      0.48185      0.84915E-001 0.29474     
    2973  -2.3217       2.5619      0.21083     -0.93247     -0.76735E-001-0.12435E-006
    2974   200.46      -1.3794      -6.9391       2.4238     -0.57800E-001-0.41866     
    2975   200.46      -6.9391      -1.3794     -0.57802E-001  2.4238      0.41866     
    2976  -2.3456       7.6556       1.9927      -2.7864     -0.72530     -0.20499E-006
    2977   180.37       2.0868      -8.5718       21.634      -8.3435       1.1179     
    2978   180.37      -8.5718       2.0868      -8.3435       21.634      -1.1179     
    2979  -2.1963       16.960       6.7862      -6.1728      -2.4700     -0.27147E-006
    2980 -0.39235       2.2101       18.584     -0.80442      -6.7642     -0.30826E-006

 MINIMUM VALUES
 ELEM       2961          777           74          589          256          587
 VALUE   -2.3456      -226.71      -226.71      -60.601      -60.601      -8.9537     

 MAXIMUM VALUES
 ELEM       2963          148          703          759           56          254
 VALUE    204.29       48.205       48.205       226.39       226.39       8.9537     

