
 PRINT ELEMENT TABLE ITEMS PER ELEMENT
 
  ***** POST1 ELEMENT TABLE LISTING *****                                      
 
    STAT     CURRENT      CURRENT      CURRENT      CURRENT      CURRENT      CURRENT 
    ELEM     LS1          LS2          LS7          LS4          LS9          SMIS4   
       1   0.0000       0.0000       0.0000       0.0000       0.0000       0.0000     
       2   0.0000       0.0000       0.0000       0.0000       0.0000       0.0000     
       3   0.0000       0.0000       0.0000       0.0000       0.0000       0.0000     
       4   0.0000       0.0000       0.0000       0.0000       0.0000       0.0000     
       5   0.0000       0.0000       0.0000       0.0000       0.0000       0.0000     
       6   0.0000       0.0000       0.0000       0.0000       0.0000       0.0000     
       7   0.0000       0.0000       0.0000       0.0000       0.0000       0.0000     
       8   0.0000       0.0000       0.0000       0.0000       0.0000       0.0000     
       9   0.0000       0.0000       0.0000       0.0000       0.0000       0.0000     
      10   0.0000       0.0000       0.0000       0.0000       0.0000       0.0000     
      11   0.0000       0.0000       0.0000       0.0000       0.0000       0.0000     
      12   0.0000       0.0000       0.0000       0.0000       0.0000       0.0000     
      13   0.0000       0.0000       0.0000       0.0000       0.0000       0.0000     
      14   0.0000       0.0000       0.0000       0.0000       0.0000       0.0000     
      15   0.0000       0.0000       0.0000       0.0000       0.0000       0.0000     
      16   0.0000       0.0000       0.0000       0.0000       0.0000       0.0000     
      17   0.0000       0.0000       0.0000       0.0000       0.0000       0.0000     
      18   0.0000       0.0000       0.0000       0.0000       0.0000       0.0000     
      38   19.705      0.39916E-002-0.20635E-002 -7.8787      -8.0467      0.30696E-001
      39   19.705      0.37524E-002 0.54921E-003 -7.8470      -8.0776      0.22000E-001
      40   19.705      0.27405E-002 0.40243E-002 -7.8132      -8.1110      0.72839E-002
      41   19.703      0.73432E-003 0.80058E-002 -7.7803      -8.1438     -0.12893E-001
      42   19.699     -0.24069E-002 0.11816E-001 -7.7524      -8.1722     -0.36246E-001
      43   19.695     -0.66583E-002 0.14459E-001 -7.7339      -8.1917     -0.58299E-001
      44   19.689     -0.11726E-001 0.14766E-001 -7.7293      -8.1975     -0.72331E-001
      45   19.683     -0.16937E-001 0.11748E-001 -7.7414      -8.1865     -0.70201E-001
      46   19.676     -0.21153E-001 0.52170E-002 -7.7704      -8.1574     -0.44580E-001
      47   19.670     -0.22766E-001-0.34894E-002 -7.8122      -8.1132      0.70041E-002
      48   19.665     -0.20043E-001-0.10759E-001 -7.8551      -8.0623      0.76699E-001
      49   19.661     -0.11387E-001-0.88310E-002 -7.8651      -8.0355      0.14080     
      50   19.652      0.78454E-002 0.73512E-002 -7.7921      -8.1078      0.15444     
      51   19.640      0.31867E-001 0.24156E-001 -7.8618      -8.0604      0.67889E-001
      52   19.640      0.24156E-001 0.31867E-001 -8.0604      -7.8618     -0.67890E-001
      53   19.652      0.73511E-002 0.78455E-002 -8.1078      -7.7921     -0.15444     
      54   19.661     -0.88311E-002-0.11387E-001 -8.0355      -7.8651     -0.14080     
      55   19.665     -0.10759E-001-0.20043E-001 -8.0623      -7.8551     -0.76700E-001
      56  0.11019E-001 0.65249E-001-0.99037E-001  38.472       226.81     -0.21942E-001
      57  0.12783E-001 -3.2649      -19.900       38.320       225.90     -0.19084E-001
      58  0.13260E-001 -6.5681      -39.549       37.887       223.28     -0.12708E-001
      59  0.11613E-001 -9.8239      -58.895       37.179       218.97     -0.26799E-002
      60  0.69061E-002 -13.014      -77.793       36.203       213.00      0.10276E-001
 
  ***** POST1 ELEMENT TABLE LISTING *****                                      
 
    STAT     CURRENT      CURRENT      CURRENT      CURRENT      CURRENT      CURRENT 
    ELEM     LS1          LS2          LS7          LS4          LS9          SMIS4   
      61 -0.17887E-002 -16.121      -96.097       34.964       205.43      0.24222E-001
      62 -0.15227E-001 -19.126      -113.67       33.468       196.31      0.35785E-001
      63 -0.33779E-001 -22.009      -130.37       31.716       185.70      0.40291E-001
      64 -0.57157E-001 -24.744      -146.07       29.711       173.69      0.32599E-001
      65 -0.83995E-001 -27.298      -160.63       27.460       160.34      0.89765E-002
      66 -0.11031      -29.636      -173.93       24.976       145.75     -0.29942E-001
      67 -0.12033      -31.718      -185.85       22.291       130.00     -0.75600E-001
      68 -0.48063E-001 -33.513      -196.31       19.452       113.24     -0.10557     
      69  0.22127      -35.039      -205.26       16.440       95.641     -0.83043E-001
      70  0.40082      -36.343      -212.73       13.228       77.427      0.37083E-006
      71  0.22127      -37.408      -218.72       9.9287       58.676      0.83044E-001
      72 -0.48063E-001 -38.176      -223.17       6.6404       39.442      0.10557     
      73 -0.12033      -38.625      -225.94       3.3121       19.875      0.75600E-001
      74 -0.11031      -38.757      -226.92     -0.83563E-001 0.15433      0.29942E-001
      75   53.163      0.30475E-002 0.41951E-002 -7.8926      -8.0687      0.42852E-001
      76   53.163      0.53847E-002 0.96999E-002 -7.8527      -8.1079      0.26509E-001
      77   53.163      0.73952E-002 0.15936E-001 -7.8092      -8.1517     -0.63559E-003
      78   53.161      0.82450E-002 0.21972E-001 -7.7660      -8.1967     -0.38250E-001
      79   53.158      0.67884E-002 0.26444E-001 -7.7284      -8.2379     -0.83427E-001
      80   53.154      0.16665E-002 0.27724E-001 -7.7023      -8.2696     -0.12992     
      81   53.149     -0.84134E-002 0.24361E-001 -7.6936      -8.2859     -0.16789     
      82   53.143     -0.24121E-001 0.15884E-001 -7.7060      -8.2824     -0.18485     
      83   53.136     -0.44593E-001 0.39266E-002 -7.7399      -8.2575     -0.16846     
      84   53.126     -0.66214E-001-0.67350E-002 -7.7899      -8.2137     -0.11183     
      85   53.115     -0.81610E-001-0.84702E-002 -7.8401      -8.1604     -0.21064E-001
      86   53.102     -0.80679E-001 0.92980E-002 -7.8369      -8.1381      0.80700E-001
      87   53.083     -0.47903E-001 0.64278E-001 -7.6756      -8.3080      0.15767     
      88   53.065      0.50828E-001 0.10506      -7.8189      -8.2218      0.99231E-001
      89   53.065      0.10506      0.50829E-001 -8.2218      -7.8190     -0.99232E-001
      90   53.083      0.64278E-001-0.47903E-001 -8.3080      -7.6756     -0.15767     
      91   53.102      0.92978E-002-0.80679E-001 -8.1381      -7.8369     -0.80702E-001
      92   53.115     -0.84706E-002-0.81611E-001 -8.1604      -7.8401      0.21063E-001
      93  0.86918E-002 0.76941E-001-0.77006E-001 -38.599       39.164     -0.42378E-001
      94  0.10091E-001  3.4733      -3.5247      -38.445       38.990     -0.34500E-001
      95  0.10371E-001  6.8459      -6.9481      -37.986       38.518     -0.18516E-001
      96  0.87867E-002  10.164      -10.320      -37.224       37.756      0.60407E-002
      97  0.44844E-002  13.394      -13.615      -36.164       36.713      0.37876E-001
      98 -0.34143E-002  16.503      -16.806      -34.813       35.401      0.73190E-001
      99 -0.15678E-001  19.459      -19.869      -33.187       33.835      0.10519     
     100 -0.32783E-001  22.232      -22.780      -31.305       32.026      0.12433     
     101 -0.54662E-001  24.797      -25.514      -29.189       29.986      0.11981     
 
  ***** POST1 ELEMENT TABLE LISTING *****                                      
 
    STAT     CURRENT      CURRENT      CURRENT      CURRENT      CURRENT      CURRENT 
    ELEM     LS1          LS2          LS7          LS4          LS9          SMIS4   
     102 -0.80296E-001  27.137      -28.048      -26.864       27.723      0.83150E-001
     103 -0.10627       29.243      -30.356      -24.353       25.243      0.13936E-001
     104 -0.11875       31.125      -32.422      -21.660       22.539     -0.73934E-001
     105 -0.54311E-001  32.812      -34.239      -18.751       19.585     -0.14977     
     106  0.22630       34.266      -35.746      -15.771       16.494     -0.14803     
     107  0.41789       35.452      -36.956      -12.903       13.451      0.79225E-006
     108  0.22630       36.387      -37.985      -9.9450       10.341      0.14803     
     109 -0.54311E-001  37.188      -38.818      -6.7268       7.0055      0.14977     
     110 -0.11875       37.766      -39.324      -3.4143       3.5745      0.73935E-001
     111 -0.10627       38.055      -39.480     -0.14214      0.17559     -0.13936E-001
     112   79.999      0.36838E-002 0.12341E-001 -5.2098      -5.3697      0.42807E-001
     113   80.001      0.98646E-002 0.22252E-001 -5.1681      -5.4111      0.19374E-001
     114   80.003      0.16485E-001 0.33045E-001 -5.1233      -5.4572     -0.19387E-001
     115   80.006      0.22014E-001 0.43079E-001 -5.0803      -5.5037     -0.74371E-001
     116   80.010      0.24126E-001 0.50085E-001 -5.0462      -5.5446     -0.14382     
     117   80.016      0.19791E-001 0.51502E-001 -5.0287      -5.5726     -0.22229     
     118   80.026      0.56995E-002 0.45231E-001 -5.0354      -5.5809     -0.30003     
     119   80.039     -0.20752E-001 0.30915E-001 -5.0711      -5.5654     -0.36319     
     120   80.057     -0.59759E-001 0.11643E-001 -5.1342      -5.5278     -0.39556     
     121   80.078     -0.10667     -0.45058E-002 -5.2123      -5.4798     -0.38239     
     122   80.098     -0.14929     -0.48389E-002 -5.2744      -5.4441     -0.31715     
     123   80.106     -0.16709      0.17706E-001 -5.2268      -5.4994     -0.20827     
     124   80.076     -0.14969      0.89004E-001 -4.8861      -5.8563     -0.50848E-001
     125   80.054     -0.29146E-001 0.26084      -5.0965      -5.7385      0.10406     
     126   80.054      0.26084     -0.29146E-001 -5.7385      -5.0965     -0.10407     
     127   80.076      0.89004E-001-0.14969      -5.8563      -4.8861      0.50846E-001
     128   80.106      0.17706E-001-0.16709      -5.4994      -5.2268      0.20827     
     129   80.098     -0.48396E-002-0.14929      -5.4441      -5.2744      0.31715     
     130  0.58382E-002 0.72646E-001-0.67978E-001 -51.800      -37.907     -0.50671E-001
     131  0.66900E-002  4.6250       3.1972      -51.587      -37.778     -0.37653E-001
     132  0.66163E-002  9.1455       6.4328      -50.969      -37.364     -0.12407E-001
     133  0.49975E-002  13.594       9.6159      -49.948      -36.667      0.26427E-001
     134  0.10952E-002  17.929       12.724      -48.528      -35.686      0.78123E-001
     135 -0.58961E-002  22.106       15.735      -46.720      -34.423      0.13887     
     136 -0.16757E-001  26.083       18.624      -44.539      -32.882      0.20098     
     137 -0.32098E-001  29.816       21.366      -42.004      -31.067      0.25284     
     138 -0.52133E-001  33.267       23.934      -39.140      -28.993      0.28011     
     139 -0.76263E-001  36.401       26.300      -35.972      -26.681      0.26907     
     140 -0.10183       39.192       28.442      -32.534      -24.165      0.21241     
     141 -0.11792       41.639       30.336      -28.846      -21.503      0.11747     
     142 -0.68551E-001  43.771       31.956      -24.896      -18.795      0.18468E-002
 
  ***** POST1 ELEMENT TABLE LISTING *****                                      
 
    STAT     CURRENT      CURRENT      CURRENT      CURRENT      CURRENT      CURRENT 
    ELEM     LS1          LS2          LS7          LS4          LS9          SMIS4   
     143  0.23617       45.542       33.440      -20.865      -15.929     -0.11238     
     144  0.45252       47.038       34.848      -17.120      -12.684      0.10036E-005
     145  0.23617       48.299       35.856      -13.290      -9.2926      0.11238     
     146 -0.68552E-001  49.533       36.561      -9.0643      -6.1431     -0.18451E-002
     147 -0.11792       50.439       37.061      -4.6676      -3.0273     -0.11746     
     148 -0.10183       50.935       37.321     -0.26962      0.22885     -0.21241     
     149   95.514      0.64906E-002 0.21692E-001 -2.5195      -2.6487      0.35420E-001
     150   95.517      0.17754E-001 0.37279E-001 -2.4833      -2.6846      0.55387E-002
     151   95.522      0.30797E-001 0.54343E-001 -2.4475      -2.7218     -0.43992E-001
     152   95.529      0.43596E-001 0.70537E-001 -2.4197      -2.7534     -0.11612     
     153   95.541      0.52870E-001 0.82603E-001 -2.4106      -2.7697     -0.21173     
     154   95.559      0.54109E-001 0.86818E-001 -2.4338      -2.7580     -0.32859     
     155   95.589      0.42023E-001 0.79974E-001 -2.5046      -2.7040     -0.46028     
     156   95.635      0.11674E-001 0.61042E-001 -2.6377      -2.5946     -0.59561     
     157   95.708     -0.39517E-001 0.33374E-001 -2.8418      -2.4231     -0.71848     
     158   95.818     -0.10885      0.67913E-002 -3.1103      -2.2000     -0.80847     
     159   95.975     -0.18508     -0.18703E-002 -3.3950      -1.9798     -0.84244     
     160   96.177     -0.24547      0.27294E-001 -3.5436      -1.8850     -0.80162     
     161   96.360     -0.25269      0.26898E-001 -2.8742      -2.9519     -0.65911     
     162   96.194     -0.37491      0.47114      -2.5519      -3.2543     -0.16434     
     163   96.194      0.47114     -0.37491      -3.2543      -2.5519      0.16434     
     164   96.360      0.26898E-001-0.25269      -2.9519      -2.8742      0.65911     
     165   96.177      0.27293E-001-0.24547      -1.8850      -3.5436      0.80162     
     166   95.975     -0.18713E-002-0.18508      -1.9798      -3.3950      0.84244     
     167  0.28592E-002 0.61490E-001-0.54711E-001 -38.826      -51.344     -0.49112E-001
     168  0.31223E-002  3.4826       4.3841      -38.660      -51.156     -0.31090E-001
     169  0.27059E-002  6.8795       8.7851      -38.188      -50.581      0.28796E-002
     170  0.11509E-002  10.220       13.118      -37.412      -49.621      0.55667E-001
     171 -0.21307E-002  13.470       17.354      -36.335      -48.275      0.12836     
     172 -0.78519E-002  16.593       21.462      -34.966      -46.544      0.21917     
     173 -0.16825E-001  19.553       25.408      -33.316      -44.428      0.32239     
     174 -0.29896E-001  22.315       29.155      -31.397      -41.929      0.42773     
     175 -0.47805E-001  24.847       32.655      -29.220      -39.060      0.52046     
     176 -0.70843E-001  27.123       35.853      -26.788      -35.851      0.58267     
     177 -0.97620E-001  29.125       38.689      -24.094      -32.365      0.59618     
     178 -0.12235       30.846       41.104      -21.113      -28.726      0.54753     
     179 -0.98537E-001  32.352       43.023      -17.722      -25.166      0.44555     
     180  0.25028       33.171       44.735      -14.820      -21.327      0.20080     
     181  0.50771       33.710       46.641      -12.269      -16.976      0.10333E-005
     182  0.25028       34.937       47.978      -9.9695      -12.417     -0.20080     
     183 -0.98537E-001  36.174       49.134      -7.2199      -8.3761     -0.44555     
 
  ***** POST1 ELEMENT TABLE LISTING *****                                      
 
    STAT     CURRENT      CURRENT      CURRENT      CURRENT      CURRENT      CURRENT 
    ELEM     LS1          LS2          LS7          LS4          LS9          SMIS4   
     184 -0.12235       37.200       49.952      -3.6539      -4.4157     -0.54753     
     185 -0.97620E-001  37.798       50.442     -0.26412     -0.75935E-001-0.59618     
     186   101.92      0.11336E-001 0.31636E-001-0.73549     -0.83432      0.26851E-001
     187   101.92      0.28870E-001 0.53627E-001-0.70739     -0.86185     -0.66422E-002
     188   101.93      0.50306E-001 0.78075E-001-0.68401     -0.88599     -0.62534E-001
     189   101.93      0.73560E-001 0.10199     -0.67571     -0.89697     -0.14573     
     190   101.94      0.95005E-001 0.12109     -0.69794     -0.87985     -0.25998     
     191   101.95      0.10943      0.13027     -0.77236     -0.81324     -0.40695     
     192   101.98      0.11049      0.12461     -0.92806     -0.66773     -0.58510     
     193   102.02      0.91789E-001 0.10116      -1.2030     -0.40388     -0.78874     
     194   102.09      0.48935E-001 0.61409E-001 -1.6462      0.30698E-001 -1.0073     
     195   102.22     -0.17880E-001 0.13697E-001 -2.3203      0.70675      -1.2252     
     196   102.47     -0.10138     -0.25889E-001 -3.3010       1.7185      -1.4233     
     197   102.98     -0.18691     -0.35003E-001 -4.6557       3.1922      -1.5875     
     198   104.07     -0.25416      0.81096E-001 -6.2764       5.3183      -1.7561     
     199   106.20     -0.65849E-002-0.75115      -6.1875      0.79033      -2.4384     
     200   106.20     -0.75115     -0.65852E-002 0.79033      -6.1875       2.4384     
     201   104.07      0.81096E-001-0.25416       5.3183      -6.2764       1.7561     
     202   102.98     -0.35004E-001-0.18691       3.1922      -4.6557       1.5875     
     203   102.47     -0.25890E-001-0.10138       1.7185      -3.3010       1.4233     
     204  0.17468E-003 0.44327E-001-0.38364E-001 -21.336      -38.607     -0.42572E-001
     205  0.21499E-004  1.9336       3.2989      -21.240      -38.463     -0.20651E-001
     206 -0.43208E-003  3.8067       6.6112      -20.975      -38.027      0.20060E-001
     207 -0.14048E-002  5.6415       9.8799      -20.545      -37.299      0.84155E-001
     208 -0.32212E-002  7.4134       13.088      -19.957      -36.272      0.17519     
     209 -0.63513E-002  9.0953       16.219      -19.223      -34.938      0.29470     
     210 -0.11461E-001  10.659       19.255      -18.361      -33.280      0.44112     
     211 -0.19474E-001  12.078       22.170      -17.392      -31.276      0.60878     
     212 -0.31657E-001  13.333       24.930      -16.340      -28.901      0.78700     
     213 -0.49715E-001  14.417       27.480      -15.215      -26.138      0.95967     
     214 -0.75915E-001  15.357       29.733      -13.978      -23.010       1.1048     
     215 -0.11189       16.242       31.548      -12.445      -19.664       1.1932     
     216 -0.17317       17.310       32.632      -9.9308      -16.714       1.1877     
     217  0.22343       19.200       32.622      -4.6550      -14.989       1.2658     
     218  0.56809       15.727       33.327      -5.7240      -12.130      0.94539E-006
     219  0.22343       17.700       34.625      -8.7757      -9.4863      -1.2658     
     220 -0.17317       19.643       35.741      -3.5189      -8.1715      -1.1877     
     221 -0.11189       20.441       36.807     -0.90616      -5.2149      -1.1932     
     222 -0.75915E-001  20.749       37.567      0.83674      -1.4851      -1.1048     
     223   103.04      0.16888E-001 0.41408E-001 0.14420      0.54778E-001 0.22156E-001
     224   103.04      0.41044E-001 0.69910E-001 0.16885      0.30549E-001-0.95496E-002
 
  ***** POST1 ELEMENT TABLE LISTING *****                                      
 
    STAT     CURRENT      CURRENT      CURRENT      CURRENT      CURRENT      CURRENT 
    ELEM     LS1          LS2          LS7          LS4          LS9          SMIS4   
     225   103.04      0.71665E-001 0.10209      0.18855      0.10028E-001-0.63017E-001
     226   103.04      0.10697      0.13440      0.19327      0.26897E-002-0.14373     
     227   103.03      0.14349      0.16159      0.16783      0.23204E-001-0.25644     
     228   103.02      0.17606      0.17696      0.90563E-001 0.92981E-001-0.40414     
     229   103.01      0.19821      0.17329     -0.68244E-001 0.24204     -0.58650     
     230   102.97      0.20347      0.14442     -0.34816      0.51145     -0.79780     
     231   102.91      0.18776      0.87461E-001-0.80104      0.95693      -1.0244     
     232   102.79      0.15301      0.46779E-002 -1.4937       1.6536      -1.2412     
     233   102.56      0.11127     -0.96680E-001 -2.5108       2.7112      -1.4067     
     234   102.09      0.89076E-001-0.21077      -3.9058       4.2007      -1.4363     
     235   101.07      0.14023     -0.49569      -5.8048       6.9892      -1.1345     
     238   101.07     -0.49569      0.14023       6.9892      -5.8048       1.1345     
     239   102.09     -0.21077      0.89074E-001  4.2007      -3.9058       1.4363     
     240   102.56     -0.96682E-001 0.11127       2.7112      -2.5108       1.4067     
     241 -0.20417E-002 0.32037E-001-0.30496E-001 -8.1911      -21.274     -0.36036E-001
     242 -0.23696E-002 0.76841       1.8022      -8.1504      -21.196     -0.13320E-001
     243 -0.24747E-002  1.4948       3.6248      -8.0469      -20.960      0.28862E-001
     244 -0.22332E-002  2.1976       5.4324      -7.8866      -20.563      0.96122E-001
     245 -0.15299E-002  2.8596       7.2238      -7.6813      -19.998      0.19369     
     246 -0.28924E-003  3.4605       9.0009      -7.4509      -19.249      0.32560     
     247  0.14871E-002  3.9767       10.768      -7.2277      -18.288      0.49357     
     248  0.36868E-002  4.3818       12.532      -7.0624      -17.069      0.69577     
     249  0.60733E-002  4.6465       14.301      -7.0358      -15.518      0.92544     
     250  0.83196E-002  4.7395       16.091      -7.2803      -13.516       1.1698     
     251  0.97331E-002  4.6265       17.929      -8.0267      -10.853       1.4098     
     252  0.96853E-002  4.2840       19.868      -9.6869      -7.1503       1.6201     
     253 -0.12117E-001  3.7027       22.005      -13.141      -1.6555       1.7686     
     254  0.24980E-001  3.6466       24.286      -18.176       5.7328       1.4983     
     256  0.24980E-001  14.477       14.919       11.579      -20.002      -1.4983     
     257 -0.12117E-001  11.283       17.921       7.6867      -12.877      -1.7686     
     258  0.96854E-002  9.5084       19.816       4.6669      -7.2937      -1.6201     
     259  0.97332E-002  8.7036       20.710       3.1749      -3.2108      -1.4098     
     260   101.96      0.21173E-001 0.50203E-001 0.42077      0.32300      0.21234E-001
     261   101.96      0.50922E-001 0.84699E-001 0.44684      0.29666     -0.34571E-002
     262   101.96      0.89380E-001 0.12417      0.47203      0.26980     -0.45771E-001
     263   101.95      0.13502      0.16464      0.48988      0.24813     -0.11017     
     264   101.95      0.18443      0.20002      0.49080      0.24034     -0.20029     
     265   101.93      0.23212      0.22210      0.46180      0.25836     -0.31755     
     266   101.91      0.27066      0.22129      0.38686      0.31696     -0.45900     
     267   101.86      0.29145      0.18785      0.24869      0.43191     -0.61378     
     268   101.79      0.28638      0.11400      0.33288E-001 0.61514     -0.75802     
 
  ***** POST1 ELEMENT TABLE LISTING *****                                      
 
    STAT     CURRENT      CURRENT      CURRENT      CURRENT      CURRENT      CURRENT 
    ELEM     LS1          LS2          LS7          LS4          LS9          SMIS4   
     269   101.68      0.25021     -0.40546E-002-0.25974      0.86456     -0.84826     
     270   101.51      0.18226     -0.16738     -0.58833       1.1308     -0.81365     
     271   101.28      0.80478E-001-0.39745     -0.81671       1.3324     -0.55519     
     272   101.05     -0.12015     -0.72108     -0.17526      0.26104     -0.47821E-002
     275   101.05     -0.72108     -0.12015      0.26104     -0.17526      0.47812E-002
     276   101.28     -0.39745      0.80476E-001  1.3324     -0.81672      0.55519     
     277   101.51     -0.16738      0.18226       1.1308     -0.58833      0.81365     
     278 -0.40134E-002 0.33883E-001-0.35948E-001-0.87593      -8.2066     -0.31744E-001
     279 -0.44706E-002 0.13267      0.65656     -0.86467      -8.1820     -0.12356E-001
     280 -0.42036E-002 0.22899       1.3457     -0.84865      -8.1033      0.24209E-001
     281 -0.27515E-002 0.31699       2.0342     -0.83397      -7.9711      0.83193E-001
     282  0.44535E-003 0.38941       2.7278     -0.83131      -7.7824      0.16960     
     283  0.60315E-002 0.43840       3.4350     -0.85745      -7.5297      0.28723     
     284  0.14721E-001 0.45723       4.1653     -0.93697      -7.1994      0.43724     
     285  0.27299E-001 0.44368       4.9265      -1.1031      -6.7726      0.61578     
     286  0.44688E-001 0.40590       5.7207      -1.3967      -6.2294      0.81057     
     287  0.68042E-001 0.37288       6.5384      -1.8583      -5.5640      0.99610     
     288  0.98911E-001 0.41355       7.3480      -2.5017      -4.8223       1.1272     
     289  0.13367      0.66629       8.0690      -3.2344      -4.2099       1.1277     
     290  0.18937       1.4049       8.5628      -3.4929      -4.3559      0.83822     
     291 -0.28592       2.6281       8.0312      -1.9603      -8.0493      0.11816     
     293 -0.28592       3.2733       11.326     -0.18762       1.0038     -0.11816     
     294  0.18937       3.3214       9.3594       1.7727      -2.1672     -0.83822     
     295  0.13367       2.5894       8.8873       2.0494      -1.9617      -1.1277     
     296  0.98911E-001  1.9248       8.7286       1.6506      -1.0291      -1.1272     
     297   100.50      0.23180E-001 0.57213E-001 0.38237      0.28669      0.19257E-001
     298   100.50      0.56646E-001 0.96560E-001 0.40724      0.26111      0.37360E-002
     299   100.50      0.10029      0.14202      0.43475      0.23163     -0.23510E-001
     300   100.50      0.15261      0.18935      0.46192      0.20055     -0.65313E-001
     301   100.50      0.20999      0.23178      0.48426      0.17154     -0.12364     
     302   100.50      0.26613      0.25988      0.49588      0.14949     -0.19835     
     303   100.50      0.31186      0.26190      0.49010      0.13999     -0.28511     
     304   100.49      0.33517      0.22481      0.46100      0.14790     -0.37208     
     305   100.47      0.32183      0.13633      0.40642      0.17471     -0.43532     
     306   100.44      0.25685     -0.11813E-001 0.33385      0.21342     -0.43443     
     307   100.41      0.12630     -0.22116      0.27009      0.24615     -0.31721     
     308   100.39     -0.86116E-001-0.47879      0.30983      0.19292     -0.63548E-001
     309   100.41     -0.40321     -0.66576      0.68597     -0.22451      0.18319     
     312   100.41     -0.66576     -0.40321     -0.22450      0.68597     -0.18319     
     313   100.39     -0.47880     -0.86118E-001 0.19292      0.30983      0.63547E-001
     314   100.41     -0.22117      0.12630      0.24615      0.27009      0.31721     
 
  ***** POST1 ELEMENT TABLE LISTING *****                                      
 
    STAT     CURRENT      CURRENT      CURRENT      CURRENT      CURRENT      CURRENT 
    ELEM     LS1          LS2          LS7          LS4          LS9          SMIS4   
     315 -0.59731E-002 0.41991E-001-0.42196E-001  2.1693     -0.91372     -0.27631E-001
     316 -0.67228E-002-0.12172      0.12865E-001  2.1719     -0.91820     -0.14264E-001
     317 -0.64410E-002-0.28169      0.65846E-001  2.1569     -0.92766      0.11802E-001
     318 -0.44505E-002-0.43804      0.12195       2.1202     -0.94567      0.54436E-001
     319  0.71003E-004-0.59064      0.18904       2.0551     -0.97468      0.11715     
     320  0.80529E-002-0.73821      0.27723       1.9527      -1.0152      0.20213     
     321  0.20461E-001-0.87681      0.39785       1.8018      -1.0653      0.30854     
     322  0.38180E-001-0.99773      0.56162       1.5916      -1.1219      0.42981     
     323  0.61823E-001 -1.0852      0.77626       1.3162      -1.1833      0.54940     
     324  0.91359E-001 -1.1148       1.0446      0.98397      -1.2566      0.63504     
     325  0.12448      -1.0550       1.3634      0.63512      -1.3682      0.63338     
     326  0.15216     -0.87972       1.7266      0.37981      -1.5741      0.47070     
     327  0.11575     -0.59849       2.0266      0.51503      -2.1020      0.10318     
     328 -0.31663     -0.66985       2.5880      0.64372      -1.8699     -0.23441     
     330 -0.31663     -0.92691       3.1845     -0.62546E-001-0.23111      0.23441     
     331  0.11575     -0.78953       2.9036     -0.98300E-002 0.30749     -0.10318     
     332  0.15216     -0.91804       2.3345      0.27452      0.96008E-001-0.47070     
     333  0.12448      -1.2164       1.9238      0.19159      0.17171     -0.63338     
     334   99.457      0.23508E-001 0.61731E-001 0.21196      0.15076      0.11989E-001
     335   99.462      0.58884E-001 0.10423      0.22756      0.13463      0.48878E-002
     336   99.468      0.10518      0.15362      0.24578      0.11516     -0.79120E-002
     337   99.477      0.16084      0.20548      0.26556      0.93071E-001-0.27729E-001
     338   99.488      0.22196      0.25261      0.28516      0.69694E-001-0.55348E-001
     339   99.501      0.28157      0.28469      0.30216      0.47034E-001-0.90299E-001
     340   99.516      0.32907      0.28846      0.31358      0.27711E-001-0.12965     
     341   99.531      0.34980      0.24837      0.31636      0.14735E-001-0.16613     
     342   99.547      0.32509      0.14882      0.30824      0.10938E-001-0.18553     
     343   99.562      0.23335     -0.20875E-001 0.28958      0.18004E-001-0.16521     
     344   99.577      0.54526E-001-0.25365      0.26839      0.33253E-001-0.82259E-001
     345   99.593     -0.21454     -0.49198      0.28178      0.32823E-001 0.45223E-001
     346   99.618     -0.50917     -0.59012      0.42848     -0.13804      0.10653     
     349   99.618     -0.59012     -0.50917     -0.13804      0.42848     -0.10654     
     350   99.593     -0.49198     -0.21454      0.32823E-001 0.28178     -0.45224E-001
     351   99.577     -0.25366      0.54524E-001 0.33254E-001 0.26838      0.82259E-001
     352 -0.77386E-002 0.39849E-001-0.33861E-001  3.0143       2.1367     -0.19942E-001
     353 -0.88907E-002-0.20052     -0.23893       3.0165       2.1254     -0.12760E-001
     354 -0.88910E-002-0.43542     -0.44515       2.9953       2.0868      0.19235E-002
     355 -0.69543E-002-0.66237     -0.64695       2.9478       2.0165      0.26359E-001
     356 -0.21364E-002-0.87820     -0.83632       2.8698       1.9105      0.62462E-001
     357  0.66058E-002 -1.0786      -1.0029       2.7568       1.7661      0.11108     
     358  0.20301E-001 -1.2580      -1.1343       2.6042       1.5832      0.17075     
 
  ***** POST1 ELEMENT TABLE LISTING *****                                      
 
    STAT     CURRENT      CURRENT      CURRENT      CURRENT      CURRENT      CURRENT 
    ELEM     LS1          LS2          LS7          LS4          LS9          SMIS4   
     359  0.39771E-001 -1.4096      -1.2177       2.4092       1.3656      0.23561     
     360  0.65322E-001 -1.5269      -1.2420       2.1739       1.1219      0.29223     
     361  0.96142E-001 -1.6075      -1.2017       1.9097      0.86623      0.31557     
     362  0.12863      -1.6604      -1.1011       1.6435      0.61607      0.26729     
     363  0.14816      -1.7145     -0.97107       1.4343      0.37375      0.11273     
     364  0.81638E-001 -1.8086     -0.89310       1.3799      0.11406     -0.97173E-001
     365 -0.29659      -2.0300     -0.88355       1.2552      0.68683E-001-0.14213     
     367 -0.29659      -2.3618     -0.72098      0.34333      0.51532      0.14213     
     368  0.81638E-001 -2.2725     -0.75748      0.10552      0.48670      0.97173E-001
     369  0.14816      -2.2353     -0.98412      0.33479E-002 0.33788     -0.11273     
     370  0.12863      -2.3283      -1.2395     -0.19171      0.23583     -0.26729     
     371   99.096      0.23415E-001 0.63289E-001-0.37046E-012 0.28650E-012 0.12676E-011
     372   99.102      0.59354E-001 0.10687     -0.32367E-012 0.29830E-012-0.10380E-011
     373   99.110      0.10643      0.15763     -0.52423E-012 0.44156E-012-0.71158E-013
     374   99.122      0.16306      0.21107     -0.67079E-012 0.61033E-012 0.61748E-012
     375   99.137      0.22523      0.25982     -0.75913E-012 0.73013E-012 0.14253E-011
     376   99.155      0.28570      0.29327     -0.61902E-012 0.63813E-012 0.88234E-012
     377   99.176      0.33337      0.29756     -0.38654E-012 0.45029E-012-0.15963E-012
     378   99.199      0.35265      0.25623     -0.23471E-012 0.25771E-012-0.15045E-011
     379   99.223      0.32329      0.15238     -0.27719E-012 0.26935E-012-0.66871E-012
     380   99.247      0.22143     -0.25210E-001-0.41100E-012 0.37863E-012-0.32432E-012
     381   99.268      0.25663E-001-0.26417     -0.54565E-012 0.49425E-012-0.42555E-012
     382   99.287     -0.25734     -0.49009     -0.75614E-012 0.68886E-012 0.54929E-012
     383   99.316     -0.52903     -0.56159     -0.82323E-012 0.82212E-012 0.13217E-011
     386   99.316     -0.56159     -0.52903     -0.11599E-012 0.15788E-012-0.24558E-012
     387   99.287     -0.49009     -0.25735      0.21418E-012-0.18595E-012-0.14820E-011
     388   99.268     -0.26417      0.25661E-001 0.31111E-012-0.35271E-012-0.28802E-011
     389 -0.88164E-002 0.20348E-001-0.91646E-002  3.1211       2.9968     -0.73876E-002
     390 -0.10255E-001-0.24090     -0.27556       3.1213       2.9907     -0.52148E-002
     391 -0.10511E-001-0.49846     -0.54101       3.0952       2.9550     -0.59399E-003
     392 -0.87541E-002-0.74868     -0.80072       3.0398       2.8858      0.72028E-002
     393 -0.39838E-002-0.98677      -1.0480       2.9517       2.7794      0.18769E-001
     394  0.49013E-002 -1.2068      -1.2745       2.8276       2.6331      0.34301E-001
     395  0.18979E-001 -1.4020      -1.4702       2.6656       2.4464      0.53140E-001
     396  0.39093E-001 -1.5660      -1.6253       2.4664       2.2230      0.73015E-001
     397  0.65508E-001 -1.6957      -1.7334       2.2356       1.9728      0.88885E-001
     398  0.97248E-001 -1.7961      -1.7964       1.9867       1.7130      0.91510E-001
     399  0.13019      -1.8879      -1.8329       1.7438       1.4670      0.67424E-001
     400  0.14757      -2.0101      -1.8847       1.5404       1.2511      0.90487E-002
     401  0.67987E-001 -2.1848      -2.0101       1.4035       1.0369     -0.51605E-001
     402 -0.28329      -2.3764      -2.1484       1.2359      0.90002     -0.38744E-001
 
  ***** POST1 ELEMENT TABLE LISTING *****                                      
 
    STAT     CURRENT      CURRENT      CURRENT      CURRENT      CURRENT      CURRENT 
    ELEM     LS1          LS2          LS7          LS4          LS9          SMIS4   
     404 -0.28329      -2.6148      -2.2243      0.58071      0.69148      0.38745E-001
     405  0.67988E-001 -2.5758      -2.2063      0.32925      0.49777      0.51606E-001
     406  0.14757      -2.5300      -2.2479      0.11202      0.25307     -0.90486E-002
     407  0.13019      -2.5672      -2.3471     -0.12231      0.54361E-001-0.67424E-001
     408   99.457      0.23508E-001 0.61731E-001-0.21196     -0.15076     -0.11989E-001
     409   99.462      0.58884E-001 0.10423     -0.22756     -0.13463     -0.48878E-002
     410   99.468      0.10518      0.15362     -0.24578     -0.11516      0.79120E-002
     411   99.477      0.16084      0.20548     -0.26556     -0.93071E-001 0.27729E-001
     412   99.488      0.22196      0.25261     -0.28516     -0.69694E-001 0.55348E-001
     413   99.501      0.28157      0.28469     -0.30216     -0.47034E-001 0.90299E-001
     414   99.516      0.32907      0.28846     -0.31358     -0.27711E-001 0.12965     
     415   99.531      0.34980      0.24837     -0.31636     -0.14735E-001 0.16613     
     416   99.547      0.32509      0.14882     -0.30824     -0.10938E-001 0.18553     
     417   99.562      0.23335     -0.20875E-001-0.28958     -0.18004E-001 0.16521     
     418   99.577      0.54526E-001-0.25365     -0.26839     -0.33253E-001 0.82259E-001
     419   99.593     -0.21454     -0.49198     -0.28178     -0.32823E-001-0.45223E-001
     420   99.618     -0.50917     -0.59012     -0.42848      0.13804     -0.10653     
     423   99.618     -0.59012     -0.50917      0.13804     -0.42848      0.10654     
     424   99.593     -0.49198     -0.21454     -0.32823E-001-0.28178      0.45224E-001
     425   99.577     -0.25366      0.54524E-001-0.33254E-001-0.26838     -0.82259E-001
     426 -0.88164E-002-0.91646E-002 0.20348E-001  2.9968       3.1211      0.73876E-002
     427 -0.10255E-001-0.27556     -0.24090       2.9907       3.1213      0.52148E-002
     428 -0.10511E-001-0.54101     -0.49846       2.9550       3.0952      0.59399E-003
     429 -0.87541E-002-0.80072     -0.74868       2.8858       3.0398     -0.72028E-002
     430 -0.39838E-002 -1.0480     -0.98677       2.7794       2.9517     -0.18769E-001
     431  0.49013E-002 -1.2745      -1.2068       2.6331       2.8276     -0.34301E-001
     432  0.18979E-001 -1.4702      -1.4020       2.4464       2.6656     -0.53140E-001
     433  0.39093E-001 -1.6253      -1.5660       2.2230       2.4664     -0.73015E-001
     434  0.65508E-001 -1.7334      -1.6957       1.9728       2.2356     -0.88885E-001
     435  0.97248E-001 -1.7964      -1.7961       1.7130       1.9867     -0.91510E-001
     436  0.13019      -1.8329      -1.8879       1.4670       1.7438     -0.67424E-001
     437  0.14757      -1.8847      -2.0101       1.2511       1.5404     -0.90487E-002
     438  0.67987E-001 -2.0101      -2.1848       1.0369       1.4035      0.51605E-001
     439 -0.28329      -2.1484      -2.3764      0.90002       1.2359      0.38744E-001
     441 -0.28329      -2.2243      -2.6148      0.69148      0.58071     -0.38745E-001
     442  0.67988E-001 -2.2063      -2.5758      0.49777      0.32925     -0.51606E-001
     443  0.14757      -2.2479      -2.5300      0.25307      0.11202      0.90486E-002
     444  0.13019      -2.3471      -2.5672      0.54361E-001-0.12231      0.67424E-001
     445   100.50      0.23180E-001 0.57213E-001-0.38237     -0.28669     -0.19257E-001
     446   100.50      0.56646E-001 0.96560E-001-0.40724     -0.26111     -0.37360E-002
     447   100.50      0.10029      0.14202     -0.43475     -0.23163      0.23510E-001
 
  ***** POST1 ELEMENT TABLE LISTING *****                                      
 
    STAT     CURRENT      CURRENT      CURRENT      CURRENT      CURRENT      CURRENT 
    ELEM     LS1          LS2          LS7          LS4          LS9          SMIS4   
     448   100.50      0.15261      0.18935     -0.46192     -0.20055      0.65313E-001
     449   100.50      0.20999      0.23178     -0.48426     -0.17154      0.12364     
     450   100.50      0.26613      0.25988     -0.49588     -0.14949      0.19835     
     451   100.50      0.31186      0.26190     -0.49010     -0.13999      0.28511     
     452   100.49      0.33517      0.22481     -0.46100     -0.14790      0.37208     
     453   100.47      0.32183      0.13633     -0.40642     -0.17471      0.43532     
     454   100.44      0.25685     -0.11813E-001-0.33385     -0.21342      0.43443     
     455   100.41      0.12630     -0.22116     -0.27009     -0.24615      0.31721     
     456   100.39     -0.86116E-001-0.47879     -0.30983     -0.19292      0.63548E-001
     457   100.41     -0.40321     -0.66576     -0.68597      0.22451     -0.18319     
     460   100.41     -0.66576     -0.40321      0.22450     -0.68597      0.18319     
     461   100.39     -0.47880     -0.86118E-001-0.19292     -0.30983     -0.63547E-001
     462   100.41     -0.22117      0.12630     -0.24615     -0.27009     -0.31721     
     463 -0.77386E-002-0.33861E-001 0.39849E-001  2.1367       3.0143      0.19942E-001
     464 -0.88907E-002-0.23893     -0.20052       2.1254       3.0165      0.12760E-001
     465 -0.88910E-002-0.44515     -0.43542       2.0868       2.9953     -0.19235E-002
     466 -0.69543E-002-0.64695     -0.66237       2.0165       2.9478     -0.26359E-001
     467 -0.21364E-002-0.83632     -0.87820       1.9105       2.8698     -0.62462E-001
     468  0.66058E-002 -1.0029      -1.0786       1.7661       2.7568     -0.11108     
     469  0.20301E-001 -1.1343      -1.2580       1.5832       2.6042     -0.17075     
     470  0.39771E-001 -1.2177      -1.4096       1.3656       2.4092     -0.23561     
     471  0.65322E-001 -1.2420      -1.5269       1.1219       2.1739     -0.29223     
     472  0.96142E-001 -1.2017      -1.6075      0.86623       1.9097     -0.31557     
     473  0.12863      -1.1011      -1.6604      0.61607       1.6435     -0.26729     
     474  0.14816     -0.97107      -1.7145      0.37375       1.4343     -0.11273     
     475  0.81638E-001-0.89310      -1.8086      0.11406       1.3799      0.97173E-001
     476 -0.29659     -0.88355      -2.0300      0.68683E-001  1.2552      0.14213     
     478 -0.29659     -0.72098      -2.3618      0.51532      0.34333     -0.14213     
     479  0.81638E-001-0.75748      -2.2725      0.48670      0.10552     -0.97173E-001
     480  0.14816     -0.98412      -2.2353      0.33788      0.33479E-002 0.11273     
     481  0.12863      -1.2395      -2.3283      0.23583     -0.19171      0.26729     
     482   101.96      0.21173E-001 0.50203E-001-0.42077     -0.32300     -0.21234E-001
     483   101.96      0.50922E-001 0.84699E-001-0.44684     -0.29666      0.34571E-002
     484   101.96      0.89380E-001 0.12417     -0.47203     -0.26980      0.45771E-001
     485   101.95      0.13502      0.16464     -0.48988     -0.24813      0.11017     
     486   101.95      0.18443      0.20002     -0.49080     -0.24034      0.20029     
     487   101.93      0.23212      0.22210     -0.46180     -0.25836      0.31755     
     488   101.91      0.27066      0.22129     -0.38686     -0.31696      0.45900     
     489   101.86      0.29145      0.18785     -0.24869     -0.43191      0.61378     
     490   101.79      0.28638      0.11400     -0.33288E-001-0.61514      0.75802     
     491   101.68      0.25021     -0.40546E-002 0.25974     -0.86456      0.84826     
 
  ***** POST1 ELEMENT TABLE LISTING *****                                      
 
    STAT     CURRENT      CURRENT      CURRENT      CURRENT      CURRENT      CURRENT 
    ELEM     LS1          LS2          LS7          LS4          LS9          SMIS4   
     492   101.51      0.18226     -0.16738      0.58833      -1.1308      0.81365     
     493   101.28      0.80478E-001-0.39745      0.81671      -1.3324      0.55519     
     494   101.05     -0.12015     -0.72108      0.17526     -0.26104      0.47821E-002
     497   101.05     -0.72108     -0.12015     -0.26104      0.17526     -0.47812E-002
     498   101.28     -0.39745      0.80476E-001 -1.3324      0.81672     -0.55519     
     499   101.51     -0.16738      0.18226      -1.1308      0.58833     -0.81365     
     500 -0.59731E-002-0.42196E-001 0.41991E-001-0.91372       2.1693      0.27631E-001
     501 -0.67228E-002 0.12865E-001-0.12172     -0.91820       2.1719      0.14264E-001
     502 -0.64410E-002 0.65846E-001-0.28169     -0.92766       2.1569     -0.11802E-001
     503 -0.44505E-002 0.12195     -0.43804     -0.94567       2.1202     -0.54436E-001
     504  0.71003E-004 0.18904     -0.59064     -0.97468       2.0551     -0.11715     
     505  0.80529E-002 0.27723     -0.73821      -1.0152       1.9527     -0.20213     
     506  0.20461E-001 0.39785     -0.87681      -1.0653       1.8018     -0.30854     
     507  0.38180E-001 0.56162     -0.99773      -1.1219       1.5916     -0.42981     
     508  0.61823E-001 0.77626      -1.0852      -1.1833       1.3162     -0.54940     
     509  0.91359E-001  1.0446      -1.1148      -1.2566      0.98397     -0.63504     
     510  0.12448       1.3634      -1.0550      -1.3682      0.63512     -0.63338     
     511  0.15216       1.7266     -0.87972      -1.5741      0.37981     -0.47070     
     512  0.11575       2.0266     -0.59849      -2.1020      0.51503     -0.10318     
     513 -0.31663       2.5880     -0.66985      -1.8699      0.64372      0.23441     
     515 -0.31663       3.1845     -0.92691     -0.23111     -0.62546E-001-0.23441     
     516  0.11575       2.9036     -0.78953      0.30749     -0.98300E-002 0.10318     
     517  0.15216       2.3345     -0.91804      0.96008E-001 0.27452      0.47070     
     518  0.12448       1.9238      -1.2164      0.17171      0.19159      0.63338     
     519   103.04      0.16888E-001 0.41408E-001-0.14420     -0.54778E-001-0.22156E-001
     520   103.04      0.41044E-001 0.69910E-001-0.16885     -0.30549E-001 0.95496E-002
     521   103.04      0.71665E-001 0.10209     -0.18855     -0.10028E-001 0.63017E-001
     522   103.04      0.10697      0.13440     -0.19327     -0.26897E-002 0.14373     
     523   103.03      0.14349      0.16159     -0.16783     -0.23204E-001 0.25644     
     524   103.02      0.17606      0.17696     -0.90563E-001-0.92981E-001 0.40414     
     525   103.01      0.19821      0.17329      0.68244E-001-0.24204      0.58650     
     526   102.97      0.20347      0.14442      0.34816     -0.51145      0.79780     
     527   102.91      0.18776      0.87461E-001 0.80104     -0.95693       1.0244     
     528   102.79      0.15301      0.46779E-002  1.4937      -1.6536       1.2412     
     529   102.56      0.11127     -0.96680E-001  2.5108      -2.7112       1.4067     
     530   102.09      0.89076E-001-0.21077       3.9058      -4.2007       1.4363     
     531   101.07      0.14023     -0.49569       5.8048      -6.9892       1.1345     
     534   101.07     -0.49569      0.14023      -6.9892       5.8048      -1.1345     
     535   102.09     -0.21077      0.89074E-001 -4.2007       3.9058      -1.4363     
     536   102.56     -0.96682E-001 0.11127      -2.7112       2.5108      -1.4067     
     537 -0.40134E-002-0.35948E-001 0.33883E-001 -8.2066     -0.87593      0.31744E-001
 
  ***** POST1 ELEMENT TABLE LISTING *****                                      
 
    STAT     CURRENT      CURRENT      CURRENT      CURRENT      CURRENT      CURRENT 
    ELEM     LS1          LS2          LS7          LS4          LS9          SMIS4   
     538 -0.44706E-002 0.65656      0.13267      -8.1820     -0.86467      0.12356E-001
     539 -0.42036E-002  1.3457      0.22899      -8.1033     -0.84865     -0.24209E-001
     540 -0.27515E-002  2.0342      0.31699      -7.9711     -0.83397     -0.83193E-001
     541  0.44535E-003  2.7278      0.38941      -7.7824     -0.83131     -0.16960     
     542  0.60315E-002  3.4350      0.43840      -7.5297     -0.85745     -0.28723     
     543  0.14721E-001  4.1653      0.45723      -7.1994     -0.93697     -0.43724     
     544  0.27299E-001  4.9265      0.44368      -6.7726      -1.1031     -0.61578     
     545  0.44688E-001  5.7207      0.40590      -6.2294      -1.3967     -0.81057     
     546  0.68042E-001  6.5384      0.37288      -5.5640      -1.8583     -0.99610     
     547  0.98911E-001  7.3480      0.41355      -4.8223      -2.5017      -1.1272     
     548  0.13367       8.0690      0.66629      -4.2099      -3.2344      -1.1277     
     549  0.18937       8.5628       1.4049      -4.3559      -3.4929     -0.83822     
     550 -0.28592       8.0312       2.6281      -8.0493      -1.9603     -0.11816     
     552 -0.28592       11.326       3.2733       1.0038     -0.18762      0.11816     
     553  0.18937       9.3594       3.3214      -2.1672       1.7727      0.83822     
     554  0.13367       8.8873       2.5894      -1.9617       2.0494       1.1277     
     555  0.98911E-001  8.7286       1.9248      -1.0291       1.6506       1.1272     
     556   101.92      0.11336E-001 0.31636E-001 0.73549      0.83432     -0.26851E-001
     557   101.92      0.28870E-001 0.53627E-001 0.70739      0.86185      0.66422E-002
     558   101.93      0.50306E-001 0.78075E-001 0.68401      0.88599      0.62534E-001
     559   101.93      0.73560E-001 0.10199      0.67571      0.89697      0.14573     
     560   101.94      0.95005E-001 0.12109      0.69794      0.87985      0.25998     
     561   101.95      0.10943      0.13027      0.77236      0.81324      0.40695     
     562   101.98      0.11049      0.12461      0.92806      0.66773      0.58510     
     563   102.02      0.91789E-001 0.10116       1.2030      0.40388      0.78874     
     564   102.09      0.48935E-001 0.61409E-001  1.6462     -0.30698E-001  1.0073     
     565   102.22     -0.17880E-001 0.13697E-001  2.3203     -0.70675       1.2252     
     566   102.47     -0.10138     -0.25889E-001  3.3010      -1.7185       1.4233     
     567   102.98     -0.18691     -0.35003E-001  4.6557      -3.1922       1.5875     
     568   104.07     -0.25416      0.81096E-001  6.2764      -5.3183       1.7561     
     569   106.20     -0.65849E-002-0.75115       6.1875     -0.79033       2.4384     
     570   106.20     -0.75115     -0.65852E-002-0.79033       6.1875      -2.4384     
     571   104.07      0.81096E-001-0.25416      -5.3183       6.2764      -1.7561     
     572   102.98     -0.35004E-001-0.18691      -3.1922       4.6557      -1.5875     
     573   102.47     -0.25890E-001-0.10138      -1.7185       3.3010      -1.4233     
     574 -0.20417E-002-0.30496E-001 0.32037E-001 -21.274      -8.1911      0.36036E-001
     575 -0.23696E-002  1.8022      0.76841      -21.196      -8.1504      0.13320E-001
     576 -0.24747E-002  3.6248       1.4948      -20.960      -8.0469     -0.28862E-001
     577 -0.22332E-002  5.4324       2.1976      -20.563      -7.8866     -0.96122E-001
     578 -0.15299E-002  7.2238       2.8596      -19.998      -7.6813     -0.19369     
     579 -0.28924E-003  9.0009       3.4605      -19.249      -7.4509     -0.32560     
 
  ***** POST1 ELEMENT TABLE LISTING *****                                      
 
    STAT     CURRENT      CURRENT      CURRENT      CURRENT      CURRENT      CURRENT 
    ELEM     LS1          LS2          LS7          LS4          LS9          SMIS4   
     580  0.14871E-002  10.768       3.9767      -18.288      -7.2277     -0.49357     
     581  0.36868E-002  12.532       4.3818      -17.069      -7.0624     -0.69577     
     582  0.60733E-002  14.301       4.6465      -15.518      -7.0358     -0.92544     
     583  0.83196E-002  16.091       4.7395      -13.516      -7.2803      -1.1698     
     584  0.97331E-002  17.929       4.6265      -10.853      -8.0267      -1.4098     
     585  0.96853E-002  19.868       4.2840      -7.1503      -9.6869      -1.6201     
     586 -0.12117E-001  22.005       3.7027      -1.6555      -13.141      -1.7686     
     587  0.24980E-001  24.286       3.6466       5.7328      -18.176      -1.4983     
     589  0.24980E-001  14.919       14.477      -20.002       11.579       1.4983     
     590 -0.12117E-001  17.921       11.283      -12.877       7.6867       1.7686     
     591  0.96854E-002  19.816       9.5084      -7.2937       4.6669       1.6201     
     592  0.97332E-002  20.710       8.7036      -3.2108       3.1749       1.4098     
     593   95.514      0.64906E-002 0.21692E-001  2.5195       2.6487     -0.35420E-001
     594   95.517      0.17754E-001 0.37279E-001  2.4833       2.6846     -0.55387E-002
     595   95.522      0.30797E-001 0.54343E-001  2.4475       2.7218      0.43992E-001
     596   95.529      0.43596E-001 0.70537E-001  2.4197       2.7534      0.11612     
     597   95.541      0.52870E-001 0.82603E-001  2.4106       2.7697      0.21173     
     598   95.559      0.54109E-001 0.86818E-001  2.4338       2.7580      0.32859     
     599   95.589      0.42023E-001 0.79974E-001  2.5046       2.7040      0.46028     
     600   95.635      0.11674E-001 0.61042E-001  2.6377       2.5946      0.59561     
     601   95.708     -0.39517E-001 0.33374E-001  2.8418       2.4231      0.71848     
     602   95.818     -0.10885      0.67913E-002  3.1103       2.2000      0.80847     
     603   95.975     -0.18508     -0.18703E-002  3.3950       1.9798      0.84244     
     604   96.177     -0.24547      0.27294E-001  3.5436       1.8850      0.80162     
     605   96.360     -0.25269      0.26898E-001  2.8742       2.9519      0.65911     
     606   96.194     -0.37491      0.47114       2.5519       3.2543      0.16434     
     607   96.194      0.47114     -0.37491       3.2543       2.5519     -0.16434     
     608   96.360      0.26898E-001-0.25269       2.9519       2.8742     -0.65911     
     609   96.177      0.27293E-001-0.24547       1.8850       3.5436     -0.80162     
     610   95.975     -0.18713E-002-0.18508       1.9798       3.3950     -0.84244     
     611  0.17468E-003-0.38364E-001 0.44327E-001 -38.607      -21.336      0.42572E-001
     612  0.21499E-004  3.2989       1.9336      -38.463      -21.240      0.20651E-001
     613 -0.43208E-003  6.6112       3.8067      -38.027      -20.975     -0.20060E-001
     614 -0.14048E-002  9.8799       5.6415      -37.299      -20.545     -0.84155E-001
     615 -0.32212E-002  13.088       7.4134      -36.272      -19.957     -0.17519     
     616 -0.63513E-002  16.219       9.0953      -34.938      -19.223     -0.29470     
     617 -0.11461E-001  19.255       10.659      -33.280      -18.361     -0.44112     
     618 -0.19474E-001  22.170       12.078      -31.276      -17.392     -0.60878     
     619 -0.31657E-001  24.930       13.333      -28.901      -16.340     -0.78700     
     620 -0.49715E-001  27.480       14.417      -26.138      -15.215     -0.95967     
     621 -0.75915E-001  29.733       15.357      -23.010      -13.978      -1.1048     
 
  ***** POST1 ELEMENT TABLE LISTING *****                                      
 
    STAT     CURRENT      CURRENT      CURRENT      CURRENT      CURRENT      CURRENT 
    ELEM     LS1          LS2          LS7          LS4          LS9          SMIS4   
     622 -0.11189       31.548       16.242      -19.664      -12.445      -1.1932     
     623 -0.17317       32.632       17.310      -16.714      -9.9308      -1.1877     
     624  0.22343       32.622       19.200      -14.989      -4.6550      -1.2658     
     625  0.56809       33.327       15.727      -12.130      -5.7240     -0.94539E-006
     626  0.22343       34.625       17.700      -9.4863      -8.7757       1.2658     
     627 -0.17317       35.741       19.643      -8.1715      -3.5189       1.1877     
     628 -0.11189       36.807       20.441      -5.2149     -0.90616       1.1932     
     629 -0.75915E-001  37.567       20.749      -1.4851      0.83674       1.1048     
     630   79.999      0.36838E-002 0.12341E-001  5.2098       5.3697     -0.42807E-001
     631   80.001      0.98646E-002 0.22252E-001  5.1681       5.4111     -0.19374E-001
     632   80.003      0.16485E-001 0.33045E-001  5.1233       5.4572      0.19387E-001
     633   80.006      0.22014E-001 0.43079E-001  5.0803       5.5037      0.74371E-001
     634   80.010      0.24126E-001 0.50085E-001  5.0462       5.5446      0.14382     
     635   80.016      0.19791E-001 0.51502E-001  5.0287       5.5726      0.22229     
     636   80.026      0.56995E-002 0.45231E-001  5.0354       5.5809      0.30003     
     637   80.039     -0.20752E-001 0.30915E-001  5.0711       5.5654      0.36319     
     638   80.057     -0.59759E-001 0.11643E-001  5.1342       5.5278      0.39556     
     639   80.078     -0.10667     -0.45058E-002  5.2123       5.4798      0.38239     
     640   80.098     -0.14929     -0.48389E-002  5.2744       5.4441      0.31715     
     641   80.106     -0.16709      0.17706E-001  5.2268       5.4994      0.20827     
     642   80.076     -0.14969      0.89004E-001  4.8861       5.8563      0.50848E-001
     643   80.054     -0.29146E-001 0.26084       5.0965       5.7385     -0.10406     
     644   80.054      0.26084     -0.29146E-001  5.7385       5.0965      0.10407     
     645   80.076      0.89004E-001-0.14969       5.8563       4.8861     -0.50846E-001
     646   80.106      0.17706E-001-0.16709       5.4994       5.2268     -0.20827     
     647   80.098     -0.48396E-002-0.14929       5.4441       5.2744     -0.31715     
     648  0.28592E-002-0.54711E-001 0.61490E-001 -51.344      -38.826      0.49112E-001
     649  0.31223E-002  4.3841       3.4826      -51.156      -38.660      0.31090E-001
     650  0.27059E-002  8.7851       6.8795      -50.581      -38.188     -0.28796E-002
     651  0.11509E-002  13.118       10.220      -49.621      -37.412     -0.55667E-001
     652 -0.21307E-002  17.354       13.470      -48.275      -36.335     -0.12836     
     653 -0.78519E-002  21.462       16.593      -46.544      -34.966     -0.21917     
     654 -0.16825E-001  25.408       19.553      -44.428      -33.316     -0.32239     
     655 -0.29896E-001  29.155       22.315      -41.929      -31.397     -0.42773     
     656 -0.47805E-001  32.655       24.847      -39.060      -29.220     -0.52046     
     657 -0.70843E-001  35.853       27.123      -35.851      -26.788     -0.58267     
     658 -0.97620E-001  38.689       29.125      -32.365      -24.094     -0.59618     
     659 -0.12235       41.104       30.846      -28.726      -21.113     -0.54753     
     660 -0.98537E-001  43.023       32.352      -25.166      -17.722     -0.44555     
     661  0.25028       44.735       33.171      -21.327      -14.820     -0.20080     
     662  0.50771       46.641       33.710      -16.976      -12.269     -0.10333E-005
 
  ***** POST1 ELEMENT TABLE LISTING *****                                      
 
    STAT     CURRENT      CURRENT      CURRENT      CURRENT      CURRENT      CURRENT 
    ELEM     LS1          LS2          LS7          LS4          LS9          SMIS4   
     663  0.25028       47.978       34.937      -12.417      -9.9695      0.20080     
     664 -0.98537E-001  49.134       36.174      -8.3761      -7.2199      0.44555     
     665 -0.12235       49.952       37.200      -4.4157      -3.6539      0.54753     
     666 -0.97620E-001  50.442       37.798     -0.75935E-001-0.26412      0.59618     
     667   53.163      0.30475E-002 0.41951E-002  7.8926       8.0687     -0.42852E-001
     668   53.163      0.53847E-002 0.96999E-002  7.8527       8.1079     -0.26509E-001
     669   53.163      0.73952E-002 0.15936E-001  7.8092       8.1517      0.63559E-003
     670   53.161      0.82450E-002 0.21972E-001  7.7660       8.1967      0.38250E-001
     671   53.158      0.67884E-002 0.26444E-001  7.7284       8.2379      0.83427E-001
     672   53.154      0.16665E-002 0.27724E-001  7.7023       8.2696      0.12992     
     673   53.149     -0.84134E-002 0.24361E-001  7.6936       8.2859      0.16789     
     674   53.143     -0.24121E-001 0.15884E-001  7.7060       8.2824      0.18485     
     675   53.136     -0.44593E-001 0.39266E-002  7.7399       8.2575      0.16846     
     676   53.126     -0.66214E-001-0.67350E-002  7.7899       8.2137      0.11183     
     677   53.115     -0.81610E-001-0.84702E-002  7.8401       8.1604      0.21064E-001
     678   53.102     -0.80679E-001 0.92980E-002  7.8369       8.1381     -0.80700E-001
     679   53.083     -0.47903E-001 0.64278E-001  7.6756       8.3080     -0.15767     
     680   53.065      0.50828E-001 0.10506       7.8189       8.2218     -0.99231E-001
     681   53.065      0.10506      0.50829E-001  8.2218       7.8190      0.99232E-001
     682   53.083      0.64278E-001-0.47903E-001  8.3080       7.6756      0.15767     
     683   53.102      0.92978E-002-0.80679E-001  8.1381       7.8369      0.80702E-001
     684   53.115     -0.84706E-002-0.81611E-001  8.1604       7.8401     -0.21063E-001
     685  0.58382E-002-0.67978E-001 0.72646E-001 -37.907      -51.800      0.50671E-001
     686  0.66900E-002  3.1972       4.6250      -37.778      -51.587      0.37653E-001
     687  0.66163E-002  6.4328       9.1455      -37.364      -50.969      0.12407E-001
     688  0.49975E-002  9.6159       13.594      -36.667      -49.948     -0.26427E-001
     689  0.10952E-002  12.724       17.929      -35.686      -48.528     -0.78123E-001
     690 -0.58961E-002  15.735       22.106      -34.423      -46.720     -0.13887     
     691 -0.16757E-001  18.624       26.083      -32.882      -44.539     -0.20098     
     692 -0.32098E-001  21.366       29.816      -31.067      -42.004     -0.25284     
     693 -0.52133E-001  23.934       33.267      -28.993      -39.140     -0.28011     
     694 -0.76263E-001  26.300       36.401      -26.681      -35.972     -0.26907     
     695 -0.10183       28.442       39.192      -24.165      -32.534     -0.21241     
     696 -0.11792       30.336       41.639      -21.503      -28.846     -0.11747     
     697 -0.68551E-001  31.956       43.771      -18.795      -24.896     -0.18468E-002
     698  0.23617       33.440       45.542      -15.929      -20.865      0.11238     
     699  0.45252       34.848       47.038      -12.684      -17.120     -0.10036E-005
     700  0.23617       35.856       48.299      -9.2926      -13.290     -0.11238     
     701 -0.68552E-001  36.561       49.533      -6.1431      -9.0643      0.18451E-002
     702 -0.11792       37.061       50.439      -3.0273      -4.6676      0.11746     
     703 -0.10183       37.321       50.935      0.22885     -0.26962      0.21241     
 
  ***** POST1 ELEMENT TABLE LISTING *****                                      
 
    STAT     CURRENT      CURRENT      CURRENT      CURRENT      CURRENT      CURRENT 
    ELEM     LS1          LS2          LS7          LS4          LS9          SMIS4   
     704   19.705      0.39916E-002-0.20635E-002  7.8787       8.0467     -0.30696E-001
     705   19.705      0.37524E-002 0.54921E-003  7.8470       8.0776     -0.22000E-001
     706   19.705      0.27405E-002 0.40243E-002  7.8132       8.1110     -0.72839E-002
     707   19.703      0.73432E-003 0.80058E-002  7.7803       8.1438      0.12893E-001
     708   19.699     -0.24069E-002 0.11816E-001  7.7524       8.1722      0.36246E-001
     709   19.695     -0.66583E-002 0.14459E-001  7.7339       8.1917      0.58299E-001
     710   19.689     -0.11726E-001 0.14766E-001  7.7293       8.1975      0.72331E-001
     711   19.683     -0.16937E-001 0.11748E-001  7.7414       8.1865      0.70201E-001
     712   19.676     -0.21153E-001 0.52170E-002  7.7704       8.1574      0.44580E-001
     713   19.670     -0.22766E-001-0.34894E-002  7.8122       8.1132     -0.70041E-002
     714   19.665     -0.20043E-001-0.10759E-001  7.8551       8.0623     -0.76699E-001
     715   19.661     -0.11387E-001-0.88310E-002  7.8651       8.0355     -0.14080     
     716   19.652      0.78454E-002 0.73512E-002  7.7921       8.1078     -0.15444     
     717   19.640      0.31867E-001 0.24156E-001  7.8618       8.0604     -0.67889E-001
     718   19.640      0.24156E-001 0.31867E-001  8.0604       7.8618      0.67890E-001
     719   19.652      0.73511E-002 0.78455E-002  8.1078       7.7921      0.15444     
     720   19.661     -0.88311E-002-0.11387E-001  8.0355       7.8651      0.14080     
     721   19.665     -0.10759E-001-0.20043E-001  8.0623       7.8551      0.76700E-001
     722  0.86918E-002-0.77006E-001 0.76941E-001  39.164      -38.599      0.42378E-001
     723  0.10091E-001 -3.5247       3.4733       38.990      -38.445      0.34500E-001
     724  0.10371E-001 -6.9481       6.8459       38.518      -37.986      0.18516E-001
     725  0.87867E-002 -10.320       10.164       37.756      -37.224     -0.60407E-002
     726  0.44844E-002 -13.615       13.394       36.713      -36.164     -0.37876E-001
     727 -0.34143E-002 -16.806       16.503       35.401      -34.813     -0.73190E-001
     728 -0.15678E-001 -19.869       19.459       33.835      -33.187     -0.10519     
     729 -0.32783E-001 -22.780       22.232       32.026      -31.305     -0.12433     
     730 -0.54662E-001 -25.514       24.797       29.986      -29.189     -0.11981     
     731 -0.80296E-001 -28.048       27.137       27.723      -26.864     -0.83150E-001
     732 -0.10627      -30.356       29.243       25.243      -24.353     -0.13936E-001
     733 -0.11875      -32.422       31.125       22.539      -21.660      0.73934E-001
     734 -0.54311E-001 -34.239       32.812       19.585      -18.751      0.14977     
     735  0.22630      -35.746       34.266       16.494      -15.771      0.14803     
     736  0.41789      -36.956       35.452       13.451      -12.903     -0.79225E-006
     737  0.22630      -37.985       36.387       10.341      -9.9450     -0.14803     
     738 -0.54311E-001 -38.818       37.188       7.0055      -6.7268     -0.14977     
     739 -0.11875      -39.324       37.766       3.5745      -3.4143     -0.73935E-001
     740 -0.10627      -39.480       38.055      0.17559     -0.14214      0.13936E-001
     741   0.0000       0.0000       0.0000       0.0000       0.0000       0.0000     
     742   0.0000       0.0000       0.0000       0.0000       0.0000       0.0000     
     743   0.0000       0.0000       0.0000       0.0000       0.0000       0.0000     
     744   0.0000       0.0000       0.0000       0.0000       0.0000       0.0000     
 
  ***** POST1 ELEMENT TABLE LISTING *****                                      
 
    STAT     CURRENT      CURRENT      CURRENT      CURRENT      CURRENT      CURRENT 
    ELEM     LS1          LS2          LS7          LS4          LS9          SMIS4   
     745   0.0000       0.0000       0.0000       0.0000       0.0000       0.0000     
     746   0.0000       0.0000       0.0000       0.0000       0.0000       0.0000     
     747   0.0000       0.0000       0.0000       0.0000       0.0000       0.0000     
     748   0.0000       0.0000       0.0000       0.0000       0.0000       0.0000     
     749   0.0000       0.0000       0.0000       0.0000       0.0000       0.0000     
     750   0.0000       0.0000       0.0000       0.0000       0.0000       0.0000     
     751   0.0000       0.0000       0.0000       0.0000       0.0000       0.0000     
     752   0.0000       0.0000       0.0000       0.0000       0.0000       0.0000     
     753   0.0000       0.0000       0.0000       0.0000       0.0000       0.0000     
     754   0.0000       0.0000       0.0000       0.0000       0.0000       0.0000     
     755   0.0000       0.0000       0.0000       0.0000       0.0000       0.0000     
     756   0.0000       0.0000       0.0000       0.0000       0.0000       0.0000     
     757   0.0000       0.0000       0.0000       0.0000       0.0000       0.0000     
     758   0.0000       0.0000       0.0000       0.0000       0.0000       0.0000     
     759  0.11019E-001-0.99037E-001 0.65249E-001  226.81       38.472      0.21942E-001
     760  0.12783E-001 -19.900      -3.2649       225.90       38.320      0.19084E-001
     761  0.13260E-001 -39.549      -6.5681       223.28       37.887      0.12708E-001
     762  0.11613E-001 -58.895      -9.8239       218.97       37.179      0.26799E-002
     763  0.69061E-002 -77.793      -13.014       213.00       36.203     -0.10276E-001
     764 -0.17887E-002 -96.097      -16.121       205.43       34.964     -0.24222E-001
     765 -0.15227E-001 -113.67      -19.126       196.31       33.468     -0.35785E-001
     766 -0.33779E-001 -130.37      -22.009       185.70       31.716     -0.40291E-001
     767 -0.57157E-001 -146.07      -24.744       173.69       29.711     -0.32599E-001
     768 -0.83995E-001 -160.63      -27.298       160.34       27.460     -0.89765E-002
     769 -0.11031      -173.93      -29.636       145.75       24.976      0.29942E-001
     770 -0.12033      -185.85      -31.718       130.00       22.291      0.75600E-001
     771 -0.48063E-001 -196.31      -33.513       113.24       19.452      0.10557     
     772  0.22127      -205.26      -35.039       95.641       16.440      0.83043E-001
     773  0.40082      -212.73      -36.343       77.427       13.228     -0.37083E-006
     774  0.22127      -218.72      -37.408       58.676       9.9287     -0.83044E-001
     775 -0.48063E-001 -223.17      -38.176       39.442       6.6404     -0.10557     
     776 -0.12033      -225.94      -38.625       19.875       3.3121     -0.75600E-001
     777 -0.11031      -226.92      -38.757      0.15433     -0.83563E-001-0.29942E-001
    2953   122.17      0.34257E-001 -1.6259      -5.5328       2.0957      0.19031E-001
    2954   122.17      -1.6259      0.34257E-001  2.0957      -5.5328     -0.19032E-001
    2955 -0.39247E-001  9.5638       19.292      -3.4809      -7.0217      0.61475E-006
    2956   124.93     -0.80666     -0.85672      0.26341     -0.11831      0.24529     
    2957   124.93     -0.85672     -0.80666     -0.11831      0.26341     -0.24529     
    2958 -0.62950       2.2414       9.7541     -0.81578      -3.5502      0.49699E-006
    2959   123.99     -0.96099     -0.56007      0.52587     -0.83604E-001 0.70646E-001
    2960   123.99     -0.56007     -0.96099     -0.83603E-001 0.52587     -0.70647E-001
 
  ***** POST1 ELEMENT TABLE LISTING *****                                      
 
    STAT     CURRENT      CURRENT      CURRENT      CURRENT      CURRENT      CURRENT 
    ELEM     LS1          LS2          LS7          LS4          LS9          SMIS4   
    2961 -0.59996     -0.89395       2.4700      0.32537     -0.89900      0.35784E-006
    2962   123.02     -0.86298     -0.57178      0.31878     -0.33788E-001 0.39131E-002
    2963   123.02     -0.57178     -0.86298     -0.33787E-001 0.31878     -0.39133E-002
    2964 -0.55280      -1.9981     -0.83216      0.72726      0.30288      0.21319E-006
    2965   122.65     -0.81044     -0.60080     -0.79981E-012 0.78730E-012 0.92088E-012
    2966   122.65     -0.60080     -0.81044     -0.46968E-012 0.57628E-012 0.40767E-012
    2967 -0.52552      -2.2408      -1.9971      0.81558      0.72688      0.70613E-007
    2968   123.02     -0.86298     -0.57178     -0.31878      0.33788E-001-0.39131E-002
    2969   123.02     -0.57178     -0.86298      0.33787E-001-0.31878      0.39133E-002
    2970 -0.52552      -1.9971      -2.2408      0.72688      0.81558     -0.70614E-007
    2971   123.99     -0.96099     -0.56007     -0.52587      0.83604E-001-0.70646E-001
    2972   123.99     -0.56007     -0.96099      0.83603E-001-0.52587      0.70647E-001
    2973 -0.55280     -0.83216      -1.9981      0.30288      0.72726     -0.21319E-006
    2974   124.93     -0.80666     -0.85672     -0.26341      0.11831     -0.24529     
    2975   124.93     -0.85672     -0.80666      0.11831     -0.26341      0.24529     
    2976 -0.59996       2.4700     -0.89395     -0.89900      0.32537     -0.35784E-006
    2977   122.17      0.34257E-001 -1.6259       5.5328      -2.0957     -0.19031E-001
    2978   122.17      -1.6259      0.34257E-001 -2.0957       5.5328      0.19032E-001
    2979 -0.62950       9.7541       2.2414      -3.5502     -0.81578     -0.49699E-006
    2980 -0.39247E-001  19.292       9.5638      -7.0217      -3.4809     -0.61475E-006

 MINIMUM VALUES
 ELEM       2958          777           74          130          685          199
 VALUE  -0.62950      -226.92      -226.92      -51.800      -51.800      -2.4384     

 MAXIMUM VALUES
 ELEM       2957          148          703          759           56          569
 VALUE    124.93       50.935       50.935       226.81       226.81       2.4384     

