/COM,ANSYS RELEASE 2020 R1           BUILD 20.1      UP20191203       22:03:50
/COM,ANSYS RELEASE 2020 R1           BUILD 20.1      UP20191203       15:18:19
/COM,ANSYS RELEASE 2020 R1           BUILD 20.1      UP20191203       19:52:39
/COM,ANSYS RELEASE 2020 R1           BUILD 20.1      UP20191203       20:06:48
/COM,ANSYS RELEASE 2020 R1           BUILD 20.1      UP20191203       12:50:08
/COM,ANSYS RELEASE 2020 R1           BUILD 20.1      UP20191203       14:00:22

 *** WARNING ***                         CP =      14.016   TIME= 14:04:34
 No previous ZOOM or more than five backward ZOOMs in window 1.  The     
 /ZOOM command is ignored.                                               

 *** WARNING ***                         CP =     147.203   TIME= 15:06:23
 No previous ZOOM or more than five backward ZOOMs in window 1.  The     
 /ZOOM command is ignored.                                               
/COM,ANSYS RELEASE 2020 R1           BUILD 20.1      UP20191203       13:23:22
/COM,ANSYS RELEASE 2020 R1           BUILD 20.1      UP20191203       15:08:52
/COM,ANSYS RELEASE 2020 R1           BUILD 20.1      UP20191203       15:15:07
/COM,ANSYS RELEASE 2020 R1           BUILD 20.1      UP20191203       13:14:19
/COM,ANSYS RELEASE 2020 R1           BUILD 20.1      UP20191203       23:43:41
/COM,ANSYS RELEASE 2020 R1           BUILD 20.1      UP20191203       12:07:39
/COM,ANSYS RELEASE 2020 R1           BUILD 20.1      UP20191203       21:25:44
/COM,ANSYS RELEASE 2020 R1           BUILD 20.1      UP20191203       20:10:41
/COM,ANSYS RELEASE 2020 R1           BUILD 20.1      UP20191203       14:43:15
/COM,ANSYS RELEASE 2020 R1           BUILD 20.1      UP20191203       00:39:03
/COM,ANSYS RELEASE 2020 R1           BUILD 20.1      UP20191203       17:16:28
/COM,ANSYS RELEASE 2020 R1           BUILD 20.1      UP20191203       19:27:20
/COM,ANSYS RELEASE 2020 R1           BUILD 20.1      UP20191203       19:47:46
/COM,ANSYS RELEASE 2020 R1           BUILD 20.1      UP20191203       00:31:33
/COM,ANSYS RELEASE 2020 R1           BUILD 20.1      UP20191203       20:53:30
/COM,ANSYS RELEASE 2020 R1           BUILD 20.1      UP20191203       01:05:38
