
 PRINT ELEMENT TABLE ITEMS PER ELEMENT
 
  ***** POST1 ELEMENT TABLE LISTING *****                                      
 
    STAT     CURRENT      CURRENT      CURRENT      CURRENT      CURRENT      CURRENT 
    ELEM     LS1          LS2          LS7          LS4          LS9          SMIS4   
       1   0.0000       0.0000       0.0000       0.0000       0.0000       0.0000     
       2   0.0000       0.0000       0.0000       0.0000       0.0000       0.0000     
       3   0.0000       0.0000       0.0000       0.0000       0.0000       0.0000     
       4   0.0000       0.0000       0.0000       0.0000       0.0000       0.0000     
       5   0.0000       0.0000       0.0000       0.0000       0.0000       0.0000     
       6   0.0000       0.0000       0.0000       0.0000       0.0000       0.0000     
       7   0.0000       0.0000       0.0000       0.0000       0.0000       0.0000     
       8   0.0000       0.0000       0.0000       0.0000       0.0000       0.0000     
       9   0.0000       0.0000       0.0000       0.0000       0.0000       0.0000     
      10   0.0000       0.0000       0.0000       0.0000       0.0000       0.0000     
      11   0.0000       0.0000       0.0000       0.0000       0.0000       0.0000     
      12   0.0000       0.0000       0.0000       0.0000       0.0000       0.0000     
      13   0.0000       0.0000       0.0000       0.0000       0.0000       0.0000     
      14   0.0000       0.0000       0.0000       0.0000       0.0000       0.0000     
      15   0.0000       0.0000       0.0000       0.0000       0.0000       0.0000     
      16   0.0000       0.0000       0.0000       0.0000       0.0000       0.0000     
      17   0.0000       0.0000       0.0000       0.0000       0.0000       0.0000     
      18   0.0000       0.0000       0.0000       0.0000       0.0000       0.0000     
      38   19.697     -0.52729E-008-0.82551E-008 -7.9647      -7.9647      0.16692E-007
      39   19.697     -0.48003E-009-0.11252E-007 -7.9647      -7.9647      0.47600E-007
      40   19.697      0.39968E-008-0.15167E-007 -7.9647      -7.9647      0.75486E-007
      41   19.697      0.73741E-008-0.19477E-007 -7.9647      -7.9647      0.10348E-006
      42   19.697      0.10428E-007-0.23235E-007 -7.9647      -7.9647      0.13273E-006
      43   19.697      0.13672E-007-0.24509E-007 -7.9647      -7.9647      0.15973E-006
      44   19.697      0.17790E-007-0.22895E-007 -7.9647      -7.9647      0.17643E-006
      45   19.697      0.21414E-007-0.17787E-007 -7.9647      -7.9647      0.17477E-006
      46   19.697      0.23155E-007-0.89095E-008 -7.9647      -7.9647      0.14848E-006
      47   19.697      0.21493E-007 0.55630E-008 -7.9647      -7.9647      0.92901E-007
      48   19.697      0.16669E-007 0.27283E-007 -7.9647      -7.9647      0.93654E-009
      49   19.697      0.88233E-008 0.54812E-007 -7.9647      -7.9647     -0.13546E-006
      50   19.697     -0.41054E-008 0.86485E-007 -7.9647      -7.9647     -0.31713E-006
      51   19.697     -0.21929E-007 0.11745E-006 -7.9647      -7.9647     -0.53454E-006
      52   19.697     -0.43322E-007 0.13605E-006 -7.9647      -7.9647     -0.75903E-006
      53   19.697     -0.66499E-007 0.11589E-006 -7.9647      -7.9647     -0.92003E-006
      54   19.697     -0.92633E-007-0.69598E-008 -7.9647      -7.9647     -0.85856E-006
      55   19.697     -0.14852E-006-0.14836E-006 -7.9647      -7.9647     -0.37017E-006
      56 -0.12563E-007-0.49088E-013 0.66625E-013  38.547       226.94      0.78070E-013
      57 -0.11218E-007 -3.3596      -19.780       38.400       226.08     -0.20053E-007
      58 -0.74319E-008 -6.6936      -39.408       37.961       223.50     -0.37444E-007
      59 -0.13338E-008 -9.9767      -58.738       37.234       219.21     -0.54002E-007
      60  0.71135E-008 -13.184      -77.620       36.222       213.26     -0.71941E-007
 
  ***** POST1 ELEMENT TABLE LISTING *****                                      
 
    STAT     CURRENT      CURRENT      CURRENT      CURRENT      CURRENT      CURRENT 
    ELEM     LS1          LS2          LS7          LS4          LS9          SMIS4   
      61  0.17902E-007 -16.291      -95.911       34.935       205.68     -0.90926E-007
      62  0.30813E-007 -19.273      -113.47       33.383       196.54     -0.10699E-006
      63  0.44874E-007 -22.110      -130.17       31.576       185.90     -0.11456E-006
      64  0.58492E-007 -24.778      -145.88       29.529       173.85     -0.10918E-006
      65  0.69586E-007 -27.257      -160.47       27.257       160.47     -0.88065E-007
      66  0.75685E-007 -29.529      -173.85       24.778       145.88     -0.47959E-007
      67  0.73798E-007 -31.576      -185.90       22.110       130.17      0.17191E-007
      68  0.60634E-007 -33.383      -196.54       19.273       113.47      0.11152E-006
      69  0.33648E-007 -34.935      -205.68       16.291       95.911      0.23363E-006
      70 -0.80747E-008 -36.222      -213.26       13.184       77.620      0.37522E-006
      71 -0.62385E-007 -37.234      -219.21       9.9767       58.738      0.51267E-006
      72 -0.12192E-006 -37.961      -223.50       6.6936       39.408      0.58588E-006
      73 -0.17208E-006 -38.400      -226.08       3.3596       19.780      0.43825E-006
      74 -0.19231E-006 -38.547      -226.94     -0.41356E-007 0.63295E-007-0.18220E-008
      75   53.153     -0.20635E-007-0.20324E-007 -7.9848      -7.9848      0.24587E-007
      76   53.153     -0.16538E-007-0.20292E-007 -7.9848      -7.9848      0.71774E-007
      77   53.153     -0.12294E-007-0.23086E-007 -7.9848      -7.9848      0.11630E-006
      78   53.153     -0.10658E-007-0.26714E-007 -7.9848      -7.9848      0.16074E-006
      79   53.153     -0.10029E-007-0.28107E-007 -7.9848      -7.9848      0.20529E-006
      80   53.153     -0.77662E-008-0.23550E-007 -7.9848      -7.9848      0.24464E-006
      81   53.153     -0.55787E-009-0.13246E-007 -7.9848      -7.9848      0.26842E-006
      82   53.153      0.10733E-007 0.25415E-008 -7.9848      -7.9848      0.26469E-006
      83   53.153      0.24599E-007 0.22739E-007 -7.9848      -7.9848      0.22229E-006
      84   53.153      0.38452E-007 0.50166E-007 -7.9848      -7.9848      0.13206E-006
      85   53.153      0.54019E-007 0.86754E-007 -7.9848      -7.9848     -0.15839E-007
      86   53.153      0.73094E-007 0.12652E-006 -7.9848      -7.9848     -0.22989E-006
      87   53.153      0.90557E-007 0.16271E-006 -7.9848      -7.9848     -0.50749E-006
      88   53.153      0.10236E-006 0.18231E-006 -7.9848      -7.9848     -0.82673E-006
      89   53.153      0.10145E-006 0.15869E-006 -7.9848      -7.9848     -0.11332E-005
      90   53.153      0.70564E-007 0.38906E-007 -7.9848      -7.9848     -0.13153E-005
      91   53.153     -0.34048E-007-0.28488E-006 -7.9848      -7.9848     -0.11711E-005
      92   53.153     -0.32357E-006-0.52542E-006 -7.9848      -7.9848     -0.48921E-006
      93 -0.11167E-007-0.30063E-014 0.29538E-014 -38.572       39.242      0.17890E-012
      94 -0.10198E-007  3.3618      -3.4202      -38.425       39.092     -0.40662E-007
      95 -0.72364E-008  6.6979      -6.8143      -37.986       38.646     -0.77865E-007
      96 -0.22921E-008  9.9831      -10.157      -37.258       37.905     -0.11375E-006
      97  0.46344E-008  13.192      -13.421      -36.246       36.875     -0.15121E-006
      98  0.13502E-007  16.301      -16.584      -34.958       35.565     -0.18875E-006
      99  0.23987E-007  19.286      -19.621      -33.404       33.984     -0.21911E-006
     100  0.35440E-007  22.124      -22.508      -31.596       32.145     -0.23200E-006
     101  0.46697E-007  24.793      -25.224      -29.548       30.061     -0.21770E-006
 
  ***** POST1 ELEMENT TABLE LISTING *****                                      
 
    STAT     CURRENT      CURRENT      CURRENT      CURRENT      CURRENT      CURRENT 
    ELEM     LS1          LS2          LS7          LS4          LS9          SMIS4   
     102  0.56040E-007  27.274      -27.748      -27.274       27.748     -0.16865E-006
     103  0.61257E-007  29.548      -30.061      -24.793       25.224     -0.77397E-007
     104  0.59820E-007  31.596      -32.145      -22.124       22.508      0.66122E-007
     105  0.49194E-007  33.404      -33.984      -19.286       19.621      0.26769E-006
     106  0.27301E-007  34.958      -35.565      -16.301       16.584      0.52100E-006
     107 -0.64459E-008  36.246      -36.875      -13.192       13.421      0.80138E-006
     108 -0.49873E-007  37.258      -37.905      -9.9831       10.157      0.10495E-005
     109 -0.96647E-007  37.986      -38.646      -6.6979       6.8143      0.11386E-005
     110 -0.13500E-006  38.425      -39.092      -3.3618       3.4201      0.81349E-006
     111 -0.15007E-006  38.572      -39.242     -0.48057E-007 0.48691E-007-0.49081E-008
     112   79.990     -0.38889E-007-0.36272E-007 -5.2945      -5.2945      0.27079E-007
     113   79.990     -0.35575E-007-0.33885E-007 -5.2945      -5.2945      0.80202E-007
     114   79.990     -0.31958E-007-0.35553E-007 -5.2945      -5.2945      0.13201E-006
     115   79.990     -0.32048E-007-0.38205E-007 -5.2945      -5.2945      0.18388E-006
     116   79.990     -0.33251E-007-0.36752E-007 -5.2945      -5.2945      0.23481E-006
     117   79.990     -0.30742E-007-0.25794E-007 -5.2945      -5.2945      0.27883E-006
     118   79.990     -0.19111E-007-0.51569E-008 -5.2945      -5.2945      0.30526E-006
     119   79.990      0.17519E-008 0.24606E-007 -5.2945      -5.2945      0.30077E-006
     120   79.990      0.30853E-007 0.60920E-007 -5.2945      -5.2945      0.25157E-006
     121   79.990      0.64863E-007 0.10653E-006 -5.2945      -5.2945      0.14573E-006
     122   79.990      0.10607E-006 0.16284E-006 -5.2945      -5.2945     -0.27082E-007
     123   79.990      0.15649E-006 0.21900E-006 -5.2945      -5.2945     -0.27274E-006
     124   79.990      0.20687E-006 0.26090E-006 -5.2945      -5.2945     -0.58301E-006
     125   79.990      0.24583E-006 0.26467E-006 -5.2945      -5.2945     -0.92523E-006
     126   79.990      0.25342E-006 0.18714E-006 -5.2945      -5.2945     -0.12294E-005
     127   79.990      0.18988E-006-0.47472E-007 -5.2945      -5.2945     -0.13728E-005
     128   79.990     -0.23704E-007-0.57581E-006 -5.2945      -5.2945     -0.11717E-005
     129   79.990     -0.54713E-006-0.92411E-006 -5.2945      -5.2945     -0.47539E-006
     130 -0.86845E-008 0.39757E-013-0.10018E-013 -51.804      -37.875      0.15393E-012
     131 -0.80142E-008  4.5150       3.3010      -51.607      -37.731     -0.50697E-007
     132 -0.59564E-008  8.9956       6.5770      -51.017      -37.300     -0.99064E-007
     133 -0.24727E-008  13.408       9.8028      -50.039      -36.585     -0.14669E-006
     134  0.24483E-008  17.718       12.954      -48.680      -35.591     -0.19543E-006
     135  0.87504E-008  21.893       16.007      -46.950      -34.327     -0.24267E-006
     136  0.16198E-007  25.902       18.938      -44.863      -32.801     -0.28005E-006
     137  0.24330E-007  29.713       21.724      -42.435      -31.026     -0.29557E-006
     138  0.32327E-007  33.299       24.346      -39.684      -29.014     -0.27617E-006
     139  0.38952E-007  36.631       26.782      -36.631      -26.782     -0.21030E-006
     140  0.42588E-007  39.684       29.014      -33.299      -24.346     -0.87609E-007
     141  0.41407E-007  42.435       31.026      -29.713      -21.724      0.10233E-006
     142  0.33643E-007  44.863       32.801      -25.902      -18.938      0.36302E-006
 
  ***** POST1 ELEMENT TABLE LISTING *****                                      
 
    STAT     CURRENT      CURRENT      CURRENT      CURRENT      CURRENT      CURRENT 
    ELEM     LS1          LS2          LS7          LS4          LS9          SMIS4   
     143  0.18001E-007  46.950       34.327      -21.893      -16.007      0.68098E-006
     144 -0.55921E-008  48.680       35.591      -17.718      -12.954      0.10157E-005
     145 -0.35086E-007  50.039       36.585      -13.408      -9.8028      0.12832E-005
     146 -0.65524E-007  51.017       37.300      -8.9956      -6.5770      0.13320E-005
     147 -0.89123E-007  51.607       37.731      -4.5150      -3.3010      0.91606E-006
     148 -0.97993E-007  51.804       37.875     -0.45638E-007 0.44008E-007-0.63191E-008
     149   95.507     -0.57235E-007-0.53372E-007 -2.5888      -2.5888      0.26424E-007
     150   95.507     -0.54547E-007-0.49744E-007 -2.5888      -2.5888      0.78979E-007
     151   95.507     -0.51697E-007-0.50763E-007 -2.5888      -2.5888      0.13142E-006
     152   95.507     -0.53220E-007-0.52507E-007 -2.5888      -2.5888      0.18423E-006
     153   95.507     -0.55526E-007-0.48233E-007 -2.5888      -2.5888      0.23559E-006
     154   95.507     -0.51976E-007-0.30984E-007 -2.5888      -2.5888      0.27947E-006
     155   95.507     -0.35424E-007 0.28799E-009 -2.5888      -2.5888      0.30560E-006
     156   95.507     -0.45723E-008 0.45198E-007 -2.5888      -2.5888      0.30071E-006
     157   95.507      0.40342E-007 0.99986E-007 -2.5888      -2.5888      0.25045E-006
     158   95.507      0.95521E-007 0.16652E-006 -2.5888      -2.5888      0.14212E-006
     159   95.507      0.16295E-006 0.24463E-006 -2.5888      -2.5888     -0.33747E-007
     160   95.507      0.24342E-006 0.31825E-006 -2.5888      -2.5888     -0.27934E-006
     161   95.507      0.32250E-006 0.36505E-006 -2.5888      -2.5888     -0.58084E-006
     162   95.507      0.37980E-006 0.34967E-006 -2.5888      -2.5888     -0.89861E-006
     163   95.507      0.38141E-006 0.21456E-006 -2.5888      -2.5888     -0.11580E-005
     164   95.507      0.26829E-006-0.13054E-006 -2.5888      -2.5888     -0.12449E-005
     165   95.507     -0.59408E-007-0.82947E-006 -2.5888      -2.5888     -0.10191E-005
     166   95.507     -0.77206E-006-0.12701E-005 -2.5888      -2.5888     -0.40143E-006
     167 -0.52373E-008-0.31889E-014 0.66699E-013 -38.846      -51.342     -0.18269E-013
     168 -0.48911E-008  3.3857       4.4747      -38.699      -51.147     -0.52543E-007
     169 -0.38047E-008  6.7456       8.9154      -38.256      -50.562     -0.10417E-006
     170 -0.19293E-008  10.054       13.288      -37.523      -49.593     -0.15598E-006
     171  0.74442E-009  13.286       17.560      -36.504      -48.246     -0.20856E-006
     172  0.41668E-008  16.417       21.698      -35.207      -46.532     -0.25860E-006
     173  0.81872E-008  19.423       25.671      -33.642      -44.463     -0.29777E-006
     174  0.12549E-007  22.281       29.449      -31.821      -42.057     -0.31388E-006
     175  0.16802E-007  24.970       33.002      -29.758      -39.330     -0.29273E-006
     176  0.20259E-007  27.469       36.304      -27.469      -36.304     -0.22076E-006
     177  0.22000E-007  29.758       39.330      -24.970      -33.002     -0.86386E-007
     178  0.21026E-007  31.821       42.057      -22.281      -29.449      0.11917E-006
     179  0.16466E-007  33.642       44.463      -19.423      -25.671      0.39516E-006
     180  0.78409E-008  35.207       46.532      -16.417      -21.698      0.72093E-006
     181 -0.44945E-008  36.504       48.246      -13.286      -17.560      0.10455E-005
     182 -0.18910E-007  37.523       49.593      -10.054      -13.288      0.12759E-005
     183 -0.32403E-007  38.256       50.562      -6.7456      -8.9154      0.12690E-005
 
  ***** POST1 ELEMENT TABLE LISTING *****                                      
 
    STAT     CURRENT      CURRENT      CURRENT      CURRENT      CURRENT      CURRENT 
    ELEM     LS1          LS2          LS7          LS4          LS9          SMIS4   
     184 -0.41511E-007  38.699       51.147      -3.3857      -4.4747      0.84005E-006
     185 -0.44518E-007  38.846       51.342     -0.41750E-007 0.39512E-007-0.62262E-008
     186   101.92     -0.74203E-007-0.69751E-007-0.78941     -0.78941      0.23890E-007
     187   101.92     -0.72061E-007-0.65667E-007-0.78941     -0.78941      0.71840E-007
     188   101.92     -0.70066E-007-0.66442E-007-0.78941     -0.78941      0.12043E-006
     189   101.92     -0.72793E-007-0.67405E-007-0.78941     -0.78941      0.16964E-006
     190   101.92     -0.75741E-007-0.60481E-007-0.78941     -0.78941      0.21725E-006
     191   101.92     -0.70806E-007-0.37330E-007-0.78941     -0.78941      0.25756E-006
     192   101.92     -0.49334E-007 0.40802E-008-0.78941     -0.78941      0.28119E-006
     193   101.92     -0.88148E-008 0.63699E-007-0.78941     -0.78941      0.27587E-006
     194   101.92      0.51248E-007 0.13694E-006-0.78941     -0.78941      0.22819E-006
     195   101.92      0.12675E-006 0.22433E-006-0.78941     -0.78941      0.12623E-006
     196   101.92      0.21878E-006 0.32328E-006-0.78941     -0.78941     -0.37672E-007
     197   101.92      0.32572E-006 0.41237E-006-0.78941     -0.78941     -0.26225E-006
     198   101.92      0.42736E-006 0.46118E-006-0.78941     -0.78941     -0.52981E-006
     199   101.92      0.49399E-006 0.42408E-006-0.78941     -0.78941     -0.79861E-006
     200   101.92      0.47902E-006 0.23303E-006-0.78941     -0.78941     -0.99819E-006
     201   101.92      0.30975E-006-0.20777E-006-0.78941     -0.78941     -0.10340E-005
     202   101.92     -0.12127E-006-0.10325E-005-0.78941     -0.78941     -0.81239E-006
     203   101.92     -0.96970E-006-0.15402E-005-0.78941     -0.78941     -0.31062E-006
     204 -0.13522E-008-0.16300E-012 0.26672E-012 -21.360      -38.621     -0.47276E-012
     205 -0.13284E-008  1.8616       3.3660      -21.278      -38.474     -0.49432E-007
     206 -0.12167E-008  3.7091       6.7064      -21.035      -38.034     -0.98995E-007
     207 -0.97326E-009  5.5283       9.9957      -20.632      -37.305     -0.14947E-006
     208 -0.59542E-009  7.3054       13.209      -20.072      -36.291     -0.20056E-006
     209 -0.11665E-009  9.0270       16.322      -19.358      -35.002     -0.24868E-006
     210  0.40769E-009  10.680       19.310      -18.498      -33.446     -0.28600E-006
     211  0.93493E-009  12.251       22.152      -17.497      -31.636     -0.30100E-006
     212  0.13983E-008  13.730       24.825      -16.362      -29.585     -0.27986E-006
     213  0.16763E-008  15.104       27.309      -15.104      -27.309     -0.20892E-006
     214  0.15899E-008  16.362       29.585      -13.730      -24.825     -0.76934E-007
     215  0.99463E-009  17.497       31.636      -12.251      -22.152      0.12239E-006
     216 -0.10093E-009  18.498       33.446      -10.680      -19.310      0.38390E-006
     217 -0.14644E-008  19.358       35.002      -9.0270      -16.322      0.68184E-006
     218 -0.25339E-008  20.072       36.291      -7.3054      -13.209      0.96140E-006
     219 -0.24401E-008  20.632       37.305      -5.5283      -9.9957      0.11335E-005
     220 -0.42656E-009  21.035       38.034      -3.7091      -6.7064      0.10804E-005
     221  0.29666E-008  21.278       38.474      -1.8616      -3.3660      0.68787E-006
     222  0.48025E-008  21.360       38.621     -0.36754E-007 0.34057E-007-0.54058E-008
     223   103.04     -0.88925E-007-0.84247E-007 0.95724E-001 0.95724E-001 0.20185E-007
     224   103.04     -0.87277E-007-0.80150E-007 0.95724E-001 0.95724E-001 0.60940E-007
 
  ***** POST1 ELEMENT TABLE LISTING *****                                      
 
    STAT     CURRENT      CURRENT      CURRENT      CURRENT      CURRENT      CURRENT 
    ELEM     LS1          LS2          LS7          LS4          LS9          SMIS4   
     225   103.04     -0.86139E-007-0.80929E-007 0.95724E-001 0.95724E-001 0.10267E-006
     226   103.04     -0.89866E-007-0.81247E-007 0.95724E-001 0.95724E-001 0.14508E-006
     227   103.04     -0.93172E-007-0.71959E-007 0.95724E-001 0.95724E-001 0.18598E-006
     228   103.04     -0.86757E-007-0.43553E-007 0.95724E-001 0.95724E-001 0.22030E-006
     229   103.04     -0.60683E-007 0.69057E-008 0.95724E-001 0.95724E-001 0.23995E-006
     230   103.04     -0.11350E-007 0.79700E-007 0.95724E-001 0.95724E-001 0.23437E-006
     231   103.04      0.62337E-007 0.16965E-006 0.95724E-001 0.95723E-001 0.19207E-006
     232   103.04      0.15603E-006 0.27581E-006 0.95724E-001 0.95723E-001 0.10294E-006
     233   103.04      0.26955E-006 0.39268E-006 0.95724E-001 0.95723E-001-0.38539E-007
     234   103.04      0.39824E-006 0.49381E-006 0.95724E-001 0.95723E-001-0.22865E-006
     235   103.04      0.51609E-006 0.54160E-006 0.95725E-001 0.95723E-001-0.44857E-006
     236   103.04      0.58485E-006 0.48223E-006 0.95725E-001 0.95723E-001-0.65917E-006
     237   103.04      0.54787E-006 0.24132E-006 0.95725E-001 0.95723E-001-0.80036E-006
     238   103.04      0.32446E-006-0.27576E-006 0.95724E-001 0.95723E-001-0.80080E-006
     239   103.04     -0.19086E-006-0.11852E-005 0.95724E-001 0.95723E-001-0.60568E-006
     240   103.04     -0.11282E-005-0.17364E-005 0.95724E-001 0.95723E-001-0.22514E-006
     241  0.24761E-008-0.34906E-012 0.44465E-012 -8.2138      -21.291     -0.54722E-012
     242  0.22014E-008 0.71588       1.8556      -8.1825      -21.210     -0.43310E-007
     243  0.14069E-008  1.4263       3.6971      -8.0890      -20.967     -0.87333E-007
     244  0.12219E-009  2.1259       5.5105      -7.9339      -20.565     -0.13263E-006
     245 -0.16567E-008  2.8093       7.2819      -7.7184      -20.007     -0.17846E-006
     246 -0.39388E-008  3.4713       8.9979      -7.4442      -19.296     -0.22131E-006
     247 -0.66799E-008  4.1069       10.645      -7.1133      -18.438     -0.25418E-006
     248 -0.97110E-008  4.7112       12.212      -6.7283      -17.440     -0.26682E-006
     249 -0.12731E-007  5.2797       13.685      -6.2921      -16.310     -0.24686E-006
     250 -0.15318E-007  5.8080       15.055      -5.8080      -15.055     -0.18192E-006
     251 -0.16947E-007  6.2921       16.310      -5.2797      -13.685     -0.62212E-007
     252 -0.16963E-007  6.7283       17.440      -4.7112      -12.212      0.11593E-006
     253 -0.14586E-007  7.1133       18.438      -4.1069      -10.645      0.34415E-006
     254 -0.90462E-008  7.4442       19.296      -3.4713      -8.9979      0.59488E-006
     255  0.19550E-009  7.7184       20.007      -2.8093      -7.2819      0.81577E-006
     256  0.13039E-007  7.9339       20.565      -2.1259      -5.5105      0.93011E-006
     257  0.28015E-007  8.0890       20.967      -1.4263      -3.6971      0.85114E-006
     258  0.41272E-007  8.1825       21.210     -0.71588      -1.8556      0.52153E-006
     259  0.46760E-007  8.2138       21.291     -0.30945E-007 0.27940E-007-0.43519E-008
     260   101.97     -0.10085E-006-0.96122E-007 0.36940      0.36940      0.15714E-007
     261   101.97     -0.99625E-007-0.92209E-007 0.36940      0.36940      0.47561E-007
     262   101.97     -0.99249E-007-0.93109E-007 0.36940      0.36940      0.80376E-007
     263   101.97     -0.10377E-006-0.92918E-007 0.36940      0.36940      0.11381E-006
     264   101.97     -0.10725E-006-0.81653E-007 0.36940      0.36940      0.14595E-006
     265   101.97     -0.99440E-007-0.48876E-007 0.36940      0.36940      0.17268E-006
 
  ***** POST1 ELEMENT TABLE LISTING *****                                      
 
    STAT     CURRENT      CURRENT      CURRENT      CURRENT      CURRENT      CURRENT 
    ELEM     LS1          LS2          LS7          LS4          LS9          SMIS4   
     266   101.97     -0.69374E-007 0.90870E-008 0.36940      0.36940      0.18757E-006
     267   101.97     -0.12565E-007 0.92782E-007 0.36940      0.36940      0.18230E-006
     268   101.97      0.72523E-007 0.19660E-006 0.36940      0.36940      0.14787E-006
     269   101.97      0.18130E-006 0.31812E-006 0.36940      0.36940      0.76547E-007
     270   101.97      0.31221E-006 0.44907E-006 0.36940      0.36940     -0.35185E-007
     271   101.97      0.45748E-006 0.55862E-006 0.36940      0.36940     -0.18265E-006
     272   101.97      0.58597E-006 0.60338E-006 0.36940      0.36940     -0.34874E-006
     273   101.97      0.65239E-006 0.52365E-006 0.36940      0.36940     -0.50092E-006
     274   101.97      0.59294E-006 0.24210E-006 0.36940      0.36940     -0.59297E-006
     275   101.97      0.32350E-006-0.33121E-006 0.36940      0.36940     -0.57582E-006
     276   101.97     -0.25457E-006-0.12939E-005 0.36940      0.36940     -0.42163E-006
     277   101.97     -0.12459E-005-0.18709E-005 0.36940      0.36940     -0.15295E-006
     278  0.58824E-008-0.56332E-012 0.65819E-012-0.90042      -8.2221     -0.84052E-012
     279  0.53512E-008 0.78476E-001 0.71660     -0.89699      -8.1908     -0.35279E-007
     280  0.37758E-008 0.15636       1.4278     -0.88674      -8.0972     -0.71458E-007
     281  0.11693E-008 0.23304       2.1280     -0.86973      -7.9419     -0.10895E-006
     282 -0.24778E-008 0.30796       2.8121     -0.84611      -7.7262     -0.14685E-006
     283 -0.71472E-008 0.38053       3.4748     -0.81605      -7.4518     -0.18209E-006
     284 -0.12700E-007 0.45021       4.1111     -0.77978      -7.1205     -0.20878E-006
     285 -0.18775E-007 0.51646       4.7160     -0.73758      -6.7352     -0.21843E-006
     286 -0.24741E-007 0.57878       5.2851     -0.68976      -6.2985     -0.20083E-006
     287 -0.29699E-007 0.63669       5.8139     -0.63669      -5.8139     -0.14580E-006
     288 -0.32509E-007 0.68976       6.2985     -0.57878      -5.2851     -0.45622E-007
     289 -0.31832E-007 0.73758       6.7352     -0.51646      -4.7160      0.10120E-006
     290 -0.26271E-007 0.77978       7.1205     -0.45021      -4.1111      0.28510E-006
     291 -0.14699E-007 0.81605       7.4518     -0.38053      -3.4748      0.48025E-006
     292  0.32421E-008 0.84611       7.7262     -0.30796      -2.8121      0.64176E-006
     293  0.26443E-007 0.86973       7.9419     -0.23304      -2.1280      0.70973E-006
     294  0.51476E-007 0.88674       8.0972     -0.15635      -1.4278      0.62610E-006
     295  0.71987E-007 0.89699       8.1908     -0.78476E-001-0.71660      0.37050E-006
     296  0.80049E-007 0.90042       8.2221     -0.24659E-007 0.21485E-007-0.32867E-008
     297   100.50     -0.10961E-006-0.10490E-006 0.33328      0.33328      0.10737E-007
     298   100.50     -0.10871E-006-0.10121E-006 0.33328      0.33328      0.32544E-007
     299   100.50     -0.10892E-006-0.10225E-006 0.33328      0.33328      0.55098E-007
     300   100.50     -0.11402E-006-0.10169E-006 0.33328      0.33328      0.78105E-007
     301   100.50     -0.11755E-006-0.88930E-007 0.33328      0.33328      0.10016E-006
     302   100.50     -0.10861E-006-0.52869E-007 0.33328      0.33328      0.11837E-006
     303   100.50     -0.75441E-007 0.10708E-007 0.33328      0.33328      0.12825E-006
     304   100.50     -0.12929E-007 0.10252E-006 0.33328      0.33328      0.12408E-006
     305   100.50      0.80753E-007 0.21664E-006 0.33328      0.33328      0.99712E-007
     306   100.50      0.20078E-006 0.34943E-006 0.33328      0.33328      0.49986E-007
 
  ***** POST1 ELEMENT TABLE LISTING *****                                      
 
    STAT     CURRENT      CURRENT      CURRENT      CURRENT      CURRENT      CURRENT 
    ELEM     LS1          LS2          LS7          LS4          LS9          SMIS4   
     307   100.50      0.34437E-006 0.49034E-006 0.33328      0.33328     -0.27033E-007
     308   100.50      0.50116E-006 0.60516E-006 0.33328      0.33328     -0.12722E-006
     309   100.50      0.63592E-006 0.64633E-006 0.33328      0.33328     -0.23768E-006
     310   100.50      0.69831E-006 0.55043E-006 0.33328      0.33328     -0.33530E-006
     311   100.50      0.62003E-006 0.23922E-006 0.33328      0.33328     -0.38914E-006
     312   100.50      0.31625E-006-0.37189E-006 0.33328      0.33328     -0.36934E-006
     313   100.50     -0.30399E-006-0.13658E-005 0.33328      0.33328     -0.26389E-006
     314   100.50     -0.13257E-005-0.19568E-005 0.33328      0.33328     -0.93976E-007
     315  0.86192E-008-0.75109E-012 0.81718E-012  2.1366     -0.93264     -0.84453E-012
     316  0.78861E-008-0.18622      0.81285E-001  2.1284     -0.92909     -0.25994E-007
     317  0.56954E-008-0.37101      0.16195       2.1041     -0.91847     -0.52798E-007
     318  0.20453E-008-0.55299      0.24139       2.0638     -0.90086     -0.80689E-007
     319 -0.30778E-008-0.73075      0.31898       2.0077     -0.87640     -0.10888E-006
     320 -0.96303E-008-0.90296      0.39415       1.9364     -0.84526     -0.13494E-006
     321 -0.17394E-007 -1.0683      0.46632       1.8503     -0.80769     -0.15444E-006
     322 -0.25846E-007 -1.2255      0.53494       1.7502     -0.76397     -0.16103E-006
     323 -0.34092E-007 -1.3734      0.59949       1.6367     -0.71444     -0.14714E-006
     324 -0.40846E-007 -1.5108      0.65948       1.5108     -0.65948     -0.10523E-006
     325 -0.44481E-007 -1.6367      0.71444       1.3734     -0.59949     -0.29944E-007
     326 -0.43128E-007 -1.7502      0.76397       1.2255     -0.53494      0.78906E-007
     327 -0.34939E-007 -1.8503      0.80769       1.0683     -0.46632      0.21262E-006
     328 -0.18575E-007 -1.9364      0.84526      0.90296     -0.39415      0.35034E-006
     329  0.60750E-008 -2.0077      0.87640      0.73075     -0.31898      0.45810E-006
     330  0.37009E-007 -2.0638      0.90086      0.55299     -0.24139      0.49397E-006
     331  0.69259E-007 -2.1041      0.91847      0.37101     -0.16195      0.42294E-006
     332  0.94745E-007 -2.1284      0.92909      0.18622     -0.81285E-001 0.24323E-006
     333  0.10451E-006 -2.1366      0.93264     -0.18150E-007 0.14896E-007-0.22817E-008
     334   99.455     -0.11495E-006-0.11028E-006 0.18091      0.18091      0.54451E-008
     335   99.455     -0.11426E-006-0.10675E-006 0.18091      0.18091      0.16516E-007
     336   99.455     -0.11485E-006-0.10790E-006 0.18091      0.18091      0.27987E-007
     337   99.455     -0.12028E-006-0.10711E-006 0.18091      0.18091      0.39693E-007
     338   99.455     -0.12383E-006-0.93421E-007 0.18091      0.18091      0.50893E-007
     339   99.455     -0.11413E-006-0.55321E-007 0.18091      0.18091      0.60094E-007
     340   99.455     -0.79002E-007 0.11727E-007 0.18091      0.18091      0.65000E-007
     341   99.455     -0.12915E-007 0.10854E-006 0.18091      0.18091      0.62687E-007
     342   99.455      0.86110E-007 0.22898E-006 0.18091      0.18091      0.50050E-007
     343   99.455      0.21307E-006 0.36862E-006 0.18091      0.18091      0.24523E-007
     344   99.455      0.36435E-006 0.51540E-006 0.18091      0.18091     -0.14718E-007
     345   99.455      0.52784E-006 0.63302E-006 0.18091      0.18091     -0.65284E-007
     346   99.455      0.66578E-006 0.67143E-006 0.18091      0.18091     -0.12027E-006
     347   99.455      0.72476E-006 0.56517E-006 0.18091      0.18091     -0.16772E-006
 
  ***** POST1 ELEMENT TABLE LISTING *****                                      
 
    STAT     CURRENT      CURRENT      CURRENT      CURRENT      CURRENT      CURRENT 
    ELEM     LS1          LS2          LS7          LS4          LS9          SMIS4   
     348   99.455      0.63411E-006 0.23604E-006 0.18091      0.18091     -0.19223E-006
     349   99.455      0.30938E-006-0.39660E-006 0.18091      0.18091     -0.17985E-006
     350   99.455     -0.33479E-006-0.14065E-005 0.18091      0.18091     -0.12658E-006
     351   99.455     -0.13715E-005-0.20043E-005 0.18091      0.18091     -0.44563E-007
     352  0.10525E-007-0.80921E-012 0.87148E-012  2.9716       2.1075     -0.15178E-011
     353  0.96529E-008-0.25899     -0.18368       2.9603       2.0995     -0.15902E-007
     354  0.70390E-008-0.51602     -0.36596       2.9265       2.0755     -0.32349E-007
     355  0.26702E-008-0.76911     -0.54546       2.8704       2.0357     -0.49503E-007
     356 -0.34696E-008 -1.0164     -0.72081       2.7924       1.9804     -0.66828E-007
     357 -0.11318E-007 -1.2559     -0.89067       2.6932       1.9100     -0.82786E-007
     358 -0.20598E-007 -1.4858      -1.0538       2.5735       1.8252     -0.94613E-007
     359 -0.30675E-007 -1.7044      -1.2088       2.4342       1.7264     -0.98380E-007
     360 -0.40465E-007 -1.9101      -1.3547       2.2764       1.6144     -0.89433E-007
     361 -0.48415E-007 -2.1012      -1.4902       2.1012       1.4902     -0.63199E-007
     362 -0.52561E-007 -2.2764      -1.6144       1.9101       1.3547     -0.16537E-007
     363 -0.50677E-007 -2.4342      -1.7264       1.7044       1.2088      0.50230E-007
     364 -0.40619E-007 -2.5735      -1.8252       1.4858       1.0538      0.13109E-006
     365 -0.20946E-007 -2.6932      -1.9100       1.2559      0.89067      0.21255E-006
     366  0.82338E-008 -2.7924      -1.9804       1.0164      0.72081      0.27361E-006
     367  0.44261E-007 -2.8704      -2.0357      0.76911      0.54546      0.28977E-006
     368  0.81123E-007 -2.9265      -2.0755      0.51602      0.36596      0.24294E-006
     369  0.10968E-006 -2.9603      -2.0995      0.25899      0.18368      0.13694E-006
     370  0.12046E-006 -2.9716      -2.1075     -0.11559E-007 0.82761E-008-0.13404E-008
     371   99.091     -0.11675E-006-0.11209E-006-0.12153E-011 0.11789E-011 0.14493E-011
     372   99.091     -0.11613E-006-0.10862E-006-0.99927E-012 0.98959E-012-0.59126E-012
     373   99.091     -0.11684E-006-0.10981E-006-0.97239E-012 0.97483E-012 0.12055E-011
     374   99.091     -0.12239E-006-0.10894E-006-0.75104E-012 0.78575E-012 0.18550E-012
     375   99.091     -0.12593E-006-0.94937E-007-0.53875E-012 0.60129E-012-0.20415E-012
     376   99.091     -0.11598E-006-0.56146E-007-0.38020E-012 0.44176E-012-0.55771E-012
     377   99.091     -0.80172E-007 0.12077E-007-0.29658E-012 0.32723E-012-0.32777E-012
     378   99.091     -0.12868E-007 0.11058E-006-0.22838E-012 0.25992E-012-0.28208E-012
     379   99.091      0.87970E-007 0.23314E-006-0.19843E-012 0.22992E-012 0.12339E-012
     380   99.091      0.21727E-006 0.37508E-006-0.20082E-012 0.24435E-012 0.30427E-012
     381   99.091      0.37113E-006 0.52380E-006-0.12497E-012 0.16228E-012-0.14509E-012
     382   99.091      0.53681E-006 0.64229E-006-0.10142E-012 0.14221E-012-0.13246E-012
     383   99.091      0.67570E-006 0.67966E-006-0.10006E-012 0.12657E-012 0.38068E-012
     384   99.091      0.73337E-006 0.56985E-006-0.21551E-013 0.70983E-013 0.46922E-012
     385   99.091      0.63843E-006 0.23473E-006 0.10295E-012-0.41660E-013 0.36527E-012
     386   99.091      0.30668E-006-0.40488E-006 0.25488E-012-0.17914E-012-0.30106E-012
     387   99.091     -0.34520E-006-0.14196E-005 0.35549E-012-0.30843E-012-0.79477E-012
     388   99.091     -0.13864E-005-0.20194E-005 0.38156E-012-0.38136E-012-0.13528E-011
 
  ***** POST1 ELEMENT TABLE LISTING *****                                      
 
    STAT     CURRENT      CURRENT      CURRENT      CURRENT      CURRENT      CURRENT 
    ELEM     LS1          LS2          LS7          LS4          LS9          SMIS4   
     389  0.11501E-007-0.11241E-011 0.12155E-011  3.0744       2.9558     -0.10417E-011
     390  0.10559E-007-0.26795     -0.25762       3.0627       2.9446     -0.53506E-008
     391  0.77292E-008-0.53387     -0.51327       3.0277       2.9109     -0.10892E-007
     392  0.29945E-008-0.79572     -0.76503       2.9697       2.8551     -0.16678E-007
     393 -0.36630E-008 -1.0515      -1.0110       2.8890       2.7776     -0.22518E-007
     394 -0.12170E-007 -1.2993      -1.2492       2.7864       2.6789     -0.27886E-007
     395 -0.22221E-007 -1.5372      -1.4779       2.6625       2.5598     -0.31844E-007
     396 -0.33120E-007 -1.7634      -1.6954       2.5184       2.4213     -0.33060E-007
     397 -0.43688E-007 -1.9762      -1.9000       2.3551       2.2643     -0.29969E-007
     398 -0.52235E-007 -2.1739      -2.0901       2.1739       2.0901     -0.21036E-007
     399 -0.56623E-007 -2.3551      -2.2643       1.9762       1.9000     -0.52347E-008
     400 -0.54446E-007 -2.5184      -2.4213       1.7634       1.6954      0.17250E-007
     401 -0.43421E-007 -2.6625      -2.5598       1.5372       1.4779      0.44279E-007
     402 -0.22061E-007 -2.7864      -2.6789       1.2993       1.2492      0.71188E-007
     403  0.93952E-008 -2.8890      -2.7776       1.0515       1.0110      0.90889E-007
     404  0.47942E-007 -2.9697      -2.8551      0.79572      0.76503      0.95357E-007
     405  0.87043E-007 -3.0277      -2.9109      0.53387      0.51327      0.79092E-007
     406  0.11706E-006 -3.0627      -2.9446      0.26795      0.25762      0.44128E-007
     407  0.12831E-006 -3.0744      -2.9558     -0.49509E-008 0.16595E-008-0.44119E-009
     408   99.455     -0.11495E-006-0.11028E-006-0.18091     -0.18091     -0.54428E-008
     409   99.455     -0.11426E-006-0.10675E-006-0.18091     -0.18091     -0.16513E-007
     410   99.455     -0.11485E-006-0.10790E-006-0.18091     -0.18091     -0.27985E-007
     411   99.455     -0.12028E-006-0.10711E-006-0.18091     -0.18091     -0.39693E-007
     412   99.455     -0.12383E-006-0.93421E-007-0.18091     -0.18091     -0.50894E-007
     413   99.455     -0.11413E-006-0.55321E-007-0.18091     -0.18091     -0.60095E-007
     414   99.455     -0.79002E-007 0.11728E-007-0.18091     -0.18091     -0.65001E-007
     415   99.455     -0.12915E-007 0.10854E-006-0.18091     -0.18091     -0.62687E-007
     416   99.455      0.86109E-007 0.22898E-006-0.18091     -0.18091     -0.50049E-007
     417   99.455      0.21307E-006 0.36862E-006-0.18091     -0.18091     -0.24523E-007
     418   99.455      0.36435E-006 0.51540E-006-0.18091     -0.18091      0.14718E-007
     419   99.455      0.52784E-006 0.63302E-006-0.18091     -0.18091      0.65285E-007
     420   99.455      0.66578E-006 0.67143E-006-0.18091     -0.18091      0.12027E-006
     421   99.455      0.72476E-006 0.56517E-006-0.18091     -0.18091      0.16772E-006
     422   99.455      0.63411E-006 0.23604E-006-0.18091     -0.18091      0.19223E-006
     423   99.455      0.30938E-006-0.39660E-006-0.18091     -0.18091      0.17985E-006
     424   99.455     -0.33479E-006-0.14065E-005-0.18091     -0.18091      0.12658E-006
     425   99.455     -0.13715E-005-0.20043E-005-0.18091     -0.18091      0.44562E-007
     426  0.11501E-007-0.11516E-011 0.11519E-011  2.9558       3.0744     -0.13728E-011
     427  0.10558E-007-0.25762     -0.26795       2.9446       3.0627      0.53494E-008
     428  0.77292E-008-0.51327     -0.53387       2.9109       3.0277      0.10891E-007
     429  0.29944E-008-0.76503     -0.79572       2.8551       2.9697      0.16677E-007
 
  ***** POST1 ELEMENT TABLE LISTING *****                                      
 
    STAT     CURRENT      CURRENT      CURRENT      CURRENT      CURRENT      CURRENT 
    ELEM     LS1          LS2          LS7          LS4          LS9          SMIS4   
     430 -0.36630E-008 -1.0110      -1.0515       2.7776       2.8890      0.22519E-007
     431 -0.12171E-007 -1.2492      -1.2993       2.6789       2.7864      0.27887E-007
     432 -0.22221E-007 -1.4779      -1.5372       2.5598       2.6625      0.31845E-007
     433 -0.33120E-007 -1.6954      -1.7634       2.4213       2.5184      0.33061E-007
     434 -0.43688E-007 -1.9000      -1.9762       2.2643       2.3551      0.29969E-007
     435 -0.52235E-007 -2.0901      -2.1739       2.0901       2.1739      0.21036E-007
     436 -0.56623E-007 -2.2643      -2.3551       1.9000       1.9762      0.52349E-008
     437 -0.54446E-007 -2.4213      -2.5184       1.6954       1.7634     -0.17250E-007
     438 -0.43421E-007 -2.5598      -2.6625       1.4779       1.5372     -0.44279E-007
     439 -0.22061E-007 -2.6789      -2.7864       1.2492       1.2993     -0.71189E-007
     440  0.93952E-008 -2.7776      -2.8890       1.0110       1.0515     -0.90889E-007
     441  0.47942E-007 -2.8551      -2.9697      0.76503      0.79572     -0.95358E-007
     442  0.87043E-007 -2.9109      -3.0277      0.51327      0.53387     -0.79091E-007
     443  0.11706E-006 -2.9446      -3.0627      0.25762      0.26795     -0.44125E-007
     444  0.12831E-006 -2.9558      -3.0744      0.16601E-008-0.49515E-008 0.44393E-009
     445   100.50     -0.10961E-006-0.10490E-006-0.33328     -0.33328     -0.10735E-007
     446   100.50     -0.10871E-006-0.10121E-006-0.33328     -0.33328     -0.32541E-007
     447   100.50     -0.10892E-006-0.10225E-006-0.33328     -0.33328     -0.55098E-007
     448   100.50     -0.11401E-006-0.10169E-006-0.33328     -0.33328     -0.78105E-007
     449   100.50     -0.11755E-006-0.88931E-007-0.33328     -0.33328     -0.10016E-006
     450   100.50     -0.10861E-006-0.52869E-007-0.33328     -0.33328     -0.11837E-006
     451   100.50     -0.75442E-007 0.10708E-007-0.33328     -0.33328     -0.12825E-006
     452   100.50     -0.12929E-007 0.10252E-006-0.33328     -0.33328     -0.12408E-006
     453   100.50      0.80751E-007 0.21664E-006-0.33328     -0.33328     -0.99712E-007
     454   100.50      0.20078E-006 0.34943E-006-0.33328     -0.33328     -0.49987E-007
     455   100.50      0.34437E-006 0.49034E-006-0.33328     -0.33328      0.27034E-007
     456   100.50      0.50116E-006 0.60516E-006-0.33328     -0.33328      0.12722E-006
     457   100.50      0.63592E-006 0.64633E-006-0.33328     -0.33328      0.23768E-006
     458   100.50      0.69831E-006 0.55043E-006-0.33328     -0.33328      0.33530E-006
     459   100.50      0.62003E-006 0.23922E-006-0.33328     -0.33328      0.38914E-006
     460   100.50      0.31626E-006-0.37189E-006-0.33328     -0.33328      0.36934E-006
     461   100.50     -0.30398E-006-0.13658E-005-0.33328     -0.33328      0.26389E-006
     462   100.50     -0.13257E-005-0.19568E-005-0.33328     -0.33328      0.93972E-007
     463  0.10525E-007-0.12943E-011 0.12116E-011  2.1075       2.9716     -0.12026E-011
     464  0.96529E-008-0.18368     -0.25899       2.0995       2.9603      0.15899E-007
     465  0.70389E-008-0.36596     -0.51602       2.0755       2.9265      0.32346E-007
     466  0.26701E-008-0.54546     -0.76911       2.0357       2.8704      0.49503E-007
     467 -0.34697E-008-0.72081      -1.0164       1.9804       2.7924      0.66830E-007
     468 -0.11318E-007-0.89067      -1.2559       1.9100       2.6932      0.82787E-007
     469 -0.20598E-007 -1.0538      -1.4858       1.8252       2.5735      0.94614E-007
     470 -0.30675E-007 -1.2088      -1.7044       1.7264       2.4342      0.98380E-007
 
  ***** POST1 ELEMENT TABLE LISTING *****                                      
 
    STAT     CURRENT      CURRENT      CURRENT      CURRENT      CURRENT      CURRENT 
    ELEM     LS1          LS2          LS7          LS4          LS9          SMIS4   
     471 -0.40465E-007 -1.3547      -1.9101       1.6144       2.2764      0.89433E-007
     472 -0.48415E-007 -1.4902      -2.1012       1.4902       2.1012      0.63199E-007
     473 -0.52561E-007 -1.6144      -2.2764       1.3547       1.9101      0.16537E-007
     474 -0.50677E-007 -1.7264      -2.4342       1.2088       1.7044     -0.50231E-007
     475 -0.40619E-007 -1.8252      -2.5735       1.0538       1.4858     -0.13109E-006
     476 -0.20946E-007 -1.9100      -2.6932      0.89067       1.2559     -0.21255E-006
     477  0.82338E-008 -1.9804      -2.7924      0.72081       1.0164     -0.27361E-006
     478  0.44261E-007 -2.0357      -2.8704      0.54546      0.76911     -0.28977E-006
     479  0.81123E-007 -2.0755      -2.9265      0.36596      0.51602     -0.24294E-006
     480  0.10968E-006 -2.0995      -2.9603      0.18368      0.25899     -0.13694E-006
     481  0.12046E-006 -2.1075      -2.9716      0.82765E-008-0.11559E-007 0.13425E-008
     482   101.97     -0.10085E-006-0.96122E-007-0.36940     -0.36940     -0.15713E-007
     483   101.97     -0.99625E-007-0.92209E-007-0.36940     -0.36940     -0.47559E-007
     484   101.97     -0.99249E-007-0.93106E-007-0.36940     -0.36940     -0.80375E-007
     485   101.97     -0.10377E-006-0.92918E-007-0.36940     -0.36940     -0.11381E-006
     486   101.97     -0.10724E-006-0.81654E-007-0.36940     -0.36940     -0.14595E-006
     487   101.97     -0.99441E-007-0.48877E-007-0.36940     -0.36940     -0.17268E-006
     488   101.97     -0.69375E-007 0.90869E-008-0.36940     -0.36940     -0.18757E-006
     489   101.97     -0.12566E-007 0.92781E-007-0.36940     -0.36940     -0.18230E-006
     490   101.97      0.72521E-007 0.19660E-006-0.36940     -0.36940     -0.14787E-006
     491   101.97      0.18130E-006 0.31812E-006-0.36940     -0.36940     -0.76547E-007
     492   101.97      0.31221E-006 0.44907E-006-0.36940     -0.36940      0.35186E-007
     493   101.97      0.45748E-006 0.55862E-006-0.36940     -0.36940      0.18265E-006
     494   101.97      0.58597E-006 0.60338E-006-0.36940     -0.36940      0.34874E-006
     495   101.97      0.65239E-006 0.52365E-006-0.36940     -0.36940      0.50092E-006
     496   101.97      0.59294E-006 0.24210E-006-0.36940     -0.36940      0.59297E-006
     497   101.97      0.32350E-006-0.33121E-006-0.36940     -0.36940      0.57582E-006
     498   101.97     -0.25457E-006-0.12939E-005-0.36940     -0.36940      0.42162E-006
     499   101.97     -0.12459E-005-0.18709E-005-0.36940     -0.36940      0.15295E-006
     500  0.86192E-008-0.11246E-011 0.80121E-012-0.93264       2.1366     -0.27141E-012
     501  0.78861E-008 0.81285E-001-0.18622     -0.92909       2.1284      0.25992E-007
     502  0.56954E-008 0.16195     -0.37101     -0.91847       2.1041      0.52796E-007
     503  0.20452E-008 0.24139     -0.55299     -0.90086       2.0638      0.80689E-007
     504 -0.30779E-008 0.31898     -0.73075     -0.87640       2.0077      0.10888E-006
     505 -0.96304E-008 0.39415     -0.90296     -0.84526       1.9364      0.13494E-006
     506 -0.17394E-007 0.46632      -1.0683     -0.80769       1.8503      0.15444E-006
     507 -0.25846E-007 0.53494      -1.2255     -0.76397       1.7502      0.16103E-006
     508 -0.34092E-007 0.59949      -1.3734     -0.71444       1.6367      0.14714E-006
     509 -0.40846E-007 0.65948      -1.5108     -0.65948       1.5108      0.10523E-006
     510 -0.44481E-007 0.71444      -1.6367     -0.59949       1.3734      0.29943E-007
     511 -0.43128E-007 0.76397      -1.7502     -0.53494       1.2255     -0.78907E-007
 
  ***** POST1 ELEMENT TABLE LISTING *****                                      
 
    STAT     CURRENT      CURRENT      CURRENT      CURRENT      CURRENT      CURRENT 
    ELEM     LS1          LS2          LS7          LS4          LS9          SMIS4   
     512 -0.34939E-007 0.80769      -1.8503     -0.46632       1.0683     -0.21262E-006
     513 -0.18575E-007 0.84526      -1.9364     -0.39415      0.90296     -0.35034E-006
     514  0.60749E-008 0.87640      -2.0077     -0.31898      0.73075     -0.45810E-006
     515  0.37009E-007 0.90086      -2.0638     -0.24139      0.55299     -0.49397E-006
     516  0.69258E-007 0.91847      -2.1041     -0.16195      0.37101     -0.42294E-006
     517  0.94745E-007 0.92909      -2.1284     -0.81285E-001 0.18622     -0.24323E-006
     518  0.10451E-006 0.93264      -2.1366      0.14896E-007-0.18150E-007 0.22826E-008
     519   103.04     -0.88925E-007-0.84246E-007-0.95724E-001-0.95724E-001-0.20185E-007
     520   103.04     -0.87277E-007-0.80150E-007-0.95724E-001-0.95724E-001-0.60940E-007
     521   103.04     -0.86139E-007-0.80926E-007-0.95724E-001-0.95724E-001-0.10267E-006
     522   103.04     -0.89862E-007-0.81247E-007-0.95724E-001-0.95724E-001-0.14508E-006
     523   103.04     -0.93171E-007-0.71960E-007-0.95724E-001-0.95724E-001-0.18598E-006
     524   103.04     -0.86758E-007-0.43553E-007-0.95724E-001-0.95724E-001-0.22030E-006
     525   103.04     -0.60683E-007 0.69045E-008-0.95724E-001-0.95724E-001-0.23995E-006
     526   103.04     -0.11350E-007 0.79698E-007-0.95724E-001-0.95724E-001-0.23437E-006
     527   103.04      0.62335E-007 0.16966E-006-0.95724E-001-0.95723E-001-0.19207E-006
     528   103.04      0.15603E-006 0.27581E-006-0.95724E-001-0.95723E-001-0.10294E-006
     529   103.04      0.26955E-006 0.39268E-006-0.95724E-001-0.95723E-001 0.38541E-007
     530   103.04      0.39824E-006 0.49381E-006-0.95724E-001-0.95723E-001 0.22865E-006
     531   103.04      0.51609E-006 0.54161E-006-0.95725E-001-0.95723E-001 0.44857E-006
     532   103.04      0.58485E-006 0.48223E-006-0.95725E-001-0.95723E-001 0.65917E-006
     533   103.04      0.54787E-006 0.24132E-006-0.95725E-001-0.95723E-001 0.80036E-006
     534   103.04      0.32446E-006-0.27576E-006-0.95724E-001-0.95723E-001 0.80080E-006
     535   103.04     -0.19086E-006-0.11852E-005-0.95724E-001-0.95723E-001 0.60568E-006
     536   103.04     -0.11282E-005-0.17364E-005-0.95724E-001-0.95723E-001 0.22514E-006
     537  0.58825E-008-0.16260E-012-0.26304E-012 -8.2221     -0.90042      0.81421E-012
     538  0.53512E-008 0.71660      0.78476E-001 -8.1908     -0.89699      0.35278E-007
     539  0.37757E-008  1.4278      0.15636      -8.0972     -0.88674      0.71457E-007
     540  0.11691E-008  2.1280      0.23304      -7.9419     -0.86973      0.10894E-006
     541 -0.24779E-008  2.8121      0.30796      -7.7262     -0.84611      0.14685E-006
     542 -0.71473E-008  3.4748      0.38053      -7.4518     -0.81605      0.18209E-006
     543 -0.12700E-007  4.1111      0.45021      -7.1205     -0.77978      0.20878E-006
     544 -0.18775E-007  4.7160      0.51646      -6.7352     -0.73758      0.21843E-006
     545 -0.24741E-007  5.2851      0.57878      -6.2985     -0.68976      0.20083E-006
     546 -0.29699E-007  5.8139      0.63669      -5.8139     -0.63669      0.14580E-006
     547 -0.32509E-007  6.2985      0.68976      -5.2851     -0.57878      0.45620E-007
     548 -0.31832E-007  6.7352      0.73758      -4.7160     -0.51646     -0.10120E-006
     549 -0.26271E-007  7.1205      0.77978      -4.1111     -0.45021     -0.28510E-006
     550 -0.14699E-007  7.4518      0.81605      -3.4748     -0.38053     -0.48025E-006
     551  0.32421E-008  7.7262      0.84611      -2.8121     -0.30796     -0.64176E-006
     552  0.26443E-007  7.9419      0.86973      -2.1280     -0.23304     -0.70973E-006
 
  ***** POST1 ELEMENT TABLE LISTING *****                                      
 
    STAT     CURRENT      CURRENT      CURRENT      CURRENT      CURRENT      CURRENT 
    ELEM     LS1          LS2          LS7          LS4          LS9          SMIS4   
     553  0.51476E-007  8.0972      0.88674      -1.4278     -0.15635     -0.62610E-006
     554  0.71987E-007  8.1908      0.89699     -0.71660     -0.78476E-001-0.37050E-006
     555  0.80050E-007  8.2221      0.90042      0.21485E-007-0.24659E-007 0.32861E-008
     556   101.92     -0.74203E-007-0.69751E-007 0.78941      0.78941     -0.23892E-007
     557   101.92     -0.72061E-007-0.65666E-007 0.78941      0.78941     -0.71842E-007
     558   101.92     -0.70066E-007-0.66440E-007 0.78941      0.78941     -0.12044E-006
     559   101.92     -0.72789E-007-0.67404E-007 0.78941      0.78941     -0.16964E-006
     560   101.92     -0.75740E-007-0.60482E-007 0.78941      0.78941     -0.21724E-006
     561   101.92     -0.70807E-007-0.37330E-007 0.78941      0.78941     -0.25756E-006
     562   101.92     -0.49333E-007 0.40790E-008 0.78941      0.78941     -0.28119E-006
     563   101.92     -0.88156E-008 0.63698E-007 0.78941      0.78941     -0.27587E-006
     564   101.92      0.51246E-007 0.13694E-006 0.78941      0.78941     -0.22819E-006
     565   101.92      0.12675E-006 0.22433E-006 0.78941      0.78941     -0.12623E-006
     566   101.92      0.21878E-006 0.32328E-006 0.78941      0.78941      0.37673E-007
     567   101.92      0.32572E-006 0.41237E-006 0.78941      0.78941      0.26225E-006
     568   101.92      0.42736E-006 0.46118E-006 0.78941      0.78941      0.52981E-006
     569   101.92      0.49399E-006 0.42408E-006 0.78941      0.78941      0.79861E-006
     570   101.92      0.47902E-006 0.23303E-006 0.78941      0.78941      0.99819E-006
     571   101.92      0.30975E-006-0.20777E-006 0.78941      0.78941      0.10340E-005
     572   101.92     -0.12127E-006-0.10325E-005 0.78941      0.78941      0.81239E-006
     573   101.92     -0.96970E-006-0.15402E-005 0.78941      0.78941      0.31062E-006
     574  0.24761E-008 0.70203E-012-0.10521E-011 -21.291      -8.2138      0.14708E-011
     575  0.22014E-008  1.8556      0.71588      -21.210      -8.1825      0.43311E-007
     576  0.14068E-008  3.6971       1.4263      -20.967      -8.0890      0.87335E-007
     577  0.12204E-009  5.5105       2.1259      -20.565      -7.9339      0.13263E-006
     578 -0.16568E-008  7.2819       2.8093      -20.007      -7.7184      0.17846E-006
     579 -0.39389E-008  8.9979       3.4713      -19.296      -7.4442      0.22131E-006
     580 -0.66799E-008  10.645       4.1069      -18.438      -7.1133      0.25418E-006
     581 -0.97110E-008  12.212       4.7112      -17.440      -6.7283      0.26682E-006
     582 -0.12731E-007  13.685       5.2797      -16.310      -6.2921      0.24686E-006
     583 -0.15318E-007  15.055       5.8080      -15.055      -5.8080      0.18192E-006
     584 -0.16947E-007  16.310       6.2921      -13.685      -5.2797      0.62211E-007
     585 -0.16963E-007  17.440       6.7283      -12.212      -4.7112     -0.11593E-006
     586 -0.14586E-007  18.438       7.1133      -10.645      -4.1069     -0.34415E-006
     587 -0.90463E-008  19.296       7.4442      -8.9979      -3.4713     -0.59489E-006
     588  0.19541E-009  20.007       7.7184      -7.2819      -2.8093     -0.81577E-006
     589  0.13039E-007  20.565       7.9339      -5.5105      -2.1259     -0.93011E-006
     590  0.28015E-007  20.967       8.0890      -3.6971      -1.4263     -0.85114E-006
     591  0.41272E-007  21.210       8.1825      -1.8556     -0.71588     -0.52153E-006
     592  0.46760E-007  21.291       8.2138      0.27941E-007-0.30945E-007 0.43507E-008
     593   95.507     -0.57234E-007-0.53373E-007  2.5888       2.5888     -0.26425E-007
 
  ***** POST1 ELEMENT TABLE LISTING *****                                      
 
    STAT     CURRENT      CURRENT      CURRENT      CURRENT      CURRENT      CURRENT 
    ELEM     LS1          LS2          LS7          LS4          LS9          SMIS4   
     594   95.507     -0.54546E-007-0.49744E-007  2.5888       2.5888     -0.78980E-007
     595   95.507     -0.51696E-007-0.50763E-007  2.5888       2.5888     -0.13142E-006
     596   95.507     -0.53220E-007-0.52506E-007  2.5888       2.5888     -0.18423E-006
     597   95.507     -0.55525E-007-0.48233E-007  2.5888       2.5888     -0.23558E-006
     598   95.507     -0.51976E-007-0.30983E-007  2.5888       2.5888     -0.27947E-006
     599   95.507     -0.35424E-007 0.28673E-009  2.5888       2.5888     -0.30560E-006
     600   95.507     -0.45735E-008 0.45197E-007  2.5888       2.5888     -0.30071E-006
     601   95.507      0.40341E-007 0.99985E-007  2.5888       2.5888     -0.25045E-006
     602   95.507      0.95521E-007 0.16652E-006  2.5888       2.5888     -0.14212E-006
     603   95.507      0.16295E-006 0.24463E-006  2.5888       2.5888      0.33747E-007
     604   95.507      0.24342E-006 0.31825E-006  2.5888       2.5888      0.27934E-006
     605   95.507      0.32250E-006 0.36505E-006  2.5888       2.5888      0.58084E-006
     606   95.507      0.37980E-006 0.34967E-006  2.5888       2.5888      0.89861E-006
     607   95.507      0.38141E-006 0.21456E-006  2.5888       2.5888      0.11580E-005
     608   95.507      0.26829E-006-0.13054E-006  2.5888       2.5888      0.12449E-005
     609   95.507     -0.59408E-007-0.82947E-006  2.5888       2.5888      0.10191E-005
     610   95.507     -0.77206E-006-0.12701E-005  2.5888       2.5888      0.40143E-006
     611 -0.13521E-008 0.13347E-011-0.15585E-011 -38.621      -21.360      0.17110E-011
     612 -0.13284E-008  3.3660       1.8616      -38.474      -21.278      0.49433E-007
     613 -0.12167E-008  6.7064       3.7091      -38.034      -21.035      0.98998E-007
     614 -0.97335E-009  9.9957       5.5283      -37.305      -20.632      0.14947E-006
     615 -0.59552E-009  13.209       7.3054      -36.291      -20.072      0.20056E-006
     616 -0.11672E-009  16.322       9.0270      -35.002      -19.358      0.24868E-006
     617  0.40768E-009  19.310       10.680      -33.446      -18.498      0.28600E-006
     618  0.93496E-009  22.152       12.251      -31.636      -17.497      0.30100E-006
     619  0.13983E-008  24.825       13.730      -29.585      -16.362      0.27986E-006
     620  0.16764E-008  27.309       15.104      -27.309      -15.104      0.20892E-006
     621  0.15899E-008  29.585       16.362      -24.825      -13.730      0.76934E-007
     622  0.99460E-009  31.636       17.497      -22.152      -12.251     -0.12239E-006
     623 -0.10100E-009  33.446       18.498      -19.310      -10.680     -0.38390E-006
     624 -0.14645E-008  35.002       19.358      -16.322      -9.0270     -0.68184E-006
     625 -0.25340E-008  36.291       20.072      -13.209      -7.3054     -0.96140E-006
     626 -0.24402E-008  37.305       20.632      -9.9957      -5.5283     -0.11335E-005
     627 -0.42661E-009  38.034       21.035      -6.7064      -3.7091     -0.10804E-005
     628  0.29666E-008  38.474       21.278      -3.3660      -1.8616     -0.68787E-006
     629  0.48025E-008  38.621       21.360      0.34057E-007-0.36754E-007 0.54054E-008
     630   79.990     -0.38888E-007-0.36273E-007  5.2945       5.2945     -0.27080E-007
     631   79.990     -0.35576E-007-0.33884E-007  5.2945       5.2945     -0.80203E-007
     632   79.990     -0.31957E-007-0.35553E-007  5.2945       5.2945     -0.13202E-006
     633   79.990     -0.32048E-007-0.38205E-007  5.2945       5.2945     -0.18388E-006
     634   79.990     -0.33252E-007-0.36751E-007  5.2945       5.2945     -0.23481E-006
 
  ***** POST1 ELEMENT TABLE LISTING *****                                      
 
    STAT     CURRENT      CURRENT      CURRENT      CURRENT      CURRENT      CURRENT 
    ELEM     LS1          LS2          LS7          LS4          LS9          SMIS4   
     635   79.990     -0.30742E-007-0.25793E-007  5.2945       5.2945     -0.27883E-006
     636   79.990     -0.19111E-007-0.51576E-008  5.2945       5.2945     -0.30526E-006
     637   79.990      0.17518E-008 0.24604E-007  5.2945       5.2945     -0.30077E-006
     638   79.990      0.30852E-007 0.60920E-007  5.2945       5.2945     -0.25157E-006
     639   79.990      0.64863E-007 0.10653E-006  5.2945       5.2945     -0.14573E-006
     640   79.990      0.10607E-006 0.16284E-006  5.2945       5.2945      0.27081E-007
     641   79.990      0.15649E-006 0.21900E-006  5.2945       5.2945      0.27274E-006
     642   79.990      0.20687E-006 0.26090E-006  5.2945       5.2945      0.58301E-006
     643   79.990      0.24583E-006 0.26467E-006  5.2945       5.2945      0.92523E-006
     644   79.990      0.25342E-006 0.18715E-006  5.2945       5.2945      0.12294E-005
     645   79.990      0.18989E-006-0.47473E-007  5.2945       5.2945      0.13728E-005
     646   79.990     -0.23705E-007-0.57581E-006  5.2945       5.2945      0.11717E-005
     647   79.990     -0.54713E-006-0.92411E-006  5.2945       5.2945      0.47539E-006
     648 -0.52373E-008 0.16527E-011-0.17268E-011 -51.342      -38.846      0.17693E-011
     649 -0.48911E-008  4.4747       3.3857      -51.147      -38.699      0.52544E-007
     650 -0.38048E-008  8.9154       6.7456      -50.562      -38.256      0.10417E-006
     651 -0.19294E-008  13.288       10.054      -49.593      -37.523      0.15598E-006
     652  0.74437E-009  17.560       13.286      -48.246      -36.504      0.20856E-006
     653  0.41668E-008  21.698       16.417      -46.532      -35.207      0.25860E-006
     654  0.81872E-008  25.671       19.423      -44.463      -33.642      0.29777E-006
     655  0.12549E-007  29.449       22.281      -42.057      -31.821      0.31388E-006
     656  0.16802E-007  33.002       24.970      -39.330      -29.758      0.29273E-006
     657  0.20259E-007  36.304       27.469      -36.304      -27.469      0.22076E-006
     658  0.22000E-007  39.330       29.758      -33.002      -24.970      0.86386E-007
     659  0.21026E-007  42.057       31.821      -29.449      -22.281     -0.11917E-006
     660  0.16466E-007  44.463       33.642      -25.671      -19.423     -0.39515E-006
     661  0.78408E-008  46.532       35.207      -21.698      -16.417     -0.72093E-006
     662 -0.44947E-008  48.246       36.504      -17.560      -13.286     -0.10455E-005
     663 -0.18910E-007  49.593       37.523      -13.288      -10.054     -0.12759E-005
     664 -0.32403E-007  50.562       38.256      -8.9154      -6.7456     -0.12690E-005
     665 -0.41511E-007  51.147       38.699      -4.4747      -3.3857     -0.84005E-006
     666 -0.44518E-007  51.342       38.846      0.39512E-007-0.41750E-007 0.62258E-008
     667   53.153     -0.20635E-007-0.20324E-007  7.9848       7.9848     -0.24587E-007
     668   53.153     -0.16538E-007-0.20292E-007  7.9848       7.9848     -0.71775E-007
     669   53.153     -0.12294E-007-0.23085E-007  7.9848       7.9848     -0.11630E-006
     670   53.153     -0.10658E-007-0.26714E-007  7.9848       7.9848     -0.16073E-006
     671   53.153     -0.10029E-007-0.28107E-007  7.9848       7.9848     -0.20529E-006
     672   53.153     -0.77664E-008-0.23549E-007  7.9848       7.9848     -0.24464E-006
     673   53.153     -0.55746E-009-0.13247E-007  7.9848       7.9848     -0.26842E-006
     674   53.153      0.10733E-007 0.25407E-008  7.9848       7.9848     -0.26469E-006
     675   53.153      0.24598E-007 0.22738E-007  7.9848       7.9848     -0.22229E-006
 
  ***** POST1 ELEMENT TABLE LISTING *****                                      
 
    STAT     CURRENT      CURRENT      CURRENT      CURRENT      CURRENT      CURRENT 
    ELEM     LS1          LS2          LS7          LS4          LS9          SMIS4   
     676   53.153      0.38451E-007 0.50167E-007  7.9848       7.9848     -0.13206E-006
     677   53.153      0.54019E-007 0.86754E-007  7.9848       7.9848      0.15837E-007
     678   53.153      0.73094E-007 0.12652E-006  7.9848       7.9848      0.22989E-006
     679   53.153      0.90556E-007 0.16271E-006  7.9848       7.9848      0.50749E-006
     680   53.153      0.10236E-006 0.18232E-006  7.9848       7.9848      0.82673E-006
     681   53.153      0.10145E-006 0.15869E-006  7.9848       7.9848      0.11332E-005
     682   53.153      0.70565E-007 0.38905E-007  7.9848       7.9848      0.13153E-005
     683   53.153     -0.34048E-007-0.28488E-006  7.9848       7.9848      0.11711E-005
     684   53.153     -0.32357E-006-0.52542E-006  7.9848       7.9848      0.48921E-006
     685 -0.86845E-008 0.18058E-011-0.17578E-011 -37.875      -51.804      0.12416E-011
     686 -0.80142E-008  3.3010       4.5150      -37.731      -51.607      0.50698E-007
     687 -0.59564E-008  6.5770       8.9956      -37.300      -51.017      0.99065E-007
     688 -0.24727E-008  9.8028       13.408      -36.585      -50.039      0.14669E-006
     689  0.24483E-008  12.954       17.718      -35.591      -48.680      0.19543E-006
     690  0.87504E-008  16.007       21.893      -34.327      -46.950      0.24267E-006
     691  0.16198E-007  18.938       25.902      -32.801      -44.863      0.28005E-006
     692  0.24330E-007  21.724       29.713      -31.026      -42.435      0.29556E-006
     693  0.32327E-007  24.346       33.299      -29.014      -39.684      0.27617E-006
     694  0.38953E-007  26.782       36.631      -26.782      -36.631      0.21030E-006
     695  0.42588E-007  29.014       39.684      -24.346      -33.299      0.87610E-007
     696  0.41407E-007  31.026       42.435      -21.724      -29.713     -0.10233E-006
     697  0.33643E-007  32.801       44.863      -18.938      -25.902     -0.36302E-006
     698  0.18001E-007  34.327       46.950      -16.007      -21.893     -0.68098E-006
     699 -0.55922E-008  35.591       48.680      -12.954      -17.718     -0.10157E-005
     700 -0.35086E-007  36.585       50.039      -9.8028      -13.408     -0.12832E-005
     701 -0.65524E-007  37.300       51.017      -6.5770      -8.9956     -0.13320E-005
     702 -0.89123E-007  37.731       51.607      -3.3010      -4.5150     -0.91606E-006
     703 -0.97993E-007  37.875       51.804      0.44008E-007-0.45638E-007 0.63177E-008
     704   19.697     -0.52727E-008-0.82552E-008  7.9647       7.9647     -0.16693E-007
     705   19.697     -0.48003E-009-0.11252E-007  7.9647       7.9647     -0.47600E-007
     706   19.697      0.39970E-008-0.15167E-007  7.9647       7.9647     -0.75486E-007
     707   19.697      0.73741E-008-0.19476E-007  7.9647       7.9647     -0.10348E-006
     708   19.697      0.10428E-007-0.23235E-007  7.9647       7.9647     -0.13273E-006
     709   19.697      0.13671E-007-0.24509E-007  7.9647       7.9647     -0.15973E-006
     710   19.697      0.17790E-007-0.22895E-007  7.9647       7.9647     -0.17643E-006
     711   19.697      0.21414E-007-0.17787E-007  7.9647       7.9647     -0.17477E-006
     712   19.697      0.23155E-007-0.89099E-008  7.9647       7.9647     -0.14848E-006
     713   19.697      0.21493E-007 0.55631E-008  7.9647       7.9647     -0.92902E-007
     714   19.697      0.16669E-007 0.27283E-007  7.9647       7.9647     -0.93767E-009
     715   19.697      0.88231E-008 0.54812E-007  7.9647       7.9647      0.13545E-006
     716   19.697     -0.41053E-008 0.86484E-007  7.9647       7.9647      0.31713E-006
 
  ***** POST1 ELEMENT TABLE LISTING *****                                      
 
    STAT     CURRENT      CURRENT      CURRENT      CURRENT      CURRENT      CURRENT 
    ELEM     LS1          LS2          LS7          LS4          LS9          SMIS4   
     717   19.697     -0.21930E-007 0.11745E-006  7.9647       7.9647      0.53454E-006
     718   19.697     -0.43321E-007 0.13605E-006  7.9647       7.9647      0.75903E-006
     719   19.697     -0.66499E-007 0.11589E-006  7.9647       7.9647      0.92003E-006
     720   19.697     -0.92634E-007-0.69597E-008  7.9647       7.9647      0.85856E-006
     721   19.697     -0.14852E-006-0.14836E-006  7.9647       7.9647      0.37017E-006
     722 -0.11167E-007 0.14524E-011-0.12398E-011  39.242      -38.572      0.42801E-012
     723 -0.10198E-007 -3.4202       3.3618       39.092      -38.425      0.40662E-007
     724 -0.72364E-008 -6.8143       6.6979       38.646      -37.986      0.77865E-007
     725 -0.22921E-008 -10.157       9.9831       37.905      -37.258      0.11375E-006
     726  0.46344E-008 -13.421       13.192       36.875      -36.246      0.15121E-006
     727  0.13502E-007 -16.584       16.301       35.565      -34.958      0.18875E-006
     728  0.23987E-007 -19.621       19.286       33.984      -33.404      0.21911E-006
     729  0.35440E-007 -22.508       22.124       32.145      -31.596      0.23200E-006
     730  0.46697E-007 -25.224       24.793       30.061      -29.548      0.21770E-006
     731  0.56040E-007 -27.748       27.274       27.748      -27.274      0.16865E-006
     732  0.61257E-007 -30.061       29.548       25.224      -24.793      0.77398E-007
     733  0.59820E-007 -32.145       31.596       22.508      -22.124     -0.66121E-007
     734  0.49194E-007 -33.984       33.404       19.621      -19.286     -0.26769E-006
     735  0.27301E-007 -35.565       34.958       16.584      -16.301     -0.52100E-006
     736 -0.64460E-008 -36.875       36.246       13.421      -13.192     -0.80138E-006
     737 -0.49873E-007 -37.905       37.258       10.157      -9.9831     -0.10496E-005
     738 -0.96647E-007 -38.646       37.986       6.8143      -6.6979     -0.11386E-005
     739 -0.13500E-006 -39.092       38.425       3.4201      -3.3618     -0.81349E-006
     740 -0.15007E-006 -39.242       38.572      0.48690E-007-0.48056E-007 0.49070E-008
     741   0.0000       0.0000       0.0000       0.0000       0.0000       0.0000     
     742   0.0000       0.0000       0.0000       0.0000       0.0000       0.0000     
     743   0.0000       0.0000       0.0000       0.0000       0.0000       0.0000     
     744   0.0000       0.0000       0.0000       0.0000       0.0000       0.0000     
     745   0.0000       0.0000       0.0000       0.0000       0.0000       0.0000     
     746   0.0000       0.0000       0.0000       0.0000       0.0000       0.0000     
     747   0.0000       0.0000       0.0000       0.0000       0.0000       0.0000     
     748   0.0000       0.0000       0.0000       0.0000       0.0000       0.0000     
     749   0.0000       0.0000       0.0000       0.0000       0.0000       0.0000     
     750   0.0000       0.0000       0.0000       0.0000       0.0000       0.0000     
     751   0.0000       0.0000       0.0000       0.0000       0.0000       0.0000     
     752   0.0000       0.0000       0.0000       0.0000       0.0000       0.0000     
     753   0.0000       0.0000       0.0000       0.0000       0.0000       0.0000     
     754   0.0000       0.0000       0.0000       0.0000       0.0000       0.0000     
     755   0.0000       0.0000       0.0000       0.0000       0.0000       0.0000     
     756   0.0000       0.0000       0.0000       0.0000       0.0000       0.0000     
     757   0.0000       0.0000       0.0000       0.0000       0.0000       0.0000     
 
  ***** POST1 ELEMENT TABLE LISTING *****                                      
 
    STAT     CURRENT      CURRENT      CURRENT      CURRENT      CURRENT      CURRENT 
    ELEM     LS1          LS2          LS7          LS4          LS9          SMIS4   
     758   0.0000       0.0000       0.0000       0.0000       0.0000       0.0000     
     759 -0.12563E-007 0.15774E-011-0.98339E-012  226.94       38.547      0.28385E-012
     760 -0.11218E-007 -19.780      -3.3596       226.08       38.400      0.20053E-007
     761 -0.74319E-008 -39.408      -6.6936       223.50       37.961      0.37444E-007
     762 -0.13337E-008 -58.738      -9.9767       219.21       37.234      0.54002E-007
     763  0.71135E-008 -77.620      -13.184       213.26       36.222      0.71941E-007
     764  0.17902E-007 -95.911      -16.291       205.68       34.935      0.90925E-007
     765  0.30813E-007 -113.47      -19.273       196.54       33.383      0.10699E-006
     766  0.44874E-007 -130.17      -22.110       185.90       31.576      0.11456E-006
     767  0.58492E-007 -145.88      -24.778       173.85       29.529      0.10918E-006
     768  0.69586E-007 -160.47      -27.257       160.47       27.257      0.88065E-007
     769  0.75685E-007 -173.85      -29.529       145.88       24.778      0.47960E-007
     770  0.73798E-007 -185.90      -31.576       130.17       22.110     -0.17191E-007
     771  0.60634E-007 -196.54      -33.383       113.47       19.273     -0.11152E-006
     772  0.33648E-007 -205.68      -34.935       95.911       16.291     -0.23363E-006
     773 -0.80747E-008 -213.26      -36.222       77.620       13.184     -0.37522E-006
     774 -0.62385E-007 -219.21      -37.234       58.738       9.9767     -0.51267E-006
     775 -0.12192E-006 -223.50      -37.961       39.408       6.6936     -0.58588E-006
     776 -0.17208E-006 -226.08      -38.400       19.780       3.3596     -0.43825E-006
     777 -0.19231E-006 -226.94      -38.547      0.63294E-007-0.41356E-007 0.18199E-008

 MINIMUM VALUES
 ELEM         74          777           74          130          685          127
 VALUE  -0.19231E-006 -226.94      -226.94      -51.804      -51.804     -0.13728E-005

 MAXIMUM VALUES
 ELEM        240          148          703          759           56          645
 VALUE    103.04       51.804       51.804       226.94       226.94      0.13728E-005

