/BATCH  
/COM,ANSYS RELEASE 2020 R1           BUILD 20.1      UP20191203       14:40:16
/input,menust,tmp,''
/COM,ANSYS RELEASE 2020 R1           BUILD 20.1      UP20191203       14:40:16
/GRA,POWER
/GST,ON
/PLO,INFO,3
/GRO,CURL,ON
/CPLANE,1   
/REPLOT,RESIZE  
WPSTYLE,,,,,,,,0
/REPLOT,RESIZE  
GPLOT   
/RGB,INDEX,100,100,100, 0   
/RGB,INDEX, 80, 80, 80,13   
/RGB,INDEX, 60, 60, 60,14   
/RGB,INDEX, 0, 0, 0,15  
/REPLOT 
/REPLOT,RESIZE  
/FOC,   1,   24.3024987099    ,   78.2294150262    ,  -62.5319137359
/DIST, 1 ,0.924021,1
/REP,FAST   
/DIST, 1 ,0.924021,1
/REP,FAST   
/DIST, 1 ,0.924021,1
/REP,FAST   
/DIST, 1 ,0.924021,1
/REP,FAST   
/DIST, 1 ,0.924021,1
/REP,FAST   
/DIST, 1 ,0.924021,1
/REP,FAST   
/FOC,   1,   29.9887713592    ,   82.6614505315    ,  -72.6502218905
/PNUM,KP,0  
/PNUM,LINE,0
/PNUM,AREA,0
/PNUM,VOLU,0
/PNUM,NODE,0
/PNUM,TABN,0
/PNUM,SVAL,0
/PNUM,DOMA,0
/NUMBER,2   
!*  
/PNUM,ELEM,1
/REPLOT 
!*  
/FOC,   1,   30.3048793719    ,   84.9643709411    ,  -75.2692503128
/FOC,   1,   28.2825268000    ,   86.2244594671    ,  -74.5069862669
/PREP7  
FLST,2,28,4,ORDE,28 
FITEM,2,236 
FITEM,2,-237
FITEM,2,255 
FITEM,2,273 
FITEM,2,-274
FITEM,2,292 
FITEM,2,310 
FITEM,2,-311
FITEM,2,329 
FITEM,2,347 
FITEM,2,-348
FITEM,2,366 
FITEM,2,384 
FITEM,2,-385
FITEM,2,403 
FITEM,2,421 
FITEM,2,-422
FITEM,2,440 
FITEM,2,458 
FITEM,2,-459
FITEM,2,477 
FITEM,2,495 
FITEM,2,-496
FITEM,2,514 
FITEM,2,532 
FITEM,2,-533
FITEM,2,551 
FITEM,2,588 
LCLEAR,P51X 
/REPLOT 
FLST,5,28,4,ORDE,28 
FITEM,5,236 
FITEM,5,-237
FITEM,5,255 
FITEM,5,273 
FITEM,5,-274
FITEM,5,292 
FITEM,5,310 
FITEM,5,-311
FITEM,5,329 
FITEM,5,347 
FITEM,5,-348
FITEM,5,366 
FITEM,5,384 
FITEM,5,-385
FITEM,5,403 
FITEM,5,421 
FITEM,5,-422
FITEM,5,440 
FITEM,5,458 
FITEM,5,-459
FITEM,5,477 
FITEM,5,495 
FITEM,5,-496
FITEM,5,514 
FITEM,5,532 
FITEM,5,-533
FITEM,5,551 
FITEM,5,588 
CM,_Y,LINE  
LSEL, , , ,P51X 
CM,_Y1,LINE 
CMSEL,S,_Y  
!*  
!*  
CMSEL,S,_Y1 
LATT,1,30,1, , , ,  
CMSEL,S,_Y  
CMDELE,_Y   
CMDELE,_Y1  
!*  
FLST,5,28,4,ORDE,28 
FITEM,5,236 
FITEM,5,-237
FITEM,5,255 
FITEM,5,273 
FITEM,5,-274
FITEM,5,292 
FITEM,5,310 
FITEM,5,-311
FITEM,5,329 
FITEM,5,347 
FITEM,5,-348
FITEM,5,366 
FITEM,5,384 
FITEM,5,-385
FITEM,5,403 
FITEM,5,421 
FITEM,5,-422
FITEM,5,440 
FITEM,5,458 
FITEM,5,-459
FITEM,5,477 
FITEM,5,495 
FITEM,5,-496
FITEM,5,514 
FITEM,5,532 
FITEM,5,-533
FITEM,5,551 
FITEM,5,588 
CM,_Y,LINE  
LSEL, , , ,P51X 
CM,_Y1,LINE 
CMSEL,,_Y   
!*  
LESIZE,_Y1, , ,1, , , , ,1  
!*  
FLST,2,28,4,ORDE,28 
FITEM,2,236 
FITEM,2,-237
FITEM,2,255 
FITEM,2,273 
FITEM,2,-274
FITEM,2,292 
FITEM,2,310 
FITEM,2,-311
FITEM,2,329 
FITEM,2,347 
FITEM,2,-348
FITEM,2,366 
FITEM,2,384 
FITEM,2,-385
FITEM,2,403 
FITEM,2,421 
FITEM,2,-422
FITEM,2,440 
FITEM,2,458 
FITEM,2,-459
FITEM,2,477 
FITEM,2,495 
FITEM,2,-496
FITEM,2,514 
FITEM,2,532 
FITEM,2,-533
FITEM,2,551 
FITEM,2,588 
LMESH,P51X  
!*  
/PSF,DEFA, ,1,0,1   
/PBF,DEFA, ,1   
/PSYMB,CS,0 
/PSYMB,NDIR,0   
/PSYMB,ESYS,0   
/PSYMB,LDIV,0   
/PSYMB,LDIR,0   
/PSYMB,ADIR,0   
/PSYMB,ECON,0   
/PSYMB,XNODE,0  
/PSYMB,DOT,1
/PSYMB,PCONV,   
/PSYMB,LAYR,0   
/PSYMB,FBCS,0   
!*  
/PBC,U, ,0,,,,  
/PBC,ROT, ,0,,,,
/PBC,F, ,1,,,,  
/PBC,M, ,0,,,,  
!*  
/PBC,NFOR, ,0,,,,   
/PBC,NMOM, ,0,,,,   
/PBC,RFOR, ,0,,,,   
/PBC,RMOM, ,0,,,,   
/PBC,PATH, ,0,,,,   
/REP
!*  
FLST,2,1512,1,ORDE,20   
FITEM,2,1   
FITEM,2,-148
FITEM,2,150 
FITEM,2,-167
FITEM,2,169 
FITEM,2,-186
FITEM,2,188 
FITEM,2,-205
FITEM,2,207 
FITEM,2,-224
FITEM,2,226 
FITEM,2,-243
FITEM,2,245 
FITEM,2,-262
FITEM,2,264 
FITEM,2,-281
FITEM,2,283 
FITEM,2,-300
FITEM,2,302 
FITEM,2,-1521   
NROTAT,P51X 
FLST,2,9,1,ORDE,2   
FITEM,2,1513
FITEM,2,-1521   
!*  
/GO 
F,P51X,FX,61
/DIST, 1 ,1.082226,1
/REP,FAST   
/DIST, 1 ,1.082226,1
/REP,FAST   
/DIST, 1 ,1.082226,1
/REP,FAST   
/FOC,   1,   26.6771884890    ,   81.7082840557    ,  -68.3854725445
GPLOT   
/FOC,   1,   27.5971220736    ,   84.3518989307    ,  -71.9490210040
FINISH  
/SOL
/STATUS,SOLU
SOLVE   
FINISH  
/POST1  
ETABLE,REFL 
PLLS,LS1,LS6,0.2,0,0
LSEL,S,LOC,Y,0,90   
ALLSEL,BELOW,LINE   
/REPLOT 
/FOC,   1,   35.1642917056    ,   79.6154222797    ,  -74.7797139850
/REPLOT,RESIZE  
/FOC,   1,   27.7619601875    ,   80.1111000688    ,  -67.8730602559
/FOC,   1,   25.4237663979    ,   82.9750161834    ,  -68.3987825809
/FOC,   1,   26.8487335786    ,   84.1315976912    ,  -70.9803312694
/FOC,   1,   28.4419633362    ,   81.7082840558    ,  -70.1502473916
/FOC,   1,   31.4808490033    ,   79.0646691808    ,  -70.5455181838
/FOC,   1,   34.6810063708    ,   76.8616567850    ,  -71.5426631555
/FOC,   1,   27.5740684143    ,   82.2039618448    ,  -69.7780302588
PRETAB,LS1,LS2,LS7,LS4,LS9,SMIS4
!*  
SAVE
SAVE,'corrosion_20proc','db','C:\Users\bulol\Desktop\D2DE~1\ANSYS~1\81EC~1\20%\'
SAVE
FINISH  
! /EXIT,NOSAV   
