/BATCH  
/COM,ANSYS RELEASE 2020 R1           BUILD 20.1      UP20191203       14:17:34
/input,menust,tmp,''
/COM,ANSYS RELEASE 2020 R1           BUILD 20.1      UP20191203       14:17:34
/GRA,POWER
/GST,ON
/PLO,INFO,3
/GRO,CURL,ON
/CPLANE,1   
/REPLOT,RESIZE  
WPSTYLE,,,,,,,,0
/REPLOT,RESIZE  
GPLOT   
/RGB,INDEX,100,100,100, 0   
/RGB,INDEX, 80, 80, 80,13   
/RGB,INDEX, 60, 60, 60,14   
/RGB,INDEX, 0, 0, 0,15  
/REPLOT 
/FOC,   1,   21.8626370261    ,   55.0984215228    ,  -36.9610585488
/REPLOT,RESIZE  
/REPLOT,RESIZE  
/FOC,   1,   18.7250992127    ,   54.3729790321    ,  -33.0980782447
/REPLOT,RESIZE  
/FOC,   1,   19.2812053319    ,   53.4402672583    ,  -32.7214725901
LSEL,S,LOC,Y,0,90   
ALLSEL,BELOW,LINE   
/REPLOT 
/FOC,   1,   44.9433279861    ,   52.1966515600    ,  -57.1399795459
/POST1  
PLLS,LS1,LS6,0.2,0,0
/PNUM,KP,0  
/PNUM,LINE,0
/PNUM,AREA,0
/PNUM,VOLU,0
/PNUM,NODE,0
/PNUM,TABN,0
/PNUM,SVAL,0
/PNUM,DOMA,0
/NUMBER,0   
!*  
/PNUM,ELEM,1
/REPLOT 
!*  
GPLOT   
/FOC,   1,   61.1325823910    ,   53.0257286922    ,  -74.1583110831
/PNUM,KP,0  
/PNUM,LINE,0
/PNUM,AREA,0
/PNUM,VOLU,0
/PNUM,NODE,0
/PNUM,TABN,0
/PNUM,SVAL,0
/PNUM,DOMA,0
/NUMBER,2   
!*  
/PNUM,ELEM,1
/REPLOT 
!*  
/DIST, 1 ,0.924021,1
/REP,FAST   
/DIST, 1 ,0.924021,1
/REP,FAST   
/DIST, 1 ,0.924021,1
/REP,FAST   
/FOC,   1,   50.0300117965    ,   66.0258557863    ,  -76.0558675828
/DIST, 1 ,0.924021,1
/REP,FAST   
/DIST, 1 ,0.924021,1
/REP,FAST   
/DIST, 1 ,0.924021,1
/REP,FAST   
/FOC,   1,   40.3256736041    ,   75.3791371817    ,  -75.7048107857
/DIST, 1 ,0.924021,1
/REP,FAST   
/DIST, 1 ,0.924021,1
/REP,FAST   
/FOC,   1,   33.7399325556    ,   80.0605679668    ,  -73.8005005224
/DIST, 1 ,0.924021,1
/REP,FAST   
/FOC,   1,   31.2713576476    ,   81.3837356050    ,  -72.6550932525
/DIST, 1 ,0.924021,1
/REP,FAST   
/DIST, 1 ,0.924021,1
/REP,FAST   
/DIST, 1 ,0.924021,1
/REP,FAST   
/FOC,   1,   26.7126963760    ,   84.0336447401    ,  -70.7463411160
FINISH  
/PREP7  
/DIST, 1 ,1.082226,1
/REP,FAST   
/DIST, 1 ,1.082226,1
/REP,FAST   
FLST,2,28,4,ORDE,28 
FITEM,2,236 
FITEM,2,-237
FITEM,2,255 
FITEM,2,273 
FITEM,2,-274
FITEM,2,292 
FITEM,2,310 
FITEM,2,-311
FITEM,2,329 
FITEM,2,347 
FITEM,2,-348
FITEM,2,366 
FITEM,2,384 
FITEM,2,-385
FITEM,2,403 
FITEM,2,421 
FITEM,2,-422
FITEM,2,440 
FITEM,2,458 
FITEM,2,-459
FITEM,2,477 
FITEM,2,495 
FITEM,2,-496
FITEM,2,514 
FITEM,2,532 
FITEM,2,-533
FITEM,2,551 
FITEM,2,588 
LCLEAR,P51X 
/REPLOT 
FLST,5,28,4,ORDE,28 
FITEM,5,236 
FITEM,5,-237
FITEM,5,255 
FITEM,5,273 
FITEM,5,-274
FITEM,5,292 
FITEM,5,310 
FITEM,5,-311
FITEM,5,329 
FITEM,5,347 
FITEM,5,-348
FITEM,5,366 
FITEM,5,384 
FITEM,5,-385
FITEM,5,403 
FITEM,5,421 
FITEM,5,-422
FITEM,5,440 
FITEM,5,458 
FITEM,5,-459
FITEM,5,477 
FITEM,5,495 
FITEM,5,-496
FITEM,5,514 
FITEM,5,532 
FITEM,5,-533
FITEM,5,551 
FITEM,5,588 
CM,_Y,LINE  
LSEL, , , ,P51X 
CM,_Y1,LINE 
CMSEL,S,_Y  
!*  
!*  
CMSEL,S,_Y1 
LATT,1,40,1, , , ,  
CMSEL,S,_Y  
CMDELE,_Y   
CMDELE,_Y1  
!*  
FLST,5,28,4,ORDE,28 
FITEM,5,236 
FITEM,5,-237
FITEM,5,255 
FITEM,5,273 
FITEM,5,-274
FITEM,5,292 
FITEM,5,310 
FITEM,5,-311
FITEM,5,329 
FITEM,5,347 
FITEM,5,-348
FITEM,5,366 
FITEM,5,384 
FITEM,5,-385
FITEM,5,403 
FITEM,5,421 
FITEM,5,-422
FITEM,5,440 
FITEM,5,458 
FITEM,5,-459
FITEM,5,477 
FITEM,5,495 
FITEM,5,-496
FITEM,5,514 
FITEM,5,532 
FITEM,5,-533
FITEM,5,551 
FITEM,5,588 
CM,_Y,LINE  
LSEL, , , ,P51X 
CM,_Y1,LINE 
CMSEL,,_Y   
!*  
LESIZE,_Y1, , ,1, , , , ,1  
!*  
FLST,2,28,4,ORDE,28 
FITEM,2,236 
FITEM,2,-237
FITEM,2,255 
FITEM,2,273 
FITEM,2,-274
FITEM,2,292 
FITEM,2,310 
FITEM,2,-311
FITEM,2,329 
FITEM,2,347 
FITEM,2,-348
FITEM,2,366 
FITEM,2,384 
FITEM,2,-385
FITEM,2,403 
FITEM,2,421 
FITEM,2,-422
FITEM,2,440 
FITEM,2,458 
FITEM,2,-459
FITEM,2,477 
FITEM,2,495 
FITEM,2,-496
FITEM,2,514 
FITEM,2,532 
FITEM,2,-533
FITEM,2,551 
FITEM,2,588 
LMESH,P51X  
GPLOT   
!*  
/PSF,DEFA, ,1,0,1   
/PBF,DEFA, ,1   
/PSYMB,CS,0 
/PSYMB,NDIR,0   
/PSYMB,ESYS,0   
/PSYMB,LDIV,0   
/PSYMB,LDIR,0   
/PSYMB,ADIR,0   
/PSYMB,ECON,0   
/PSYMB,XNODE,0  
/PSYMB,DOT,1
/PSYMB,PCONV,   
/PSYMB,LAYR,0   
/PSYMB,FBCS,0   
!*  
/PBC,U, ,0,,,,  
/PBC,ROT, ,0,,,,
/PBC,F, ,1,,,,  
/PBC,M, ,0,,,,  
!*  
/PBC,NFOR, ,0,,,,   
/PBC,NMOM, ,0,,,,   
/PBC,RFOR, ,0,,,,   
/PBC,RMOM, ,0,,,,   
/PBC,PATH, ,0,,,,   
/REP
!*  
/UI,MESH,OFF
FLST,2,399,1,ORDE,24
FITEM,2,1   
FITEM,2,-19 
FITEM,2,40  
FITEM,2,-148
FITEM,2,150 
FITEM,2,-167
FITEM,2,169 
FITEM,2,-186
FITEM,2,188 
FITEM,2,-205
FITEM,2,207 
FITEM,2,-224
FITEM,2,226 
FITEM,2,-243
FITEM,2,245 
FITEM,2,-262
FITEM,2,264 
FITEM,2,-281
FITEM,2,283 
FITEM,2,-300
FITEM,2,302 
FITEM,2,-419
FITEM,2,1513
FITEM,2,-1521   
NROTAT,P51X 
FLST,2,9,1,ORDE,2   
FITEM,2,1513
FITEM,2,-1521   
!*  
/GO 
F,P51X,FX,61
ALLSEL,ALL  
/REPLOT 
/DIST, 1 ,1.082226,1
/REP,FAST   
/FOC,   1,   20.9664196652    ,   83.6265167848    ,  -64.5929364498
FINISH  
/SOL
/STATUS,SOLU
SOLVE   
FINISH  
/POST1  
ETABLE,REFL 
PLLS,LS1,LS6,0.2,0,0
/FOC,   1,   27.7401403045    ,   78.8936543040    ,  -66.6337946083
/FOC,   1,   28.8510971767    ,   77.1124694994    ,  -65.9635666759
/PNUM,KP,0  
/PNUM,LINE,0
/PNUM,AREA,0
/PNUM,VOLU,0
/PNUM,NODE,0
/PNUM,TABN,0
/PNUM,SVAL,0
/PNUM,DOMA,0
/NUMBER,0   
!*  
/PNUM,ELEM,1
/REPLOT 
!*  
/PNUM,KP,0  
/PNUM,LINE,0
/PNUM,AREA,0
/PNUM,VOLU,0
/PNUM,NODE,0
/PNUM,TABN,0
/PNUM,SVAL,0
/PNUM,DOMA,0
/NUMBER,0   
!*  
/PNUM,ELEM,1
/REPLOT 
!*  
!*  
/EFACET,1   
PLNSOL, U,SUM, 0,1.0
/VIEW,1,,,1 
/ANG,1  
/REP,FAST   
/VIEW,1,1,1,1   
/ANG,1  
/REP,FAST   
/DIST, 1 ,1.082226,1
/REP,FAST   
/DIST, 1 ,1.082226,1
/REP,FAST   
/DIST, 1 ,1.082226,1
/REP,FAST   
/DIST, 1 ,1.082226,1
/REP,FAST   
/DIST, 1 ,1.082226,1
/REP,FAST   
/DIST, 1 ,1.082226,1
/REP,FAST   
/DIST, 1 ,1.082226,1
/REP,FAST   
/DIST, 1 ,1.082226,1
/REP,FAST   
/DIST, 1 ,0.924021,1
/REP,FAST   
/DIST, 1 ,0.924021,1
/REP,FAST   
/DIST, 1 ,0.924021,1
/REP,FAST   
/DIST, 1 ,0.924021,1
/REP,FAST   
SAVE
SAVE
SAVE,'corrosion_30proc','db','C:\Users\bulol\Desktop\D2DE~1\ANSYS~1\81EC~1\30%\'
/REPLOT,RESIZE  
/FOC,   1,   22.3984562782    ,   77.3218967857    ,  -59.7203530636
LSEL,S,LOC,Y,0,90   
ALLSEL,BELOW,LINE   
/REPLOT 
/FOC,   1,   36.6301108883    ,   74.2502965871    ,  -70.8804074751
PRETAB,LS1,LS2,LS7,LS4,LS9,SMIS4
!*  
SAVE
FINISH  
! /EXIT,NOSAV   
/BATCH  
/COM,ANSYS RELEASE 2020 R1           BUILD 20.1      UP20191203       15:28:49
/input,menust,tmp,''
/COM,ANSYS RELEASE 2020 R1           BUILD 20.1      UP20191203       15:28:49
/GRA,POWER
/GST,ON
/PLO,INFO,3
/GRO,CURL,ON
/CPLANE,1   
/REPLOT,RESIZE  
WPSTYLE,,,,,,,,0
GPLOT   
/DIST, 1 ,0.924021,1
/REP,FAST   
/DIST, 1 ,0.924021,1
/REP,FAST   
/DIST, 1 ,0.924021,1
/REP,FAST   
/DIST, 1 ,0.924021,1
/REP,FAST   
/SOLU   
FINISH  
/POST1  
PLLS,LS2,LS7,1,0,0  
FINISH  
! /EXIT,NOSAV   
