
 PRINT ELEMENT TABLE ITEMS PER ELEMENT
 
  ***** POST1 ELEMENT TABLE LISTING *****                                      
 
    STAT     CURRENT      CURRENT      CURRENT      CURRENT      CURRENT      CURRENT 
    ELEM     LS1          LS2          LS7          LS4          LS9          SMIS4   
       1   0.0000       0.0000       0.0000       0.0000       0.0000       0.0000     
       2   0.0000       0.0000       0.0000       0.0000       0.0000       0.0000     
       3   0.0000       0.0000       0.0000       0.0000       0.0000       0.0000     
       4   0.0000       0.0000       0.0000       0.0000       0.0000       0.0000     
       5   0.0000       0.0000       0.0000       0.0000       0.0000       0.0000     
       6   0.0000       0.0000       0.0000       0.0000       0.0000       0.0000     
       7   0.0000       0.0000       0.0000       0.0000       0.0000       0.0000     
       8   0.0000       0.0000       0.0000       0.0000       0.0000       0.0000     
       9   0.0000       0.0000       0.0000       0.0000       0.0000       0.0000     
      10   0.0000       0.0000       0.0000       0.0000       0.0000       0.0000     
      11   0.0000       0.0000       0.0000       0.0000       0.0000       0.0000     
      12   0.0000       0.0000       0.0000       0.0000       0.0000       0.0000     
      13   0.0000       0.0000       0.0000       0.0000       0.0000       0.0000     
      14   0.0000       0.0000       0.0000       0.0000       0.0000       0.0000     
      15   0.0000       0.0000       0.0000       0.0000       0.0000       0.0000     
      16   0.0000       0.0000       0.0000       0.0000       0.0000       0.0000     
      17   0.0000       0.0000       0.0000       0.0000       0.0000       0.0000     
      18   0.0000       0.0000       0.0000       0.0000       0.0000       0.0000     
      38   19.562     -0.43193E-001 0.26308E-001 -7.1183      -8.7359     -0.36629     
      39   19.519     -0.70763E-001-0.24774E-001 -7.3057      -8.5406     -0.22780     
      40   19.483     -0.82346E-001-0.93339E-001 -7.5862      -8.2423      0.10655     
      41   19.459     -0.62100E-001-0.15214      -7.8984      -7.8968      0.58833     
      42   19.453      0.53181E-003-0.16483      -8.1422      -7.5955       1.0581     
      43   19.459      0.96948E-001-0.11141      -8.1466      -7.4843       1.2825     
      44   19.446      0.18953     -0.24944E-001 -7.5675      -7.9332       1.1000     
      45   19.361      0.21290      0.31519E-001 -6.5667      -9.0776      0.60091     
      46   19.293      0.12130      0.12130      -7.9239      -7.9239      0.14944E-006
      47   19.361      0.31519E-001 0.21290      -9.0776      -6.5667     -0.60091     
      48   19.446     -0.24943E-001 0.18953      -7.9332      -7.5675      -1.1000     
      49   19.459     -0.11141      0.96948E-001 -7.4843      -8.1466      -1.2825     
      50   19.453     -0.16483      0.53189E-003 -7.5955      -8.1422      -1.0581     
      51   19.459     -0.15214     -0.62100E-001 -7.8968      -7.8984     -0.58834     
      52   19.483     -0.93339E-001-0.82346E-001 -8.2423      -7.5862     -0.10655     
      53   19.519     -0.24774E-001-0.70763E-001 -8.5406      -7.3057      0.22780     
      54   19.562      0.26308E-001-0.43193E-001 -8.7359      -7.1183      0.36629     
      55   19.606      0.49691E-001-0.12488E-001 -8.8105      -7.0472      0.34112     
      56 -0.39499E-001 0.45902     -0.91061       37.919       226.57      0.22352     
      57 -0.17954      -2.9867      -20.517       37.984       226.02      0.19849     
      58 -0.36623      -6.4872      -39.902       37.676       223.64      0.56876E-001
      59 -0.59299      -9.9407      -58.885       36.909       219.28     -0.20354     
      60 -0.84089      -13.204      -77.273       35.646       212.84     -0.52111     
 
  ***** POST1 ELEMENT TABLE LISTING *****                                      
 
    STAT     CURRENT      CURRENT      CURRENT      CURRENT      CURRENT      CURRENT 
    ELEM     LS1          LS2          LS7          LS4          LS9          SMIS4   
      61  -1.0495      -16.118      -94.921       33.960       204.37     -0.76464     
      62 -0.95227      -18.533      -111.82       32.071       194.15     -0.78608     
      63  0.28983      -20.498      -128.02       30.199       182.59     -0.54212     
      64   3.0306      -22.870      -143.17       27.923       170.33     -0.17981     
      65   3.0306      -25.824      -157.21       25.217       157.47      0.17981     
      66  0.28983      -28.297      -170.73       23.052       143.45      0.54212     
      67 -0.95227      -30.333      -183.66       21.258       128.32      0.78608     
      68  -1.0495      -32.426      -195.32       19.017       112.37      0.76464     
      69 -0.84089      -34.360      -205.29       16.260       95.529      0.52111     
      70 -0.59299      -35.902      -213.32       13.120       77.773      0.20354     
      71 -0.36623      -36.968      -219.32       9.7462       59.243     -0.56876E-001
      72 -0.17954      -37.579      -223.37       6.2859       40.139     -0.19849     
      73 -0.39499E-001 -37.814      -225.63       2.8476       20.654     -0.22352     
      74  0.54706E-001 -37.760      -226.20     -0.51203      0.95772     -0.16837     
      75   52.752     -0.10486E-001-0.15796E-001 -6.4007      -9.4453     -0.60818     
      76   52.634     -0.13352     -0.12818      -6.5857      -9.2546     -0.48398     
      77   52.516     -0.27478     -0.23540      -6.9339      -8.8839     -0.62308E-001
      78   52.405     -0.37581     -0.26980      -7.3781      -8.3899      0.61993     
      79   52.314     -0.35489     -0.16881      -7.7833      -7.8888       1.3591     
      80   52.241     -0.15802      0.59052E-001 -7.8648      -7.6110       1.8087     
      81   52.161      0.16107      0.28093      -6.9146      -8.3064       1.6741     
      82   52.010      0.40607      0.34752      -5.0127      -10.555      0.99277     
      83   51.907      0.40316      0.40316      -8.0182      -8.0182      0.22398E-006
      84   52.010      0.34752      0.40607      -10.555      -5.0127     -0.99277     
      85   52.161      0.28093      0.16107      -8.3064      -6.9146      -1.6741     
      86   52.241      0.59052E-001-0.15802      -7.6110      -7.8648      -1.8087     
      87   52.314     -0.16881     -0.35489      -7.8888      -7.7834      -1.3591     
      88   52.405     -0.26980     -0.37581      -8.3899      -7.3781     -0.61993     
      89   52.516     -0.23540     -0.27478      -8.8839      -6.9339      0.62307E-001
      90   52.634     -0.12818     -0.13352      -9.2546      -6.5857      0.48398     
      91   52.752     -0.15796E-001-0.10486E-001 -9.4453      -6.4007      0.60818     
      92   52.859      0.61916E-001 0.69604E-001 -9.4536      -6.3914      0.50337     
      93 -0.33237E-001 0.85390      -1.2198      -39.311       38.604      0.46973     
      94 -0.16310       4.0969      -4.4659      -38.971       38.609      0.45580     
      95 -0.34135       7.1603      -7.5683      -38.327       38.328      0.20948     
      96 -0.56472       10.068      -10.513      -37.433       37.673     -0.28635     
      97 -0.81746       12.905      -13.298      -36.336       36.545     -0.92578     
      98  -1.0445       15.839      -15.980      -35.027       34.876      -1.4585     
      99 -0.99647       19.194      -18.789      -33.314       32.601      -1.5838     
     100  0.19762       23.083      -21.895      -30.949       29.764      -1.1726     
     101   3.1385       25.708      -24.092      -29.132       27.571     -0.41780     
 
  ***** POST1 ELEMENT TABLE LISTING *****                                      
 
    STAT     CURRENT      CURRENT      CURRENT      CURRENT      CURRENT      CURRENT 
    ELEM     LS1          LS2          LS7          LS4          LS9          SMIS4   
     102   3.1385       26.780      -25.366      -28.149       26.403      0.41780     
     103  0.19762       28.819      -27.742      -25.692       24.405       1.1726     
     104 -0.99647       31.515      -30.840      -22.025       21.559       1.5838     
     105  -1.0445       33.513      -33.350      -18.831       18.959       1.4585     
     106 -0.81746       35.073      -35.247      -16.023       16.433      0.92578     
     107 -0.56472       36.413      -36.613      -13.292       13.756      0.28635     
     108 -0.34135       37.557      -37.523      -10.473       10.880     -0.20948     
     109 -0.16310       38.466      -38.073      -7.4778       7.8139     -0.45579     
     110 -0.33237E-001  39.087      -38.351      -4.2768       4.5797     -0.46972     
     111  0.51654E-001  39.373      -38.404     -0.89508       1.2064     -0.32992     
     112   79.310      0.30277E-001 0.15096E-001 -2.5012      -7.9729     -0.90998     
     113   79.104     -0.20232     -0.17392      -2.5513      -7.9341     -0.97021     
     114   78.876     -0.50391     -0.35183      -2.8487      -7.6331     -0.69291     
     115   78.641     -0.77535     -0.40057      -3.3548      -7.0931     -0.37295E-001
     116   78.420     -0.85013     -0.20441      -3.9364      -6.4184      0.85302     
     117   78.229     -0.57509      0.22849      -4.2273      -5.8847       1.5908     
     118   78.057      0.14287E-001 0.66378      -3.1227      -6.6076       1.7101     
     119   77.830      0.58645      0.80060     -0.27497      -10.027       1.1093     
     120   77.688      0.78451      0.78451      -5.5392      -5.5392      0.25388E-006
     121   77.830      0.80060      0.58645      -10.027     -0.27497      -1.1093     
     122   78.057      0.66378      0.14288E-001 -6.6076      -3.1227      -1.7101     
     123   78.229      0.22849     -0.57509      -5.8847      -4.2273      -1.5908     
     124   78.420     -0.20441     -0.85013      -6.4184      -3.9364     -0.85303     
     125   78.641     -0.40057     -0.77535      -7.0931      -3.3548      0.37295E-001
     126   78.876     -0.35183     -0.50391      -7.6331      -2.8487      0.69291     
     127   79.104     -0.17392     -0.20232      -7.9341      -2.5513      0.97021     
     128   79.310      0.15096E-001 0.30277E-001 -7.9729      -2.5012      0.90998     
     129   79.486      0.14742      0.16300      -7.7846      -2.6753      0.63380     
     130 -0.32478E-001  1.6078      -2.1778      -52.206      -38.659      0.66164     
     131 -0.14695       6.0108       1.2037      -51.619      -38.476      0.76785     
     132 -0.31045       10.108       4.7357      -50.515      -37.876      0.59807     
     133 -0.52439       13.868       8.3557      -48.942      -36.891      0.85847E-001
     134 -0.77850       17.351       11.968      -46.984      -35.630     -0.70024     
     135  -1.0290       20.778       15.408      -44.705      -34.283      -1.4871     
     136  -1.0672       24.709       18.251      -41.925      -33.186      -1.8542     
     137  0.19195E-001  29.555       20.165      -38.269      -32.596      -1.5043     
     138   3.3767       32.423       23.473      -35.898      -30.438     -0.56528     
     139   3.3767       32.935       28.276      -35.428      -26.037      0.56528     
     140  0.19195E-001  35.548       30.714      -32.778      -22.929       1.5043     
     141  -1.0672       39.612       31.469      -28.269      -21.074       1.8542     
     142  -1.0290       42.724       32.810      -24.595      -18.337       1.4871     
 
  ***** POST1 ELEMENT TABLE LISTING *****                                      
 
    STAT     CURRENT      CURRENT      CURRENT      CURRENT      CURRENT      CURRENT 
    ELEM     LS1          LS2          LS7          LS4          LS9          SMIS4   
     143 -0.77850       45.293       34.451      -21.379      -15.028      0.70024     
     144 -0.52439       47.547       36.022      -18.080      -11.539     -0.85846E-001
     145 -0.31045       49.442       37.319      -14.472      -8.0188     -0.59807     
     146 -0.14695       50.898       38.224      -10.487      -4.5525     -0.76785     
     147 -0.32478E-001  51.867       38.702      -6.1517      -1.1999     -0.66164     
     148  0.39669E-001  52.322       38.774      -1.5492       2.0119     -0.39645     
     149   94.798      0.92649E-001 0.20369       1.6954      -6.9078      -1.5455     
     150   94.550     -0.23888     -0.50600E-001  1.9210      -7.2105      -1.9961     
     151   94.253     -0.71177     -0.32228       1.8283      -7.1943      -2.1331     
     152   93.920      -1.2101     -0.44961       1.3887      -6.8070      -1.7779     
     153   93.577      -1.4923     -0.23418      0.67616      -6.0778     -0.89293     
     154   93.262      -1.2552      0.38120      0.53149E-001 -5.2234      0.21108     
     155   93.001     -0.40633       1.0757       1.0078      -5.6636      0.87515     
     156   92.684      0.61071       1.3003       4.9955      -10.508      0.76009     
     157   92.491       1.1371       1.1371      -3.3479      -3.3479      0.25343E-006
     158   92.684       1.3003      0.61071      -10.508       4.9955     -0.76009     
     159   93.001       1.0757     -0.40633      -5.6636       1.0078     -0.87515     
     160   93.262      0.38120      -1.2552      -5.2234      0.53148E-001-0.21108     
     161   93.577     -0.23418      -1.4923      -6.0778      0.67616      0.89293     
     162   93.920     -0.44961      -1.2101      -6.8070       1.3887       1.7779     
     163   94.253     -0.32228     -0.71177      -7.1943       1.8283       2.1331     
     164   94.550     -0.50599E-001-0.23888      -7.2105       1.9210       1.9961     
     165   94.798      0.20369      0.92648E-001 -6.9078       1.6954       1.5455     
     166   94.995      0.36149      0.26263      -6.3771       1.2287      0.96590     
     167 -0.48057E-001  2.9543      -3.6451      -38.157      -51.861      0.97215     
     168 -0.14312       6.3050      0.60777      -37.126      -51.653       1.3442     
     169 -0.28472       9.1805       5.0313      -35.517      -50.826       1.4728     
     170 -0.47943       11.466       9.5627      -33.384      -49.344       1.2085     
     171 -0.72449       13.162       14.095      -30.862      -47.299      0.49141     
     172 -0.99360       14.514       18.443      -28.130      -44.974     -0.50458     
     173  -1.1458       16.370       22.053      -25.089      -42.952      -1.2864     
     174 -0.25018       19.713       24.292      -21.209      -41.864      -1.2993     
     175   3.7959       20.420       28.807      -19.847      -38.591     -0.52264     
     176   3.7959       17.992       35.934      -22.072      -32.061      0.52264     
     177 -0.25018       19.410       39.588      -21.487      -27.849       1.2993     
     178  -1.1458       23.567       40.867      -18.494      -25.713       1.2864     
     179 -0.99360       26.758       43.196      -16.911      -22.293      0.50458     
     180 -0.72449       29.597       45.891      -15.802      -18.164     -0.49141     
     181 -0.47943       32.258       48.323      -14.332      -13.827      -1.2085     
     182 -0.28472       34.582       50.194      -12.241      -9.4420      -1.4728     
     183 -0.14312       36.435       51.404      -9.5167      -5.1074      -1.3442     
 
  ***** POST1 ELEMENT TABLE LISTING *****                                      
 
    STAT     CURRENT      CURRENT      CURRENT      CURRENT      CURRENT      CURRENT 
    ELEM     LS1          LS2          LS7          LS4          LS9          SMIS4   
     184 -0.48057E-001  37.755       51.982      -6.2687     -0.88874     -0.97215     
     185  0.10062E-001  38.529       52.018      -2.6544       3.1916     -0.50716     
     186   101.82      0.23294      0.62500       4.2977      -6.2370      -2.8539     
     187   101.74     -0.16274      0.35094       4.7535      -6.9251      -3.9720     
     188   101.61     -0.79693     -0.10214E-001  4.8850      -7.3410      -4.8983     
     189   101.42      -1.5810     -0.28536       4.6164      -7.3816      -5.2813     
     190   101.17      -2.2486     -0.18844       3.9546      -6.9793      -4.7586     
     191   100.85      -2.3253      0.50620       3.1804      -6.1993      -3.2994     
     192   100.52      -1.3764       1.4603       3.9082      -6.1931      -1.6442     
     193   100.20      0.19593       1.6993       9.6360      -13.239     -0.53917     
     194   99.925       1.1979       1.1979      -2.6605      -2.6605      0.23216E-006
     195   100.20       1.6993      0.19593      -13.239       9.6360      0.53917     
     196   100.52       1.4603      -1.3764      -6.1931       3.9082       1.6442     
     197   100.85      0.50620      -2.3253      -6.1993       3.1804       3.2994     
     198   101.17     -0.18844      -2.2486      -6.9793       3.9546       4.7586     
     199   101.42     -0.28536      -1.5810      -7.3816       4.6164       5.2813     
     200   101.61     -0.10213E-001-0.79693      -7.3410       4.8850       4.8983     
     201   101.74      0.35094     -0.16274      -6.9251       4.7535       3.9720     
     202   101.82      0.62500      0.23294      -6.2370       4.2977       2.8539     
     203   101.87      0.75038      0.40505      -5.3898       3.6239       1.7809     
     204 -0.90935E-001  4.6832      -5.0692      -18.859      -38.172       1.6848     
     205 -0.16583       6.7151      -2.4280      -17.116      -37.842       2.5172     
     206 -0.28004       8.0912      0.32256      -14.680      -36.893       3.2253     
     207 -0.44388       8.5451       3.1459      -11.595      -35.213       3.5616     
     208 -0.66252       7.8949       5.9726      -8.0431      -32.839       3.2552     
     209 -0.93009       6.2643       8.6864      -4.3669      -30.099       2.2019     
     210  -1.2057       4.6678       10.746     -0.74584      -27.835      0.80106     
     211 -0.62981       5.4142       10.976       3.6457      -27.344     -0.66693E-001
     212   4.4623       2.7374       14.727       3.6708      -24.209     -0.90074E-001
     213   4.4623      -3.8955       22.833      -2.4071      -16.781      0.90074E-001
     214 -0.62981      -4.1037       26.283      -5.0759      -13.317      0.66693E-001
     215  -1.2057      0.33618       26.792      -4.7151      -13.131     -0.80107     
     216 -0.93009       3.8044       29.227      -6.6211      -11.277      -2.2019     
     217 -0.66252       7.3244       32.193      -8.5658      -8.8120      -3.2552     
     218 -0.44388       10.806       34.805      -9.5231      -6.2029      -3.5616     
     219 -0.28004       13.919       36.724      -9.3399      -3.5367      -3.2253     
     220 -0.16583       16.466       37.910      -8.1813     -0.87942      -2.5172     
     221 -0.90935E-001  18.379       38.468      -6.3090       1.7230      -1.6848     
     222 -0.44646E-001  19.676       38.547      -3.9867       4.2636     -0.89719     
     223   104.34      0.59751       1.3054       3.4812      -3.9735      -5.0181     
     224   104.83      0.22182       1.0880       3.4172      -4.3453      -7.1581     
 
  ***** POST1 ELEMENT TABLE LISTING *****                                      
 
    STAT     CURRENT      CURRENT      CURRENT      CURRENT      CURRENT      CURRENT 
    ELEM     LS1          LS2          LS7          LS4          LS9          SMIS4   
     225   105.46     -0.50651      0.68260       2.9470      -4.4821      -9.4040     
     226   106.19      -1.5886      0.21708       2.0683      -4.4042      -11.265     
     227   106.95      -2.8436      0.64335E-002 0.97865      -4.2957      -11.955     
     228   107.58      -3.7443      0.52546      0.22254      -4.4065      -10.659     
     229   107.78      -3.3388       1.7320       2.1695      -6.5506      -7.4631     
     230   106.80      -1.2399       1.7550       12.949      -17.752      -3.8094     
     231   107.20      0.36197      0.36197      -4.2672      -4.2672      0.19989E-006
     232   106.80       1.7550      -1.2399      -17.752       12.949       3.8094     
     233   107.78       1.7320      -3.3388      -6.5506       2.1695       7.4631     
     234   107.58      0.52547      -3.7443      -4.4065      0.22254       10.659     
     235   106.95      0.64341E-002 -2.8436      -4.2957      0.97865       11.955     
     236   106.19      0.21708      -1.5886      -4.4042       2.0683       11.265     
     237   105.46      0.68260     -0.50651      -4.4821       2.9470       9.4040     
     238   104.83       1.0880      0.22182      -4.3453       3.4172       7.1581     
     239   104.34       1.3054      0.59751      -3.9735       3.4812       5.0181     
     240   103.96       1.3223      0.69813      -3.4235       3.2297       3.2182     
     241 -0.15631       5.6072      -4.9188      -4.0210      -19.216       3.0563     
     242 -0.21500       6.7358      -4.0801      -1.6424      -18.419       4.6053     
     243 -0.30357       7.1947      -3.3394       1.6398      -16.960       6.2679     
     244 -0.43408       6.5973      -2.8255       5.9109      -14.668       7.7254     
     245 -0.61678       4.5118      -2.7108       11.105      -11.535       8.4590     
     246 -0.86329      0.59741      -3.1170       16.841      -7.9519       7.8660     
     247  -1.2367      -4.4999      -4.3687       22.544      -5.1273       5.7911     
     248  -1.1789      -8.2348      -7.6632       27.965      -5.1861       3.2848     
     249   5.4456      -14.193      -5.9282       27.846      -2.4298       1.2391     
     250   5.4456      -26.503       2.9373       16.566       5.6938      -1.2391     
     251  -1.1789      -27.141       5.8343       10.641       7.1821      -3.2848     
     252  -1.2367      -22.066       5.4886       6.4476       3.9052      -5.7911     
     253 -0.86329      -16.829       8.1933      0.87268       2.4121      -7.8660     
     254 -0.61678      -11.456       11.727      -3.5268       1.6952      -8.4590     
     255 -0.43408      -6.4634       14.858      -6.0570       1.5363      -7.7254     
     256 -0.30357      -2.2607       17.187      -7.0244       1.8486      -6.2679     
     257 -0.21500       1.0491       18.705      -6.8533       2.4593      -4.6053     
     258 -0.15631       3.5170       19.571      -5.9363       3.2253      -3.0563     
     259 -0.11717       5.2580       19.978      -4.5894       4.0724      -1.7741     
     260   104.49       1.4304       2.1589      -1.5650       1.7142      -7.4971     
     261   105.74       1.2744       2.0709      -3.8879       3.6054      -10.890     
     262   107.58      0.68687       1.6824      -7.4851       6.5427      -14.953     
     263   110.22     -0.48095       1.0161      -12.547       10.605      -19.264     
     264   113.95      -2.2936      0.29036      -18.847       15.388      -22.825     
     265   118.90      -4.5261      0.11057      -25.056       19.257      -23.849     
 
  ***** POST1 ELEMENT TABLE LISTING *****                                      
 
    STAT     CURRENT      CURRENT      CURRENT      CURRENT      CURRENT      CURRENT 
    ELEM     LS1          LS2          LS7          LS4          LS9          SMIS4   
     266   124.68      -6.1816       1.2884      -27.287       19.886      -20.403     
     267   128.43      -5.2618       1.5734       1.5760      -25.053      -11.289     
     268   117.79      -2.9649      -2.9649      -2.8105      -2.8105      0.17936E-006
     269   128.43       1.5734      -5.2618      -25.053       1.5760       11.289     
     270   124.68       1.2884      -6.1816       19.886      -27.287       20.403     
     271   118.90      0.11058      -4.5261       19.257      -25.056       23.849     
     272   113.95      0.29036      -2.2936       15.388      -18.847       22.825     
     273   110.22       1.0161     -0.48095       10.605      -12.547       19.264     
     274   107.58       1.6824      0.68687       6.5427      -7.4851       14.953     
     275   105.74       2.0709       1.2744       3.6054      -3.8879       10.890     
     276   104.49       2.1589       1.4304       1.7142      -1.5650       7.4971     
     277   103.64       2.0060       1.3088      0.63547     -0.20999       4.8704     
     278 -0.19076       3.3477      -1.1555       3.1382      -4.7019       4.9776     
     279 -0.22823       3.3218     -0.35196       5.0569      -3.0478       7.4774     
     280 -0.28924       2.7808      0.42485       7.7600     -0.35146       10.495     
     281 -0.39296       1.5751      0.75893       11.592       3.7293       13.745     
     282 -0.56529     -0.40543     -0.14464       17.081       9.2920       16.572     
     283 -0.83555      -3.2352      -3.4379       24.922       15.695       17.808     
     284  -1.4126      -6.8602      -10.582       35.683       20.536       16.034     
     285  -2.1237      -6.3913      -24.671       51.627       17.797       11.162     
     286   6.7652      -33.091      -26.006       40.295       21.063       4.9315     
     287   6.7652      -37.258      -18.716       36.478       27.742      -4.9315     
     288  -2.1237      -50.873      -15.579       10.867       26.128      -11.162     
     289  -1.4126      -34.950      -19.536       9.9441       12.332      -16.034     
     290 -0.83555      -24.546      -15.335       5.3951       4.7927      -17.808     
     291 -0.56529      -16.981      -9.2440       1.8926      0.95394      -16.572     
     292 -0.39296      -11.685      -3.7813     -0.55880     -0.43101      -13.745     
     293 -0.28924      -7.9728      0.31309      -2.0939     -0.45387      -10.495     
     294 -0.22823      -5.3272       3.0669      -2.8684      0.84991E-001 -7.4774     
     295 -0.19076      -3.4180       4.7847      -3.0614      0.74126      -4.9776     
     296 -0.16432      -2.0411       5.8011      -2.8527       1.3294      -3.0590     
     297   102.17       2.8523       2.9759      -7.5841       8.2624      -8.5076     
     298   103.16       3.2467       3.0272      -13.006       13.652      -12.614     
     299   104.79       3.2961       2.6599      -21.544       22.181      -18.010     
     300   107.60       2.7464       1.7454      -34.641       35.354      -24.683     
     301   112.62       1.2661      0.25907      -54.255       55.275      -32.158     
     302   121.97      -1.5005      -1.4730      -82.783       84.465      -38.949     
     303   139.96      -5.6438      -2.0745      -123.83       129.19      -42.075     
     304   177.26      -9.6255      -1.8640      -166.77       188.11      -37.887     
     305   238.91      -14.407      -14.407      -98.255      -98.255      0.22503E-006
     306   177.26      -1.8640      -9.6255       188.11      -166.77       37.887     
 
  ***** POST1 ELEMENT TABLE LISTING *****                                      
 
    STAT     CURRENT      CURRENT      CURRENT      CURRENT      CURRENT      CURRENT 
    ELEM     LS1          LS2          LS7          LS4          LS9          SMIS4   
     307   139.96      -2.0745      -5.6438       129.19      -123.83       42.075     
     308   121.97      -1.4730      -1.5005       84.465      -82.783       38.949     
     309   112.62      0.25907       1.2661       55.275      -54.255       32.158     
     310   107.60       1.7454       2.7464       35.354      -34.641       24.683     
     311   104.79       2.6599       3.2961       22.181      -21.544       18.010     
     312   103.16       3.0272       3.2467       13.652      -13.006       12.614     
     313   102.17       2.9759       2.8523       8.2624      -7.5841       8.5076     
     314   101.56       2.6492       2.2947       4.9483      -4.2387       5.5161     
     315 -0.86154E-001 -3.2915       5.7495       2.8212       2.1887       6.5033     
     316 -0.47086E-001 -6.1380       9.3018       2.0917       4.3916       9.8220     
     317 -0.83607E-002 -10.167       14.348      0.68115       8.4165       14.163     
     318 -0.76937E-003 -15.414       20.893      -1.5051       15.357       19.480     
     319 -0.88875E-001 -21.394       28.231      -4.0742       26.458       25.345     
     320 -0.40234      -26.306       34.066      -5.1826       42.356       30.575     
     321  -1.2897      -25.753       33.216      0.57059       60.726       32.713     
     322  -5.2961      -1.0828       7.5867       32.870       64.465       28.525     
     323   7.9099       88.597      -53.488       136.78       30.321       16.961     
     324   7.9099      -143.98      -25.544      -76.339       55.927      -16.961     
     325  -5.2961      -32.650      -64.881       3.9434      -1.9394      -28.525     
     326  -1.2897       1.6761      -63.390       25.705      -27.797      -32.713     
     327 -0.40234       7.4556      -45.164       25.754      -30.245      -30.575     
     328 -0.88875E-001  5.9233      -28.818       20.957      -25.817      -25.345     
     329 -0.76936E-003  2.8427      -17.119       15.224      -19.475      -19.480     
     330 -0.83607E-002 0.20758      -9.6349       10.188      -13.560      -14.163     
     331 -0.47086E-001 -1.5488      -5.1856       6.2970      -8.8836      -9.8220     
     332 -0.86154E-001 -2.5236      -2.6815       3.5249      -5.5369      -6.5033     
     333 -0.11274      -2.9458      -1.3213       1.6724      -3.3118      -4.0885     
     334   98.004       4.4112       3.5349      -7.6490       8.3729      -5.9330     
     335   97.065       5.5392       3.6667      -12.806       13.767      -8.9328     
     336   95.508       6.6031       3.2658      -21.117       22.520      -13.082     
     337   92.939       7.4154       2.0447      -34.386       36.616      -18.618     
     338   88.680       7.6808     -0.33800      -55.412       59.182      -25.598     
     339   81.469       6.9516      -4.1709      -88.649       95.520      -33.488     
     340   68.695       4.6417      -9.1409      -139.62       149.51      -40.000     
     341   45.050      0.47350      -10.837      -234.94       305.60      -44.107     
     342   45.050      -10.837      0.47350       305.60      -234.94       44.107     
     343   68.695      -9.1409       4.6417       149.51      -139.62       40.000     
     344   81.469      -4.1709       6.9516       95.520      -88.649       33.488     
     345   88.680     -0.33800       7.6808       59.182      -55.412       25.598     
     346   92.939       2.0447       7.4154       36.616      -34.386       18.618     
     347   95.508       3.2658       6.6031       22.520      -21.117       13.082     
 
  ***** POST1 ELEMENT TABLE LISTING *****                                      
 
    STAT     CURRENT      CURRENT      CURRENT      CURRENT      CURRENT      CURRENT 
    ELEM     LS1          LS2          LS7          LS4          LS9          SMIS4   
     348   97.065       3.6667       5.5392       13.767      -12.806       8.9328     
     349   98.004       3.5349       4.4112       8.3729      -7.6490       5.9330     
     350   98.564       3.0922       3.3345       5.0830      -4.4892       3.8251     
     351  0.20010      -9.3885       9.4597      -1.5091       1.8087       5.9648     
     352  0.41766      -15.195       15.493      -6.0041       2.6381       9.1042     
     353  0.72523      -23.812       25.250      -13.722       5.2107       13.450     
     354   1.1285      -36.565       40.609      -26.598       11.465       19.251     
     355   1.6105      -55.543       64.292      -47.712       24.993       26.615     
     356   2.0786      -84.311       100.33      -82.204       52.370       35.239     
     357   2.3973      -129.04       155.35      -139.01       105.75       43.768     
     358 -0.91743      -206.91       240.36      -238.08       205.86       48.540     
     359  -7.3448      -216.63       301.58      -310.54       329.01       50.209     
     360  -7.3448       328.24      -354.04       188.74      -271.75      -50.209     
     361 -0.91743       255.21      -226.02       185.38      -221.50      -48.540     
     362   2.3973       149.73      -118.89       116.43      -145.54      -43.768     
     363   2.0786       89.239      -60.916       76.826      -95.388      -35.239     
     364   1.6105       52.372      -30.501       51.173      -61.869      -26.615     
     365   1.1285       29.683      -14.961       34.107      -39.455      -19.251     
     366  0.72523       15.746      -7.3916       22.526      -24.700      -13.450     
     367  0.41766       7.3056      -3.9783       14.614      -15.204      -9.1042     
     368  0.20010       2.3217      -2.6262       9.2212      -9.2661      -5.9648     
     369  0.57870E-001-0.51180      -2.2094       5.5726      -5.6805      -3.7667     
     370   95.852       5.1100       3.7283      0.10120E-012-0.15096E-012-0.42500E-012
     371   93.793       6.5891       3.8822      0.53497E-013-0.10691E-012-0.88723E-012
     372   90.418       8.1580       3.4544     -0.15215E-012 0.10024E-012 0.20821E-012
     373   84.940       9.6803       2.0898     -0.25711E-012 0.22973E-012 0.10120E-011
     374   76.173       10.899     -0.69564     -0.16838E-012 0.13550E-012 0.30318E-013
     375   62.415       11.314      -5.5025     -0.19665E-012 0.21024E-012 0.66152E-013
     376   41.668       9.8965      -12.610     -0.26929E-012 0.22729E-012-0.50956E-012
     377   11.085       4.7859      -16.210     -0.40654E-012 0.48305E-012-0.25134E-011
     379   11.085      -16.210       4.7859     -0.97239E-013 0.16521E-013 0.83027E-012
     380   41.668      -12.610       9.8965     -0.22010E-012 0.72520E-013 0.24863E-012
     381   62.415      -5.5025       11.314     -0.91875E-013-0.57003E-013-0.14997E-011
     382   76.173     -0.69564       10.899     -0.22282E-012-0.16154E-013-0.16969E-011
     383   84.940       2.0898       9.6803     -0.56426E-012 0.33309E-012 0.35124E-012
     384   90.418       3.4544       8.1580     -0.94523E-012 0.82858E-012 0.22530E-011
     385   93.793       3.8822       6.5891     -0.10287E-011 0.93345E-012-0.47887E-013
     386   95.852       3.7283       5.1100     -0.11720E-011 0.11075E-011 0.70690E-012
     387   97.098       3.2473       3.7933     -0.12301E-011 0.12186E-011 0.14077E-011
     388  0.47734      -6.4375       3.4920      -4.1855      -2.1916       2.4688     
     389  0.87120      -9.8364       6.2084      -9.8041      -5.0724       3.7914     
 
  ***** POST1 ELEMENT TABLE LISTING *****                                      
 
    STAT     CURRENT      CURRENT      CURRENT      CURRENT      CURRENT      CURRENT 
    ELEM     LS1          LS2          LS7          LS4          LS9          SMIS4   
     390   1.4587      -14.433       11.082      -18.858      -8.8322       5.6670     
     391   2.3047      -20.562       19.259      -33.083      -13.264       8.2514     
     392   3.4843      -28.567       32.157      -54.925      -17.720       11.676     
     393   5.0693      -38.640       51.136      -87.564      -20.907       15.917     
     394   6.9091      -50.032       75.721      -134.04      -21.404       20.409     
     395   9.8894      -63.367       107.59      -196.08      -15.200       23.056     
     396  -30.580      -14.683       15.688      -212.44      -111.30       21.484     
     397  -30.580       212.91       109.50      -3.8884      -25.329      -21.484     
     398   9.8894       200.86       5.7650       46.037      -108.51      -23.056     
     399   6.9091       137.90       14.723       38.159      -77.298      -20.409     
     400   5.0693       90.599       16.370       30.861      -52.764      -15.917     
     401   3.4843       57.206       14.850       23.672      -33.579      -11.676     
     402   2.3047       34.749       11.534       17.600      -20.342      -8.2514     
     403   1.4587       20.044       7.8327       12.734      -11.810      -5.6670     
     404  0.87120       10.624       4.5120       8.9445      -6.6269      -3.7914     
     405  0.47734       4.7306       1.8790       6.0482      -3.6697      -2.4688     
     406  0.22491       1.1501     -0.28360E-001  3.8683      -2.1144      -1.5589     
     407   98.004       4.4112       3.5349       7.6490      -8.3729       5.9330     
     408   97.065       5.5392       3.6667       12.806      -13.767       8.9328     
     409   95.508       6.6031       3.2658       21.117      -22.520       13.082     
     410   92.939       7.4154       2.0447       34.386      -36.616       18.618     
     411   88.680       7.6808     -0.33800       55.412      -59.182       25.598     
     412   81.469       6.9516      -4.1709       88.649      -95.520       33.488     
     413   68.695       4.6417      -9.1409       139.62      -149.51       40.000     
     414   45.050      0.47350      -10.837       234.94      -305.60       44.107     
     416   45.050      -10.837      0.47350      -305.60       234.94      -44.107     
     417   68.695      -9.1409       4.6417      -149.51       139.62      -40.000     
     418   81.469      -4.1709       6.9516      -95.520       88.649      -33.488     
     419   88.680     -0.33800       7.6808      -59.182       55.412      -25.598     
     420   92.939       2.0447       7.4154      -36.616       34.386      -18.618     
     421   95.508       3.2658       6.6031      -22.520       21.117      -13.082     
     422   97.065       3.6667       5.5392      -13.767       12.806      -8.9328     
     423   98.004       3.5349       4.4112      -8.3729       7.6490      -5.9330     
     424   98.564       3.0922       3.3345      -5.0830       4.4892      -3.8251     
     425  0.47734       3.4920      -6.4375      -2.1916      -4.1855      -2.4688     
     426  0.87120       6.2084      -9.8364      -5.0724      -9.8041      -3.7914     
     427   1.4587       11.082      -14.433      -8.8322      -18.858      -5.6670     
     428   2.3047       19.259      -20.562      -13.264      -33.083      -8.2514     
     429   3.4843       32.157      -28.567      -17.720      -54.925      -11.676     
     430   5.0693       51.136      -38.640      -20.907      -87.564      -15.917     
     431   6.9091       75.721      -50.032      -21.404      -134.04      -20.409     
 
  ***** POST1 ELEMENT TABLE LISTING *****                                      
 
    STAT     CURRENT      CURRENT      CURRENT      CURRENT      CURRENT      CURRENT 
    ELEM     LS1          LS2          LS7          LS4          LS9          SMIS4   
     432   9.8894       107.59      -63.367      -15.200      -196.08      -23.056     
     433  -30.580       15.688      -14.683      -111.30      -212.44      -21.484     
     434  -30.580       109.50       212.91      -25.329      -3.8884       21.484     
     435   9.8894       5.7650       200.86      -108.51       46.037       23.056     
     436   6.9091       14.723       137.90      -77.298       38.159       20.409     
     437   5.0693       16.370       90.599      -52.764       30.861       15.917     
     438   3.4843       14.850       57.206      -33.579       23.672       11.676     
     439   2.3047       11.534       34.749      -20.342       17.600       8.2514     
     440   1.4587       7.8327       20.044      -11.810       12.734       5.6670     
     441  0.87120       4.5120       10.624      -6.6269       8.9445       3.7914     
     442  0.47734       1.8790       4.7306      -3.6697       6.0482       2.4688     
     443  0.22491     -0.28360E-001  1.1501      -2.1144       3.8683       1.5589     
     444   102.17       2.8523       2.9759       7.5841      -8.2624       8.5076     
     445   103.16       3.2467       3.0272       13.006      -13.652       12.614     
     446   104.79       3.2961       2.6599       21.544      -22.181       18.010     
     447   107.60       2.7464       1.7454       34.641      -35.354       24.683     
     448   112.62       1.2661      0.25907       54.255      -55.275       32.158     
     449   121.97      -1.5005      -1.4730       82.783      -84.465       38.949     
     450   139.96      -5.6438      -2.0745       123.83      -129.19       42.075     
     451   177.26      -9.6255      -1.8640       166.77      -188.11       37.887     
     452   238.91      -14.407      -14.407       98.255       98.255     -0.22503E-006
     453   177.26      -1.8640      -9.6255      -188.11       166.77      -37.887     
     454   139.96      -2.0745      -5.6438      -129.19       123.83      -42.075     
     455   121.97      -1.4730      -1.5005      -84.465       82.783      -38.949     
     456   112.62      0.25907       1.2661      -55.275       54.255      -32.158     
     457   107.60       1.7454       2.7464      -35.354       34.641      -24.683     
     458   104.79       2.6599       3.2961      -22.181       21.544      -18.010     
     459   103.16       3.0272       3.2467      -13.652       13.006      -12.614     
     460   102.17       2.9759       2.8523      -8.2624       7.5841      -8.5076     
     461   101.56       2.6492       2.2947      -4.9483       4.2387      -5.5161     
     462  0.20010       9.4597      -9.3885       1.8087      -1.5091      -5.9648     
     463  0.41766       15.493      -15.195       2.6381      -6.0041      -9.1042     
     464  0.72523       25.250      -23.812       5.2107      -13.722      -13.450     
     465   1.1285       40.609      -36.565       11.465      -26.598      -19.251     
     466   1.6105       64.292      -55.543       24.993      -47.712      -26.615     
     467   2.0786       100.33      -84.311       52.370      -82.204      -35.239     
     468   2.3973       155.35      -129.04       105.75      -139.01      -43.768     
     469 -0.91743       240.36      -206.91       205.86      -238.08      -48.540     
     470  -7.3448       301.58      -216.63       329.01      -310.54      -50.209     
     471  -7.3448      -354.04       328.24      -271.75       188.74       50.209     
     472 -0.91743      -226.02       255.21      -221.50       185.38       48.540     
 
  ***** POST1 ELEMENT TABLE LISTING *****                                      
 
    STAT     CURRENT      CURRENT      CURRENT      CURRENT      CURRENT      CURRENT 
    ELEM     LS1          LS2          LS7          LS4          LS9          SMIS4   
     473   2.3973      -118.89       149.73      -145.54       116.43       43.768     
     474   2.0786      -60.916       89.239      -95.388       76.826       35.239     
     475   1.6105      -30.501       52.372      -61.869       51.173       26.615     
     476   1.1285      -14.961       29.683      -39.455       34.107       19.251     
     477  0.72523      -7.3916       15.746      -24.700       22.526       13.450     
     478  0.41766      -3.9783       7.3056      -15.204       14.614       9.1042     
     479  0.20010      -2.6262       2.3217      -9.2661       9.2212       5.9648     
     480  0.57870E-001 -2.2094     -0.51180      -5.6805       5.5726       3.7667     
     481   104.49       1.4304       2.1589       1.5650      -1.7142       7.4971     
     482   105.74       1.2744       2.0709       3.8879      -3.6054       10.890     
     483   107.58      0.68687       1.6824       7.4851      -6.5427       14.953     
     484   110.22     -0.48095       1.0161       12.547      -10.605       19.264     
     485   113.95      -2.2936      0.29036       18.847      -15.388       22.825     
     486   118.90      -4.5261      0.11057       25.056      -19.257       23.849     
     487   124.68      -6.1816       1.2884       27.287      -19.886       20.403     
     488   128.43      -5.2618       1.5734      -1.5760       25.053       11.289     
     489   117.79      -2.9649      -2.9649       2.8105       2.8105     -0.17936E-006
     490   128.43       1.5734      -5.2618       25.053      -1.5760      -11.289     
     491   124.68       1.2884      -6.1816      -19.886       27.287      -20.403     
     492   118.90      0.11058      -4.5261      -19.257       25.056      -23.849     
     493   113.95      0.29036      -2.2936      -15.388       18.847      -22.825     
     494   110.22       1.0161     -0.48095      -10.605       12.547      -19.264     
     495   107.58       1.6824      0.68687      -6.5427       7.4851      -14.953     
     496   105.74       2.0709       1.2744      -3.6054       3.8879      -10.890     
     497   104.49       2.1589       1.4304      -1.7142       1.5650      -7.4971     
     498   103.64       2.0060       1.3088     -0.63547      0.20999      -4.8704     
     499 -0.86154E-001  5.7495      -3.2915       2.1887       2.8212      -6.5033     
     500 -0.47086E-001  9.3018      -6.1380       4.3916       2.0917      -9.8220     
     501 -0.83607E-002  14.348      -10.167       8.4165      0.68115      -14.163     
     502 -0.76937E-003  20.893      -15.414       15.357      -1.5051      -19.480     
     503 -0.88875E-001  28.231      -21.394       26.458      -4.0742      -25.345     
     504 -0.40234       34.066      -26.306       42.356      -5.1826      -30.575     
     505  -1.2897       33.216      -25.753       60.726      0.57059      -32.713     
     506  -5.2961       7.5867      -1.0828       64.465       32.870      -28.525     
     507   7.9099      -53.488       88.597       30.321       136.78      -16.961     
     508   7.9099      -25.544      -143.98       55.927      -76.339       16.961     
     509  -5.2961      -64.881      -32.650      -1.9394       3.9434       28.525     
     510  -1.2897      -63.390       1.6761      -27.797       25.705       32.713     
     511 -0.40234      -45.164       7.4556      -30.245       25.754       30.575     
     512 -0.88875E-001 -28.818       5.9233      -25.817       20.957       25.345     
     513 -0.76936E-003 -17.119       2.8427      -19.475       15.224       19.480     
 
  ***** POST1 ELEMENT TABLE LISTING *****                                      
 
    STAT     CURRENT      CURRENT      CURRENT      CURRENT      CURRENT      CURRENT 
    ELEM     LS1          LS2          LS7          LS4          LS9          SMIS4   
     514 -0.83607E-002 -9.6349      0.20758      -13.560       10.188       14.163     
     515 -0.47086E-001 -5.1856      -1.5488      -8.8836       6.2970       9.8220     
     516 -0.86154E-001 -2.6815      -2.5236      -5.5369       3.5249       6.5033     
     517 -0.11274      -1.3213      -2.9458      -3.3118       1.6724       4.0885     
     518   104.34      0.59751       1.3054      -3.4812       3.9735       5.0181     
     519   104.83      0.22182       1.0880      -3.4172       4.3453       7.1581     
     520   105.46     -0.50651      0.68260      -2.9470       4.4821       9.4040     
     521   106.19      -1.5886      0.21708      -2.0683       4.4042       11.265     
     522   106.95      -2.8436      0.64335E-002-0.97865       4.2957       11.955     
     523   107.58      -3.7443      0.52546     -0.22254       4.4065       10.659     
     524   107.78      -3.3388       1.7320      -2.1695       6.5506       7.4631     
     525   106.80      -1.2399       1.7550      -12.949       17.752       3.8094     
     526   107.20      0.36197      0.36197       4.2672       4.2672     -0.19988E-006
     527   106.80       1.7550      -1.2399       17.752      -12.949      -3.8094     
     528   107.78       1.7320      -3.3388       6.5506      -2.1695      -7.4631     
     529   107.58      0.52547      -3.7443       4.4065     -0.22254      -10.659     
     530   106.95      0.64341E-002 -2.8436       4.2957     -0.97865      -11.955     
     531   106.19      0.21708      -1.5886       4.4042      -2.0683      -11.265     
     532   105.46      0.68260     -0.50651       4.4821      -2.9470      -9.4040     
     533   104.83       1.0880      0.22182       4.3453      -3.4172      -7.1581     
     534   104.34       1.3054      0.59751       3.9735      -3.4812      -5.0181     
     535   103.96       1.3223      0.69813       3.4235      -3.2297      -3.2182     
     536 -0.19076      -1.1555       3.3477      -4.7019       3.1382      -4.9776     
     537 -0.22823     -0.35196       3.3218      -3.0478       5.0569      -7.4774     
     538 -0.28924      0.42485       2.7808     -0.35146       7.7600      -10.495     
     539 -0.39296      0.75893       1.5751       3.7293       11.592      -13.745     
     540 -0.56529     -0.14464     -0.40543       9.2920       17.081      -16.572     
     541 -0.83555      -3.4379      -3.2352       15.695       24.922      -17.808     
     542  -1.4126      -10.582      -6.8602       20.536       35.683      -16.034     
     543  -2.1237      -24.671      -6.3913       17.797       51.627      -11.162     
     544   6.7652      -26.006      -33.091       21.063       40.295      -4.9315     
     545   6.7652      -18.716      -37.258       27.742       36.478       4.9315     
     546  -2.1237      -15.579      -50.873       26.128       10.867       11.162     
     547  -1.4126      -19.536      -34.950       12.332       9.9441       16.034     
     548 -0.83555      -15.335      -24.546       4.7927       5.3951       17.808     
     549 -0.56529      -9.2440      -16.981      0.95394       1.8926       16.572     
     550 -0.39296      -3.7813      -11.685     -0.43101     -0.55880       13.745     
     551 -0.28924      0.31309      -7.9728     -0.45387      -2.0939       10.495     
     552 -0.22823       3.0669      -5.3272      0.84991E-001 -2.8684       7.4774     
     553 -0.19076       4.7847      -3.4180      0.74126      -3.0614       4.9776     
     554 -0.16432       5.8011      -2.0411       1.3294      -2.8527       3.0590     
 
  ***** POST1 ELEMENT TABLE LISTING *****                                      
 
    STAT     CURRENT      CURRENT      CURRENT      CURRENT      CURRENT      CURRENT 
    ELEM     LS1          LS2          LS7          LS4          LS9          SMIS4   
     555   101.82      0.23294      0.62500      -4.2977       6.2370       2.8539     
     556   101.74     -0.16274      0.35094      -4.7535       6.9251       3.9720     
     557   101.61     -0.79693     -0.10214E-001 -4.8850       7.3410       4.8983     
     558   101.42      -1.5810     -0.28536      -4.6164       7.3816       5.2813     
     559   101.17      -2.2486     -0.18844      -3.9546       6.9793       4.7586     
     560   100.85      -2.3253      0.50620      -3.1804       6.1993       3.2994     
     561   100.52      -1.3764       1.4603      -3.9082       6.1931       1.6442     
     562   100.20      0.19593       1.6993      -9.6360       13.239      0.53917     
     563   99.925       1.1979       1.1979       2.6605       2.6605     -0.23216E-006
     564   100.20       1.6993      0.19593       13.239      -9.6360     -0.53917     
     565   100.52       1.4603      -1.3764       6.1931      -3.9082      -1.6442     
     566   100.85      0.50620      -2.3253       6.1993      -3.1804      -3.2994     
     567   101.17     -0.18844      -2.2486       6.9793      -3.9546      -4.7586     
     568   101.42     -0.28536      -1.5810       7.3816      -4.6164      -5.2813     
     569   101.61     -0.10213E-001-0.79693       7.3410      -4.8850      -4.8983     
     570   101.74      0.35094     -0.16274       6.9251      -4.7535      -3.9720     
     571   101.82      0.62500      0.23294       6.2370      -4.2977      -2.8539     
     572   101.87      0.75038      0.40505       5.3898      -3.6239      -1.7809     
     573 -0.15631      -4.9188       5.6072      -19.216      -4.0210      -3.0563     
     574 -0.21500      -4.0801       6.7358      -18.419      -1.6424      -4.6053     
     575 -0.30357      -3.3394       7.1947      -16.960       1.6398      -6.2679     
     576 -0.43408      -2.8255       6.5973      -14.668       5.9109      -7.7254     
     577 -0.61678      -2.7108       4.5118      -11.535       11.105      -8.4590     
     578 -0.86329      -3.1170      0.59741      -7.9519       16.841      -7.8660     
     579  -1.2367      -4.3687      -4.4999      -5.1273       22.544      -5.7911     
     580  -1.1789      -7.6632      -8.2348      -5.1861       27.965      -3.2848     
     581   5.4456      -5.9282      -14.193      -2.4298       27.846      -1.2391     
     582   5.4456       2.9373      -26.503       5.6938       16.566       1.2391     
     583  -1.1789       5.8343      -27.141       7.1821       10.641       3.2848     
     584  -1.2367       5.4886      -22.066       3.9052       6.4476       5.7911     
     585 -0.86329       8.1933      -16.829       2.4121      0.87268       7.8660     
     586 -0.61678       11.727      -11.456       1.6952      -3.5268       8.4590     
     587 -0.43408       14.858      -6.4634       1.5363      -6.0570       7.7254     
     588 -0.30357       17.187      -2.2607       1.8486      -7.0244       6.2679     
     589 -0.21500       18.705       1.0491       2.4593      -6.8533       4.6053     
     590 -0.15631       19.571       3.5170       3.2253      -5.9363       3.0563     
     591 -0.11717       19.978       5.2580       4.0724      -4.5894       1.7741     
     592   94.798      0.92649E-001 0.20369      -1.6954       6.9078       1.5455     
     593   94.550     -0.23888     -0.50600E-001 -1.9210       7.2105       1.9961     
     594   94.253     -0.71177     -0.32228      -1.8283       7.1943       2.1331     
     595   93.920      -1.2101     -0.44961      -1.3887       6.8070       1.7779     
 
  ***** POST1 ELEMENT TABLE LISTING *****                                      
 
    STAT     CURRENT      CURRENT      CURRENT      CURRENT      CURRENT      CURRENT 
    ELEM     LS1          LS2          LS7          LS4          LS9          SMIS4   
     596   93.577      -1.4923     -0.23418     -0.67616       6.0778      0.89293     
     597   93.262      -1.2552      0.38120     -0.53149E-001  5.2234     -0.21108     
     598   93.001     -0.40633       1.0757      -1.0078       5.6636     -0.87515     
     599   92.684      0.61071       1.3003      -4.9955       10.508     -0.76009     
     600   92.491       1.1371       1.1371       3.3479       3.3479     -0.25343E-006
     601   92.684       1.3003      0.61071       10.508      -4.9955      0.76009     
     602   93.001       1.0757     -0.40633       5.6636      -1.0078      0.87515     
     603   93.262      0.38120      -1.2552       5.2234     -0.53148E-001 0.21108     
     604   93.577     -0.23418      -1.4923       6.0778     -0.67616     -0.89293     
     605   93.920     -0.44961      -1.2101       6.8070      -1.3887      -1.7779     
     606   94.253     -0.32228     -0.71177       7.1943      -1.8283      -2.1331     
     607   94.550     -0.50599E-001-0.23888       7.2105      -1.9210      -1.9961     
     608   94.798      0.20369      0.92648E-001  6.9078      -1.6954      -1.5455     
     609   94.995      0.36149      0.26263       6.3771      -1.2287     -0.96590     
     610 -0.90935E-001 -5.0692       4.6832      -38.172      -18.859      -1.6848     
     611 -0.16583      -2.4280       6.7151      -37.842      -17.116      -2.5172     
     612 -0.28004      0.32256       8.0912      -36.893      -14.680      -3.2253     
     613 -0.44388       3.1459       8.5451      -35.213      -11.595      -3.5616     
     614 -0.66252       5.9726       7.8949      -32.839      -8.0431      -3.2552     
     615 -0.93009       8.6864       6.2643      -30.099      -4.3669      -2.2019     
     616  -1.2057       10.746       4.6678      -27.835     -0.74584     -0.80106     
     617 -0.62981       10.976       5.4142      -27.344       3.6457      0.66693E-001
     618   4.4623       14.727       2.7374      -24.209       3.6708      0.90074E-001
     619   4.4623       22.833      -3.8955      -16.781      -2.4071     -0.90074E-001
     620 -0.62981       26.283      -4.1037      -13.317      -5.0759     -0.66693E-001
     621  -1.2057       26.792      0.33618      -13.131      -4.7151      0.80107     
     622 -0.93009       29.227       3.8044      -11.277      -6.6211       2.2019     
     623 -0.66252       32.193       7.3244      -8.8120      -8.5658       3.2552     
     624 -0.44388       34.805       10.806      -6.2029      -9.5231       3.5616     
     625 -0.28004       36.724       13.919      -3.5367      -9.3399       3.2253     
     626 -0.16583       37.910       16.466     -0.87942      -8.1813       2.5172     
     627 -0.90935E-001  38.468       18.379       1.7230      -6.3090       1.6848     
     628 -0.44646E-001  38.547       19.676       4.2636      -3.9867      0.89719     
     629   79.310      0.30277E-001 0.15096E-001  2.5012       7.9729      0.90998     
     630   79.104     -0.20232     -0.17392       2.5513       7.9341      0.97021     
     631   78.876     -0.50391     -0.35183       2.8487       7.6331      0.69291     
     632   78.641     -0.77535     -0.40057       3.3548       7.0931      0.37295E-001
     633   78.420     -0.85013     -0.20441       3.9364       6.4184     -0.85302     
     634   78.229     -0.57509      0.22849       4.2273       5.8847      -1.5908     
     635   78.057      0.14287E-001 0.66378       3.1227       6.6076      -1.7101     
     636   77.830      0.58645      0.80060      0.27497       10.027      -1.1093     
 
  ***** POST1 ELEMENT TABLE LISTING *****                                      
 
    STAT     CURRENT      CURRENT      CURRENT      CURRENT      CURRENT      CURRENT 
    ELEM     LS1          LS2          LS7          LS4          LS9          SMIS4   
     637   77.688      0.78451      0.78451       5.5392       5.5392     -0.25389E-006
     638   77.830      0.80060      0.58645       10.027      0.27497       1.1093     
     639   78.057      0.66378      0.14288E-001  6.6076       3.1227       1.7101     
     640   78.229      0.22849     -0.57509       5.8847       4.2273       1.5908     
     641   78.420     -0.20441     -0.85013       6.4184       3.9364      0.85303     
     642   78.641     -0.40057     -0.77535       7.0931       3.3548     -0.37295E-001
     643   78.876     -0.35183     -0.50391       7.6331       2.8487     -0.69291     
     644   79.104     -0.17392     -0.20232       7.9341       2.5513     -0.97021     
     645   79.310      0.15096E-001 0.30277E-001  7.9729       2.5012     -0.90998     
     646   79.486      0.14742      0.16300       7.7846       2.6753     -0.63380     
     647 -0.48057E-001 -3.6451       2.9543      -51.861      -38.157     -0.97215     
     648 -0.14312      0.60777       6.3050      -51.653      -37.126      -1.3442     
     649 -0.28472       5.0313       9.1805      -50.826      -35.517      -1.4728     
     650 -0.47943       9.5627       11.466      -49.344      -33.384      -1.2085     
     651 -0.72449       14.095       13.162      -47.299      -30.862     -0.49141     
     652 -0.99360       18.443       14.514      -44.974      -28.130      0.50458     
     653  -1.1458       22.053       16.370      -42.952      -25.089       1.2864     
     654 -0.25018       24.292       19.713      -41.864      -21.209       1.2993     
     655   3.7959       28.807       20.420      -38.591      -19.847      0.52264     
     656   3.7959       35.934       17.992      -32.061      -22.072     -0.52264     
     657 -0.25018       39.588       19.410      -27.849      -21.487      -1.2993     
     658  -1.1458       40.867       23.567      -25.713      -18.494      -1.2864     
     659 -0.99360       43.196       26.758      -22.293      -16.911     -0.50458     
     660 -0.72449       45.891       29.597      -18.164      -15.802      0.49141     
     661 -0.47943       48.323       32.258      -13.827      -14.332       1.2085     
     662 -0.28472       50.194       34.582      -9.4420      -12.241       1.4728     
     663 -0.14312       51.404       36.435      -5.1074      -9.5167       1.3442     
     664 -0.48057E-001  51.982       37.755     -0.88874      -6.2687      0.97215     
     665  0.10062E-001  52.018       38.529       3.1916      -2.6544      0.50716     
     666   52.752     -0.10486E-001-0.15796E-001  6.4007       9.4453      0.60818     
     667   52.634     -0.13352     -0.12818       6.5857       9.2546      0.48398     
     668   52.516     -0.27478     -0.23540       6.9339       8.8839      0.62308E-001
     669   52.405     -0.37581     -0.26980       7.3781       8.3899     -0.61993     
     670   52.314     -0.35489     -0.16881       7.7833       7.8888      -1.3591     
     671   52.241     -0.15802      0.59052E-001  7.8648       7.6110      -1.8087     
     672   52.161      0.16107      0.28093       6.9146       8.3064      -1.6741     
     673   52.010      0.40607      0.34752       5.0127       10.555     -0.99277     
     674   51.907      0.40316      0.40316       8.0182       8.0182     -0.22398E-006
     675   52.010      0.34752      0.40607       10.555       5.0127      0.99277     
     676   52.161      0.28093      0.16107       8.3064       6.9146       1.6741     
     677   52.241      0.59052E-001-0.15802       7.6110       7.8648       1.8087     
 
  ***** POST1 ELEMENT TABLE LISTING *****                                      
 
    STAT     CURRENT      CURRENT      CURRENT      CURRENT      CURRENT      CURRENT 
    ELEM     LS1          LS2          LS7          LS4          LS9          SMIS4   
     678   52.314     -0.16881     -0.35489       7.8888       7.7834       1.3591     
     679   52.405     -0.26980     -0.37581       8.3899       7.3781      0.61993     
     680   52.516     -0.23540     -0.27478       8.8839       6.9339     -0.62307E-001
     681   52.634     -0.12818     -0.13352       9.2546       6.5857     -0.48398     
     682   52.752     -0.15796E-001-0.10486E-001  9.4453       6.4007     -0.60818     
     683   52.859      0.61916E-001 0.69604E-001  9.4536       6.3914     -0.50337     
     684 -0.32478E-001 -2.1778       1.6078      -38.659      -52.206     -0.66164     
     685 -0.14695       1.2037       6.0108      -38.476      -51.619     -0.76785     
     686 -0.31045       4.7357       10.108      -37.876      -50.515     -0.59807     
     687 -0.52439       8.3557       13.868      -36.891      -48.942     -0.85847E-001
     688 -0.77850       11.968       17.351      -35.630      -46.984      0.70024     
     689  -1.0290       15.408       20.778      -34.283      -44.705       1.4871     
     690  -1.0672       18.251       24.709      -33.186      -41.925       1.8542     
     691  0.19195E-001  20.165       29.555      -32.596      -38.269       1.5043     
     692   3.3767       23.473       32.423      -30.438      -35.898      0.56528     
     693   3.3767       28.276       32.935      -26.037      -35.428     -0.56528     
     694  0.19195E-001  30.714       35.548      -22.929      -32.778      -1.5043     
     695  -1.0672       31.469       39.612      -21.074      -28.269      -1.8542     
     696  -1.0290       32.810       42.724      -18.337      -24.595      -1.4871     
     697 -0.77850       34.451       45.293      -15.028      -21.379     -0.70024     
     698 -0.52439       36.022       47.547      -11.539      -18.080      0.85846E-001
     699 -0.31045       37.319       49.442      -8.0188      -14.472      0.59807     
     700 -0.14695       38.224       50.898      -4.5525      -10.487      0.76785     
     701 -0.32478E-001  38.702       51.867      -1.1999      -6.1517      0.66164     
     702  0.39669E-001  38.774       52.322       2.0119      -1.5492      0.39645     
     703   19.562     -0.43193E-001 0.26308E-001  7.1183       8.7359      0.36629     
     704   19.519     -0.70763E-001-0.24774E-001  7.3057       8.5406      0.22780     
     705   19.483     -0.82346E-001-0.93339E-001  7.5862       8.2423     -0.10655     
     706   19.459     -0.62100E-001-0.15214       7.8984       7.8968     -0.58833     
     707   19.453      0.53181E-003-0.16483       8.1422       7.5955      -1.0581     
     708   19.459      0.96948E-001-0.11141       8.1466       7.4843      -1.2825     
     709   19.446      0.18953     -0.24944E-001  7.5675       7.9332      -1.1000     
     710   19.361      0.21290      0.31519E-001  6.5667       9.0776     -0.60091     
     711   19.293      0.12130      0.12130       7.9239       7.9239     -0.14944E-006
     712   19.361      0.31519E-001 0.21290       9.0776       6.5667      0.60091     
     713   19.446     -0.24943E-001 0.18953       7.9332       7.5675       1.1000     
     714   19.459     -0.11141      0.96948E-001  7.4843       8.1466       1.2825     
     715   19.453     -0.16483      0.53189E-003  7.5955       8.1422       1.0581     
     716   19.459     -0.15214     -0.62100E-001  7.8968       7.8984      0.58834     
     717   19.483     -0.93339E-001-0.82346E-001  8.2423       7.5862      0.10655     
     718   19.519     -0.24774E-001-0.70763E-001  8.5406       7.3057     -0.22780     
 
  ***** POST1 ELEMENT TABLE LISTING *****                                      
 
    STAT     CURRENT      CURRENT      CURRENT      CURRENT      CURRENT      CURRENT 
    ELEM     LS1          LS2          LS7          LS4          LS9          SMIS4   
     719   19.562      0.26308E-001-0.43193E-001  8.7359       7.1183     -0.36629     
     720   19.606      0.49691E-001-0.12488E-001  8.8105       7.0472     -0.34112     
     721 -0.33237E-001 -1.2198      0.85390       38.604      -39.311     -0.46973     
     722 -0.16310      -4.4659       4.0969       38.609      -38.971     -0.45580     
     723 -0.34135      -7.5683       7.1603       38.328      -38.327     -0.20948     
     724 -0.56472      -10.513       10.068       37.673      -37.433      0.28635     
     725 -0.81746      -13.298       12.905       36.545      -36.336      0.92578     
     726  -1.0445      -15.980       15.839       34.876      -35.027       1.4585     
     727 -0.99647      -18.789       19.194       32.601      -33.314       1.5838     
     728  0.19762      -21.895       23.083       29.764      -30.949       1.1726     
     729   3.1385      -24.092       25.708       27.571      -29.132      0.41780     
     730   3.1385      -25.366       26.780       26.403      -28.149     -0.41780     
     731  0.19762      -27.742       28.819       24.405      -25.692      -1.1726     
     732 -0.99647      -30.840       31.515       21.559      -22.025      -1.5838     
     733  -1.0445      -33.350       33.513       18.959      -18.831      -1.4585     
     734 -0.81746      -35.247       35.073       16.433      -16.023     -0.92578     
     735 -0.56472      -36.613       36.413       13.756      -13.292     -0.28635     
     736 -0.34135      -37.523       37.557       10.880      -10.473      0.20948     
     737 -0.16310      -38.073       38.466       7.8139      -7.4778      0.45579     
     738 -0.33237E-001 -38.351       39.087       4.5797      -4.2768      0.46972     
     739  0.51654E-001 -38.404       39.373       1.2064     -0.89508      0.32992     
     740   0.0000       0.0000       0.0000       0.0000       0.0000       0.0000     
     741   0.0000       0.0000       0.0000       0.0000       0.0000       0.0000     
     742   0.0000       0.0000       0.0000       0.0000       0.0000       0.0000     
     743   0.0000       0.0000       0.0000       0.0000       0.0000       0.0000     
     744   0.0000       0.0000       0.0000       0.0000       0.0000       0.0000     
     745   0.0000       0.0000       0.0000       0.0000       0.0000       0.0000     
     746   0.0000       0.0000       0.0000       0.0000       0.0000       0.0000     
     747   0.0000       0.0000       0.0000       0.0000       0.0000       0.0000     
     748   0.0000       0.0000       0.0000       0.0000       0.0000       0.0000     
     749   0.0000       0.0000       0.0000       0.0000       0.0000       0.0000     
     750   0.0000       0.0000       0.0000       0.0000       0.0000       0.0000     
     751   0.0000       0.0000       0.0000       0.0000       0.0000       0.0000     
     752   0.0000       0.0000       0.0000       0.0000       0.0000       0.0000     
     753   0.0000       0.0000       0.0000       0.0000       0.0000       0.0000     
     754   0.0000       0.0000       0.0000       0.0000       0.0000       0.0000     
     755   0.0000       0.0000       0.0000       0.0000       0.0000       0.0000     
     756   0.0000       0.0000       0.0000       0.0000       0.0000       0.0000     
     757   0.0000       0.0000       0.0000       0.0000       0.0000       0.0000     
     758 -0.39499E-001-0.91061      0.45902       226.57       37.919     -0.22352     
     759 -0.17954      -20.517      -2.9867       226.02       37.984     -0.19849     
 
  ***** POST1 ELEMENT TABLE LISTING *****                                      
 
    STAT     CURRENT      CURRENT      CURRENT      CURRENT      CURRENT      CURRENT 
    ELEM     LS1          LS2          LS7          LS4          LS9          SMIS4   
     760 -0.36623      -39.902      -6.4872       223.64       37.676     -0.56876E-001
     761 -0.59299      -58.885      -9.9407       219.28       36.909      0.20354     
     762 -0.84089      -77.273      -13.204       212.84       35.646      0.52111     
     763  -1.0495      -94.921      -16.118       204.37       33.960      0.76464     
     764 -0.95227      -111.82      -18.533       194.15       32.071      0.78608     
     765  0.28983      -128.02      -20.498       182.59       30.199      0.54212     
     766   3.0306      -143.17      -22.870       170.33       27.923      0.17981     
     767   3.0306      -157.21      -25.824       157.47       25.217     -0.17981     
     768  0.28983      -170.73      -28.297       143.45       23.052     -0.54212     
     769 -0.95227      -183.66      -30.333       128.32       21.258     -0.78608     
     770  -1.0495      -195.32      -32.426       112.37       19.017     -0.76464     
     771 -0.84089      -205.29      -34.360       95.529       16.260     -0.52111     
     772 -0.59299      -213.32      -35.902       77.773       13.120     -0.20354     
     773 -0.36623      -219.32      -36.968       59.243       9.7462      0.56876E-001
     774 -0.17954      -223.37      -37.579       40.139       6.2859      0.19849     
     775 -0.39499E-001 -225.63      -37.814       20.654       2.8476      0.22352     
     776  0.54706E-001 -226.20      -37.760      0.95772     -0.51203      0.16837     
    2952  0.34456E-013 0.11902E-011 0.96502E-012-0.29162E-012 0.35348E-012-0.30067E-012
    2953  0.80766E-012-0.18443E-011 0.42461E-011-0.15507E-012 0.34659E-012-0.27389E-012
    2954 -0.82861E-012 0.21445E-012 0.36885E-011 0.58873E-027 0.11910E-026-0.79586E-026
    2955 -0.21699E-012-0.40745E-012 0.42461E-011 0.29922E-026 0.69385E-027-0.44819E-026
    2956 -0.76939E-013 0.40745E-012 0.60475E-011 0.89604E-013-0.43273E-012 0.60149E-013
    2957 -0.38223E-012-0.51468E-012 0.10294E-011-0.10281E-012-0.12928E-012 0.13944E-012

 MINIMUM VALUES
 ELEM        397          471          360          359          470          470
 VALUE   -30.580      -354.04      -354.04      -310.54      -310.54      -50.209     

 MAXIMUM VALUES
 ELEM        305          360          471          470          359          359
 VALUE    238.91       328.24       328.24       329.01       329.01       50.209     

