/BATCH  
/COM,ANSYS RELEASE 2020 R1           BUILD 20.1      UP20191203       12:18:35
/input,menust,tmp,''
/COM,ANSYS RELEASE 2020 R1           BUILD 20.1      UP20191203       12:18:35
/GRA,POWER
/GST,ON
/PLO,INFO,3
/GRO,CURL,ON
/CPLANE,1   
/REPLOT,RESIZE  
WPSTYLE,,,,,,,,0
GPLOT   
/REPLOT,RESIZE  
/AUTO,1 
/REP,FAST   
/DIST, 1 ,0.924021,1
/REP,FAST   
/DIST, 1 ,0.924021,1
/REP,FAST   
/DIST, 1 ,0.924021,1
/REP,FAST   
/DIST, 1 ,0.924021,1
/REP,FAST   
WPSTYLE,,,,,,,,1
/DIST, 1 ,0.924021,1
/REP,FAST   
/DIST, 1 ,0.924021,1
/REP,FAST   
/DIST, 1 ,0.924021,1
/REP,FAST   
/DIST, 1 ,0.924021,1
/REP,FAST   
/DIST, 1 ,0.924021,1
/REP,FAST   
/DIST, 1 ,0.924021,1
/REP,FAST   
/DIST, 1 ,0.924021,1
/REP,FAST   
/DIST, 1 ,0.924021,1
/REP,FAST   
/DIST, 1 ,0.924021,1
/REP,FAST   
/DIST, 1 ,0.924021,1
/REP,FAST   
/DIST, 1 ,0.924021,1
/REP,FAST   
/DIST, 1 ,0.924021,1
/REP,FAST   
/DIST, 1 ,0.924021,1
/REP,FAST   
/PREP7  
/DIST, 1 ,1.082226,1
/REP,FAST   
/DIST, 1 ,1.082226,1
/REP,FAST   
/DIST, 1 ,1.082226,1
/REP,FAST   
/DIST, 1 ,1.082226,1
/REP,FAST   
/DIST, 1 ,1.082226,1
/REP,FAST   
/DIST, 1 ,1.082226,1
/REP,FAST   
/DIST, 1 ,1.082226,1
/REP,FAST   
/DIST, 1 ,1.082226,1
/REP,FAST   
/DIST, 1 ,1.082226,1
/REP,FAST   
/DIST, 1 ,1.082226,1
/REP,FAST   
/DIST, 1 ,1.082226,1
/REP,FAST   
WPCSYS,-1   
/REPLOT 
/DIST, 1 ,0.924021,1
/REP,FAST   
/DIST, 1 ,0.924021,1
/REP,FAST   
/DIST, 1 ,0.924021,1
/REP,FAST   
/DIST, 1 ,0.924021,1
/REP,FAST   
/DIST, 1 ,0.924021,1
/REP,FAST   
/DIST, 1 ,0.924021,1
/REP,FAST   
/DIST, 1 ,0.924021,1
/REP,FAST   
/DIST, 1 ,0.924021,1
/REP,FAST   
/DIST, 1 ,0.924021,1
/REP,FAST   
/DIST, 1 ,0.924021,1
/REP,FAST   
/RGB,INDEX,100,100,100, 0   
/RGB,INDEX, 80, 80, 80,13   
/RGB,INDEX, 60, 60, 60,14   
/RGB,INDEX, 0, 0, 0,15  
/REPLOT 
LCLEAR,     416 
GPLOT   
/UI,MESH,OFF
!*  
/GTYPE,1,KEYP,0 
/GTYPE,1,LINE,1 
/GTYPE,1,AREA,0 
/GTYPE,1,VOLU,0 
/GTYPE,1,NODE,1 
/GTYPE,1,ELEM,1 
/GCMD,1 
!*  
GPLOT   
GPLOT   
!*  
/GTYPE,1,KEYP,1 
/GTYPE,1,LINE,1 
/GTYPE,1,AREA,0 
/GTYPE,1,VOLU,0 
/GTYPE,1,NODE,0 
/GTYPE,1,ELEM,0 
/GCMD,1 
!*  
GPLOT   
/DIST, 1 ,0.924021,1
/REP,FAST   
/PNUM,KP,1  
/PNUM,LINE,1
/PNUM,AREA,0
/PNUM,VOLU,0
/PNUM,NODE,0
/PNUM,TABN,0
/PNUM,SVAL,0
/PNUM,DOMA,0
/NUMBER,2   
!*  
/PNUM,ELEM,1
/REPLOT 
!*  
/DIST, 1 ,0.924021,1
/REP,FAST   
/DIST, 1 ,0.924021,1
/REP,FAST   
/DIST, 1 ,0.924021,1
/REP,FAST   
/DIST, 1 ,0.924021,1
/REP,FAST   
/USER,  1   
/FOC,   1,   54.6927528891    ,   52.2149252138    ,  -66.9076781028
/DIST, 1 ,0.924021,1
/REP,FAST   
/DIST, 1 ,0.924021,1
/REP,FAST   
! /DEV,FONT,ENTITY,MENU 
/dev,font,2,Courier*New,400,0,-11,0,0,,,
/REPLOT 
/DIST, 1 ,0.924021,1
/REP,FAST   
/DIST, 1 ,0.924021,1
/REP,FAST   
/DIST, 1 ,1.082226,1
/REP,FAST   
/DIST, 1 ,1.082226,1
/REP,FAST   
/FOC,   1,   58.4778055182    ,   53.3406003614    ,  -71.8184058795
/DIST, 1 ,1.082226,1
/REP,FAST   
/DIST, 1 ,1.082226,1
/REP,FAST   
/DIST, 1 ,1.082226,1
/REP,FAST   
/DIST, 1 ,1.082226,1
/REP,FAST   
/DIST, 1 ,1.082226,1
/REP,FAST   
/FOC,   1,   53.6149224940    ,   50.9676358699    ,  -64.5825583638
/DIST, 1 ,1.082226,1
/REP,FAST   
/DIST, 1 ,1.082226,1
/REP,FAST   
/DIST, 1 ,1.082226,1
/REP,FAST   
/AUTO,1 
/REP,FAST   
/DIST, 1 ,0.924021,1
/REP,FAST   
/DIST, 1 ,0.924021,1
/REP,FAST   
/DIST, 1 ,0.924021,1
/REP,FAST   
/USER,  1   
/FOC,   1,   43.8135284041    ,   45.5167532949    ,  -49.3302816990
wprot,42.5,0,0  
wprot,0,90,0
/DIST, 1 ,0.924021,1
/REP,FAST   
/DIST, 1 ,0.924021,1
/REP,FAST   
/DIST, 1 ,0.924021,1
/REP,FAST   
/DIST, 1 ,0.924021,1
/REP,FAST   
/DIST, 1 ,0.924021,1
/REP,FAST   
/DIST, 1 ,0.924021,1
/REP,FAST   
/DIST, 1 ,0.924021,1
/REP,FAST   
/FOC,   1,   40.1970720149    ,   42.1835827071    ,  -42.3806547220
/DIST, 1 ,0.924021,1
/REP,FAST   
/DIST, 1 ,0.924021,1
/REP,FAST   
/DIST, 1 ,0.924021,1
/REP,FAST   
/DIST, 1 ,0.924021,1
/REP,FAST   
/DIST, 1 ,0.924021,1
/REP,FAST   
/FOC,   1,   48.9099991917    ,   50.9528079221    ,  -59.8628071139
/DIST, 1 ,0.924021,1
/REP,FAST   
/DIST, 1 ,0.924021,1
/REP,FAST   
/FOC,   1,   54.3503423085    ,   55.5464619419    ,  -69.8968042505
/DIST, 1 ,0.924021,1
/REP,FAST   
/DIST, 1 ,0.924021,1
/REP,FAST   
/DIST, 1 ,0.924021,1
/REP,FAST   
/DIST, 1 ,0.924021,1
/REP,FAST   
/REPLOT,RESIZE  
/DIST, 1 ,1.082226,1
/REP,FAST   
/DIST, 1 ,1.082226,1
/REP,FAST   
/DIST, 1 ,1.082226,1
/REP,FAST   
/DIST, 1 ,1.082226,1
/REP,FAST   
/DIST, 1 ,1.082226,1
/REP,FAST   
/DIST, 1 ,1.082226,1
/REP,FAST   
/DIST, 1 ,1.082226,1
/REP,FAST   
/DIST, 1 ,1.082226,1
/REP,FAST   
/DIST, 1 ,1.082226,1
/REP,FAST   
/DIST, 1 ,1.082226,1
/REP,FAST   
/DIST, 1 ,0.924021,1
/REP,FAST   
/DIST, 1 ,0.924021,1
/REP,FAST   
/DIST, 1 ,0.924021,1
/REP,FAST   
/DIST, 1 ,0.924021,1
/REP,FAST   
/DIST, 1 ,0.924021,1
/REP,FAST   
/DIST, 1 ,0.924021,1
/REP,FAST   
/DIST, 1 ,0.924021,1
/REP,FAST   
/DIST, 1 ,0.924021,1
/REP,FAST   
/DIST, 1 ,0.924021,1
/REP,FAST   
/DIST, 1 ,0.924021,1
/REP,FAST   
LSBW,     416   
/REPLOT 
/DIST, 1 ,0.924021,1
/REP,FAST   
/DIST, 1 ,0.924021,1
/REP,FAST   
/DIST, 1 ,1.082226,1
/REP,FAST   
/DIST, 1 ,1.082226,1
/REP,FAST   
/DIST, 1 ,1.082226,1
/REP,FAST   
/DIST, 1 ,1.082226,1
/REP,FAST   
/DIST, 1 ,1.082226,1
/REP,FAST   
/DIST, 1 ,1.082226,1
/REP,FAST   
/AUTO,1 
/REP,FAST   
/DIST, 1 ,0.924021,1
/REP,FAST   
/DIST, 1 ,0.924021,1
/REP,FAST   
/DIST, 1 ,0.924021,1
/REP,FAST   
/DIST, 1 ,0.924021,1
/REP,FAST   
/USER,  1   
/FOC,   1,   38.7332083121    ,   38.5825513727    ,  -37.3157596848
/DIST, 1 ,0.924021,1
/REP,FAST   
wprot,0,0,-0.3  
/DIST, 1 ,0.924021,1
/REP,FAST   
/DIST, 1 ,0.924021,1
/REP,FAST   
/DIST, 1 ,0.924021,1
/REP,FAST   
/DIST, 1 ,0.924021,1
/REP,FAST   
/FOC,   1,   44.2072042069    ,   53.2157170524    ,  -57.4229212593
/DIST, 1 ,0.924021,1
/REP,FAST   
/DIST, 1 ,0.924021,1
/REP,FAST   
/DIST, 1 ,0.924021,1
/REP,FAST   
/DIST, 1 ,0.924021,1
/REP,FAST   
/DIST, 1 ,0.924021,1
/REP,FAST   
/DIST, 1 ,0.924021,1
/REP,FAST   
/DIST, 1 ,0.924021,1
/REP,FAST   
/FOC,   1,   52.3868077680    ,   58.8916952969    ,  -71.2785030649
/DIST, 1 ,0.924021,1
/REP,FAST   
/DIST, 1 ,0.924021,1
/REP,FAST   
/DIST, 1 ,0.924021,1
/REP,FAST   
/DIST, 1 ,0.924021,1
/REP,FAST   
/DIST, 1 ,0.924021,1
/REP,FAST   
/FOC,   1,   55.3128588265    ,   57.6523857791    ,  -72.9652446056
LSBW,     342   
/REPLOT 
/DIST, 1 ,0.924021,1
/REP,FAST   
/DIST, 1 ,0.924021,1
/REP,FAST   
/DIST, 1 ,0.924021,1
/REP,FAST   
/DIST, 1 ,0.924021,1
/REP,FAST   
/DIST, 1 ,0.924021,1
/REP,FAST   
/FOC,   1,   57.8381551500    ,   55.4321395183    ,  -73.2702946683
/DIST, 1 ,0.924021,1
/REP,FAST   
/DIST, 1 ,0.924021,1
/REP,FAST   
/DIST, 1 ,0.924021,1
/REP,FAST   
/DIST, 1 ,0.924021,1
/REP,FAST   
/DIST, 1 ,0.924021,1
/REP,FAST   
/FOC,   1,   59.8120012704    ,   55.5876800910    ,  -75.3996813614
/DIST, 1 ,0.924021,1
/REP,FAST   
/DIST, 1 ,0.924021,1
/REP,FAST   
/DIST, 1 ,0.924021,1
/REP,FAST   
/FOC,   1,   60.3049270398    ,   55.7953475967    ,  -76.1002746365
/DIST, 1 ,0.924021,1
/REP,FAST   
/DIST, 1 ,0.924021,1
/REP,FAST   
/DIST, 1 ,0.924021,1
/REP,FAST   
/DIST, 1 ,0.924021,1
/REP,FAST   
/DIST, 1 ,0.924021,1
/REP,FAST   
/FOC,   1,   60.7024232010    ,   55.9034421956    ,  -76.6058653966
/DIST, 1 ,0.924021,1
/REP,FAST   
/DIST, 1 ,0.924021,1
/REP,FAST   
LDELE,     416, , ,1
/REPLOT 
FLST,5,2,4,ORDE,2   
FITEM,5,379 
FITEM,5,2957
CM,_Y,LINE  
LSEL, , , ,P51X 
CM,_Y1,LINE 
CMSEL,S,_Y  
!*  
!*  
CMSEL,S,_Y1 
LATT,1,1,1, , , ,   
CMSEL,S,_Y  
CMDELE,_Y   
CMDELE,_Y1  
!*  
FLST,5,2,4,ORDE,2   
FITEM,5,379 
FITEM,5,2957
CM,_Y,LINE  
LSEL, , , ,P51X 
CM,_Y1,LINE 
CMSEL,S,_Y  
!*  
FLST,5,2,4,ORDE,2   
FITEM,5,379 
FITEM,5,2957
CM,_Y,LINE  
LSEL, , , ,P51X 
CM,_Y1,LINE 
CMSEL,,_Y   
!*  
LESIZE,_Y1, , ,1, , , , ,1  
!*  
/REPLOT 
FLST,2,2,4,ORDE,2   
FITEM,2,379 
FITEM,2,2957
LMESH,P51X  
/REPLOT 
/DIST, 1 ,1.082226,1
/REP,FAST   
/DIST, 1 ,1.082226,1
/REP,FAST   
/DIST, 1 ,1.082226,1
/REP,FAST   
/DIST, 1 ,1.082226,1
/REP,FAST   
/DIST, 1 ,1.082226,1
/REP,FAST   
/DIST, 1 ,1.082226,1
/REP,FAST   
/DIST, 1 ,1.082226,1
/REP,FAST   
/DIST, 1 ,1.082226,1
/REP,FAST   
/DIST, 1 ,1.082226,1
/REP,FAST   
/DIST, 1 ,1.082226,1
/REP,FAST   
!*  
/UI,MESH,OFF
/GTYPE,1,KEYP,0 
/GTYPE,1,LINE,0 
/GTYPE,1,AREA,0 
/GTYPE,1,VOLU,0 
/GTYPE,1,NODE,1 
/GTYPE,1,ELEM,1 
/GCMD,1 
!*  
/REPLOT 
/FOC,   1,   59.8141283221    ,   54.7787692608    ,  -74.5928975829
/PNUM,KP,0  
/PNUM,LINE,0
/PNUM,AREA,0
/PNUM,VOLU,0
/PNUM,NODE,1
/PNUM,TABN,0
/PNUM,SVAL,0
/PNUM,DOMA,0
/NUMBER,2   
!*  
/PNUM,ELEM,1
/REPLOT 
!*  
/DIST, 1 ,1.082226,1
/REP,FAST   
/DIST, 1 ,1.082226,1
/REP,FAST   
/DIST, 1 ,1.082226,1
/REP,FAST   
/DIST, 1 ,1.082226,1
/REP,FAST   
/DIST, 1 ,1.082226,1
/REP,FAST   
/DIST, 1 ,1.082226,1
/REP,FAST   
/DIST, 1 ,1.082226,1
/REP,FAST   
/DIST, 1 ,1.082226,1
/REP,FAST   
/DIST, 1 ,0.924021,1
/REP,FAST   
/DIST, 1 ,0.924021,1
/REP,FAST   
ALLSEL,ALL  
GPLOT   
/DIST, 1 ,1.082226,1
/REP,FAST   
/DIST, 1 ,1.082226,1
/REP,FAST   
/DIST, 1 ,1.082226,1
/REP,FAST   
/DIST, 1 ,1.082226,1
/REP,FAST   
/DIST, 1 ,1.082226,1
/REP,FAST   
/DIST, 1 ,1.082226,1
/REP,FAST   
/AUTO,1 
/REP,FAST   
/DIST, 1 ,0.924021,1
/REP,FAST   
/DIST, 1 ,0.924021,1
/REP,FAST   
/DIST, 1 ,0.924021,1
/REP,FAST   
/DIST, 1 ,0.924021,1
/REP,FAST   
/DIST, 1 ,0.924021,1
/REP,FAST   
/DIST, 1 ,0.924021,1
/REP,FAST   
/DIST, 1 ,0.924021,1
/REP,FAST   
/DIST, 1 ,0.924021,1
/REP,FAST   
/DIST, 1 ,0.924021,1
/REP,FAST   
/USER,  1   
/FOC,   1,   23.6008581227    ,   33.8361571863    ,  -117.437015309
/DIST, 1 ,0.924021,1
/REP,FAST   
/DIST, 1 ,1.082226,1
/REP,FAST   
/DIST, 1 ,1.082226,1
/REP,FAST   
/DIST, 1 ,0.924021,1
/REP,FAST   
/DIST, 1 ,0.924021,1
/REP,FAST   
/DIST, 1 ,0.924021,1
/REP,FAST   
/DIST, 1 ,0.924021,1
/REP,FAST   
/DIST, 1 ,0.924021,1
/REP,FAST   
/DIST, 1 ,0.924021,1
/REP,FAST   
/DIST, 1 ,0.924021,1
/REP,FAST   
/DIST, 1 ,0.924021,1
/REP,FAST   
/FOC,   1,   26.4276172725    ,   29.8098511133    ,  -116.237468386
/ZOOM,1,BACK
/ZOOM,1,SCRN,0.039555,-0.082705,0.463870,-0.287671  
/FOC,   1,   10.2861343164    ,   9.75883560915    ,  -119.701840309
/FOC,   1,   14.9416381572    ,   7.99346614575    ,  -122.591974686
/DIST, 1 ,0.924021,1
/REP,FAST   
/DIST, 1 ,0.924021,1
/REP,FAST   
/DIST, 1 ,0.924021,1
/REP,FAST   
/AUTO,1 
/REP,FAST   
/PNUM,KP,0  
/PNUM,LINE,0
/PNUM,AREA,0
/PNUM,VOLU,0
/PNUM,NODE,0
/PNUM,TABN,0
/PNUM,SVAL,0
/PNUM,DOMA,0
/NUMBER,2   
!*  
/PNUM,ELEM,1
/REPLOT 
!*  
/PNUM,KP,0  
/PNUM,LINE,0
/PNUM,AREA,0
/PNUM,VOLU,0
/PNUM,NODE,0
/PNUM,TABN,0
/PNUM,SVAL,0
/PNUM,DOMA,0
/NUMBER,2   
!*  
/PNUM,ELEM,0
/REPLOT 
!*  
/USER,  1   
/FOC,   1,   1.50175281101    ,   5.22720032101    ,  -66.7289531320
/DIST, 1 ,0.924021,1
/REP,FAST   
/DIST, 1 ,0.924021,1
/REP,FAST   
/DIST, 1 ,0.924021,1
/REP,FAST   
/DIST, 1 ,0.924021,1
/REP,FAST   
/DIST, 1 ,0.924021,1
/REP,FAST   
/DIST, 1 ,0.924021,1
/REP,FAST   
/DIST, 1 ,0.924021,1
/REP,FAST   
/DIST, 1 ,0.924021,1
/REP,FAST   
!*  
/PSF,DEFA, ,1,0,1   
/PBF,DEFA, ,1   
/PSYMB,CS,0 
/PSYMB,NDIR,0   
/PSYMB,ESYS,0   
/PSYMB,LDIV,0   
/PSYMB,LDIR,0   
/PSYMB,ADIR,0   
/PSYMB,ECON,0   
/PSYMB,XNODE,0  
/PSYMB,DOT,1
/PSYMB,PCONV,   
/PSYMB,LAYR,0   
/PSYMB,FBCS,0   
!*  
/PBC,U, ,1,,,,  
/PBC,ROT, ,1,,,,
/PBC,F, ,2,,,,  
/PBC,M, ,0,,,,  
!*  
/PBC,NFOR, ,0,,,,   
/PBC,NMOM, ,0,,,,   
/PBC,RFOR, ,0,,,,   
/PBC,RMOM, ,0,,,,   
/PBC,PATH, ,0,,,,   
/REP
!*  
/VIEW,1,,,1 
/ANG,1  
/REP,FAST   
/VIEW,1,1,1,1   
/ANG,1  
/REP,FAST   
/DIST, 1 ,0.924021,1
/REP,FAST   
/DIST, 1 ,0.924021,1
/REP,FAST   
/DIST, 1 ,0.924021,1
/REP,FAST   
/DIST, 1 ,0.924021,1
/REP,FAST   
/DIST, 1 ,0.924021,1
/REP,FAST   
/DIST, 1 ,0.924021,1
/REP,FAST   
/FOC,   1,   5.64373225786    ,   10.9645999794    ,  -76.6083322372
/DIST, 1 ,0.924021,1
/REP,FAST   
/DIST, 1 ,0.924021,1
/REP,FAST   
/FOC,   1,   12.4640231507    ,   14.9909096700    ,  -87.4549328207
/DIST, 1 ,1.082226,1
/REP,FAST   
/DIST, 1 ,1.082226,1
/REP,FAST   
/DIST, 1 ,1.082226,1
/REP,FAST   
/DIST, 1 ,1.082226,1
/REP,FAST   
/DIST, 1 ,0.924021,1
/REP,FAST   
/DIST, 1 ,0.924021,1
/REP,FAST   
/FOC,   1,   18.2269534891    ,   19.3921946494    ,  -97.6191481386
/FOC,   1,   25.4248858753    ,   22.6931583840    ,  -108.118044259
/DIST, 1 ,0.924021,1
/REP,FAST   
/DIST, 1 ,0.924021,1
/REP,FAST   
/FOC,   1,   27.6817221612    ,   24.5720995298    ,  -112.253821691
/ANG,1,-30,YS,1 
/REP,FAST   
/FOC,   1,   22.7468883307    ,   43.4765463476    ,  -69.7114093477
/DIST, 1 ,0.924021,1
/REP,FAST   
/DIST, 1 ,0.924021,1
/REP,FAST   
/DIST, 1 ,0.924021,1
/REP,FAST   
/DIST, 1 ,0.924021,1
/REP,FAST   
/DIST, 1 ,0.924021,1
/REP,FAST   
/DIST, 1 ,0.924021,1
/REP,FAST   
/ANG,1,-30,ZS,1 
/REP,FAST   
/ANG,1,30,ZS,1  
/REP,FAST   
/ANG,1,-30,XS,1 
/REP,FAST   
/ANG,1,30,XS,1  
/REP,FAST   
/ANG,1,30,XS,1  
/REP,FAST   
/VIEW,1,1,1,1   
/ANG,1  
/REP,FAST   
/AUTO,1 
/REP,FAST   
/DIST, 1 ,0.924021,1
/REP,FAST   
/DIST, 1 ,0.924021,1
/REP,FAST   
/DIST, 1 ,0.924021,1
/REP,FAST   
/DIST, 1 ,0.924021,1
/REP,FAST   
/DIST, 1 ,0.924021,1
/REP,FAST   
/DIST, 1 ,0.924021,1
/REP,FAST   
/USER,  1   
/FOC,   1,   6.88283365713    ,   10.0564899589    ,  -76.9393236160
/DIST, 1 ,0.924021,1
/REP,FAST   
/DIST, 1 ,0.924021,1
/REP,FAST   
/DIST, 1 ,0.924021,1
/REP,FAST   
/DIST, 1 ,0.924021,1
/REP,FAST   
/DIST, 1 ,0.924021,1
/REP,FAST   
/DIST, 1 ,0.924021,1
/REP,FAST   
/DIST, 1 ,0.924021,1
/REP,FAST   
/DIST, 1 ,0.924021,1
/REP,FAST   
/DIST, 1 ,0.924021,1
/REP,FAST   
/FOC,   1,   17.1551186355    ,   13.0340322679    ,  -90.1891509034
/DIST, 1 ,0.924021,1
/REP,FAST   
/DIST, 1 ,0.924021,1
/REP,FAST   
/FOC,   1,   22.2604049226    ,   13.7781112092    ,  -96.0385161318
/DIST, 1 ,0.924021,1
/REP,FAST   
/DIST, 1 ,0.924021,1
/REP,FAST   
/DIST, 1 ,1.082226,1
/REP,FAST   
/DIST, 1 ,1.082226,1
/REP,FAST   
/DIST, 1 ,1.082226,1
/REP,FAST   
/DIST, 1 ,1.082226,1
/REP,FAST   
/DIST, 1 ,1.082226,1
/REP,FAST   
/AUTO,1 
/REP,FAST   
/DIST, 1 ,0.924021,1
/REP,FAST   
/DIST, 1 ,0.924021,1
/REP,FAST   
FINISH  
/SOL
/STATUS,SOLU
SOLVE   
FINISH  
/POST1  
ETABLE,REFL 
!*  
/EFACET,1   
PLNSOL, U,Y, 0,1.0  
/PNUM,KP,0  
/PNUM,LINE,0
/PNUM,AREA,0
/PNUM,VOLU,0
/PNUM,NODE,0
/PNUM,TABN,0
/PNUM,SVAL,0
/PNUM,DOMA,0
/NUMBER,0   
!*  
/PNUM,ELEM,0
/REPLOT 
!*  
/DIST, 1 ,0.924021,1
/REP,FAST   
/DIST, 1 ,0.924021,1
/REP,FAST   
/USER,  1   
/FOC,   1,   30.0798613061    ,  -4.37967790271    ,  -85.7357187743
/DIST, 1 ,0.924021,1
/REP,FAST   
/DIST, 1 ,0.924021,1
/REP,FAST   
/DIST, 1 ,0.924021,1
/REP,FAST   
/DIST, 1 ,0.924021,1
/REP,FAST   
/DIST, 1 ,1.082226,1
/REP,FAST   
/DIST, 1 ,1.082226,1
/REP,FAST   
/DIST, 1 ,0.924021,1
/REP,FAST   
/DIST, 1 ,0.924021,1
/REP,FAST   
/DIST, 1 ,0.924021,1
/REP,FAST   
/DIST, 1 ,0.924021,1
/REP,FAST   
/VIEW,1,,,1 
/ANG,1  
/REP,FAST   
/VIEW,1,1,1,1   
/ANG,1  
/REP,FAST   
!*  
/EFACET,1   
PLNSOL, U,SUM, 0,1.0
/VIEW,1,,,1 
/ANG,1  
/REP,FAST   
/VIEW,1,1,1,1   
/ANG,1  
/REP,FAST   
/VIEW,1,1   
/ANG,1  
/REP,FAST   
/FOC,   1,   30.0798613061    ,   29.8190444035    ,  -80.9822284151
/VIEW,1,1,1,1   
/ANG,1  
/REP,FAST   
/FOC,   1,   26.1978935208    ,   29.9268557542    ,  -77.2080719805
LSEL,S,LOC,Y,0,90   
ALLSEL,BELOW,LINE   
/REPLOT 
/FOC,   1,   37.7120048463    ,   26.6925152328    ,  -85.4878427845
/FOC,   1,   29.4301599798    ,   29.0643649485    ,  -79.5778476337
/DIST, 1 ,0.924021,1
/REP,FAST   
/DIST, 1 ,0.924021,1
/REP,FAST   
/DIST, 1 ,0.924021,1
/REP,FAST   
/DIST, 1 ,0.924021,1
/REP,FAST   
/DIST, 1 ,0.924021,1
/REP,FAST   
/DIST, 1 ,0.924021,1
/REP,FAST   
/DIST, 1 ,0.924021,1
/REP,FAST   
/DIST, 1 ,0.924021,1
/REP,FAST   
/DIST, 1 ,0.924021,1
/REP,FAST   
/DIST, 1 ,0.924021,1
/REP,FAST   
!*  
/EFACET,1   
PLNSOL, U,Y, 0,1.0  
/FOC,   1,   37.4003827187    ,   36.2555462183    ,  -94.7392516424
/DIST, 1 ,0.924021,1
/REP,FAST   
/DIST, 1 ,0.924021,1
/REP,FAST   
/DIST, 1 ,0.924021,1
/REP,FAST   
/DIST, 1 ,0.924021,1
/REP,FAST   
/FOC,   1,   36.2312975765    ,   33.6521928144    ,  -90.9668130962
/DIST, 1 ,0.924021,1
/REP,FAST   
/FOC,   1,   42.3649074373    ,   33.2567594091    ,  -96.7049895517
/DIST, 1 ,0.924021,1
/REP,FAST   
/DIST, 1 ,0.924021,1
/REP,FAST   
/DIST, 1 ,0.924021,1
/REP,FAST   
/FOC,   1,   39.8682464171    ,   35.9085413262    ,  -96.8601104486
/FOC,   1,   38.9600047466    ,   35.5185733972    ,  -95.5619008491
/PNUM,KP,0  
/PNUM,LINE,0
/PNUM,AREA,0
/PNUM,VOLU,0
/PNUM,NODE,1
/PNUM,TABN,0
/PNUM,SVAL,0
/PNUM,DOMA,0
/NUMBER,0   
!*  
/PNUM,ELEM,0
/REPLOT 
!*  
/DIST, 1 ,0.924021,1
/REP,FAST   
/DIST, 1 ,0.924021,1
/REP,FAST   
/DIST, 1 ,0.924021,1
/REP,FAST   
/DIST, 1 ,0.924021,1
/REP,FAST   
/FOC,   1,   41.3005326814    ,   34.5140943817    ,  -96.8979497685
/UI,COPY,SAVE,PNG,GRAPH,COLOR,NORM,PORTRAIT,YES 
PLLS,LS1,LS6,1,0,0  
/PNUM,KP,0  
/PNUM,LINE,0
/PNUM,AREA,0
/PNUM,VOLU,0
/PNUM,NODE,1
/PNUM,TABN,0
/PNUM,SVAL,0
/PNUM,DOMA,0
/NUMBER,2   
!*  
/PNUM,ELEM,0
/REPLOT 
!*  
/DIST, 1 ,1.082226,1
/REP,FAST   
/DIST, 1 ,1.082226,1
/REP,FAST   
/DIST, 1 ,1.082226,1
/REP,FAST   
/DIST, 1 ,1.082226,1
/REP,FAST   
/PNUM,KP,0  
/PNUM,LINE,0
/PNUM,AREA,0
/PNUM,VOLU,0
/PNUM,NODE,1
/PNUM,TABN,0
/PNUM,SVAL,0
/PNUM,DOMA,0
/NUMBER,2   
!*  
/PNUM,ELEM,1
/REPLOT 
!*  
/DIST, 1 ,1.082226,1
/REP,FAST   
/DIST, 1 ,1.082226,1
/REP,FAST   
/DIST, 1 ,1.082226,1
/REP,FAST   
/DIST, 1 ,1.082226,1
/REP,FAST   
/DIST, 1 ,1.082226,1
/REP,FAST   
/FOC,   1,   34.8607017341    ,   36.0964734395    ,  -92.0404978790
/PNUM,KP,0  
/PNUM,LINE,0
/PNUM,AREA,0
/PNUM,VOLU,0
/PNUM,NODE,0
/PNUM,TABN,0
/PNUM,SVAL,0
/PNUM,DOMA,0
/NUMBER,2   
!*  
/PNUM,ELEM,1
/REPLOT 
!*  
/DIST, 1 ,0.924021,1
/REP,FAST   
/DIST, 1 ,1.082226,1
/REP,FAST   
/DIST, 1 ,1.082226,1
/REP,FAST   
/DIST, 1 ,1.082226,1
/REP,FAST   
/FOC,   1,   40.9696145596    ,   34.6047911223    ,  -96.6577283873
/DIST, 1 ,1.082226,1
/REP,FAST   
/DIST, 1 ,0.924021,1
/REP,FAST   
/DIST, 1 ,0.924021,1
/REP,FAST   
/DIST, 1 ,0.924021,1
/REP,FAST   
/DIST, 1 ,0.924021,1
/REP,FAST   
/DIST, 1 ,0.924021,1
/REP,FAST   
/FOC,   1,   38.6861279882    ,   29.9255231545    ,  -89.6949738481
PLLS,LS1,LS6,0.3,0,0
/FOC,   1,   36.0640310885    ,   35.6263214533    ,  -92.7736752471
/DIST, 1 ,1.082226,1
/REP,FAST   
/FOC,   1,   36.3833672025    ,   36.1612537197    ,  -93.6279436276
/FOC,   1,   37.2392588288    ,   34.4494704671    ,  -92.7720520013
/DIST, 1 ,0.924021,1
/REP,FAST   
/UI,COPY,SAVE,PNG,GRAPH,COLOR,NORM,PORTRAIT,YES 
PLLS,LS2,LS7,0.3,0,0
/FOC,   1,   38.8533011403    ,   32.9336519473    ,  -92.8702757929
PLLS,LS2,LS7,0.5,0,0
/DIST, 1 ,1.082226,1
/REP,FAST   
/DIST, 1 ,1.082226,1
/REP,FAST   
/DIST, 1 ,1.082226,1
/REP,FAST   
/DIST, 1 ,1.082226,1
/REP,FAST   
/DIST, 1 ,1.082226,1
/REP,FAST   
/DIST, 1 ,1.082226,1
/REP,FAST   
/DIST, 1 ,1.082226,1
/REP,FAST   
/DIST, 1 ,0.924021,1
/REP,FAST   
/DIST, 1 ,0.924021,1
/REP,FAST   
/DIST, 1 ,0.924021,1
/REP,FAST   
/DIST, 1 ,0.924021,1
/REP,FAST   
/DIST, 1 ,0.924021,1
/REP,FAST   
/DIST, 1 ,0.924021,1
/REP,FAST   
/DIST, 1 ,0.924021,1
/REP,FAST   
/FOC,   1,   41.7415213857    ,   31.7803153961    ,  -94.6051594872
/DIST, 1 ,0.924021,1
/REP,FAST   
/FOC,   1,   43.4792093175    ,   30.8364033106    ,  -95.3989353335
/FOC,   1,   39.7841336438    ,   34.4293589910    ,  -95.2968153401
PLLS,LS2,LS7,0.4,0,0
PLLS,LS2,LS7,0.3,0,0
/FOC,   1,   39.1360433108    ,   34.4598077680    ,  -94.6791737841
/FOC,   1,   40.3767917324    ,   33.4549981286    ,  -94.9151125663
/DIST, 1 ,1.082226,1
/REP,FAST   
/DIST, 1 ,1.082226,1
/REP,FAST   
/DIST, 1 ,1.082226,1
/REP,FAST   
/DIST, 1 ,1.082226,1
/REP,FAST   
/DIST, 1 ,0.924021,1
/REP,FAST   
/DIST, 1 ,0.924021,1
/REP,FAST   
/DIST, 1 ,0.924021,1
/REP,FAST   
/DIST, 1 ,0.924021,1
/REP,FAST   
/FOC,   1,   37.8328015531    ,   34.4293572401    ,  -93.3454814985
/FOC,   1,   36.2454671198    ,   34.7033957402    ,  -92.0321855653
PLLS,LS2,LS7,0.4,0,0
PLLS,LS2,LS7,0.3,0,0
/UI,COPY,SAVE,PNG,GRAPH,COLOR,NORM,PORTRAIT,YES 
PLLS,LS4,LS9,0.3,0,0
/UI,COPY,SAVE,PNG,GRAPH,COLOR,NORM,PORTRAIT,YES 
PLLS,SMIS4,SMIS10,0.3,0,0   
/DIST, 1 ,1.082226,1
/REP,FAST   
/DIST, 1 ,1.082226,1
/REP,FAST   
/DIST, 1 ,1.082226,1
/REP,FAST   
/DIST, 1 ,1.082226,1
/REP,FAST   
/FOC,   1,   34.6584008362    ,   33.8262733023    ,  -89.5679968438
/DIST, 1 ,1.082226,1
/REP,FAST   
/DIST, 1 ,1.082226,1
/REP,FAST   
/FOC,   1,   37.3125336256    ,   34.3643814133    ,  -92.7602377442
/FOC,   1,   34.8422542899    ,   34.5600570900    ,  -90.4856340853
/FOC,   1,   32.6261651147    ,   34.7557327667    ,  -88.4652205868
/FOC,   1,   30.9708873999    ,   34.1687057365    ,  -86.2229158418
/DIST, 1 ,1.082226,1
/REP,FAST   
/DIST, 1 ,1.082226,1
/REP,FAST   
/DIST, 1 ,1.082226,1
/REP,FAST   
/DIST, 1 ,1.082226,1
/REP,FAST   
/DIST, 1 ,1.082226,1
/REP,FAST   
/DIST, 1 ,0.924021,1
/REP,FAST   
/DIST, 1 ,0.924021,1
/REP,FAST   
/DIST, 1 ,0.924021,1
/REP,FAST   
/DIST, 1 ,0.924021,1
/REP,FAST   
/DIST, 1 ,0.924021,1
/REP,FAST   
/FOC,   1,   33.8542738649    ,   36.0276204898    ,  -90.9652170601
/UI,COPY,SAVE,PNG,GRAPH,COLOR,NORM,PORTRAIT,YES 
/REPLOT,RESIZE  
/REPLOT,RESIZE  
/REPLOT,RESIZE  
/REPLOT,RESIZE  
SAVE
PRETAB,LS1,LS2,LS7,LS4,LS9,SMIS4
!*  
GPLOT   
!*  
/EFACET,1   
PLNSOL, U,Y, 0,1.0  
/PNUM,KP,0  
/PNUM,LINE,0
/PNUM,AREA,0
/PNUM,VOLU,0
/PNUM,NODE,1
/PNUM,TABN,0
/PNUM,SVAL,0
/PNUM,DOMA,0
/NUMBER,2   
!*  
/PNUM,ELEM,1
/REPLOT 
!*  
/PNUM,KP,0  
/PNUM,LINE,0
/PNUM,AREA,0
/PNUM,VOLU,0
/PNUM,NODE,1
/PNUM,TABN,0
/PNUM,SVAL,0
/PNUM,DOMA,0
/NUMBER,0   
!*  
/PNUM,ELEM,1
/REPLOT 
!*  
/DIST, 1 ,0.924021,1
/REP,FAST   
/DIST, 1 ,0.924021,1
/REP,FAST   
/DIST, 1 ,0.924021,1
/REP,FAST   
/DIST, 1 ,0.924021,1
/REP,FAST   
/DIST, 1 ,0.924021,1
/REP,FAST   
/FOC,   1,   40.9392170714    ,   36.1264772423    ,  -98.1490170191
/DIST, 1 ,0.924021,1
/REP,FAST   
/DIST, 1 ,0.924021,1
/REP,FAST   
/REPLOT,RESIZE  
/DIST, 1 ,0.924021,1
/REP,FAST   
/DIST, 1 ,0.924021,1
/REP,FAST   
/DIST, 1 ,0.924021,1
/REP,FAST   
/DIST, 1 ,0.924021,1
/REP,FAST   
/FOC,   1,   41.9222482252    ,   34.4446166846    ,  -97.4501876152
/DIST, 1 ,0.924021,1
/REP,FAST   
/DIST, 1 ,0.924021,1
/REP,FAST   
/DIST, 1 ,1.082226,1
/REP,FAST   
/DIST, 1 ,1.082226,1
/REP,FAST   
/DIST, 1 ,1.082226,1
/REP,FAST   
/DIST, 1 ,1.082226,1
/REP,FAST   
/DIST, 1 ,1.082226,1
/REP,FAST   
/DIST, 1 ,0.924021,1
/REP,FAST   
/DIST, 1 ,0.924021,1
/REP,FAST   
/DIST, 1 ,0.924021,1
/REP,FAST   
/DIST, 1 ,0.924021,1
/REP,FAST   
/DIST, 1 ,0.924021,1
/REP,FAST   
! /DEV,FONT,ENTITY,MENU 
/dev,font,2,Courier*New,400,0,-13,0,0,,,
/REPLOT 
! /DEV,FONT,ENTITY,MENU 
/dev,font,2,Courier*New,400,0,-19,0,0,,,
/REPLOT 
/UI,COPY,SAVE,PNG,GRAPH,COLOR,NORM,PORTRAIT,YES 
/REPLOT 
GPLOT   
!*  
RSYS,0  
AVPRIN,0
AVRES,2,
/EFACET,1   
LAYER,0 
FORCE,TOTAL 
!*  
!*  
/EFACET,1   
PLNSOL, U,Y, 0,1.0  
/DIST, 1 ,1.082226,1
/REP,FAST   
/DIST, 1 ,1.082226,1
/REP,FAST   
/DIST, 1 ,1.082226,1
/REP,FAST   
/DIST, 1 ,1.082226,1
/REP,FAST   
/DIST, 1 ,1.082226,1
/REP,FAST   
/DIST, 1 ,1.082226,1
/REP,FAST   
/DIST, 1 ,1.082226,1
/REP,FAST   
/DIST, 1 ,1.082226,1
/REP,FAST   
/DIST, 1 ,1.082226,1
/REP,FAST   
/DIST, 1 ,1.082226,1
/REP,FAST   
/DIST, 1 ,1.082226,1
/REP,FAST   
/DIST, 1 ,1.082226,1
/REP,FAST   
/DIST, 1 ,0.924021,1
/REP,FAST   
/DIST, 1 ,0.924021,1
/REP,FAST   
/DIST, 1 ,1.082226,1
/REP,FAST   
/DIST, 1 ,1.082226,1
/REP,FAST   
/DIST, 1 ,1.082226,1
/REP,FAST   
/DIST, 1 ,1.082226,1
/REP,FAST   
/DIST, 1 ,1.082226,1
/REP,FAST   
/DIST, 1 ,1.082226,1
/REP,FAST   
/DIST, 1 ,1.082226,1
/REP,FAST   
/DIST, 1 ,0.924021,1
/REP,FAST   
/DIST, 1 ,0.924021,1
/REP,FAST   
/DIST, 1 ,0.924021,1
/REP,FAST   
/DIST, 1 ,0.924021,1
/REP,FAST   
/DIST, 1 ,0.924021,1
/REP,FAST   
/DIST, 1 ,0.924021,1
/REP,FAST   
/DIST, 1 ,0.924021,1
/REP,FAST   
GPLOT   
/DIST, 1 ,0.924021,1
/REP,FAST   
/DIST, 1 ,0.924021,1
/REP,FAST   
/DIST, 1 ,0.924021,1
/REP,FAST   
/DIST, 1 ,0.924021,1
/REP,FAST   
/DIST, 1 ,0.924021,1
/REP,FAST   
/DIST, 1 ,0.924021,1
/REP,FAST   
/DIST, 1 ,0.924021,1
/REP,FAST   
/DIST, 1 ,0.924021,1
/REP,FAST   
/DIST, 1 ,0.924021,1
/REP,FAST   
/DIST, 1 ,0.924021,1
/REP,FAST   
/DIST, 1 ,0.924021,1
/REP,FAST   
!*  
PRNSOL,U,X  
!*  
PRNSOL,U,Y  
!*  
RSYS,1  
AVPRIN,0
AVRES,2,
/EFACET,1   
LAYER,0 
FORCE,TOTAL 
!*  
!*  
/EFACET,1   
PLNSOL, U,Y, 0,1.0  
/FOC,   1,   41.8198177000    ,   34.5093424160    ,  -97.4124828213
!*  
PRNSOL,U,Y  
GPLOT   
/PNUM,KP,0  
/PNUM,LINE,0
/PNUM,AREA,0
/PNUM,VOLU,0
/PNUM,NODE,1
/PNUM,TABN,0
/PNUM,SVAL,0
/PNUM,DOMA,0
/NUMBER,2   
!*  
/PNUM,ELEM,1
/REPLOT 
!*  
SAVE
FINISH  
! /EXIT,NOSAV   
/BATCH  
/COM,ANSYS RELEASE 2020 R1           BUILD 20.1      UP20191203       15:51:12
/input,menust,tmp,''
/COM,ANSYS RELEASE 2020 R1           BUILD 20.1      UP20191203       15:51:12
/GRA,POWER
/GST,ON
/PLO,INFO,3
/GRO,CURL,ON
/CPLANE,1   
/REPLOT,RESIZE  
WPSTYLE,,,,,,,,0
/RGB,INDEX,100,100,100, 0   
/RGB,INDEX, 80, 80, 80,13   
/RGB,INDEX, 60, 60, 60,14   
/RGB,INDEX, 0, 0, 0,15  
/REPLOT 
GPLOT   
/FOC,   1,   40.2098902497    ,   33.0206505946    ,  -94.3138635496
/PNUM,KP,0  
/PNUM,LINE,0
/PNUM,AREA,0
/PNUM,VOLU,0
/PNUM,NODE,0
/PNUM,TABN,0
/PNUM,SVAL,0
/PNUM,DOMA,0
/NUMBER,2   
!*  
/PNUM,ELEM,1
/REPLOT 
!*  
/POST1  
/PNUM,KP,0  
/PNUM,LINE,0
/PNUM,AREA,0
/PNUM,VOLU,0
/PNUM,NODE,0
/PNUM,TABN,0
/PNUM,SVAL,0
/PNUM,DOMA,0
/NUMBER,0   
!*  
/PNUM,ELEM,1
/REPLOT 
!*  
!*  
/EFACET,1   
PLNSOL, U,Y, 0,1.0  
/DIST, 1 ,0.924021,1
/REP,FAST   
/DIST, 1 ,0.924021,1
/REP,FAST   
/FOC,   1,   40.7269251031    ,   34.8581715432    ,  -96.6684193516
/FOC,   1,   41.1997404073    ,   34.3193496109    ,  -96.6024127235
/DIST, 1 ,0.924021,1
/REP,FAST   
/UI,COPY,SAVE,PNG,GRAPH,COLOR,NORM,PORTRAIT,YES 
/DIST, 1 ,1.082226,1
/REP,FAST   
/DIST, 1 ,1.082226,1
/REP,FAST   
/DIST, 1 ,1.082226,1
/REP,FAST   
/DIST, 1 ,1.082226,1
/REP,FAST   
/DIST, 1 ,1.082226,1
/REP,FAST   
/DIST, 1 ,1.082226,1
/REP,FAST   
/UI,COPY,SAVE,PNG,GRAPH,COLOR,NORM,PORTRAIT,YES 
FINISH  
! /EXIT,NOSAV   
