
 PRINT ELEMENT TABLE ITEMS PER ELEMENT
 
  ***** POST1 ELEMENT TABLE LISTING *****                                      
 
    STAT     CURRENT      CURRENT      CURRENT      CURRENT      CURRENT      CURRENT 
    ELEM     LS1          LS2          LS7          LS4          LS9          SMIS4   
       1   0.0000       0.0000       0.0000       0.0000       0.0000       0.0000     
       2   0.0000       0.0000       0.0000       0.0000       0.0000       0.0000     
       3   0.0000       0.0000       0.0000       0.0000       0.0000       0.0000     
       4   0.0000       0.0000       0.0000       0.0000       0.0000       0.0000     
       5   0.0000       0.0000       0.0000       0.0000       0.0000       0.0000     
       6   0.0000       0.0000       0.0000       0.0000       0.0000       0.0000     
       7   0.0000       0.0000       0.0000       0.0000       0.0000       0.0000     
       8   0.0000       0.0000       0.0000       0.0000       0.0000       0.0000     
       9   0.0000       0.0000       0.0000       0.0000       0.0000       0.0000     
      10   0.0000       0.0000       0.0000       0.0000       0.0000       0.0000     
      11   0.0000       0.0000       0.0000       0.0000       0.0000       0.0000     
      12   0.0000       0.0000       0.0000       0.0000       0.0000       0.0000     
      13   0.0000       0.0000       0.0000       0.0000       0.0000       0.0000     
      14   0.0000       0.0000       0.0000       0.0000       0.0000       0.0000     
      15   0.0000       0.0000       0.0000       0.0000       0.0000       0.0000     
      16   0.0000       0.0000       0.0000       0.0000       0.0000       0.0000     
      17   0.0000       0.0000       0.0000       0.0000       0.0000       0.0000     
      18   0.0000       0.0000       0.0000       0.0000       0.0000       0.0000     
      38   19.693      0.72592E-002-0.55468E-002 -7.5225      -8.3729      0.70423E-001
      39   19.688      0.40712E-002-0.54843E-002 -7.4465      -8.4426      0.66573E-001
      40   19.682     -0.27082E-003-0.76275E-002 -7.3687      -8.5121      0.73927E-001
      41   19.676     -0.35073E-002-0.88021E-002 -7.2798      -8.5876      0.95417E-001
      42   19.668      0.10666E-002-0.41798E-002 -7.1458      -8.6961      0.11335     
      43   19.648      0.16547E-001 0.18955E-002 -6.8916      -8.9229      0.94231E-001
      44   19.604      0.26350E-001 0.19171E-002 -6.6081      -9.2641      0.37614E-001
      45   19.565      0.95391E-002 0.24485E-001 -7.1166      -8.8707     -0.37773E-001
      46   19.598     -0.90141E-002 0.81925E-001 -8.0586      -7.8275     -0.17088     
      47   19.645     -0.33481E-002 0.83592E-001 -7.3186      -8.4531     -0.35563     
      48   19.639     -0.33660E-001 0.42874E-001 -7.0409      -8.8079     -0.46422     
      49   19.621     -0.61927E-001-0.53812E-002 -7.1744      -8.7312     -0.38921     
      50   19.613     -0.59407E-001-0.36165E-001 -7.3934      -8.5290     -0.18367     
      51   19.615     -0.32223E-001-0.43922E-001 -7.6142      -8.3127      0.31524E-001
      52   19.624      0.27212E-003-0.37090E-001 -7.8055      -8.1212      0.17301     
      53   19.638      0.23251E-001-0.25056E-001 -7.9485      -7.9756      0.22275     
      54   19.653      0.32463E-001-0.13251E-001 -8.0389      -7.8819      0.20356     
      55   19.666      0.30795E-001-0.39237E-002 -8.0829      -7.8354      0.14873     
      56 -0.11583E-001 0.30590     -0.50132       38.184       226.37     -0.52635E-001
      57 -0.26505E-001 -2.9637      -20.317       38.047       225.40     -0.50097E-001
      58 -0.38803E-001 -6.2043      -39.969       37.639       222.70     -0.52192E-001
      59 -0.35116E-001 -9.3886      -59.304       36.963       218.28     -0.63899E-001
      60  0.21560E-001 -12.479      -78.176       36.025       212.15     -0.82146E-001
 
  ***** POST1 ELEMENT TABLE LISTING *****                                      
 
    STAT     CURRENT      CURRENT      CURRENT      CURRENT      CURRENT      CURRENT 
    ELEM     LS1          LS2          LS7          LS4          LS9          SMIS4   
      61  0.24061      -15.423      -96.451       34.841       204.37     -0.86761E-001
      62  0.86770      -18.218      -113.99       33.418       195.05     -0.59423E-001
      63   1.9120      -21.104      -130.54       31.617       184.41     -0.17523E-001
      64   1.9252      -24.189      -145.93       29.364       172.55      0.32912E-001
      65  0.13742      -26.878      -160.43       27.187       159.31      0.14099     
      66 -0.56010      -29.101      -174.08       25.129       144.80      0.25994     
      67 -0.46518      -31.292      -186.44       22.707       129.34      0.27359     
      68 -0.27798      -33.330      -197.29       19.903       112.94      0.17382     
      69 -0.15515      -35.055      -206.49       16.824       95.605      0.32154E-001
      70 -0.81566E-001 -36.409      -213.96       13.558       77.459     -0.80718E-001
      71 -0.36177E-001 -37.398      -219.70       10.185       58.672     -0.13529     
      72 -0.80415E-002 -38.051      -223.75       6.7690       39.416     -0.13797     
      73  0.85374E-002 -38.401      -226.13       3.3502       19.846     -0.10949     
      74  0.17062E-001 -38.472      -226.86     -0.47758E-001 0.11175     -0.69661E-001
      75   53.090      0.15514E-002 0.10670E-001 -7.3847      -8.5269      0.77753E-001
      76   53.068     -0.52884E-002 0.10338E-001 -7.2849      -8.6177      0.52577E-001
      77   53.043     -0.18830E-001 0.49884E-002 -7.1883      -8.7023      0.39851E-001
      78   53.017     -0.37373E-001 0.24745E-002 -7.0812      -8.7882      0.56992E-001
      79   52.988     -0.41927E-001 0.16285E-001 -6.9005      -8.9239      0.10446     
      80   52.948     -0.46740E-002 0.34893E-001 -6.4814      -9.2936      0.13292     
      81   52.883      0.48191E-001 0.38442E-001 -5.9341      -9.9768      0.85285E-001
      82   52.830      0.55724E-001 0.85859E-001 -6.9537      -9.2203     -0.64437E-001
      83   52.877      0.64976E-001 0.17343      -8.9152      -7.0294     -0.33814     
      84   52.948      0.10427      0.11340      -7.3361      -8.3451     -0.60602     
      85   52.955      0.34851E-001-0.38691E-001 -6.8301      -9.0151     -0.70991     
      86   52.951     -0.73163E-001-0.15225      -7.0874      -8.8718     -0.52678     
      87   52.960     -0.12656     -0.16824      -7.4365      -8.5518     -0.17862     
      88   52.980     -0.10652     -0.11775      -7.7468      -8.2455      0.13896     
      89   53.008     -0.49452E-001-0.53056E-001 -7.9881      -7.9997      0.32219     
      90   53.037      0.50600E-002-0.36263E-002 -8.1477      -7.8313      0.36731     
      91   53.066      0.38610E-001 0.23905E-001 -8.2300      -7.7395      0.31782     
      92   53.090      0.50315E-001 0.33678E-001 -8.2507      -7.7107      0.22352     
      93 -0.17817E-001 0.40625     -0.47639      -38.735       38.871     -0.91168E-001
      94 -0.32771E-001  3.8548      -3.9479      -38.526       38.652     -0.75591E-001
      95 -0.45137E-001  7.2681      -7.3834      -37.992       38.134     -0.66011E-001
      96 -0.42183E-001  10.621      -10.761      -37.130       37.317     -0.74821E-001
      97  0.11136E-001  13.914      -14.073      -35.944       36.183     -0.10830     
      98  0.21993       17.204      -17.345      -34.428       34.687     -0.14170     
      99  0.84085       20.487      -20.551      -32.592       32.829     -0.12424     
     100   1.9508       23.180      -23.255      -30.799       30.949     -0.37726E-001
     101   2.0105       24.937      -25.250      -29.357       29.372      0.12171     
 
  ***** POST1 ELEMENT TABLE LISTING *****                                      
 
    STAT     CURRENT      CURRENT      CURRENT      CURRENT      CURRENT      CURRENT 
    ELEM     LS1          LS2          LS7          LS4          LS9          SMIS4   
     102  0.78723E-001  27.112      -27.649      -27.118       27.251      0.36702     
     103 -0.58728       29.774      -30.485      -23.995       24.467      0.57073     
     104 -0.45615       31.828      -32.814      -21.108       21.797      0.55138     
     105 -0.25987       33.477      -34.670      -18.415       19.144      0.31703     
     106 -0.13636       34.921      -36.152      -15.689       16.330      0.21705E-001
     107 -0.65116E-001  36.168      -37.294      -12.844       13.338     -0.19786     
     108 -0.23767E-001  37.190      -38.140      -9.8536       10.199     -0.29524     
     109 -0.13291E-003  37.957      -38.723      -6.7220       6.9444     -0.29043     
     110  0.12430E-001  38.444      -39.057      -3.4723       3.6033     -0.22624     
     111  0.17908E-001  38.633      -39.143     -0.14123      0.20493     -0.14157     
     112   79.865     -0.34597E-002 0.45074E-001 -4.4756      -6.0668      0.91061E-002
     113   79.825     -0.12586E-001 0.47722E-001 -4.3392      -6.1989     -0.58343E-001
     114   79.780     -0.34001E-001 0.37807E-001 -4.2142      -6.3166     -0.12267     
     115   79.731     -0.73672E-001 0.19834E-001 -4.0895      -6.4219     -0.14799     
     116   79.680     -0.11576      0.25668E-001 -3.8856      -6.5702     -0.78527E-001
     117   79.624     -0.88554E-001 0.69292E-001 -3.3454      -7.0349      0.66268E-001
     118   79.545      0.37930E-001 0.99946E-001 -2.5142      -8.0751      0.12275     
     119   79.483      0.13057      0.18681      -4.1394      -6.8835     -0.37563E-001
     120   79.546      0.20676      0.28345      -7.4411      -3.2069     -0.42419     
     121   79.642      0.25092      0.12099      -4.8177      -5.4017     -0.74931     
     122   79.667      0.96593E-001-0.19231      -4.1384      -6.3470     -0.78252     
     123   79.687     -0.12335     -0.36776      -4.5498      -6.0909     -0.41877     
     124   79.723     -0.22522     -0.33323      -5.0122      -5.6536      0.55789E-001
     125   79.770     -0.18590     -0.19825      -5.3706      -5.2879      0.38743     
     126   79.818     -0.85067E-001-0.64929E-001 -5.6106      -5.0321      0.51975     
     127   79.861      0.84854E-002 0.24583E-001 -5.7384      -4.8858      0.50014     
     128   79.897      0.66690E-001 0.67429E-001 -5.7745      -4.8323      0.39574     
     129   79.926      0.88796E-001 0.76138E-001 -5.7456      -4.8472      0.26173     
     130 -0.26286E-001 0.54140     -0.64341      -51.705      -38.054     -0.76863E-001
     131 -0.40964E-001  5.1356       2.5572      -51.364      -37.957     -0.33292E-001
     132 -0.52925E-001  9.6638       5.7414      -50.580      -37.566      0.11305E-001
     133 -0.50481E-001  14.088       8.8755      -49.354      -36.879      0.37465E-001
     134 -0.24647E-002  18.406       11.899      -47.681      -35.931      0.93902E-002
     135  0.18603       22.716       14.701      -45.541      -34.842     -0.86146E-001
     136  0.78795       27.076       17.254      -42.965      -33.712     -0.15949     
     137   2.0272       30.571       20.315      -40.592      -31.973     -0.83535E-001
     138   2.1890       32.584       24.267      -39.014      -29.022      0.17706     
     139 -0.45708E-001  35.477       26.968      -36.224      -26.519      0.55032     
     140 -0.63783       39.321       28.338      -32.012      -24.738      0.77895     
     141 -0.43893       42.218       30.103      -28.277      -22.227      0.64276     
     142 -0.23111       44.571       32.036      -24.839      -19.226      0.24892     
 
  ***** POST1 ELEMENT TABLE LISTING *****                                      
 
    STAT     CURRENT      CURRENT      CURRENT      CURRENT      CURRENT      CURRENT 
    ELEM     LS1          LS2          LS7          LS4          LS9          SMIS4   
     143 -0.10986       46.648       33.828      -21.288      -16.067     -0.14190     
     144 -0.44175E-001  48.424       35.348      -17.498      -12.827     -0.37889     
     145 -0.96696E-002  49.849       36.529      -13.463      -9.5350     -0.44928     
     146  0.73534E-002  50.895       37.352      -9.2150      -6.2224     -0.40239     
     147  0.14556E-001  51.547       37.828      -4.8067      -2.9147     -0.29625     
     148  0.16326E-001  51.795       37.976     -0.29678      0.37155     -0.17627     
     149   95.414     -0.59775E-002 0.11038      -1.5550      -3.6368     -0.18833     
     150   95.377     -0.15843E-001 0.12409      -1.3674      -3.8404     -0.32758     
     151   95.329     -0.41335E-001 0.11600      -1.1922      -4.0306     -0.48307     
     152   95.270     -0.99162E-001 0.69509E-001 -1.0280      -4.1966     -0.61579     
     153   95.205     -0.20922      0.16452E-001-0.80436      -4.3703     -0.59724     
     154   95.139     -0.28843      0.71520E-001-0.19389      -4.8766     -0.27374     
     155   95.050     -0.88078E-001 0.16635      0.97589      -6.3342      0.11137     
     156   94.976      0.21758      0.29472      -1.3332      -4.6825      0.71714E-001
     157   95.064      0.40054      0.43530      -6.4377      0.98452     -0.36106     
     158   95.190      0.44764      0.63977E-001 -2.3766      -2.4405     -0.76664     
     159   95.224      0.13799     -0.49253      -1.6353      -3.5810     -0.60663     
     160   95.265     -0.23177     -0.65658      -2.2379      -3.1564      0.59945E-001
     161   95.323     -0.33538     -0.49531      -2.7644      -2.6279      0.61746     
     162   95.381     -0.23107     -0.25189      -3.0939      -2.2578      0.84644     
     163   95.430     -0.72475E-001-0.53897E-001 -3.2605      -2.0464      0.82812     
     164   95.465      0.55155E-001 0.65530E-001 -3.3035      -1.9620      0.68257     
     165   95.488      0.12723      0.11558      -3.2625      -1.9691      0.49372     
     166   95.501      0.14934      0.11860      -3.1716      -2.0345      0.31043     
     167 -0.38350E-001 0.80710     -0.91127      -38.356      -51.273      0.26480E-001
     168 -0.52504E-001  4.2762       3.3797      -37.921      -51.087      0.11955     
     169 -0.63356E-001  7.6504       7.6394      -37.115      -50.501      0.22793     
     170 -0.60372E-001  10.885       11.828      -35.944      -49.500      0.33296     
     171 -0.17602E-001  13.978       15.866      -34.397      -48.099      0.36881     
     172  0.14283       17.064       19.591      -32.413      -46.462      0.21662     
     173  0.70751       20.336       22.943      -30.033      -44.846     -0.76362E-001
     174   2.1482       22.607       27.078      -28.318      -42.461     -0.16472     
     175   2.4889       22.847       32.708      -28.187      -38.284      0.12419     
     176 -0.25282       24.718       36.468      -26.523      -34.911      0.63653     
     177 -0.70766       28.257       38.217      -22.926      -32.700      0.84362     
     178 -0.41023       30.638       40.698      -20.321      -29.380      0.45996     
     179 -0.19244       32.550       43.460      -18.199      -25.435     -0.12888     
     180 -0.78731E-001  34.285       45.977      -15.908      -21.295     -0.53242     
     181 -0.22866E-001  35.784       48.036      -13.295      -17.030     -0.67889     
     182  0.21134E-002  36.991       49.580      -10.380      -12.678     -0.64388     
     183  0.11204E-001  37.884       50.628      -7.2267      -8.2812     -0.51400     
 
  ***** POST1 ELEMENT TABLE LISTING *****                                      
 
    STAT     CURRENT      CURRENT      CURRENT      CURRENT      CURRENT      CURRENT 
    ELEM     LS1          LS2          LS7          LS4          LS9          SMIS4   
     184  0.12676E-001  38.454       51.217      -3.9050      -3.8726     -0.35289     
     185  0.10947E-001  38.698       51.384     -0.48292      0.52698     -0.20020     
     186   102.05      0.90681E-002 0.21568      0.13771      -1.8308     -0.58500     
     187   102.09     -0.23677E-003 0.25171      0.32262      -2.0775     -0.84435     
     188   102.11     -0.27845E-001 0.26230      0.52223      -2.3529      -1.1440     
     189   102.13     -0.92760E-001 0.20096      0.75047      -2.6558      -1.4655     
     190   102.11     -0.26158      0.12918E-001  1.0745      -3.0005      -1.6736     
     191   102.05     -0.60761     -0.66747E-001  1.8233      -3.6200      -1.2649     
     192   101.96     -0.58467      0.22632       3.5120      -5.6759     -0.49418E-001
     193   101.88      0.30756      0.30203      0.51526      -3.6526      0.35354     
     194   102.00      0.60195      0.74669      -7.0039       4.6826     -0.26525E-001
     195   102.14      0.77828     -0.23723     -0.76268     -0.63912     -0.62691     
     196   102.16      0.99152E-001 -1.0465     -0.84084E-001 -1.9043      0.11675     
     197   102.19     -0.41934     -0.97431     -0.79651      -1.3558       1.1907     
     198   102.21     -0.41113     -0.58994      -1.2117     -0.83635       1.6419     
     199   102.20     -0.19702     -0.23308      -1.4095     -0.51330       1.5790     
     200   102.16      0.13863E-001 0.92167E-002 -1.4685     -0.34598       1.2934     
     201   102.12      0.15548      0.13749      -1.4431     -0.28811      0.95838     
     202   102.08      0.22174      0.17973      -1.3680     -0.30309      0.65232     
     203   102.04      0.22912      0.16833      -1.2682     -0.36205      0.40360     
     204 -0.55170E-001  1.1012      -1.0665      -20.406      -38.182      0.27573     
     205 -0.69320E-001  3.0807       2.0115      -19.848      -37.953      0.45412     
     206 -0.79064E-001  4.9433       5.0301      -19.001      -37.414      0.66642     
     207 -0.74562E-001  6.6234       7.9612      -17.876      -36.551      0.90328     
     208 -0.34682E-001  8.0876       10.735      -16.483      -35.337       1.1076     
     209  0.94829E-001  9.4392       13.160      -14.716      -33.879       1.0248     
     210  0.59458       11.052       15.117      -12.460      -32.682      0.34668     
     211   2.3185       11.634       18.329      -11.530      -30.923     -0.30052     
     212   2.9520       9.5403       23.988      -13.415      -26.810     -0.15630     
     213 -0.57461       10.037       27.170      -13.300      -24.201      0.60382     
     214 -0.78855       13.138       27.572      -10.602      -23.372      0.64744     
     215 -0.36608       14.925       29.460      -9.7554      -21.123     -0.23125     
     216 -0.14709       16.334       31.943      -9.4555      -18.314     -0.98028     
     217 -0.48658E-001  17.651       34.167      -8.7647      -15.366      -1.2328     
     218 -0.66190E-002  18.795       35.897      -7.6248      -12.300      -1.1545     
     219  0.75898E-002  19.714       37.138      -6.1362      -9.1451     -0.93294     
     220  0.91371E-002  20.396       37.952      -4.4103      -5.9391     -0.67756     
     221  0.59600E-002  20.845       38.403      -2.5385      -2.7078     -0.44238     
     222  0.19429E-002  21.074       38.534     -0.58996      0.53210     -0.25041     
     223   103.55      0.87093E-001 0.35330      0.10130     -0.78541E-001 -1.1841     
     224   103.78      0.88440E-001 0.42006     -0.19932E-001-0.64381E-001 -1.6372     
 
  ***** POST1 ELEMENT TABLE LISTING *****                                      
 
    STAT     CURRENT      CURRENT      CURRENT      CURRENT      CURRENT      CURRENT 
    ELEM     LS1          LS2          LS7          LS4          LS9          SMIS4   
     225   104.08      0.63639E-001 0.46562     -0.14150     -0.10080      -2.1683     
     226   104.43     -0.42423E-002 0.44248     -0.16071     -0.30428      -2.7761     
     227   104.77     -0.17074      0.14872      0.13711     -0.84767      -3.4499     
     228   105.00     -0.78300     -0.53231       1.3597      -2.2695      -3.5713     
     229   104.85      -1.9304      0.63999E-001  4.5977      -5.8789     -0.96553     
     230   104.73      0.54238E-002 0.31044       1.3563      -3.9560       1.4430     
     231   104.88      0.99978       1.3414      -9.1958       7.7641      0.43551     
     232   105.02       1.3749      -1.3494      0.70708     -0.90642     -0.10447     
     233   105.04     -0.25213      -1.8079       1.6659      -2.7918       2.1327     
     234   104.75     -0.66005      -1.1246       1.4672      -2.3084       3.3062     
     235   104.39     -0.38133     -0.48565       1.1209      -1.6150       3.1614     
     236   104.05     -0.57979E-001-0.58236E-001 0.79420      -1.0208       2.5357     
     237   103.77      0.17226      0.18030      0.51236     -0.56643       1.8574     
     238   103.56      0.29733      0.27884      0.30802     -0.25406       1.2787     
     239   103.40      0.33596      0.28648      0.17921     -0.59854E-001 0.83381     
     240   103.29      0.31536      0.24383      0.11100      0.46700E-001 0.51242     
     241 -0.72004E-001  1.0092     -0.63118      -7.0215      -20.423      0.70678     
     242 -0.87873E-001  1.8694      0.96376      -6.4163      -20.065       1.0264     
     243 -0.99483E-001  2.6681       2.4256      -5.5529      -19.491       1.4074     
     244 -0.97392E-001  3.3489       3.6834      -4.4002      -18.717       1.8444     
     245 -0.63430E-001  3.8300       4.6374      -2.9564      -17.749       2.3336     
     246  0.36011E-001  4.1022       5.0285      -1.1425      -16.546       2.6696     
     247  0.43362       4.0871       4.6687       1.4363      -15.611       1.7195     
     248   2.5343       2.7896       6.3467       2.3889      -14.772     -0.51587     
     249   3.6334      -1.1919       11.894      -2.1201      -11.020     -0.95126     
     250  -1.0716      -2.0713       14.172      -3.0261      -9.7262      0.52008     
     251 -0.87210       1.2841       12.548      -1.1471      -10.820     -0.24421     
     252 -0.31188       3.0267       13.849      -2.3420      -10.380      -1.8936     
     253 -0.10691       4.4502       15.995      -3.2558      -9.4795      -2.4731     
     254 -0.26271E-001  5.6067       17.804      -3.4694      -8.2625      -2.2743     
     255  0.31119E-002  6.4901       19.125      -3.1958      -6.7797      -1.8090     
     256  0.89826E-002  7.1170       20.035      -2.6504      -5.1258      -1.3206     
     257  0.52674E-002  7.5387       20.621      -1.9596      -3.3814     -0.90086     
     258 -0.86710E-003  7.8035       20.952      -1.1963      -1.5975     -0.57330     
     259 -0.61253E-002  7.9468       21.077     -0.40158      0.19819     -0.33354     
     260   102.59      0.29625      0.48656      -1.3349       2.0212      -1.7383     
     261   102.97      0.35329      0.57597      -2.3230       2.9662      -2.4135     
     262   103.60      0.38093      0.64598      -3.6943       4.2584      -3.2521     
     263   104.57      0.35118      0.67344      -5.4287       5.8375      -4.2756     
     264   106.04      0.22793      0.54624      -7.2125       7.2671      -5.5957     
     265   108.04     -0.11900      -1.0033      -8.0666       7.7699      -7.5437     
 
  ***** POST1 ELEMENT TABLE LISTING *****                                      
 
    STAT     CURRENT      CURRENT      CURRENT      CURRENT      CURRENT      CURRENT 
    ELEM     LS1          LS2          LS7          LS4          LS9          SMIS4   
     266   110.04      -3.3790      -2.3907      -2.1855      -2.2774      -5.6312     
     267   108.40      -4.5440       3.2287      0.36583      -5.1082       5.8481     
     268   108.41       4.2027      0.30400      -11.399       8.5598     -0.70768     
     269   109.95       1.3851      -3.7777       7.8595      -10.730       2.7439     
     270   107.40      -1.2850      -1.9780       12.391      -12.528       6.5984     
     271   105.38     -0.80490     -0.64720       9.2294      -9.0275       6.1385     
     272   104.01     -0.23065      0.62094E-001  6.6685      -6.0585       4.6369     
     273   103.17      0.14164      0.40860       4.5488      -3.8097       3.2208     
     274   102.68      0.35097      0.53398       3.0511      -2.2683       2.1282     
     275   102.39      0.43654      0.52993       2.0536      -1.2628       1.3537     
     276   102.22      0.43658      0.45737       1.4160     -0.62962      0.83198     
     277   102.12      0.38452      0.35646       1.0201     -0.24179      0.49296     
     278 -0.67856E-001-0.16015      0.84932     -0.15068      -7.1614       1.2209     
     279 -0.82053E-001-0.25321       1.8718      0.10269      -6.5832       1.7285     
     280 -0.95823E-001-0.31613       2.8389      0.47219      -5.7169       2.3522     
     281 -0.10531     -0.20866       3.5416       1.0921      -4.5740       3.0899     
     282 -0.99589E-001 0.30533       3.5962       2.2436      -3.3039       3.9591     
     283 -0.77660E-001  1.5211       2.2370       4.2801      -2.0874       5.1393     
     284  0.13929       4.1630      -2.2301       8.8238      -1.1941       5.4253     
     285   2.7563      -1.7723      -3.7717       11.612     -0.85643     -0.36061     
     286   4.5908      -6.8611       2.6699       2.5018       1.3734      -2.7785     
     287  -1.8700      -10.117       3.3154       2.1447       1.5502      0.43144     
     288 -0.99436      -5.4204      -1.0098      0.70748      -2.6206      -3.1528     
     289 -0.28256     -0.62761      0.12520      0.96377      -5.6139      -4.9361     
     290 -0.62222E-001  1.0329       2.6863      0.77514      -6.3165      -4.4432     
     291  0.13315E-001  1.5959       4.7312      0.73128      -5.8203      -3.4079     
     292  0.34757E-001  1.6062       6.1609      0.61721      -4.7829      -2.4200     
     293  0.31193E-001  1.4240       7.0774      0.47634      -3.5976      -1.6309     
     294  0.19152E-001  1.2183       7.6194      0.35022      -2.4487      -1.0523     
     295  0.66448E-002  1.0522       7.9096      0.26247      -1.3991     -0.64983     
     296 -0.29514E-002 0.93725       8.0361      0.21890     -0.45289     -0.38036     
     297   100.42      0.62832      0.56570      -2.2686       3.0536      -1.6707     
     298   100.44      0.81667      0.64379      -3.9275       4.8315      -2.3187     
     299   100.56       1.0190      0.68398      -6.5790       7.7235      -3.1723     
     300   100.99       1.2180      0.66250      -10.840       12.468      -4.3231     
     301   102.26       1.3754      0.58789      -17.764       20.378      -6.0035     
     302   105.78       1.5170      0.61231      -29.090       33.700      -9.2847     
     303   115.24       2.7667      -12.837      -47.802       60.285      -19.770     
     304   138.14      -28.209       19.670      -52.873       18.340       10.945     
     305   137.76       17.648      -11.167       14.127      -46.894      -2.1559     
     306   111.49      -4.3439      -2.9908       77.341      -58.869       14.391     
 
  ***** POST1 ELEMENT TABLE LISTING *****                                      
 
    STAT     CURRENT      CURRENT      CURRENT      CURRENT      CURRENT      CURRENT 
    ELEM     LS1          LS2          LS7          LS4          LS9          SMIS4   
     307   102.62      -2.2641      0.15772       33.762      -29.322       10.893     
     308   100.02     -0.75472      0.98801       18.762      -15.838       6.7742     
     309   99.496     -0.67491E-001  1.2000       10.341      -8.4985       4.0168     
     310   99.602      0.30207       1.1600       5.8712      -4.5525       2.3103     
     311   99.837      0.47518       1.0133       3.4443      -2.4040       1.2799     
     312   100.05      0.52128      0.82820       2.1144      -1.2265      0.67742     
     313   100.20      0.48932      0.63948       1.3774     -0.57621      0.33873     
     314   100.31      0.41473      0.46608      0.96380     -0.21382      0.15718     
     315 -0.11391E-001 -2.2471       2.5980       1.6907     -0.35151       1.4722     
     316  0.10381E-002 -3.6610       4.1595       1.0028      0.24647       2.0817     
     317  0.18670E-001 -5.4859       6.3781     -0.19931       1.3639       2.8691     
     318  0.37115E-001 -7.6050       9.3458      -2.0696       3.3057       3.8713     
     319  0.38537E-001 -9.4474       12.859      -4.5133       6.3471       5.1400     
     320 -0.19333E-001 -9.2698       15.896      -6.4167       10.212       6.9026     
     321 -0.54539     -0.91743       12.725      -5.0267       14.318       11.723     
     322   2.5249       28.222      -6.4679       25.829       13.708       5.3470     
     323   5.6840      -7.1977     -0.98624       2.2551       5.1458      -5.3602     
     324  -3.5270      -31.603      -10.059      -23.504       3.0292      -2.4343     
     325  -1.2664       12.974      -21.424       7.4007      -16.218      -9.7601     
     326  0.38135E-002  13.653      -13.192       9.7647      -17.031      -8.0456     
     327  0.17548       9.8476      -6.4953       8.7751      -13.190      -5.5473     
     328  0.20109       5.9084      -2.5132       6.7706      -9.1880      -3.6188     
     329  0.16539       2.9303     -0.41230       4.8941      -6.0360      -2.2672     
     330  0.11729      0.91218      0.56454       3.4017      -3.8228      -1.3726     
     331  0.73777E-001-0.38193      0.94760       2.2816      -2.3561     -0.80485     
     332  0.40333E-001 -1.1798       1.0509       1.4525      -1.4137     -0.45673     
     333  0.17348E-001 -1.6506       1.0414      0.83294     -0.81442     -0.24946     
     334   98.528      0.86664      0.57596     -0.75983       1.1072     -0.64077     
     335   97.844       1.1579      0.61161      -1.2700       1.6359     -0.70553     
     336   96.591       1.5221      0.57298      -1.9760       2.3924     -0.67911     
     337   94.231       1.9932      0.42329      -2.9192       3.4482     -0.48370     
     338   89.629       2.6604      0.10531      -4.1442       4.9600      0.11023E-001
     339   80.319       3.6728     -0.48279      -5.3733       6.5374      0.92948     
     340   60.604       4.5930       12.374      -7.2323       14.655       2.1737     
     341   19.860       41.138      -25.904       20.967      -119.21       85.223     
     342   50.354      -6.5055       5.1304      -12.255       9.2166       8.5046     
     343   75.675      -1.5625       3.5438      -8.0933       7.3578       1.8741     
     344   87.381     -0.46111       2.6356      -5.4324       5.3551     -0.18127     
     345   93.102      0.12371       2.0279      -3.6294       3.8116     -0.83600     
     346   96.003      0.41958       1.5731      -2.3472       2.6526     -0.99559     
     347   97.527      0.53535       1.2120      -1.4545       1.8119     -0.93884     
 
  ***** POST1 ELEMENT TABLE LISTING *****                                      
 
    STAT     CURRENT      CURRENT      CURRENT      CURRENT      CURRENT      CURRENT 
    ELEM     LS1          LS2          LS7          LS4          LS9          SMIS4   
     348   98.354      0.54258      0.91605     -0.84466       1.2204     -0.79010     
     349   98.813      0.48758      0.67198     -0.43890      0.81770     -0.61500     
     350   99.073      0.40179      0.47309     -0.17718      0.55302     -0.44898     
     351  0.80140E-001 -2.6524       2.0244       1.5055       1.5185       1.0480     
     352  0.14877      -4.5700       3.3703      0.11770       1.4110       1.4165     
     353  0.25695      -7.5473       5.8721      -2.4085       1.5541       1.8746     
     354  0.42420      -12.444       10.505      -7.0295       2.4746       2.4558     
     355  0.67616      -21.049       19.232      -15.755       5.4969       3.2503     
     356   1.0402      -37.060       36.110      -32.982       13.799       4.4398     
     357   1.4017      -70.348       71.680      -67.453       33.035       6.0120     
     358  0.93991      -102.55       114.49      -164.74       99.973       46.091     
     360  -6.7589       191.87      -122.98       121.88      -107.94      -20.520     
     361   1.8769       88.182      -46.608       60.501      -63.953      -11.686     
     362   1.2282       39.962      -13.173       28.859      -30.450      -5.6270     
     363  0.85294       18.704      -2.6257       14.487      -14.428      -2.7495     
     364  0.56284       8.5481      0.27631       7.6712      -6.5582      -1.2388     
     365  0.36206       3.4077      0.49707       4.3411      -2.7851     -0.45213     
     366  0.22507      0.64558     -0.57359E-001  2.6058      -1.0453     -0.68376E-001
     367  0.13341     -0.91195     -0.70436       1.6065     -0.32008      0.93411E-001
     368  0.73689E-001 -1.8154      -1.2296      0.95086     -0.95780E-001 0.13900     
     369  0.36284E-001 -2.3389      -1.5935      0.46091     -0.11158      0.13021     
     370   98.698      0.77361      0.53510       1.2541      -1.4447      0.62285     
     371   98.505      0.96004      0.53100       2.2421      -2.5553       1.2254     
     372   98.270       1.1327      0.44292       4.0696      -4.6046       2.2259     
     373   98.091       1.2515      0.24023       7.4463      -8.3933       3.8228     
     374   98.313       1.2305     -0.41204E-001  13.742      -15.539       6.2601     
     375   99.973      0.93573      0.61774       25.337      -28.200       9.8409     
     376   105.95       2.0973     -0.45131       50.885      -63.470       19.661     
     377   126.04      -5.0639      -5.6828       54.443      -64.585       31.257     
     378   151.01      -29.217       11.100       59.433       26.200      -31.205     
     379   119.22       4.2850      0.63459      -83.516       62.177      -11.486     
     380   106.38      0.31494      0.94737      -39.378       35.154      -8.2138     
     381   101.60      0.33949       1.1064      -23.968       21.540      -6.5126     
     382   99.836      0.48464       1.0705      -14.336       13.172      -4.9922     
     383   99.230      0.55720      0.94593      -8.6755       8.0958      -3.7432     
     384   99.047      0.56208      0.78551      -5.2462       4.9592      -2.7445     
     385   99.010      0.51677      0.62009      -3.1553       3.0116      -1.9623     
     386   99.018      0.44139      0.46589      -1.8789       1.8048      -1.3628     
     387   99.033      0.35270      0.33103      -1.1046       1.0637     -0.91493     
     388  0.11095      0.29575      -1.1277       1.8415       1.4656      0.72430E-001
     389  0.19342      0.64562      -2.1805       1.1632      0.30938     -0.12603     
 
  ***** POST1 ELEMENT TABLE LISTING *****                                      
 
    STAT     CURRENT      CURRENT      CURRENT      CURRENT      CURRENT      CURRENT 
    ELEM     LS1          LS2          LS7          LS4          LS9          SMIS4   
     390  0.31982       1.8211      -3.9756      0.36685      -1.7535     -0.53880     
     391  0.51013       4.7168      -7.3250     -0.17320      -5.5578      -1.3088     
     392  0.79380       11.180      -13.988      0.72008      -12.954      -2.6796     
     393   1.1608       24.964      -27.872       6.3740      -28.296      -5.0164     
     394   1.8305       56.494      -58.728       24.268      -60.168      -7.4422     
     395  -6.0264       112.59      -125.95       72.248      -144.81      -30.153     
     396   6.0255       116.41      -75.004       164.56      -98.079      -68.664     
     397  -5.8360      -123.40       197.79      -138.89       133.08      -3.2762     
     398   1.6181      -65.752       101.14      -78.147       71.980       6.0544     
     399   1.0277      -27.093       47.978      -40.244       38.811       4.9887     
     400  0.70909      -12.045       23.479      -21.577       22.113       3.9086     
     401  0.45790      -6.0013       11.274      -11.686       13.222       3.0244     
     402  0.28755      -3.6914       4.8509      -6.3687       8.2162       2.2987     
     403  0.17343      -2.9046       1.3265      -3.4721       5.2005       1.7061     
     404  0.98657E-001 -2.7222     -0.65149      -1.9144       3.2674       1.2292     
     405  0.51062E-001 -2.7552      -1.7617      -1.1222       1.9615      0.85519     
     406  0.22090E-001 -2.8392      -2.3681     -0.77717       1.0402      0.57185     
     407   99.825      0.49595      0.43458       1.1340      -1.5501       1.1944     
     408   100.08      0.51076      0.38575       1.9969      -2.4068       1.9578     
     409   100.51      0.42902      0.25711       3.3666      -3.7406       3.0431     
     410   101.25      0.18735      0.54888E-001  5.4444      -5.7128       4.4677     
     411   102.50     -0.28215     -0.81246E-001  8.3635      -8.3107       6.1281     
     412   104.44     -0.86657     -0.11530       12.148      -11.550       8.0516     
     413   107.24      -1.9465     -0.83459       14.452      -14.366       9.9459     
     414   108.41      -5.8006       2.9094      -13.966       23.008       3.3395     
     415   103.48      0.64834      -4.5501       11.005      -9.7080      -4.4769     
     416   108.46     -0.85547      0.45393       8.9809      -1.5779      -7.2216     
     417   106.42       1.2250     -0.16620      -7.8640       8.5810      -5.7846     
     418   104.20      0.77019     -0.28245E-001 -7.4404       8.0070      -5.2461     
     419   102.50      0.63259      0.13227      -6.2242       6.2791      -4.5044     
     420   101.36      0.56116      0.22086      -4.5523       4.4130      -3.6085     
     421   100.63      0.49554      0.24643      -3.1290       2.8891      -2.7426     
     422   100.18      0.42433      0.22977      -2.0669       1.7726      -1.9929     
     423   99.897      0.34803      0.18981      -1.3360       1.0095      -1.3872     
     424   99.724      0.27099      0.14053     -0.86144      0.51533     -0.92309     
     425  0.62015E-001  1.7925      -1.8110       2.6332       1.9534     -0.69182     
     426  0.10321       2.7603      -3.0707       2.7268       1.0311      -1.2524     
     427  0.15318       4.4936      -4.8069       3.1900     -0.48601      -2.1337     
     428  0.20213       7.2999      -7.1322       4.4703      -2.8533      -3.4522     
     429  0.21600       11.376      -9.9910       7.2928      -6.2562      -5.3044     
     430  0.11820       16.475      -12.677       12.401      -10.161      -7.6059     
 
  ***** POST1 ELEMENT TABLE LISTING *****                                      
 
    STAT     CURRENT      CURRENT      CURRENT      CURRENT      CURRENT      CURRENT 
    ELEM     LS1          LS2          LS7          LS4          LS9          SMIS4   
     431 -0.78373       20.792      -13.707       19.959      -13.131      -11.364     
     432  -6.2273       2.5075       12.672       20.310       8.1030      -17.926     
     433   9.7133      -23.416       36.486       9.9275       67.054      -6.2819     
     434   1.8551      0.83751      -52.423       19.894      -53.861       14.789     
     435  -1.4407      -18.357     -0.51084      -7.2408     -0.23110E-001  6.9017     
     436 -0.21987      -18.545       6.7994      -12.099       8.4262       6.6000     
     437 -0.64678E-001 -13.629       5.7464      -10.727       9.7559       5.5566     
     438 -0.35838E-002 -9.4817       3.0347      -8.0623       8.3421       4.3851     
     439  0.53177E-002 -6.6916      0.66710      -5.5455       6.3433       3.3162     
     440 -0.15725E-003 -5.0064     -0.99509      -3.6270       4.4892       2.4185     
     441 -0.80840E-002 -4.0534      -2.0381      -2.3239       2.9817       1.7029     
     442 -0.14074E-001 -3.5377      -2.6363      -1.5240       1.8227       1.1552     
     443 -0.17116E-001 -3.2620      -2.9430      -1.0945      0.95025      0.75173     
     444   100.96      0.26137      0.28556     -0.16092     -0.39470       1.1017     
     445   101.16      0.17177      0.18907      0.76856E-001-0.53567       1.6877     
     446   101.42     -0.27897E-001 0.26636E-001 0.45453     -0.75468       2.4091     
     447   101.75     -0.36460     -0.16473      0.99109      -1.0391       3.1699     
     448   102.12     -0.81557     -0.29886       1.6719      -1.3449       3.7868     
     449   102.46      -1.3082     -0.33881       2.4228      -1.7972       3.9984     
     450   102.61      -1.9374      0.33485       1.0824      -1.4852       2.8619     
     451   102.05      -1.2554       1.3830      -13.866       14.968     -0.18721     
     452   102.20       1.1821      -1.5187       8.4787      -5.2973     -0.39012     
     453   102.12     -0.18667     -0.30803       7.0235      -6.7987      -3.3257     
     454   102.49      0.60510     -0.45583E-001  2.9861      -2.4327      -3.1819     
     455   102.32      0.69541     -0.16462       1.0500     -0.72295      -2.8588     
     456   101.99      0.53538     -0.14607      0.27534     -0.19379      -2.6046     
     457   101.63      0.42537     -0.88708E-001-0.61012E-001-0.10400      -2.2242     
     458   101.31      0.34647     -0.37058E-001-0.14832     -0.19329      -1.7683     
     459   101.06      0.28201     -0.40251E-002-0.14938     -0.31458      -1.3168     
     460   100.88      0.22445      0.10240E-001-0.13719     -0.40819     -0.91995     
     461   100.75      0.17131      0.10323E-001-0.13913     -0.45884     -0.59987     
     462  0.16671E-001 0.86398     -0.39064       2.3768       2.8190     -0.88572     
     463  0.29298E-001  1.1099     -0.84490       2.6383       2.6807      -1.4543     
     464  0.36966E-001  1.4755      -1.3315       3.1558       2.5358      -2.2484     
     465  0.28044E-001  1.8560      -1.8028       4.0874       2.5101      -3.2673     
     466 -0.21142E-001  1.9792      -2.1770       5.5563       2.9028      -4.4110     
     467 -0.18371       1.3889      -2.4963       7.5274       4.1692      -5.5243     
     468  -1.0038      -1.4873      -2.2548       9.5111       7.3310      -6.5102     
     469  -3.3992      -12.492       2.7209       6.0528       18.928      -4.7633     
     470   7.2337      -10.623      -11.368       7.6893       14.254     -0.28858     
     471   2.2915      -4.5132      -11.520       13.379       6.1187       4.9961     
 
  ***** POST1 ELEMENT TABLE LISTING *****                                      
 
    STAT     CURRENT      CURRENT      CURRENT      CURRENT      CURRENT      CURRENT 
    ELEM     LS1          LS2          LS7          LS4          LS9          SMIS4   
     472 -0.27996      -4.0747      -14.913       9.7019      -1.6531       4.8580     
     473 -0.26275      -6.8022      -9.3852       4.3513       1.2490       4.1179     
     474 -0.19123      -6.8885      -6.6146       1.6515       1.8257       3.8049     
     475 -0.15566      -5.9920      -5.0899      0.28353       1.9769       3.2482     
     476 -0.12137      -4.9395      -4.3328     -0.25519       1.7256       2.5881     
     477 -0.93803E-001 -4.0484      -3.9430     -0.38312       1.2947       1.9469     
     478 -0.72304E-001 -3.3929      -3.7105     -0.36367      0.82563       1.3894     
     479 -0.55714E-001 -2.9448      -3.5393     -0.33130      0.39062      0.94003     
     480 -0.42786E-001 -2.6473      -3.3923     -0.33997      0.13345E-001 0.59926     
     481   102.15      0.12921      0.13457     -0.95800      0.34668      0.80103     
     482   102.19      0.13958E-002 0.82677E-002-0.95980      0.42597       1.1624     
     483   102.21     -0.21672     -0.16031     -0.86438      0.43634       1.5306     
     484   102.22     -0.51597     -0.32070     -0.61625      0.32159       1.7947     
     485   102.19     -0.83905     -0.38530     -0.14291     -0.17279E-001  1.7911     
     486   102.14      -1.0852     -0.17337      0.51001     -0.79155       1.2963     
     487   102.10     -0.95049      0.51165     -0.69466     -0.61935      0.23572     
     488   101.91      0.10912      0.55275      -9.8700       10.140     -0.54207     
     489   101.76      0.48031      0.70114E-002  5.4188      -4.0591     -0.31958     
     490   101.93      0.35697     -0.19579       5.7585      -6.0720      -1.1793     
     491   102.02      0.37173     -0.36611E-002  2.9397      -3.5768      -1.5119     
     492   102.09      0.45760     -0.64660E-001  2.1680      -2.5713      -1.3308     
     493   102.13      0.37000     -0.12634       1.6803      -2.0845      -1.1806     
     494   102.13      0.26700     -0.13205       1.3031      -1.7690      -1.0233     
     495   102.11      0.19411     -0.10961      0.98991      -1.5287     -0.82551     
     496   102.09      0.14465     -0.80795E-001 0.72469      -1.3274     -0.60994     
     497   102.06      0.10875     -0.56660E-001 0.49638      -1.1488     -0.40678     
     498   102.03      0.79848E-001-0.40945E-001 0.29975     -0.98789     -0.23606     
     499  0.77647E-002-0.34570      0.67636     -0.61693       2.5605     -0.73299     
     500  0.13018E-001-0.34333      0.57436     -0.45865       2.8271      -1.1527     
     501  0.11318E-001-0.36199      0.38710     -0.14660       3.2436      -1.6733     
     502 -0.72473E-002-0.43869      0.11091E-001 0.40066       3.8792      -2.2303     
     503 -0.63550E-001-0.61580     -0.74356       1.2593       4.7833      -2.6858     
     504 -0.23543     -0.95028      -2.1526       2.4890       5.9122      -2.8488     
     505 -0.93278      -2.1743      -3.8779       3.5381       7.6722      -2.2730     
     506  -2.0495      -7.0613      -2.1208      0.92829       12.729     -0.54801     
     507   5.4022      -5.5074      -4.9429       2.3017       11.020      0.24400     
     508   2.2896      0.30585E-002 -12.338       7.5757       3.8827       1.4653     
     509  0.81252E-001-0.14871      -10.458       6.3761       2.4373       2.4376     
     510 -0.10603     -0.88104      -8.8901       4.3034       1.6869       2.1538     
     511 -0.13518      -1.0618      -7.4421       3.0004      0.92332       1.9495     
     512 -0.13734     -0.87401      -6.1545       2.0589      0.30061       1.7336     
 
  ***** POST1 ELEMENT TABLE LISTING *****                                      
 
    STAT     CURRENT      CURRENT      CURRENT      CURRENT      CURRENT      CURRENT 
    ELEM     LS1          LS2          LS7          LS4          LS9          SMIS4   
     513 -0.12145     -0.53991      -5.0737       1.3892     -0.89309E-001  1.4346     
     514 -0.98971E-001-0.19202      -4.2254      0.95060     -0.32853       1.1012     
     515 -0.76852E-001 0.10701      -3.5839      0.67952     -0.47256      0.78376     
     516 -0.57807E-001 0.33841      -3.1101      0.51869     -0.56157      0.51308     
     517 -0.42488E-001 0.50588      -2.7649      0.42726     -0.62375      0.30151     
     518   103.00      0.62448E-001 0.21734E-001-0.76563      0.64670      0.56193     
     519   102.96     -0.69430E-001-0.10791     -0.72727      0.64725      0.74855     
     520   102.90     -0.26507     -0.25404     -0.56959      0.53608      0.87115     
     521   102.83     -0.49448     -0.35863     -0.24308      0.25867      0.83847     
     522   102.75     -0.68431     -0.32527      0.28972     -0.25454      0.54764     
     523   102.69     -0.69804     -0.33996E-001 0.82077     -0.99987     -0.27996E-001
     524   102.65     -0.32006      0.37503     -0.57402     -0.27672     -0.57218     
     525   102.48      0.28802      0.31790      -6.5781       6.8435     -0.65852     
     526   102.38      0.29084      0.26510       3.9237      -2.8679     -0.39038     
     527   102.50      0.35439      0.73638E-001  4.7666      -4.8850     -0.42247     
     528   102.60      0.32131      0.45319E-001  2.6452      -3.0427     -0.54163     
     529   102.66      0.29891      0.37570E-002  1.9118      -2.1523     -0.47337     
     530   102.73      0.23434     -0.62439E-001  1.6026      -1.7690     -0.37747     
     531   102.80      0.15055     -0.97171E-001  1.3678      -1.5201     -0.30400     
     532   102.86      0.87069E-001-0.98923E-001  1.1519      -1.3093     -0.22873     
     533   102.90      0.48749E-001-0.83303E-001 0.94311      -1.1116     -0.14534     
     534   102.94      0.27639E-001-0.63302E-001 0.74418     -0.92404     -0.62860E-001
     535   102.97      0.15538E-001-0.46240E-001 0.56114     -0.75014      0.82257E-002
     536  0.15107E-001-0.78076      0.82427      -8.1216     -0.47228     -0.53349     
     537  0.16503E-001-0.16667      0.91054      -8.0366     -0.18537     -0.79971     
     538  0.76623E-002 0.48452      0.83648      -7.7757      0.22506      -1.0769     
     539 -0.22845E-001  1.1810      0.49642      -7.2706      0.76238      -1.2875     
     540 -0.98462E-001  1.9296     -0.23205      -6.4611       1.3892      -1.3119     
     541 -0.29678       2.6673      -1.3859      -5.3813       2.0564     -0.99355     
     542 -0.87359       2.6539      -2.1125      -4.7678       3.1871     -0.21305     
     543  -1.1926      0.71407E-001 0.41900      -6.6137       6.3667      0.51894     
     544   4.1346       1.8853      -1.5011      -5.0061       4.8869      0.43600     
     545   2.1884       6.6236      -6.6335     -0.71945      0.37609      0.53772     
     546  0.30967       6.8934      -5.9159     -0.38407     -0.47948      0.93327     
     547 -0.29641E-001  6.5397      -4.2524      -1.1444     -0.28522      0.93113     
     548 -0.93299E-001  6.6937      -3.2476      -1.2923     -0.59461      0.79731     
     549 -0.10756       6.9953      -2.3736      -1.1730     -0.93610      0.69094     
     550 -0.97664E-001  7.3180      -1.5742     -0.94528      -1.1352      0.57003     
     551 -0.78915E-001  7.6033     -0.88094     -0.63639      -1.1710      0.42720     
     552 -0.59364E-001  7.8235     -0.31758     -0.25571      -1.0787      0.28133     
     553 -0.42437E-001  7.9697      0.11221      0.18638     -0.90362      0.15125     
 
  ***** POST1 ELEMENT TABLE LISTING *****                                      
 
    STAT     CURRENT      CURRENT      CURRENT      CURRENT      CURRENT      CURRENT 
    ELEM     LS1          LS2          LS7          LS4          LS9          SMIS4   
     554 -0.29131E-001  8.0421      0.41957      0.67897     -0.68636      0.48070E-001
     555   101.79      0.25222E-001-0.40664E-001 0.36694       1.2425      0.42869     
     556   101.75     -0.92847E-001-0.15348      0.49269       1.1347      0.49181     
     557   101.69     -0.24978     -0.26250      0.72990      0.91634      0.45768     
     558   101.63     -0.40621     -0.31090       1.0990      0.56227      0.27000     
     559   101.57     -0.48596     -0.22468       1.5872      0.53427E-001-0.95547E-001
     560   101.54     -0.38095      0.20423E-001  1.9029     -0.47275     -0.53456     
     561   101.51     -0.48026E-001 0.24086      0.50304      0.47632     -0.75489     
     562   101.38      0.24808      0.19468      -3.4421       5.2233     -0.67257     
     563   101.30      0.20100      0.21550       3.7055      -1.3614     -0.38249     
     564   101.39      0.23903      0.17263       4.6353      -3.1078     -0.20252     
     565   101.47      0.25272      0.10190       2.9966      -1.7182     -0.12020     
     566   101.53      0.21023      0.43287E-001  2.2614     -0.86617     -0.48230E-001
     567   101.58      0.14801     -0.16406E-001  1.9573     -0.48394      0.15103E-001
     568   101.64      0.80491E-001-0.57272E-001  1.7683     -0.26096      0.52015E-001
     569   101.69      0.27914E-001-0.70731E-001  1.6164     -0.91686E-001 0.72453E-001
     570   101.74     -0.24592E-002-0.64821E-001  1.4786      0.56626E-001 0.89403E-001
     571   101.78     -0.15387E-001-0.50632E-001  1.3488      0.19358      0.10644     
     572   101.81     -0.18520E-001-0.36099E-001  1.2278      0.32011      0.12148     
     573  0.19722E-001-0.65080      0.54624      -21.390      -8.0419     -0.41039     
     574  0.14878E-001  1.2249       1.1728      -21.287      -7.8453     -0.55806     
     575 -0.38937E-002  3.1633       1.6480      -20.918      -7.5270     -0.66033     
     576 -0.48805E-001  5.1559       1.9123      -20.240      -7.1006     -0.65019     
     577 -0.14342       7.1816       1.9247      -19.243      -6.6050     -0.44860     
     578 -0.35164       9.1238       1.7880      -18.050      -6.0579     -0.54696E-002
     579 -0.78255       10.291       2.3623      -17.292      -5.0937      0.54522     
     580 -0.62848       9.6659       5.0920      -17.964      -2.7730      0.74958     
     581   3.2658       12.124       4.3701      -15.977      -3.4023      0.50773     
     582   2.0655       16.576       1.3068      -11.951      -6.1704      0.30103     
     583  0.48006       17.704       2.0275      -10.468      -6.1010      0.27676     
     584  0.40155E-001  18.043       3.6488      -9.8598      -5.1422      0.25896     
     585 -0.63534E-001  18.708       4.7729      -8.8231      -4.4988      0.18611     
     586 -0.86770E-001  19.443       5.6346      -7.4818      -3.9839      0.12638     
     587 -0.79322E-001  20.104       6.3663      -6.0002      -3.4303      0.81670E-001
     588 -0.61442E-001  20.639       6.9767      -4.4355      -2.7917      0.35774E-001
     589 -0.42752E-001  21.023       7.4558      -2.8113      -2.0700     -0.12738E-001
     590 -0.27094E-001  21.247       7.7980      -1.1430      -1.2871     -0.57734E-001
     591 -0.15478E-001  21.310       8.0067      0.55631     -0.47047     -0.93187E-001
     592   95.391      0.25786E-002-0.59648E-001  2.4484       2.7481      0.36122     
     593   95.357     -0.90740E-001-0.14570       2.6282       2.5786      0.34154     
     594   95.321     -0.20317     -0.21748       2.8956       2.3195      0.21745     
 
  ***** POST1 ELEMENT TABLE LISTING *****                                      
 
    STAT     CURRENT      CURRENT      CURRENT      CURRENT      CURRENT      CURRENT 
    ELEM     LS1          LS2          LS7          LS4          LS9          SMIS4   
     595   95.287     -0.29607     -0.22899       3.2488       1.9680     -0.28915E-001
     596   95.261     -0.30716     -0.13813       3.6489       1.5341     -0.36252     
     597   95.249     -0.17910      0.33041E-001  3.8038       1.1981     -0.65017     
     598   95.232      0.50661E-001 0.14473       2.5733       2.1334     -0.71880     
     599   95.137      0.18762      0.93600E-001-0.43663E-002  5.2789     -0.60239     
     600   95.082      0.11854      0.12774       4.7985      0.86988     -0.35364     
     601   95.149      0.13481      0.15935       5.6317     -0.52497     -0.15423     
     602   95.216      0.17073      0.12138       4.3895      0.50800      0.18123E-002
     603   95.257      0.14764      0.63184E-001  3.7014       1.2744      0.10757     
     604   95.290      0.95734E-001 0.95732E-002  3.3942       1.6501      0.16937     
     605   95.323      0.42117E-001-0.28115E-001  3.2136       1.8656      0.19451     
     606   95.354      0.11111E-002-0.44644E-001  3.0852       2.0152      0.19330     
     607   95.383     -0.22054E-001-0.44268E-001  2.9836       2.1322      0.17984     
     608   95.410     -0.30255E-001-0.35146E-001  2.8977       2.2302      0.16422     
     609   95.433     -0.29550E-001-0.24149E-001  2.8224       2.3152      0.15044     
     610  0.16956E-001-0.36115      0.23607      -38.795      -21.420     -0.35804     
     611  0.48408E-002  3.1207       1.9606      -38.617      -21.275     -0.41974     
     612 -0.23478E-001  6.6506       3.5626      -38.056      -20.943     -0.40508     
     613 -0.79888E-001  10.196       5.0092      -37.098      -20.444     -0.26926     
     614 -0.18628       13.711       6.2959      -35.769      -19.812      0.15415E-001
     615 -0.38783       17.056       7.5646      -34.205      -19.053      0.40875     
     616 -0.68158       19.643       9.5078      -32.871      -17.842      0.72665     
     617 -0.25486       20.949       12.800      -32.272      -15.574      0.73044     
     618   2.6755       24.360       13.479      -29.627      -15.205      0.49098     
     619   1.9505       29.031       12.400      -25.364      -16.234      0.23865     
     620  0.61023       31.238       13.759      -22.694      -15.113      0.64473E-001
     621  0.10838       32.578       15.761      -20.626      -13.112     -0.28190E-001
     622 -0.34033E-001  34.005       17.318      -18.190      -11.277     -0.91483E-001
     623 -0.69060E-001  35.386       18.530      -15.423      -9.5399     -0.13047     
     624 -0.65516E-001  36.581       19.511      -12.461      -7.7821     -0.14413     
     625 -0.49144E-001  37.534       20.285      -9.3691      -5.9674     -0.14519     
     626 -0.31287E-001  38.219       20.852      -6.1863      -4.0954     -0.14377     
     627 -0.16455E-001  38.621       21.213      -2.9428      -2.1810     -0.14285     
     628 -0.58741E-002  38.734       21.369      0.33427     -0.24549     -0.14149     
     629   79.904     -0.10449E-001-0.48547E-001  5.3616       5.2505      0.31531     
     630   79.885     -0.73080E-001-0.10630       5.5570       5.0629      0.24748     
     631   79.868     -0.14172     -0.14952       5.8151       4.8091      0.84589E-001
     632   79.856     -0.18681     -0.14698       6.1220       4.4988     -0.16137     
     633   79.852     -0.16811     -0.78326E-001  6.4314       4.1551     -0.42698     
     634   79.858     -0.63411E-001 0.27038E-001  6.4962       3.9499     -0.59875     
     635   79.852      0.79063E-001 0.73713E-001  5.5321       4.7268     -0.59502     
 
  ***** POST1 ELEMENT TABLE LISTING *****                                      
 
    STAT     CURRENT      CURRENT      CURRENT      CURRENT      CURRENT      CURRENT 
    ELEM     LS1          LS2          LS7          LS4          LS9          SMIS4   
     636   79.782      0.13363      0.18131E-001  3.8935       6.7517     -0.48531     
     637   79.742      0.55137E-001 0.52862E-001  7.0229       3.8873     -0.31085     
     638   79.797      0.59782E-001 0.10915       7.6780       2.8575     -0.15699     
     639   79.854      0.99274E-001 0.10373       6.7800       3.5929     -0.26833E-002
     640   79.885      0.94586E-001 0.62285E-001  6.1960       4.2246      0.12241     
     641   79.904      0.58744E-001 0.20277E-001  5.9091       4.5639      0.19692     
     642   79.919      0.19791E-001-0.90745E-002  5.7368       4.7653      0.22498     
     643   79.932     -0.90865E-002-0.23298E-001  5.6184       4.9024      0.21897     
     644   79.944     -0.24733E-001-0.25293E-001  5.5321       5.0029      0.19460     
     645   79.955     -0.29373E-001-0.20359E-001  5.4663       5.0799      0.16532     
     646   79.964     -0.27349E-001-0.13339E-001  5.4139       5.1413      0.13889     
     647  0.87357E-002-0.11429      0.17524E-001 -51.467      -39.007     -0.33447     
     648 -0.10173E-001  4.5174       3.2495      -51.216      -38.848     -0.33733     
     649 -0.46108E-001  9.1733       6.3793      -50.510      -38.394     -0.25275     
     650 -0.11018       13.807       9.3831      -49.354      -37.663     -0.60931E-001
     651 -0.22213       18.360       12.266      -47.785      -36.689      0.22260     
     652 -0.40894       22.690       15.160      -45.918      -35.465      0.51735     
     653 -0.58849       26.337       18.568      -44.081      -33.712      0.67995     
     654 -0.88491E-002  29.064       22.745      -42.530      -31.074      0.61677     
     655   2.2795       33.143       24.962      -39.409      -29.573      0.42488     
     656   1.8547       37.945       25.821      -35.010      -28.869      0.21991     
     657  0.70802       40.927       28.168      -31.533      -26.524      0.34295E-001
     658  0.17090       43.072       30.865      -28.413      -23.323     -0.97791E-001
     659 -0.46759E-002  45.107       33.101      -24.953      -20.118     -0.17776     
     660 -0.52035E-001  46.981       34.907      -21.158      -16.930     -0.21673     
     661 -0.53563E-001  48.580       36.365      -17.134      -13.686     -0.22160     
     662 -0.39751E-001  49.852       37.498      -12.947      -10.367     -0.20507     
     663 -0.23378E-001  50.768       38.308      -8.6425      -6.9841     -0.18092     
     664 -0.95694E-002  51.312       38.794      -4.2591      -3.5570     -0.15769     
     665  0.14367E-003  51.473       38.960      0.16550     -0.11136     -0.13840     
     666   53.090     -0.17846E-001-0.20568E-001  8.1766       7.8186      0.25970     
     667   53.080     -0.48604E-001-0.54259E-001  8.3584       7.6432      0.17689     
     668   53.075     -0.77859E-001-0.80629E-001  8.5808       7.4235      0.17924E-001
     669   53.077     -0.89600E-001-0.81811E-001  8.8254       7.1747     -0.19083     
     670   53.088     -0.65270E-001-0.46776E-001  9.0503       6.9226     -0.38214     
     671   53.106      0.53217E-003 0.64242E-002  9.0781       6.7990     -0.47014     
     672   53.107      0.76486E-001 0.19558E-001  8.4261       7.3400     -0.42555     
     673   53.053      0.90194E-001-0.26919E-001  7.4632       8.5426     -0.33539     
     674   53.024      0.20939E-001 0.25859E-002  9.3472       6.8214     -0.24453     
     675   53.071      0.19085E-001 0.54661E-001  9.7915       6.1470     -0.16035     
     676   53.122      0.48324E-001 0.64256E-001  9.2009       6.6268     -0.39544E-001
 
  ***** POST1 ELEMENT TABLE LISTING *****                                      
 
    STAT     CURRENT      CURRENT      CURRENT      CURRENT      CURRENT      CURRENT 
    ELEM     LS1          LS2          LS7          LS4          LS9          SMIS4   
     677   53.147      0.48631E-001 0.44275E-001  8.7645       7.0899      0.83284E-001
     678   53.156      0.26523E-001 0.20749E-001  8.5245       7.3649      0.16492     
     679   53.160      0.26307E-002 0.39515E-002  8.3695       7.5407      0.19770     
     680   53.161     -0.13775E-001-0.49163E-002  8.2593       7.6647      0.19339     
     681   53.162     -0.21578E-001-0.74230E-002  8.1790       7.7554      0.16861     
     682   53.162     -0.22798E-001-0.60612E-002  8.1194       7.8232      0.13763     
     683   53.161     -0.20262E-001-0.32303E-002  8.0741       7.8748      0.10935     
     684 -0.20422E-002 0.49569E-001-0.11493      -37.856      -51.932     -0.30281     
     685 -0.26637E-001  3.5044       4.2464      -37.628      -51.739     -0.27230     
     686 -0.68110E-001  6.9748       8.5209      -37.076      -51.170     -0.15887     
     687 -0.13671       10.424       12.688      -36.217      -50.243      0.37908E-001
     688 -0.25020       13.807       16.752      -35.084      -48.984      0.27861     
     689 -0.42055       17.010       20.809      -33.751      -47.379      0.47782     
     690 -0.51365       19.717       25.192      -32.428      -45.218      0.54205     
     691  0.14863       21.840       29.952      -31.231      -42.316      0.45795     
     692   2.0219       24.816       33.289      -28.987      -39.985      0.32679     
     693   1.7823       28.218       35.588      -25.879      -37.998      0.20157     
     694  0.77824       30.422       38.688      -23.316      -34.766      0.60475E-001
     695  0.22315       32.006       41.890      -20.994      -30.763     -0.73558E-001
     696  0.22240E-001  33.472       44.622      -18.442      -26.622     -0.16838     
     697 -0.35973E-001  34.810       46.880      -15.646      -22.412     -0.21544     
     698 -0.42576E-001  35.950       48.714      -12.681      -18.097     -0.22157     
     699 -0.31724E-001  36.855       50.136      -9.5932      -13.682     -0.20127     
     700 -0.17238E-001  37.507       51.148      -6.4167      -9.1855     -0.17010     
     701 -0.46812E-002  37.891       51.748      -3.1806      -4.6373     -0.13916     
     702  0.41392E-002  37.999       51.940      0.87244E-001-0.68330E-001-0.11367     
     703   19.658     -0.23672E-001 0.10479E-001  8.1978       7.7442      0.16764     
     704   19.654     -0.27540E-001-0.67343E-002  8.3415       7.6041      0.10618     
     705   19.654     -0.25564E-001-0.26334E-001  8.5071       7.4403     -0.30828E-002
     706   19.660     -0.14577E-001-0.40071E-001  8.6771       7.2688     -0.13763     
     707   19.674      0.64211E-002-0.39095E-001  8.8202       7.1131     -0.24846     
     708   19.693      0.33512E-001-0.23913E-001  8.8378       7.0507     -0.27921     
     709   19.698      0.55538E-001-0.17250E-001  8.5026       7.3355     -0.22106     
     710   19.660      0.51314E-001-0.35793E-001  8.0540       7.8898     -0.15700     
     711   19.639      0.14746E-001-0.19619E-001  8.9599       7.0560     -0.14162     
     712   19.675      0.12314E-001 0.70794E-002  9.2031       6.7112     -0.12327     
     713   19.712      0.19462E-001 0.19307E-001  8.8994       6.9658     -0.49976E-001
     714   19.728      0.12092E-001 0.20650E-001  8.6341       7.2451      0.40840E-001
     715   19.730     -0.18988E-002 0.18077E-001  8.4597       7.4371      0.10412     
     716   19.728     -0.12813E-001 0.14559E-001  8.3324       7.5746      0.12957     
     717   19.724     -0.18058E-001 0.11158E-001  8.2352       7.6783      0.12662     
 
  ***** POST1 ELEMENT TABLE LISTING *****                                      
 
    STAT     CURRENT      CURRENT      CURRENT      CURRENT      CURRENT      CURRENT 
    ELEM     LS1          LS2          LS7          LS4          LS9          SMIS4   
     718   19.720     -0.18725E-001 0.84479E-002  8.1610       7.7572      0.10849     
     719   19.716     -0.16711E-001 0.66274E-002  8.1044       7.8172      0.85911E-001
     720   19.713     -0.13672E-001 0.55472E-002  8.0609       7.8631      0.65448E-001
     721 -0.13079E-001 0.15829     -0.19273       39.480      -38.564     -0.23537     
     722 -0.41991E-001 -3.1416       3.0242       39.453      -38.410     -0.19799     
     723 -0.87112E-001 -6.3937       6.1824       39.128      -37.995     -0.96316E-001
     724 -0.15792      -9.5762       9.2777       38.483      -37.339      0.61686E-001
     725 -0.27070      -12.673       12.322       37.502      -36.454      0.23476     
     726 -0.42705      -15.711       15.380       36.168      -35.318      0.35242     
     727 -0.46238      -18.836       18.645       34.410      -33.794      0.35633     
     728  0.24171      -22.046       22.100       32.222      -31.796      0.27072     
     729   1.8669      -24.549       24.687       30.239      -30.070      0.19993     
     730   1.7342      -26.542       26.615       28.374      -28.462      0.15784     
     731  0.82425      -28.853       28.941       25.902      -26.052      0.77272E-001
     732  0.26182      -31.183       31.293       23.005      -23.103     -0.32140E-001
     733  0.44378E-001 -33.239       33.317       19.977      -20.012     -0.12132     
     734 -0.21757E-001 -34.988       34.994       16.861      -16.846     -0.16741     
     735 -0.32508E-001 -36.437       36.351       13.645      -13.598     -0.17458     
     736 -0.24370E-001 -37.578       37.397       10.338      -10.277     -0.15710     
     737 -0.11767E-001 -38.406       38.136       6.9590      -6.9020     -0.12935     
     738 -0.51611E-003 -38.917       38.570       3.5321      -3.4958     -0.10152     
     739  0.73884E-002 -39.113       38.702      0.82786E-001-0.79875E-001-0.78737E-001
     740   0.0000       0.0000       0.0000       0.0000       0.0000       0.0000     
     741   0.0000       0.0000       0.0000       0.0000       0.0000       0.0000     
     742   0.0000       0.0000       0.0000       0.0000       0.0000       0.0000     
     743   0.0000       0.0000       0.0000       0.0000       0.0000       0.0000     
     744   0.0000       0.0000       0.0000       0.0000       0.0000       0.0000     
     745   0.0000       0.0000       0.0000       0.0000       0.0000       0.0000     
     746   0.0000       0.0000       0.0000       0.0000       0.0000       0.0000     
     747   0.0000       0.0000       0.0000       0.0000       0.0000       0.0000     
     748   0.0000       0.0000       0.0000       0.0000       0.0000       0.0000     
     749   0.0000       0.0000       0.0000       0.0000       0.0000       0.0000     
     750   0.0000       0.0000       0.0000       0.0000       0.0000       0.0000     
     751   0.0000       0.0000       0.0000       0.0000       0.0000       0.0000     
     752   0.0000       0.0000       0.0000       0.0000       0.0000       0.0000     
     753   0.0000       0.0000       0.0000       0.0000       0.0000       0.0000     
     754   0.0000       0.0000       0.0000       0.0000       0.0000       0.0000     
     755   0.0000       0.0000       0.0000       0.0000       0.0000       0.0000     
     756   0.0000       0.0000       0.0000       0.0000       0.0000       0.0000     
     757   0.0000       0.0000       0.0000       0.0000       0.0000       0.0000     
     758 -0.22488E-001 0.26963     -0.19354       227.45       38.774     -0.11677     
 
  ***** POST1 ELEMENT TABLE LISTING *****                                      
 
    STAT     CURRENT      CURRENT      CURRENT      CURRENT      CURRENT      CURRENT 
    ELEM     LS1          LS2          LS7          LS4          LS9          SMIS4   
     759 -0.54189E-001 -19.414      -3.6773       226.78       38.679     -0.97211E-001
     760 -0.10127      -38.943      -7.1546       224.34       38.239     -0.46405E-001
     761 -0.17260      -58.162      -10.572       220.12       37.436      0.30524E-001
     762 -0.28354      -76.919      -13.869       214.12       36.276      0.11153     
     763 -0.43049      -95.089      -16.966       206.40       34.802      0.15996     
     764 -0.43572      -112.61      -19.757       197.06       33.120      0.14573     
     765  0.28481      -129.36      -22.257       186.26       31.284      0.88980E-001
     766   1.7922      -144.97      -24.896       174.26       28.997      0.65972E-001
     767   1.7089      -159.34      -27.559       161.01       26.363      0.73196E-001
     768  0.84825      -172.65      -29.756       146.39       23.809      0.44450E-001
     769  0.28523      -184.78      -31.610       130.58       21.269     -0.13018E-001
     770  0.60124E-001 -195.57      -33.274       113.82       18.594     -0.61552E-001
     771 -0.10376E-001 -204.90      -34.753       96.217       15.760     -0.85533E-001
     772 -0.23869E-001 -212.66      -36.015       77.895       12.785     -0.88122E-001
     773 -0.17789E-001 -218.77      -37.030       58.979       9.6880     -0.77893E-001
     774 -0.67568E-002 -223.19      -37.777       39.612       6.4927     -0.62659E-001
     775  0.33260E-002 -225.86      -38.241       19.943       3.2261     -0.47712E-001
     776  0.10371E-001 -226.79      -38.414      0.12495     -0.82916E-001-0.35669E-001
    2952  0.18178E-012 0.55221E-012 0.62190E-012 0.25671E-013-0.35278E-013-0.46876E-014
    2953 -0.67665E-012 0.13081E-011 0.85780E-012 0.10143E-012-0.36377E-012 0.23366E-012
    2954  0.80417E-014-0.30023E-012 0.60046E-012 0.21445E-012-0.42890E-012  0.0000     
    2955  0.16083E-013 0.53612E-013-0.28522E-011-0.60046E-012 0.12009E-011  0.0000     

 MINIMUM VALUES
 ELEM        360          776           74          358          395          396
 VALUE   -6.7589      -226.79      -226.86      -164.74      -144.81      -68.664     

 MAXIMUM VALUES
 ELEM        378          360          397          758           56          341
 VALUE    151.01       191.87       197.79       227.45       226.37       85.223     

