/BATCH  
/COM,ANSYS RELEASE 2020 R1           BUILD 20.1      UP20191203       01:50:32
/input,menust,tmp,''
/COM,ANSYS RELEASE 2020 R1           BUILD 20.1      UP20191203       01:50:32
/GRA,POWER
/GST,ON
/PLO,INFO,3
/GRO,CURL,ON
/CPLANE,1   
/REPLOT,RESIZE  
WPSTYLE,,,,,,,,0
GPLOT   
/RGB,INDEX,100,100,100, 0   
/RGB,INDEX, 80, 80, 80,13   
/RGB,INDEX, 60, 60, 60,14   
/RGB,INDEX, 0, 0, 0,15  
/REPLOT 
/FOC,   1,   46.9867800365    ,   40.0457141401    ,  -47.0324941766
/DIST, 1 ,0.924021,1
/REP,FAST   
/DIST, 1 ,0.924021,1
/REP,FAST   
/FOC,   1,   41.8336541097    ,   38.0864213343    ,  -39.9200754440
/DIST, 1 ,0.924021,1
/REP,FAST   
/FOC,   1,   43.1859735066    ,   32.2716163221    ,  -35.4575898287
WPSTYLE,,,,,,,,1
FLST,2,1,8  
FITEM,2,0.707066370655,0.842648887431,0 
WPAVE,P51X  
/FOC,   1,   43.1544290828    ,   31.0455511634    ,  -34.1999802462
WPSTYL, STAT
FLST,3,3,8  
FITEM,3,-0.128557521938,-0.153208888624,0   
FITEM,3,2.72498521628,6.38683535007,0   
FITEM,3,5.81661625298,3.79264888743,0   
WPLANE,-1,P51X  
/REPLOT 
WPAVE,0,0,0 
CSYS,0  
WPAVE,0,0,0 
CSYS,1  
!*  
/REPLOT 
/REPLOT,RESIZE  
CSYS,1  
/REPLOT 
WPSTYLE,,,,,,,,0
WPSTYLE,,,,,,,,1
WPCSYS,-1   
/REPLOT 
wpoff,0,0,-51   
/PREP7  
LCLEAR,     360 
/REPLOT 
!*  
/GTYPE,1,KEYP,0 
/GTYPE,1,LINE,1 
/GTYPE,1,AREA,0 
/GTYPE,1,VOLU,0 
/GTYPE,1,NODE,1 
/GTYPE,1,ELEM,1 
/GCMD,1 
!*  
GPLOT   
/FOC,   1,   46.3051633522    ,   41.3634098419    ,  -47.6685731941
LSBW,     360   
GPLOT   
LPLOT   
/FOC,   1,   45.1877999587    ,   42.8458856948    ,  -48.0336856535
/DIST, 1 ,0.924021,1
/REP,FAST   
/DIST, 1 ,0.924021,1
/REP,FAST   
KPLOT   
!*  
/GTYPE,1,KEYP,1 
/GTYPE,1,LINE,1 
/GTYPE,1,AREA,0 
/GTYPE,1,VOLU,0 
/GTYPE,1,NODE,0 
/GTYPE,1,ELEM,0 
/GCMD,1 
!*  
GPLOT   
/FOC,   1,   48.4944475858    ,   45.9125569708    ,  -54.4070045566
/DIST, 1 ,0.924021,1
/REP,FAST   
/DIST, 1 ,0.924021,1
/REP,FAST   
/DIST, 1 ,0.924021,1
/REP,FAST   
/FOC,   1,   49.3451780088    ,   44.1600326524    ,  -53.5052106612
/DIST, 1 ,0.924021,1
/REP,FAST   
/DIST, 1 ,0.924021,1
/REP,FAST   
/DIST, 1 ,0.924021,1
/REP,FAST   
/DIST, 1 ,0.924021,1
/REP,FAST   
/FOC,   1,   54.2734861534    ,   44.8097275694    ,  -59.0832137228
/DIST, 1 ,0.924021,1
/REP,FAST   
/DIST, 1 ,0.924021,1
/REP,FAST   
/DIST, 1 ,0.924021,1
/REP,FAST   
/FOC,   1,   59.3221291063    ,   45.2305576472    ,  -64.5526867534
wpoff,0,0,-0.2  
/FOC,   1,   57.1024429109    ,   44.5897723151    ,  -61.6922152259
LSBW,    2953   
/REPLOT 
/DIST, 1 ,0.924021,1
/REP,FAST   
/DIST, 1 ,0.924021,1
/REP,FAST   
/DIST, 1 ,0.924021,1
/REP,FAST   
/DIST, 1 ,0.924021,1
/REP,FAST   
/FOC,   1,   60.4593795886    ,   46.5377038344    ,  -66.9970834229
/DIST, 1 ,0.924021,1
/REP,FAST   
/DIST, 1 ,0.924021,1
/REP,FAST   
/DIST, 1 ,0.924021,1
/REP,FAST   
/DIST, 1 ,0.924021,1
/REP,FAST   
/FOC,   1,   61.2964961023    ,   47.1288795821    ,  -68.4253756843
/DIST, 1 ,0.924021,1
/REP,FAST   
/DIST, 1 ,0.924021,1
/REP,FAST   
/DIST, 1 ,0.924021,1
/REP,FAST   
/FOC,   1,   61.7616537734    ,   47.3885903357    ,  -69.1502441089
/DIST, 1 ,0.924021,1
/REP,FAST   
/DIST, 1 ,0.924021,1
/REP,FAST   
/DIST, 1 ,0.924021,1
/REP,FAST   
/DIST, 1 ,0.924021,1
/REP,FAST   
/DIST, 1 ,0.924021,1
/REP,FAST   
/DIST, 1 ,0.924021,1
/REP,FAST   
/FOC,   1,   60.8788310621    ,   47.2090882725    ,  -68.0879193344
/DIST, 1 ,0.924021,1
/REP,FAST   
/DIST, 1 ,0.924021,1
/REP,FAST   
/FOC,   1,   60.3238339586    ,   47.1757424848    ,  -67.4995764433
/DIST, 1 ,0.924021,1
/REP,FAST   
/DIST, 1 ,0.924021,1
/REP,FAST   
/FOC,   1,   60.1962757684    ,   47.0999742502    ,  -67.2962500186
/DIST, 1 ,0.924021,1
/REP,FAST   
/DIST, 1 ,0.924021,1
/REP,FAST   
/FOC,   1,   60.1264597768    ,   47.1672372548    ,  -67.2936970317
/DIST, 1 ,0.924021,1
/REP,FAST   
/DIST, 1 ,0.924021,1
/REP,FAST   
/DIST, 1 ,0.924021,1
/REP,FAST   
/FOC,   1,   60.0238538255    ,   47.3786078841    ,  -67.4024617097
LDELE,     360, , ,1
/REPLOT 
/DIST, 1 ,1.082226,1
/REP,FAST   
/DIST, 1 ,1.082226,1
/REP,FAST   
/DIST, 1 ,1.082226,1
/REP,FAST   
/DIST, 1 ,1.082226,1
/REP,FAST   
/DIST, 1 ,1.082226,1
/REP,FAST   
/DIST, 1 ,1.082226,1
/REP,FAST   
/DIST, 1 ,1.082226,1
/REP,FAST   
/DIST, 1 ,1.082226,1
/REP,FAST   
/DIST, 1 ,1.082226,1
/REP,FAST   
/DIST, 1 ,1.082226,1
/REP,FAST   
/DIST, 1 ,1.082226,1
/REP,FAST   
/DIST, 1 ,1.082226,1
/REP,FAST   
/DIST, 1 ,1.082226,1
/REP,FAST   
/DIST, 1 ,1.082226,1
/REP,FAST   
/DIST, 1 ,1.082226,1
/REP,FAST   
/DIST, 1 ,1.082226,1
/REP,FAST   
/DIST, 1 ,1.082226,1
/REP,FAST   
/DIST, 1 ,1.082226,1
/REP,FAST   
/DIST, 1 ,1.082226,1
/REP,FAST   
/DIST, 1 ,1.082226,1
/REP,FAST   
/DIST, 1 ,1.082226,1
/REP,FAST   
/DIST, 1 ,1.082226,1
/REP,FAST   
/DIST, 1 ,1.082226,1
/REP,FAST   
/DIST, 1 ,1.082226,1
/REP,FAST   
/DIST, 1 ,1.082226,1
/REP,FAST   
/DIST, 1 ,1.082226,1
/REP,FAST   
/DIST, 1 ,1.082226,1
/REP,FAST   
/DIST, 1 ,1.082226,1
/REP,FAST   
/DIST, 1 ,1.082226,1
/REP,FAST   
/DIST, 1 ,0.924021,1
/REP,FAST   
/DIST, 1 ,0.924021,1
/REP,FAST   
/DIST, 1 ,0.924021,1
/REP,FAST   
/DIST, 1 ,0.924021,1
/REP,FAST   
/DIST, 1 ,0.924021,1
/REP,FAST   
/DIST, 1 ,0.924021,1
/REP,FAST   
/DIST, 1 ,0.924021,1
/REP,FAST   
/DIST, 1 ,0.924021,1
/REP,FAST   
/DIST, 1 ,0.924021,1
/REP,FAST   
/DIST, 1 ,0.924021,1
/REP,FAST   
/DIST, 1 ,0.924021,1
/REP,FAST   
/DIST, 1 ,0.924021,1
/REP,FAST   
/DIST, 1 ,0.924021,1
/REP,FAST   
/DIST, 1 ,0.924021,1
/REP,FAST   
/DIST, 1 ,0.924021,1
/REP,FAST   
FLST,5,2,4,ORDE,2   
FITEM,5,342 
FITEM,5,2956
CM,_Y,LINE  
LSEL, , , ,P51X 
CM,_Y1,LINE 
CMSEL,S,_Y  
!*  
!*  
CMSEL,S,_Y1 
LATT,1,1,1, , , ,   
CMSEL,S,_Y  
CMDELE,_Y   
CMDELE,_Y1  
!*  
FLST,5,2,4,ORDE,2   
FITEM,5,342 
FITEM,5,2956
CM,_Y,LINE  
LSEL, , , ,P51X 
CM,_Y1,LINE 
CMSEL,,_Y   
!*  
LESIZE,_Y1, , ,1, , , , ,1  
!*  
/REPLOT 
FLST,2,2,4,ORDE,2   
FITEM,2,342 
FITEM,2,2956
LMESH,P51X  
/DIST, 1 ,1.082226,1
/REP,FAST   
/DIST, 1 ,1.082226,1
/REP,FAST   
/DIST, 1 ,1.082226,1
/REP,FAST   
/DIST, 1 ,1.082226,1
/REP,FAST   
/DIST, 1 ,1.082226,1
/REP,FAST   
GPLOT   
/FOC,   1,   58.3355709004    ,   47.1776871254    ,  -65.5132580259
/DIST, 1 ,1.082226,1
/REP,FAST   
/DIST, 1 ,1.082226,1
/REP,FAST   
/DIST, 1 ,1.082226,1
/REP,FAST   
/DIST, 1 ,1.082226,1
/REP,FAST   
/DIST, 1 ,1.082226,1
/REP,FAST   
/DIST, 1 ,1.082226,1
/REP,FAST   
/DIST, 1 ,1.082226,1
/REP,FAST   
/DIST, 1 ,1.082226,1
/REP,FAST   
/DIST, 1 ,1.082226,1
/REP,FAST   
/DIST, 1 ,1.082226,1
/REP,FAST   
/DIST, 1 ,1.082226,1
/REP,FAST   
/DIST, 1 ,1.082226,1
/REP,FAST   
/DIST, 1 ,1.082226,1
/REP,FAST   
/DIST, 1 ,1.082226,1
/REP,FAST   
/DIST, 1 ,1.082226,1
/REP,FAST   
/UI,MESH,OFF
!*  
/PSF,DEFA, ,1,0,1   
/PBF,DEFA, ,1   
/PSYMB,CS,0 
/PSYMB,NDIR,0   
/PSYMB,ESYS,0   
/PSYMB,LDIV,0   
/PSYMB,LDIR,0   
/PSYMB,ADIR,0   
/PSYMB,ECON,0   
/PSYMB,XNODE,0  
/PSYMB,DOT,1
/PSYMB,PCONV,   
/PSYMB,LAYR,0   
/PSYMB,FBCS,0   
!*  
/PBC,U, ,0,,,,  
/PBC,ROT, ,0,,,,
/PBC,F, ,2,,,,  
/PBC,M, ,0,,,,  
!*  
/PBC,NFOR, ,0,,,,   
/PBC,NMOM, ,0,,,,   
/PBC,RFOR, ,0,,,,   
/PBC,RMOM, ,0,,,,   
/PBC,PATH, ,0,,,,   
/REP
!*  
!*  
/GTYPE,1,KEYP,0 
/GTYPE,1,LINE,0 
/GTYPE,1,AREA,0 
/GTYPE,1,VOLU,0 
/GTYPE,1,NODE,1 
/GTYPE,1,ELEM,1 
/GCMD,1 
!*  
GPLOT   
/FOC,   1,   66.3537084945    ,   46.6416316533    ,  -72.9953401479
/DIST, 1 ,0.924021,1
/REP,FAST   
/DIST, 1 ,0.924021,1
/REP,FAST   
/DIST, 1 ,0.924021,1
/REP,FAST   
/DIST, 1 ,0.924021,1
/REP,FAST   
/DIST, 1 ,0.924021,1
/REP,FAST   
/DIST, 1 ,0.924021,1
/REP,FAST   
/DIST, 1 ,0.924021,1
/REP,FAST   
/FOC,   1,   62.3764958690    ,   47.3191282270    ,  -69.6956240961
/DIST, 1 ,0.924021,1
/REP,FAST   
/DIST, 1 ,0.924021,1
/REP,FAST   
/DIST, 1 ,0.924021,1
/REP,FAST   
/DIST, 1 ,0.924021,1
/REP,FAST   
/DIST, 1 ,0.924021,1
/REP,FAST   
/FOC,   1,   59.2778130667    ,   48.7450384433    ,  -68.0228515101
/DIST, 1 ,0.924021,1
/REP,FAST   
/DIST, 1 ,0.924021,1
/REP,FAST   
/DIST, 1 ,1.082226,1
/REP,FAST   
/DIST, 1 ,1.082226,1
/REP,FAST   
/DIST, 1 ,1.082226,1
/REP,FAST   
/DIST, 1 ,1.082226,1
/REP,FAST   
/FOC,   1,   60.2555663935    ,   48.3979772895    ,  -68.6535436831
/DIST, 1 ,1.082226,1
/REP,FAST   
/DIST, 1 ,1.082226,1
/REP,FAST   
/DIST, 1 ,1.082226,1
/REP,FAST   
/DIST, 1 ,1.082226,1
/REP,FAST   
/FOC,   1,   58.1797243119    ,   49.3509705892    ,  -67.5306949011
SAVE
/DIST, 1 ,1.082226,1
/REP,FAST   
/DIST, 1 ,1.082226,1
/REP,FAST   
/DIST, 1 ,1.082226,1
/REP,FAST   
/DIST, 1 ,1.082226,1
/REP,FAST   
/DIST, 1 ,1.082226,1
/REP,FAST   
/DIST, 1 ,1.082226,1
/REP,FAST   
/DIST, 1 ,1.082226,1
/REP,FAST   
/DIST, 1 ,1.082226,1
/REP,FAST   
ALLSEL,ALL  
/REPLOT 
/AUTO,1 
/REP,FAST   
/DIST, 1 ,0.924021,1
/REP,FAST   
/DIST, 1 ,0.924021,1
/REP,FAST   
/DIST, 1 ,0.924021,1
/REP,FAST   
/DIST, 1 ,0.924021,1
/REP,FAST   
/DIST, 1 ,0.924021,1
/REP,FAST   
/DIST, 1 ,0.924021,1
/REP,FAST   
/DIST, 1 ,0.924021,1
/REP,FAST   
/USER,  1   
/FOC,   1,  -2.82421280801    ,   20.1746703402    ,  -77.3504575322
/FOC,   1,  -5.99769690672    ,   13.1680390501    ,  -67.1703421434
FINISH  
/SOL
/STATUS,SOLU
SOLVE   
FINISH  
/POST1  
ETABLE,REFL 
!*  
/EFACET,1   
PLNSOL, U,SUM, 0,1.0
/DIST, 1 ,0.924021,1
/REP,FAST   
/DIST, 1 ,0.924021,1
/REP,FAST   
/DIST, 1 ,0.924021,1
/REP,FAST   
/DIST, 1 ,0.924021,1
/REP,FAST   
/DIST, 1 ,0.924021,1
/REP,FAST   
/DIST, 1 ,0.924021,1
/REP,FAST   
/FOC,   1,   9.81551188564    ,   18.2925559385    ,  -88.1080678242
/DIST, 1 ,0.924021,1
/REP,FAST   
/DIST, 1 ,0.924021,1
/REP,FAST   
/DIST, 1 ,0.924021,1
/REP,FAST   
/DIST, 1 ,0.924021,1
/REP,FAST   
/PNUM,KP,0  
/PNUM,LINE,0
/PNUM,AREA,0
/PNUM,VOLU,0
/PNUM,NODE,0
/PNUM,TABN,0
/PNUM,SVAL,0
/PNUM,DOMA,0
/NUMBER,1   
!*  
/PNUM,ELEM,1
/REPLOT 
!*  
/FOC,   1,   11.8341527378    ,   15.5107352710    ,  -87.3448880088
PLLS,LS1,LS6,1,0,0  
/PNUM,KP,0  
/PNUM,LINE,0
/PNUM,AREA,0
/PNUM,VOLU,0
/PNUM,NODE,0
/PNUM,TABN,0
/PNUM,SVAL,0
/PNUM,DOMA,0
/NUMBER,2   
!*  
/PNUM,ELEM,1
/REPLOT 
!*  
PLLS,LS1,LS6,0.5,0,0
PLLS,LS1,LS6,0.2,0,0
/FOC,   1,   13.1980146229    ,   15.5527309405    ,  -88.7507455635
!*  
/EFACET,1   
PLNSOL, U,SUM, 0,1.0
/PNUM,KP,0  
/PNUM,LINE,0
/PNUM,AREA,0
/PNUM,VOLU,0
/PNUM,NODE,0
/PNUM,TABN,0
/PNUM,SVAL,0
/PNUM,DOMA,0
/NUMBER,0   
!*  
/PNUM,ELEM,1
/REPLOT 
!*  
/FOC,   1,   10.8486105062    ,   14.2469054151    ,  -85.0955159214
/VIEW,1,,,1 
/ANG,1  
/REP,FAST   
/DIST, 1 ,1.082226,1
/REP,FAST   
/DIST, 1 ,1.082226,1
/REP,FAST   
/DIST, 1 ,1.082226,1
/REP,FAST   
/DIST, 1 ,1.082226,1
/REP,FAST   
/DIST, 1 ,1.082226,1
/REP,FAST   
/DIST, 1 ,1.082226,1
/REP,FAST   
/DIST, 1 ,1.082226,1
/REP,FAST   
/DIST, 1 ,1.082226,1
/REP,FAST   
/DIST, 1 ,1.082226,1
/REP,FAST   
/DIST, 1 ,1.082226,1
/REP,FAST   
/FOC,   1,   19.1281712432    ,   44.2986443865    ,  -85.0955159214
/VIEW,1,1,2,3   
/ANG,1  
/REP,FAST   
/DIST, 1 ,0.924021,1
/REP,FAST   
/DIST, 1 ,0.924021,1
/REP,FAST   
/DIST, 1 ,0.924021,1
/REP,FAST   
/DIST, 1 ,0.924021,1
/REP,FAST   
/FOC,   1,   68.1763694241    ,   39.7642622061    ,  -98.4219938614
/DIST, 1 ,0.924021,1
/REP,FAST   
/DIST, 1 ,0.924021,1
/REP,FAST   
/DIST, 1 ,0.924021,1
/REP,FAST   
/DIST, 1 ,0.924021,1
/REP,FAST   
/DIST, 1 ,0.924021,1
/REP,FAST   
/DIST, 1 ,0.924021,1
/REP,FAST   
PLLS,LS1,LS6,0.2,0,0
/FOC,   1,   50.9375078164    ,   38.1766965426    ,  -91.6173295498
PLLS,LS2,LS7,0.2,0,0
/FOC,   1,   61.0179382205    ,   35.2955588570    ,  -93.0567145608
/FOC,   1,   57.9951014927    ,   38.5294889123    ,  -94.2050556884
/DIST, 1 ,0.924021,1
/REP,FAST   
/DIST, 1 ,0.924021,1
/REP,FAST   
/DIST, 1 ,0.924021,1
/REP,FAST   
/DIST, 1 ,0.924021,1
/REP,FAST   
/DIST, 1 ,0.924021,1
/REP,FAST   
/DIST, 1 ,0.924021,1
/REP,FAST   
/FOC,   1,   62.2564874215    ,   36.7361801862    ,  -94.4299785139
/DIST, 1 ,1.082226,1
/REP,FAST   
/DIST, 1 ,1.082226,1
/REP,FAST   
/DIST, 1 ,1.082226,1
/REP,FAST   
/FOC,   1,   57.4644228399    ,   37.5247893030    ,  -93.3583630645
/FOC,   1,   59.1492588908    ,   37.4320117599    ,  -93.8581233860
/DIST, 1 ,1.082226,1
/REP,FAST   
/DIST, 1 ,1.082226,1
/REP,FAST   
SAVE
/FOC,   1,   49.1312996902    ,   40.2572309182    ,  -92.4022830914
FINISH  
! /EXIT,NOSAV   
/BATCH  
/COM,ANSYS RELEASE 2020 R1           BUILD 20.1      UP20191203       22:48:13
/input,menust,tmp,''
/COM,ANSYS RELEASE 2020 R1           BUILD 20.1      UP20191203       22:48:13
/GRA,POWER
/GST,ON
/PLO,INFO,3
/GRO,CURL,ON
/CPLANE,1   
/REPLOT,RESIZE  
WPSTYLE,,,,,,,,0
/REPLOT,RESIZE  
GPLOT   
/DIST, 1 ,0.924021,1
/REP,FAST   
/DIST, 1 ,0.924021,1
/REP,FAST   
/RGB,INDEX,100,100,100, 0   
/RGB,INDEX, 80, 80, 80,13   
/RGB,INDEX, 60, 60, 60,14   
/RGB,INDEX, 0, 0, 0,15  
/REPLOT 
/POST1  
!*  
/EFACET,1   
PLNSOL, U,SUM, 0,1.0
/DIST, 1 ,0.924021,1
/REP,FAST   
/DIST, 1 ,0.924021,1
/REP,FAST   
/DIST, 1 ,0.924021,1
/REP,FAST   
/DIST, 1 ,1.082226,1
/REP,FAST   
/DIST, 1 ,1.082226,1
/REP,FAST   
/DIST, 1 ,1.082226,1
/REP,FAST   
/DIST, 1 ,1.082226,1
/REP,FAST   
/DIST, 1 ,1.082226,1
/REP,FAST   
/DIST, 1 ,1.082226,1
/REP,FAST   
/DIST, 1 ,1.082226,1
/REP,FAST   
/DIST, 1 ,1.082226,1
/REP,FAST   
/DIST, 1 ,1.082226,1
/REP,FAST   
/DIST, 1 ,1.082226,1
/REP,FAST   
/DIST, 1 ,1.082226,1
/REP,FAST   
/DIST, 1 ,1.082226,1
/REP,FAST   
/DIST, 1 ,1.082226,1
/REP,FAST   
/DIST, 1 ,1.082226,1
/REP,FAST   
/DIST, 1 ,0.924021,1
/REP,FAST   
/DIST, 1 ,0.924021,1
/REP,FAST   
/DIST, 1 ,0.924021,1
/REP,FAST   
/DIST, 1 ,0.924021,1
/REP,FAST   
/DIST, 1 ,0.924021,1
/REP,FAST   
/DIST, 1 ,0.924021,1
/REP,FAST   
/DIST, 1 ,0.924021,1
/REP,FAST   
/DIST, 1 ,0.924021,1
/REP,FAST   
/DIST, 1 ,0.924021,1
/REP,FAST   
/DIST, 1 ,0.924021,1
/REP,FAST   
/DIST, 1 ,0.924021,1
/REP,FAST   
/DIST, 1 ,0.924021,1
/REP,FAST   
/DIST, 1 ,0.924021,1
/REP,FAST   
/DIST, 1 ,0.924021,1
/REP,FAST   
/DIST, 1 ,0.924021,1
/REP,FAST   
/FOC,   1,   63.3659924353    ,   41.5915222847    ,  -98.0367082507
/DIST, 1 ,0.924021,1
/REP,FAST   
/DIST, 1 ,0.924021,1
/REP,FAST   
/FOC,   1,   62.5300321256    ,   41.0717976483    ,  -97.4115717232
/DIST, 1 ,1.082226,1
/REP,FAST   
/FOC,   1,   67.0475887913    ,   36.1971485241    ,  -95.6676578623
/FOC,   1,   67.9849404990    ,   36.9470945432    ,  -96.4800724443
PRETAB,LS1,LS2,LS7,LS4,LS9,SMIS4
!*  
LSEL,S,LOC,Y,0,90   
ALLSEL,BELOW,LINE   
/REPLOT 
/DIST, 1 ,1.082226,1
/REP,FAST   
/DIST, 1 ,1.082226,1
/REP,FAST   
/DIST, 1 ,1.082226,1
/REP,FAST   
/DIST, 1 ,1.082226,1
/REP,FAST   
/DIST, 1 ,1.082226,1
/REP,FAST   
/DIST, 1 ,1.082226,1
/REP,FAST   
/DIST, 1 ,1.082226,1
/REP,FAST   
/DIST, 1 ,1.082226,1
/REP,FAST   
/DIST, 1 ,1.082226,1
/REP,FAST   
/DIST, 1 ,1.082226,1
/REP,FAST   
/DIST, 1 ,0.924021,1
/REP,FAST   
/DIST, 1 ,0.924021,1
/REP,FAST   
/DIST, 1 ,0.924021,1
/REP,FAST   
/FOC,   1,   77.1279312280    ,   35.7518229393    ,  -98.7308882847
/DIST, 1 ,0.924021,1
/REP,FAST   
/DIST, 1 ,0.924021,1
/REP,FAST   
/DIST, 1 ,0.924021,1
/REP,FAST   
/DIST, 1 ,0.924021,1
/REP,FAST   
/FOC,   1,   68.5724577983    ,   34.9596841456    ,  -95.3509712790
/DIST, 1 ,0.924021,1
/REP,FAST   
/FOC,   1,   69.3905036814    ,   36.8261639904    ,  -96.8679731366
/DIST, 1 ,0.924021,1
/REP,FAST   
/DIST, 1 ,0.924021,1
/REP,FAST   
/DIST, 1 ,0.924021,1
/REP,FAST   
/FOC,   1,   67.6999681109    ,   35.5557322686    ,  -95.4575067986
/DIST, 1 ,1.082226,1
/REP,FAST   
/DIST, 1 ,1.082226,1
/REP,FAST   
/DIST, 1 ,1.082226,1
/REP,FAST   
/FOC,   1,   69.3936999026    ,   36.9464408668    ,  -96.9492231280
/DIST, 1 ,0.924021,1
/REP,FAST   
PRETAB,LS1,LS2,LS7,LS4,LS9,SMIS4
!*  
/PNUM,KP,0  
/PNUM,LINE,0
/PNUM,AREA,0
/PNUM,VOLU,0
/PNUM,NODE,0
/PNUM,TABN,0
/PNUM,SVAL,0
/PNUM,DOMA,0
/NUMBER,0   
!*  
/PNUM,ELEM,1
/REPLOT 
!*  
GPLOT   
!*  
/EFACET,1   
PLNSOL, U,SUM, 0,1.0
/UI,COPY,SAVE,PNG,GRAPH,COLOR,NORM,LANDSCAPE,YES
PLLS,LS1,LS6,0.4,0,0
/PNUM,KP,0  
/PNUM,LINE,0
/PNUM,AREA,0
/PNUM,VOLU,0
/PNUM,NODE,0
/PNUM,TABN,0
/PNUM,SVAL,0
/PNUM,DOMA,0
/NUMBER,2   
!*  
/PNUM,ELEM,1
/REPLOT 
!*  
PLLS,LS1,LS6,0.2,0,0
/DIST, 1 ,0.924021,1
/REP,FAST   
/DIST, 1 ,0.924021,1
/REP,FAST   
/FOC,   1,   66.4289138484    ,   36.0513651782    ,  -95.3642439842
/FOC,   1,   67.0398739032    ,   35.5893906293    ,  -95.2599143032
/PNUM,KP,0  
/PNUM,LINE,0
/PNUM,AREA,0
/PNUM,VOLU,0
/PNUM,NODE,0
/PNUM,TABN,0
/PNUM,SVAL,0
/PNUM,DOMA,0
/NUMBER,2   
!*  
/PNUM,ELEM,1
/REPLOT 
!*  
/UI,COPY,SAVE,PNG,GRAPH,COLOR,NORM,PORTRAIT,YES 
PLLS,LS2,LS7,0.2,0,0
PLLS,LS2,LS7,0.4,0,0
/DIST, 1 ,0.924021,1
/REP,FAST   
/DIST, 1 ,0.924021,1
/REP,FAST   
/DIST, 1 ,0.924021,1
/REP,FAST   
/DIST, 1 ,0.924021,1
/REP,FAST   
/DIST, 1 ,0.924021,1
/REP,FAST   
/FOC,   1,   64.2480095305    ,   36.2312224053    ,  -94.7571806963
/DIST, 1 ,0.924021,1
/REP,FAST   
/DIST, 1 ,0.924021,1
/REP,FAST   
/DIST, 1 ,1.082226,1
/REP,FAST   
/DIST, 1 ,1.082226,1
/REP,FAST   
/DIST, 1 ,1.082226,1
/REP,FAST   
/DIST, 1 ,1.082226,1
/REP,FAST   
/DIST, 1 ,1.082226,1
/REP,FAST   
/DIST, 1 ,1.082226,1
/REP,FAST   
/DIST, 1 ,1.082226,1
/REP,FAST   
/DIST, 1 ,1.082226,1
/REP,FAST   
/DIST, 1 ,1.082226,1
/REP,FAST   
/DIST, 1 ,0.924021,1
/REP,FAST   
/DIST, 1 ,0.924021,1
/REP,FAST   
/FOC,   1,   63.1261408024    ,   35.6826298466    ,  -94.0174960811
/FOC,   1,   61.7401545148    ,   34.6720646068    ,  -92.8817904920
/FOC,   1,   65.2744502582    ,   40.8220759231    ,  -98.1598966174
/DIST, 1 ,0.924021,1
/REP,FAST   
/DIST, 1 ,0.924021,1
/REP,FAST   
/DIST, 1 ,0.924021,1
/REP,FAST   
/FOC,   1,   64.3706265507    ,   35.2411286414    ,  -94.1379905271
/DIST, 1 ,0.924021,1
/REP,FAST   
/DIST, 1 ,1.082226,1
/REP,FAST   
/DIST, 1 ,1.082226,1
/REP,FAST   
/FOC,   1,   66.5167988611    ,   36.5477070397    ,  -95.7244335628
/DIST, 1 ,0.924021,1
/REP,FAST   
/DIST, 1 ,0.924021,1
/REP,FAST   
/DIST, 1 ,0.924021,1
/REP,FAST   
/FOC,   1,   62.1596210937    ,   34.4277277105    ,  -92.8587214209
/UI,COPY,SAVE,PNG,GRAPH,COLOR,NORM,PORTRAIT,YES 
!*  
/PSF,DEFA, ,1,0,1   
/PBF,DEFA, ,1   
/PSYMB,CS,0 
/PSYMB,NDIR,0   
/PSYMB,ESYS,0   
/PSYMB,LDIV,0   
/PSYMB,LDIR,0   
/PSYMB,ADIR,0   
/PSYMB,ECON,0   
/PSYMB,XNODE,0  
/PSYMB,DOT,1
/PSYMB,PCONV,   
/PSYMB,LAYR,0   
/PSYMB,FBCS,0   
!*  
/PBC,U, ,0,,,,  
/PBC,ROT, ,0,,,,
/PBC,F, ,1,,,,  
/PBC,M, ,0,,,,  
!*  
/PBC,NFOR, ,0,,,,   
/PBC,NMOM, ,0,,,,   
/PBC,RFOR, ,0,,,,   
/PBC,RMOM, ,0,,,,   
/PBC,PATH, ,0,,,,   
/REP
!*  
GPLOT   
/PNUM,KP,0  
/PNUM,LINE,0
/PNUM,AREA,0
/PNUM,VOLU,0
/PNUM,NODE,0
/PNUM,TABN,0
/PNUM,SVAL,0
/PNUM,DOMA,0
/NUMBER,0   
!*  
/PNUM,ELEM,1
/REPLOT 
!*  
!*  
/EFACET,1   
PLNSOL, U,X, 0,1.0  
/FOC,   1,   61.9406200947    ,   38.1425538745    ,  -95.2622718639
/PLOPTS,INFO,3  
/PLOPTS,LEG1,1  
/PLOPTS,LEG2,1  
/PLOPTS,LEG3,1  
/PLOPTS,FRAME,1 
/PLOPTS,TITLE,1 
/PLOPTS,MINM,1  
/PLOPTS,FILE,0  
/PLOPTS,SPNO,0  
/PLOPTS,LOGO,1  
/PLOPTS,WINS,1  
/PLOPTS,WP,0
/PLOPTS,DATE,0  
/TRIAD,ORIG 
/REPLOT 
!*  
/FOC,   1,   62.8687414225    ,   36.9950421275    ,  -94.8066378085
!*  
/EFACET,1   
PLNSOL, U,Y, 0,1.0  
/PNUM,KP,0  
/PNUM,LINE,0
/PNUM,AREA,0
/PNUM,VOLU,0
/PNUM,NODE,1
/PNUM,TABN,0
/PNUM,SVAL,0
/PNUM,DOMA,0
/NUMBER,0   
!*  
/PNUM,ELEM,1
/REPLOT 
!*  
/PLOPTS,INFO,3  
/PLOPTS,LEG1,1  
/PLOPTS,LEG2,1  
/PLOPTS,LEG3,1  
/PLOPTS,FRAME,1 
/PLOPTS,TITLE,1 
/PLOPTS,MINM,0  
/PLOPTS,FILE,0  
/PLOPTS,SPNO,0  
/PLOPTS,LOGO,1  
/PLOPTS,WINS,1  
/PLOPTS,WP,0
/PLOPTS,DATE,0  
/TRIAD,ORIG 
/REPLOT 
!*  
/DIST, 1 ,0.924021,1
/REP,FAST   
/DIST, 1 ,0.924021,1
/REP,FAST   
/DIST, 1 ,0.924021,1
/REP,FAST   
/FOC,   1,   64.3794718632    ,   39.6035945814    ,  -97.0492495913
/FOC,   1,   63.6062681066    ,   39.6803167124    ,  -96.8426630931
/FOC,   1,   63.8219720789    ,   39.2046395002    ,  -96.5974462757
/UI,COPY,SAVE,PNG,GRAPH,COLOR,NORM,PORTRAIT,YES 
/PLOPTS,INFO,3  
/PLOPTS,LEG1,1  
/PLOPTS,LEG2,1  
/PLOPTS,LEG3,1  
/PLOPTS,FRAME,1 
/PLOPTS,TITLE,1 
/PLOPTS,MINM,1  
/PLOPTS,FILE,0  
/PLOPTS,SPNO,0  
/PLOPTS,LOGO,1  
/PLOPTS,WINS,1  
/PLOPTS,WP,0
/PLOPTS,DATE,0  
/TRIAD,ORIG 
/REPLOT 
!*  
/PNUM,KP,0  
/PNUM,LINE,0
/PNUM,AREA,0
/PNUM,VOLU,0
/PNUM,NODE,0
/PNUM,TABN,0
/PNUM,SVAL,0
/PNUM,DOMA,0
/NUMBER,0   
!*  
/PNUM,ELEM,1
/REPLOT 
!*  
!*  
/PSF,DEFA, ,1,0,1   
/PBF,DEFA, ,1   
/PSYMB,CS,0 
/PSYMB,NDIR,0   
/PSYMB,ESYS,0   
/PSYMB,LDIV,0   
/PSYMB,LDIR,0   
/PSYMB,ADIR,0   
/PSYMB,ECON,0   
/PSYMB,XNODE,0  
/PSYMB,DOT,1
/PSYMB,PCONV,   
/PSYMB,LAYR,0   
/PSYMB,FBCS,0   
!*  
/PBC,U, ,0,,,,  
/PBC,ROT, ,0,,,,
/PBC,F, ,0,,,,  
/PBC,M, ,0,,,,  
!*  
/PBC,NFOR, ,0,,,,   
/PBC,NMOM, ,0,,,,   
/PBC,RFOR, ,0,,,,   
/PBC,RMOM, ,0,,,,   
/PBC,PATH, ,0,,,,   
/REP
!*  
/FOC,   1,   63.9829349389    ,   38.7443067142    ,  -96.3442120384
!*  
/EFACET,1   
PLNSOL, U,X, 0,1.0  
/UI,COPY,SAVE,PNG,GRAPH,COLOR,NORM,PORTRAIT,YES 
!*  
/EFACET,1   
PLNSOL, U,Y, 0,1.0  
/UI,COPY,SAVE,PNG,GRAPH,COLOR,NORM,PORTRAIT,YES 
GPLOT   
/PNUM,KP,0  
/PNUM,LINE,0
/PNUM,AREA,0
/PNUM,VOLU,0
/PNUM,NODE,0
/PNUM,TABN,0
/PNUM,SVAL,0
/PNUM,DOMA,0
/NUMBER,2   
!*  
/PNUM,ELEM,1
/REPLOT 
!*  
/FOC,   1,   62.6623960124    ,   40.5242601533    ,  -97.0906680223
/DIST, 1 ,0.924021,1
/REP,FAST   
/DIST, 1 ,0.924021,1
/REP,FAST   
/DIST, 1 ,0.924021,1
/REP,FAST   
/FOC,   1,   61.0882128330    ,   39.8342252913    ,  -96.1059170545
/DIST, 1 ,0.924021,1
/REP,FAST   
/DIST, 1 ,0.924021,1
/REP,FAST   
/DIST, 1 ,0.924021,1
/REP,FAST   
/FOC,   1,   60.9187095412    ,   40.0920980495    ,  -96.2213311294
/FOC,   1,   61.6072522735    ,   39.4903949470    ,  -96.0497099718
/DIST, 1 ,1.082226,1
/REP,FAST   
/DIST, 1 ,1.082226,1
/REP,FAST   
/DIST, 1 ,1.082226,1
/REP,FAST   
/DIST, 1 ,1.082226,1
/REP,FAST   
/DIST, 1 ,1.082226,1
/REP,FAST   
/DIST, 1 ,0.924021,1
/REP,FAST   
/DIST, 1 ,0.924021,1
/REP,FAST   
/DIST, 1 ,0.924021,1
/REP,FAST   
/DIST, 1 ,0.924021,1
/REP,FAST   
/DIST, 1 ,0.924021,1
/REP,FAST   
/DIST, 1 ,1.082226,1
/REP,FAST   
/DIST, 1 ,1.082226,1
/REP,FAST   
/DIST, 1 ,1.082226,1
/REP,FAST   
/DIST, 1 ,0.924021,1
/REP,FAST   
/DIST, 1 ,0.924021,1
/REP,FAST   
/DIST, 1 ,0.924021,1
/REP,FAST   
/DIST, 1 ,0.924021,1
/REP,FAST   
/DIST, 1 ,0.924021,1
/REP,FAST   
/DIST, 1 ,0.924021,1
/REP,FAST   
/DIST, 1 ,0.924021,1
/REP,FAST   
/DIST, 1 ,0.924021,1
/REP,FAST   
/DIST, 1 ,1.082226,1
/REP,FAST   
/DIST, 1 ,1.082226,1
/REP,FAST   
/DIST, 1 ,1.082226,1
/REP,FAST   
/DIST, 1 ,1.082226,1
/REP,FAST   
/DIST, 1 ,1.082226,1
/REP,FAST   
/DIST, 1 ,1.082226,1
/REP,FAST   
/DIST, 1 ,1.082226,1
/REP,FAST   
/DIST, 1 ,0.924021,1
/REP,FAST   
/DIST, 1 ,0.924021,1
/REP,FAST   
/DIST, 1 ,0.924021,1
/REP,FAST   
/DIST, 1 ,0.924021,1
/REP,FAST   
/DIST, 1 ,1.082226,1
/REP,FAST   
/DIST, 1 ,1.082226,1
/REP,FAST   
/DIST, 1 ,1.082226,1
/REP,FAST   
/DIST, 1 ,0.924021,1
/REP,FAST   
/DIST, 1 ,0.924021,1
/REP,FAST   
/DIST, 1 ,0.924021,1
/REP,FAST   
/DIST, 1 ,0.924021,1
/REP,FAST   
/DIST, 1 ,1.082226,1
/REP,FAST   
/DIST, 1 ,1.082226,1
/REP,FAST   
/DIST, 1 ,0.924021,1
/REP,FAST   
/DIST, 1 ,0.924021,1
/REP,FAST   
/DIST, 1 ,0.924021,1
/REP,FAST   
/FOC,   1,   60.6710067750    ,   40.5765448389    ,  -96.4617280669
/DIST, 1 ,1.082226,1
/REP,FAST   
/FOC,   1,   61.4121098449    ,   40.1696549591    ,  -96.4375025036
/DIST, 1 ,1.082226,1
/REP,FAST   
/FOC,   1,   62.1664874367    ,   39.8760904210    ,  -96.4932520088
/DIST, 1 ,1.082226,1
/REP,FAST   
/DIST, 1 ,1.082226,1
/REP,FAST   
/DIST, 1 ,0.924021,1
/REP,FAST   
/FOC,   1,   60.0894427558    ,   40.0084666848    ,  -95.8891546243
/DIST, 1 ,1.082226,1
/REP,FAST   
/FOC,   1,   60.5415019662    ,   39.7314953516    ,  -95.8551934723
/UI,COPY,SAVE,PNG,GRAPH,COLOR,NORM,PORTRAIT,YES 
! /DEV,FONT,ENTITY,MENU 
/dev,font,2,Courier*New,400,0,-19,0,0,,,
/REPLOT 
/UI,COPY,SAVE,PNG,GRAPH,COLOR,NORM,PORTRAIT,YES 
SAVE
FINISH  
! /EXIT,NOSAV   
