
 PRINT ELEMENT TABLE ITEMS PER ELEMENT
 
  ***** POST1 ELEMENT TABLE LISTING *****                                      
 
    STAT     CURRENT      CURRENT      CURRENT      CURRENT      CURRENT      CURRENT 
    ELEM     LS1          LS2          LS7          LS4          LS9          SMIS4   
       1   0.0000       0.0000       0.0000       0.0000       0.0000       0.0000     
       2   0.0000       0.0000       0.0000       0.0000       0.0000       0.0000     
       3   0.0000       0.0000       0.0000       0.0000       0.0000       0.0000     
       4   0.0000       0.0000       0.0000       0.0000       0.0000       0.0000     
       5   0.0000       0.0000       0.0000       0.0000       0.0000       0.0000     
       6   0.0000       0.0000       0.0000       0.0000       0.0000       0.0000     
       7   0.0000       0.0000       0.0000       0.0000       0.0000       0.0000     
       8   0.0000       0.0000       0.0000       0.0000       0.0000       0.0000     
       9   0.0000       0.0000       0.0000       0.0000       0.0000       0.0000     
      10   0.0000       0.0000       0.0000       0.0000       0.0000       0.0000     
      11   0.0000       0.0000       0.0000       0.0000       0.0000       0.0000     
      12   0.0000       0.0000       0.0000       0.0000       0.0000       0.0000     
      13   0.0000       0.0000       0.0000       0.0000       0.0000       0.0000     
      14   0.0000       0.0000       0.0000       0.0000       0.0000       0.0000     
      15   0.0000       0.0000       0.0000       0.0000       0.0000       0.0000     
      16   0.0000       0.0000       0.0000       0.0000       0.0000       0.0000     
      17   0.0000       0.0000       0.0000       0.0000       0.0000       0.0000     
      18   0.0000       0.0000       0.0000       0.0000       0.0000       0.0000     
      38   19.626     -0.18736E-001 0.17791E-001 -7.4635      -8.4211     -0.17564     
      39   19.602     -0.34044E-001-0.50169E-002 -7.5422      -8.3379     -0.12666     
      40   19.580     -0.43137E-001-0.38705E-001 -7.6734      -8.1977      0.22077E-001
      41   19.564     -0.37353E-001-0.70342E-001 -7.8308      -8.0242      0.25614     
      42   19.557     -0.92170E-002-0.80644E-001 -7.9676      -7.8598      0.50152     
      43   19.557      0.39355E-001-0.56869E-001 -8.0027      -7.7736      0.63661     
      44   19.551      0.89805E-001-0.12682E-001 -7.7649      -7.9454      0.56521     
      45   19.511      0.10739      0.19408E-001 -7.2931      -8.4807      0.31723     
      46   19.479      0.65522E-001 0.65522E-001 -7.9347      -7.9347      0.14901E-006
      47   19.511      0.19408E-001 0.10739      -8.4807      -7.2931     -0.31723     
      48   19.551     -0.12682E-001 0.89805E-001 -7.9454      -7.7649     -0.56521     
      49   19.557     -0.56869E-001 0.39355E-001 -7.7736      -8.0027     -0.63661     
      50   19.557     -0.80644E-001-0.92169E-002 -7.8598      -7.9676     -0.50152     
      51   19.564     -0.70342E-001-0.37353E-001 -8.0242      -7.8308     -0.25614     
      52   19.580     -0.38705E-001-0.43137E-001 -8.1977      -7.6734     -0.22078E-001
      53   19.602     -0.50169E-002-0.34044E-001 -8.3379      -7.5422      0.12666     
      54   19.626      0.17791E-001-0.18736E-001 -8.4211      -7.4635      0.17564     
      55   19.649      0.26155E-001-0.33277E-002 -8.4429      -7.4445      0.14834     
      56 -0.16086E-001 0.28053     -0.53588       38.194       226.61      0.10002     
      57 -0.75634E-001 -3.1102      -20.230       38.160       225.88      0.98618E-001
      58 -0.15557      -6.5213      -39.734       37.806       223.40      0.40718E-001
      59 -0.25375      -9.8944      -58.883       37.086       219.10     -0.80598E-001
      60 -0.36353      -13.148      -77.506       35.977       212.93     -0.24024     
 
  ***** POST1 ELEMENT TABLE LISTING *****                                      
 
    STAT     CURRENT      CURRENT      CURRENT      CURRENT      CURRENT      CURRENT 
    ELEM     LS1          LS2          LS7          LS4          LS9          SMIS4   
      61 -0.46237      -16.189      -95.453       34.509       204.93     -0.37344     
      62 -0.43824      -18.926      -112.64       32.786       195.25     -0.39940     
      63  0.98885E-001 -21.357      -129.04       30.933       184.15     -0.28508     
      64   1.3678      -23.879      -144.44       28.771       172.00     -0.97125E-001
      65   1.3678      -26.580      -158.75       26.295       158.88      0.97125E-001
      66  0.98885E-001 -28.954      -172.21       23.971       144.60      0.28508     
      67 -0.43824      -31.012      -184.69       21.711       129.23      0.39940     
      68 -0.46237      -32.966      -195.83       19.135       112.95      0.37344     
      69 -0.36353      -34.695      -205.36       16.233       95.769      0.24024     
      70 -0.25375      -36.083      -213.13       13.089       77.755      0.80599E-001
      71 -0.15557      -37.094      -219.09       9.7915       59.054     -0.40717E-001
      72 -0.75634E-001 -37.744      -223.26       6.4242       39.840     -0.98618E-001
      73 -0.16086E-001 -38.073      -225.70       3.0493       20.284     -0.10002     
      74  0.23765E-001 -38.120      -226.45     -0.29735      0.54361     -0.66181E-001
      75   52.944      0.97948E-003 0.95487E-002 -7.0905      -8.8141     -0.30617     
      76   52.881     -0.58222E-001-0.44425E-001 -7.1583      -8.7444     -0.27795     
      77   52.816     -0.13220     -0.10207      -7.3151      -8.5787     -0.10107     
      78   52.755     -0.19335     -0.12892      -7.5348      -8.3376      0.22250     
      79   52.702     -0.19686     -0.88137E-001 -7.7572      -8.0724      0.60428     
      80   52.660     -0.10616      0.23430E-001 -7.8505      -7.8881      0.86691     
      81   52.618      0.59275E-001 0.14255      -7.4687      -8.1427      0.83786     
      82   52.546      0.19893      0.18691      -6.5697      -9.1977      0.50999     
      83   52.496      0.21351      0.21351      -7.9940      -7.9940      0.22323E-006
      84   52.546      0.18691      0.19893      -9.1977      -6.5697     -0.50999     
      85   52.618      0.14255      0.59275E-001 -8.1427      -7.4687     -0.83786     
      86   52.660      0.23430E-001-0.10616      -7.8881      -7.8505     -0.86691     
      87   52.702     -0.88137E-001-0.19686      -8.0724      -7.7572     -0.60428     
      88   52.755     -0.12892     -0.19335      -8.3375      -7.5348     -0.22250     
      89   52.816     -0.10207     -0.13220      -8.5787      -7.3151      0.10107     
      90   52.881     -0.44425E-001-0.58222E-001 -8.7444      -7.1583      0.27794     
      91   52.944      0.95487E-002 0.97921E-003 -8.8141      -7.0905      0.30617     
      92   53.001      0.42631E-001 0.36422E-001 -8.7930      -7.1111      0.23034     
      93 -0.14329E-001 0.50262     -0.69264      -38.875       38.877      0.21901     
      94 -0.68673E-001  3.8150      -4.0422      -38.609       38.796      0.23602     
      95 -0.14390       7.0162      -7.3044      -38.038       38.434      0.14176     
      96 -0.23952       10.098      -10.457      -37.190       37.750     -0.84183E-001
      97 -0.35059       13.086      -13.483      -36.097       36.696     -0.40226     
      98 -0.45715       16.046      -16.390      -34.772       35.234     -0.69151     
      99 -0.45584       19.132      -19.276      -33.139       33.335     -0.78818     
     100  0.55597E-001  22.417      -22.230      -31.073       31.019     -0.60334     
     101   1.4188       25.045      -24.684      -29.141       28.874     -0.21936     
 
  ***** POST1 ELEMENT TABLE LISTING *****                                      
 
    STAT     CURRENT      CURRENT      CURRENT      CURRENT      CURRENT      CURRENT 
    ELEM     LS1          LS2          LS7          LS4          LS9          SMIS4   
     102   1.4188       26.847      -26.613      -27.490       27.106      0.21936     
     103  0.55597E-001  29.001      -28.964      -25.040       24.849      0.60334     
     104 -0.45584       31.345      -31.528      -21.947       22.108      0.78818     
     105 -0.45715       33.241      -33.672      -19.016       19.399      0.69151     
     106 -0.35059       34.819      -35.381      -16.182       16.630      0.40226     
     107 -0.23952       36.168      -36.695      -13.301       13.707      0.84184E-001
     108 -0.14390       37.281      -37.651      -10.305       10.626     -0.14176     
     109 -0.68673E-001  38.130      -38.297      -7.1655       7.4082     -0.23602     
     110 -0.14330E-001  38.683      -38.669      -3.8889       4.0784     -0.21901     
     111  0.21027E-001  38.916      -38.786     -0.50593      0.66600     -0.13567     
     112   79.664      0.25819E-001 0.42887E-001 -3.7996      -6.7462     -0.48610     
     113   79.561     -0.82550E-001-0.47911E-001 -3.7900      -6.7665     -0.56106     
     114   79.445     -0.23516     -0.14526      -3.9099      -6.6517     -0.47418     
     115   79.323     -0.38862     -0.18997      -4.1515      -6.4020     -0.18352     
     116   79.207     -0.45629     -0.11312      -4.4616      -6.0565      0.26580     
     117   79.107     -0.34200      0.97729E-001 -4.6768      -5.7347      0.68743     
     118   79.019     -0.41080E-001 0.33088      -4.2634      -5.9610      0.81526     
     119   78.909      0.27815      0.42000      -2.9210      -7.5637      0.55308     
     120   78.841      0.40904      0.40904      -5.4261      -5.4261      0.25283E-006
     121   78.909      0.42000      0.27815      -7.5637      -2.9210     -0.55307     
     122   79.019      0.33088     -0.41080E-001 -5.9610      -4.2634     -0.81526     
     123   79.107      0.97729E-001-0.34200      -5.7347      -4.6768     -0.68743     
     124   79.207     -0.11312     -0.45629      -6.0565      -4.4616     -0.26580     
     125   79.323     -0.18997     -0.38862      -6.4020      -4.1515      0.18352     
     126   79.445     -0.14526     -0.23516      -6.6517      -3.9099      0.47418     
     127   79.561     -0.47911E-001-0.82550E-001 -6.7665      -3.7900      0.56106     
     128   79.664      0.42887E-001 0.25819E-001 -6.7462      -3.7996      0.48610     
     129   79.751      0.98721E-001 0.81751E-001 -6.6169      -3.9184      0.31943     
     130 -0.16122E-001 0.90833      -1.1894      -51.828      -38.211      0.32942     
     131 -0.62764E-001  5.3769       2.1150      -51.394      -38.048      0.41565     
     132 -0.13004       9.6632       5.4829      -50.498      -37.529      0.37443     
     133 -0.21972       13.725       8.8755      -49.166      -36.663      0.15778     
     134 -0.32963       17.563       12.239      -47.447      -35.505     -0.22217     
     135 -0.44522       21.264       15.488      -45.394      -34.156     -0.64374     
     136 -0.48320       25.089       18.415      -42.955      -32.792     -0.88319     
     137 -0.28393E-001  29.279       20.814      -39.949      -31.563     -0.75279     
     138   1.5318       32.465       23.759      -37.392      -29.492     -0.28985     
     139   1.5318       34.421       27.309      -35.600      -26.239      0.28985     
     140 -0.28393E-001  37.245       29.629      -32.649      -23.486      0.75279     
     141 -0.48320       40.605       31.062      -28.737      -21.203      0.88319     
     142 -0.44522       43.368       32.677      -25.139      -18.406      0.64374     
 
  ***** POST1 ELEMENT TABLE LISTING *****                                      
 
    STAT     CURRENT      CURRENT      CURRENT      CURRENT      CURRENT      CURRENT 
    ELEM     LS1          LS2          LS7          LS4          LS9          SMIS4   
     143 -0.32963       45.736       34.303      -21.631      -15.287      0.22217     
     144 -0.21972       47.783       35.750      -17.957      -12.037     -0.15777     
     145 -0.13004       49.464       36.908      -14.028      -8.7328     -0.37443     
     146 -0.62765E-001  50.730       37.719      -9.8357      -5.4231     -0.41565     
     147 -0.16123E-001  51.551       38.169      -5.4220      -2.1454     -0.32942     
     148  0.13230E-001  51.914       38.274     -0.85257       1.0784     -0.17908     
     149   95.238      0.62943E-001 0.15788     -0.44795      -4.7882     -0.85684     
     150   95.132     -0.87310E-001 0.39572E-001-0.29944      -4.9884      -1.1370     
     151   95.000     -0.32038     -0.10587     -0.30591      -5.0369      -1.2794     
     152   94.845     -0.59163     -0.20222     -0.49574      -4.8931      -1.1725     
     153   94.681     -0.78437     -0.13639     -0.85347      -4.5501     -0.75221     
     154   94.527     -0.72056      0.15370      -1.2334      -4.0805     -0.13419     
     155   94.403     -0.30005      0.52389     -0.93369      -4.1359      0.32008     
     156   94.253      0.26547      0.67028      0.95572      -6.4208      0.35091     
     157   94.162      0.58500      0.58500      -3.0137      -3.0137      0.25203E-006
     158   94.253      0.67028      0.26547      -6.4208      0.95572     -0.35091     
     159   94.403      0.52389     -0.30005      -4.1359     -0.93369     -0.32008     
     160   94.527      0.15370     -0.72056      -4.0805      -1.2334      0.13419     
     161   94.681     -0.13639     -0.78437      -4.5501     -0.85347      0.75221     
     162   94.845     -0.20222     -0.59163      -4.8931     -0.49575       1.1725     
     163   95.000     -0.10587     -0.32038      -5.0369     -0.30591       1.2794     
     164   95.132      0.39572E-001-0.87310E-001 -4.9884     -0.29944       1.1370     
     165   95.238      0.15788      0.62942E-001 -4.7882     -0.44795      0.85684     
     166   95.319      0.21963      0.13127      -4.4885     -0.70584      0.53493     
     167 -0.26787E-001  1.5936      -1.8931      -38.234      -51.436      0.52266     
     168 -0.64045E-001  4.9759       2.4143      -37.585      -51.220      0.74815     
     169 -0.11995       8.0951       6.7829      -36.491      -50.500      0.87077     
     170 -0.19860       10.866       11.172      -34.979      -49.249      0.80284     
     171 -0.30145       13.255       15.520      -33.119      -47.506      0.48375     
     172 -0.42213       15.355       19.735      -31.022      -45.415     -0.37071E-001
     173 -0.51070       17.571       23.552      -28.693      -43.283     -0.51526     
     174 -0.15499       20.458       26.607      -25.886      -41.467     -0.61302     
     175   1.7313       22.088       30.592      -24.185      -38.497     -0.26081     
     176   1.7313       22.168       35.684      -24.112      -33.830      0.26081     
     177 -0.15499       24.004       38.990      -22.636      -30.120      0.61302     
     178 -0.51070       27.052       41.066      -20.005      -27.235      0.51526     
     179 -0.42213       29.566       43.522      -18.000      -23.618      0.37071E-001
     180 -0.30145       31.837       45.973      -16.091      -19.601     -0.48375     
     181 -0.19860       33.898       48.088      -13.873      -15.422     -0.80284     
     182 -0.11995       35.647       49.717      -11.245      -11.158     -0.87077     
     183 -0.64045E-001  37.009       50.815      -8.2327      -6.8693     -0.74814     
 
  ***** POST1 ELEMENT TABLE LISTING *****                                      
 
    STAT     CURRENT      CURRENT      CURRENT      CURRENT      CURRENT      CURRENT 
    ELEM     LS1          LS2          LS7          LS4          LS9          SMIS4   
     184 -0.26787E-001  37.950       51.405      -4.9199      -2.5971     -0.52265     
     185 -0.37484E-002  38.465       51.536      -1.4075       1.6353     -0.27003     
     186   102.07      0.14629      0.38492       1.4435      -3.2586      -1.5759     
     187   102.09     -0.25773E-001 0.26597       1.6603      -3.6146      -2.1983     
     188   102.10     -0.32831      0.81192E-001  1.7387      -3.8680      -2.7609     
     189   102.07     -0.73878     -0.97975E-001  1.6391      -3.9668      -3.0752     
     190   102.00      -1.1455     -0.12301       1.3493      -3.8597      -2.9008     
     191   101.88      -1.2977      0.17502      0.96504      -3.5342      -2.1187     
     192   101.73     -0.87640      0.68500       1.1815      -3.3924      -1.0808     
     193   101.60      0.27553E-002 0.86101       3.9538      -6.7985     -0.34068     
     194   101.47      0.60843      0.60843      -1.8286      -1.8286      0.23021E-006
     195   101.60      0.86101      0.27556E-002 -6.7985       3.9538      0.34068     
     196   101.73      0.68500     -0.87640      -3.3924       1.1815       1.0808     
     197   101.88      0.17502      -1.2977      -3.5342      0.96504       2.1187     
     198   102.00     -0.12301      -1.1455      -3.8597       1.3493       2.9008     
     199   102.07     -0.97975E-001-0.73878      -3.9668       1.6391       3.0751     
     200   102.10      0.81193E-001-0.32831      -3.8680       1.7387       2.7609     
     201   102.09      0.26597     -0.25773E-001 -3.6146       1.6603       2.1983     
     202   102.07      0.38492      0.14629      -3.2586       1.4435       1.5759     
     203   102.04      0.42251      0.20878      -2.8496       1.1369       1.0052     
     204 -0.50755E-001  2.3657      -2.4203      -19.860      -38.140      0.93798     
     205 -0.79033E-001  4.3391      0.53097      -18.902      -37.857       1.3981     
     206 -0.12176       5.9815       3.4965      -17.504      -37.122       1.8249     
     207 -0.18426       7.1327       6.4495      -15.681      -35.870       2.0904     
     208 -0.27133       7.6588       9.3524      -13.522      -34.104       2.0268     
     209 -0.38561       7.5653       12.160      -11.208      -31.977       1.5114     
     210 -0.52596       7.3076       14.650      -8.9027      -29.928      0.68748     
     211 -0.33442       8.1942       16.196      -6.2261      -28.687      0.71961E-001
     212   2.0484       7.5161       19.296      -5.6486      -26.162     -0.34744E-001
     213   2.0484       4.9720       24.381      -7.9798      -21.503      0.34744E-001
     214 -0.33442       5.4882       27.166      -8.7056      -18.634     -0.71961E-001
     215 -0.52596       8.2320       28.538      -8.0557      -17.203     -0.68748     
     216 -0.38561       10.506       30.795      -8.5133      -14.900      -1.5114     
     217 -0.27133       12.803       33.159      -8.8081      -12.289      -2.0268     
     218 -0.18426       15.000       35.172      -8.4723      -9.5513      -2.0904     
     219 -0.12176       16.916       36.676      -7.4843      -6.7185      -1.8249     
     220 -0.79033E-001  18.451       37.667      -5.9700      -3.8284      -1.3981     
     221 -0.50755E-001  19.578       38.206      -4.0876     -0.91312     -0.93798     
     222 -0.32423E-001  20.309       38.366      -1.9835       2.0109     -0.52235     
     223   103.95      0.36093      0.72114      0.91821      -1.0806      -2.6683     
     224   104.32      0.21568      0.64073      0.69746      -1.0910      -3.7986     
 
  ***** POST1 ELEMENT TABLE LISTING *****                                      
 
    STAT     CURRENT      CURRENT      CURRENT      CURRENT      CURRENT      CURRENT 
    ELEM     LS1          LS2          LS7          LS4          LS9          SMIS4   
     225   104.79     -0.11102      0.44663      0.28009      -1.0078      -5.0415     
     226   105.35     -0.64839      0.17560     -0.30651     -0.88298      -6.1655     
     227   105.97      -1.3523     -0.36529E-001-0.91837     -0.87213      -6.7350     
     228   106.50      -1.9995      0.10060      -1.2426      -1.1461      -6.1664     
     229   106.73      -2.0170      0.75021     -0.83804E-001 -2.6466      -4.2621     
     230   106.16     -0.86167      0.88513       5.6543      -8.2663      -2.0222     
     231   106.51      0.18021      0.18021      -2.3274      -2.3274      0.19616E-006
     232   106.16      0.88513     -0.86167      -8.2663       5.6543       2.0222     
     233   106.73      0.75021      -2.0170      -2.6466     -0.83804E-001  4.2621     
     234   106.50      0.10060      -1.9995      -1.1461      -1.2426       6.1664     
     235   105.97     -0.36528E-001 -1.3523     -0.87213     -0.91837       6.7350     
     236   105.35      0.17560     -0.64839     -0.88298     -0.30651       6.1655     
     237   104.79      0.44663     -0.11101      -1.0078      0.28009       5.0415     
     238   104.32      0.64073      0.21568      -1.0910      0.69746       3.7986     
     239   103.95      0.72114      0.36093      -1.0806      0.91821       2.6683     
     240   103.67      0.69951      0.37711     -0.97947      0.97081       1.7435     
     241 -0.81513E-001  2.4679      -1.8809      -6.1305      -20.014       1.6701     
     242 -0.10365       3.3998     -0.48013      -4.9943      -19.489       2.4867     
     243 -0.13603       4.0542      0.81751      -3.3774      -18.547       3.4001     
     244 -0.18422       4.2408       1.9166      -1.2065      -17.101       4.2639     
     245 -0.25427       3.7114       2.6989       1.5291      -15.135       4.8034     
     246 -0.35511       2.1911       3.0937       4.6743      -12.828       4.6251     
     247 -0.52917     -0.17419       3.0262       7.8923      -10.804       3.4744     
     248 -0.60000      -2.2783       2.0554       10.723      -10.214       1.8804     
     249   2.5106      -4.8069       3.3924       11.067      -8.4499      0.63476     
     250   2.5106      -10.606       8.1220       5.7532      -4.1160     -0.63476     
     251 -0.60000      -10.483       9.9959       3.2042      -2.9378      -1.8804     
     252 -0.52917      -7.8470       10.500      0.86138      -3.9563      -3.4744     
     253 -0.35511      -4.8475       12.510      -1.7753      -4.2000      -4.6251     
     254 -0.25427      -1.8468       14.843      -3.5640      -4.0078      -4.8034     
     255 -0.18422      0.83233       16.869      -4.3298      -3.3997      -4.2639     
     256 -0.13603       3.0112       18.405      -4.3332      -2.4308      -3.4001     
     257 -0.10365       4.6790       19.456      -3.8222      -1.2202      -2.4867     
     258 -0.81513E-001  5.8921       20.102      -2.9928      0.12945      -1.6701     
     259 -0.65499E-001  6.7248       20.429      -1.9885       1.5545      -1.0100     
     260   103.26      0.83049       1.1009      -1.8962       2.4519      -3.7049     
     261   103.96      0.82673       1.0863      -3.5245       3.9202      -5.3953     
     262   105.03      0.62093      0.91123      -5.9433       6.0748      -7.5025     
     263   106.64      0.11063      0.55458      -9.2847       8.9760      -9.8860     
     264   109.00     -0.80203      0.71078E-001 -13.439       12.379      -12.100     
     265   112.27      -2.1294     -0.26937      -17.609       15.196      -13.136     
 
  ***** POST1 ELEMENT TABLE LISTING *****                                      
 
    STAT     CURRENT      CURRENT      CURRENT      CURRENT      CURRENT      CURRENT 
    ELEM     LS1          LS2          LS7          LS4          LS9          SMIS4   
     266   116.23      -3.4992      0.25268      -19.649       16.099      -11.459     
     267   119.05      -3.3704      0.93169      -2.8531      -11.543      -5.8479     
     268   111.63      -1.5085      -1.5085     -0.49902     -0.49902      0.16547E-006
     269   119.05      0.93169      -3.3704      -11.543      -2.8531       5.8479     
     270   116.23      0.25268      -3.4992       16.099      -19.649       11.459     
     271   112.27     -0.26937      -2.1294       15.196      -17.609       13.136     
     272   109.00      0.71079E-001-0.80203       12.379      -13.439       12.100     
     273   106.64      0.55458      0.11063       8.9760      -9.2847       9.8860     
     274   105.03      0.91123      0.62093       6.0748      -5.9433       7.5025     
     275   103.96       1.0863      0.82673       3.9202      -3.5245       5.3953     
     276   103.26       1.1009      0.83049       2.4519      -1.8962       3.7049     
     277   102.80      0.99999      0.71724       1.5199     -0.86775       2.4288     
     278 -0.83600E-001 0.62713      0.64458      0.55370      -6.4764       2.5676     
     279 -0.94607E-001 0.47861       1.7719       1.1473      -5.5476       3.8265     
     280 -0.11451      0.16712       2.9238       2.0238      -4.0165       5.3927     
     281 -0.15364     -0.28611       3.8370       3.3983      -1.6940       7.1664     
     282 -0.22750     -0.81390       3.9907       5.6640       1.4860       8.8533     
     283 -0.35294      -1.3597       2.5894       9.4267       5.1983       9.8284     
     284 -0.64348      -2.0604      -1.3303       15.310       8.1155       9.0875     
     285  -1.0882     -0.51483      -9.3958       24.833       6.6092       6.1529     
     286   3.1090      -16.712      -10.114       17.127       8.2124       2.5033     
     287   3.1090      -15.606      -7.2997       18.141       10.791      -2.5033     
     288  -1.0882      -24.693      -5.7652       2.6772       9.9361      -6.1529     
     289 -0.64348      -15.072      -7.9687       3.3869       2.0326      -9.0875     
     290 -0.35294      -9.2723      -5.4042       2.1761      -2.1265      -9.8284     
     291 -0.22750      -5.5715      -1.8281       1.3045      -3.8460      -8.8533     
     292 -0.15364      -3.3604       1.3531      0.58121      -3.9700      -7.1664     
     293 -0.11451      -2.0306       3.7464      0.98965E-002 -3.2627      -5.3927     
     294 -0.94607E-001 -1.1846       5.3720     -0.37679      -2.2486      -3.8265     
     295 -0.83600E-001-0.60625       6.3956     -0.57649      -1.2066      -2.5676     
     296 -0.75444E-001-0.18904       6.9967     -0.61527     -0.25048      -1.6180     
     297   100.79       1.5583       1.4095      -4.2543       5.1085      -3.6291     
     298   101.04       1.8653       1.4463      -7.2781       8.2489      -5.4294     
     299   101.55       2.0547       1.2734      -12.115       13.302      -7.9025     
     300   102.62       1.9990      0.79845      -19.752       21.336      -11.170     
     301   104.92       1.4954     -0.59585E-001 -31.681       34.018      -15.222     
     302   109.94      0.23107      -1.2888      -49.996       53.561      -19.614     
     303   120.85      -2.2305      -2.2927      -78.339       85.161      -22.805     
     304   146.01      -5.7480      -1.2679      -116.58       137.85      -21.548     
     305   190.87      -7.5609      -7.5609      -66.375      -66.375      0.16779E-006
     306   146.01      -1.2679      -5.7480       137.85      -116.58       21.548     
 
  ***** POST1 ELEMENT TABLE LISTING *****                                      
 
    STAT     CURRENT      CURRENT      CURRENT      CURRENT      CURRENT      CURRENT 
    ELEM     LS1          LS2          LS7          LS4          LS9          SMIS4   
     307   120.85      -2.2927      -2.2305       85.161      -78.339       22.805     
     308   109.94      -1.2888      0.23107       53.561      -49.996       19.614     
     309   104.92     -0.59585E-001  1.4954       34.018      -31.681       15.222     
     310   102.62      0.79845       1.9990       21.336      -19.752       11.170     
     311   101.55       1.2734       2.0547       13.302      -12.115       7.9025     
     312   101.04       1.4463       1.8653       8.2489      -7.2781       5.4294     
     313   100.79       1.4095       1.5583       5.1085      -4.2543       3.6291     
     314   100.66       1.2435       1.2137       3.1835      -2.3934       2.3554     
     315  0.66849E-003 -3.1933       4.1409       1.3908      0.89174E-001  3.0169     
     316  0.38496E-001 -5.2414       6.6273      0.29836       1.0926       4.5531     
     317  0.82073E-001 -7.9946       10.203      -1.5282       3.0765       6.6263     
     318  0.11470      -11.426       15.009      -4.2741       6.7114       9.2885     
     319  0.97320E-001 -15.131       20.788      -7.8350       12.846       12.449     
     320 -0.52567E-001 -17.722       26.237      -11.101       22.116       15.661     
     321 -0.51699      -16.066       28.025      -10.410       33.634       17.649     
     322  -2.9983       1.6369       14.347       7.8593       37.115       15.756     
     323   3.4825       70.340      -26.845       82.121       12.188       8.9715     
     324   3.4825      -87.939      -9.8019      -62.915       27.805      -8.9715     
     325  -2.9983      -7.9721      -38.224     -0.94567      -11.057      -15.756     
     326 -0.51699       11.771      -35.949       15.097      -24.987      -17.649     
     327 -0.52567E-001  12.603      -24.319       16.687      -24.210      -15.661     
     328  0.97320E-001  9.1239      -14.609       14.391      -19.589      -12.449     
     329  0.11470       5.2537      -7.9939       11.010      -14.366      -9.2885     
     330  0.82073E-001  2.2192      -3.9541       7.8310      -9.8961      -6.6263     
     331  0.38496E-001 0.15960      -1.6661       5.2475      -6.5068      -4.5531     
     332  0.66858E-003 -1.1072     -0.44974       3.3024      -4.1174      -3.0169     
     333 -0.25680E-001 -1.8150      0.16216       1.9052      -2.5154      -1.9200     
     334   97.939       2.1870       1.5648      -2.3318       2.8788      -1.5789     
     335   96.938       2.8233       1.6140      -4.0526       4.7429      -2.3962     
     336   95.250       3.5075       1.4072      -6.9345       7.8980      -3.5822     
     337   92.390       4.1943      0.78658      -11.792       13.290      -5.2823     
     338   87.513       4.8007     -0.47153      -20.052       22.565      -7.6692     
     339   79.095       5.1648      -2.6778      -34.535       39.450      -10.896     
     340   64.379       4.9423      -6.2474      -58.427       64.553      -14.477     
     341   37.454       3.1710      -9.6897      -120.00       170.47      -18.972     
     342   37.454      -9.6897       3.1710       170.47      -120.00       18.972     
     343   64.379      -6.2474       4.9423       64.553      -58.427       14.477     
     344   79.095      -2.6778       5.1648       39.450      -34.535       10.896     
     345   87.513     -0.47153       4.8007       22.565      -20.052       7.6692     
     346   92.390      0.78658       4.1943       13.290      -11.792       5.2823     
     347   95.250       1.4072       3.5075       7.8980      -6.9345       3.5822     
 
  ***** POST1 ELEMENT TABLE LISTING *****                                      
 
    STAT     CURRENT      CURRENT      CURRENT      CURRENT      CURRENT      CURRENT 
    ELEM     LS1          LS2          LS7          LS4          LS9          SMIS4   
     348   96.938       1.6140       2.8233       4.7429      -4.0526       2.3962     
     349   97.939       1.5648       2.1870       2.8788      -2.3318       1.5789     
     350   98.532       1.3707       1.6236       1.7748      -1.3043       1.0212     
     351  0.16340      -5.1071       4.3359     -0.13633      0.95748       2.1827     
     352  0.30346      -8.3757       7.2857      -2.9277      0.80819       3.3449     
     353  0.50720      -13.319       12.390      -7.7527       1.2909       5.0136     
     354  0.78828      -20.933       21.020      -15.984       3.4361       7.3653     
     355   1.1552      -32.925       35.417      -30.011       9.4180       10.602     
     356   1.5747      -52.420       59.272      -54.192       23.745       14.891     
     357   2.0596      -84.386       98.720      -96.290       55.721       20.145     
     358  0.90996      -146.41       166.27      -176.52       125.39       24.915     
     359  -7.4538      -167.91       223.69      -245.53       217.33       25.652     
     360  -7.4538       259.23      -236.00       145.87      -203.90      -25.652     
     361  0.90996       188.61      -139.40       130.47      -154.71      -24.915     
     362   2.0596       103.28      -64.113       75.673      -93.488      -20.145     
     363   1.5747       58.554      -28.820       47.497      -56.977      -14.891     
     364   1.1552       32.766      -12.469       30.184      -34.462      -10.602     
     365  0.78828       17.747      -5.2551       19.460      -20.641      -7.3653     
     366  0.50720       8.8840      -2.3658       12.593      -12.230      -5.0136     
     367  0.30346       3.6466      -1.4401       8.0887      -7.1876      -3.3449     
     368  0.16340      0.58093      -1.3317       5.0758      -4.2359      -2.1827     
     369  0.72474E-001 -1.1723      -1.4998       3.0292      -2.5704      -1.3865     
     370   97.576       2.1844       1.5609       2.5231      -2.7118       1.5499     
     371   96.577       2.8186       1.6089       4.2315      -4.5646       2.3919     
     372   94.890       3.5014       1.4019       7.0980      -7.7060       3.6099     
     373   92.035       4.1877      0.78252       11.937      -13.081       5.3432     
     374   87.166       4.7946     -0.47293       20.171      -22.335       7.7568     
     375   78.765       5.1596      -2.6753       34.623      -39.193       10.997     
     376   64.089       4.9372      -6.2399       58.509      -64.283       14.572     
     377   37.259       3.1628      -9.6696       120.21      -170.38       19.043     
     379   37.259      -9.6696       3.1628      -170.38       120.21      -19.043     
     380   64.089      -6.2399       4.9372      -64.283       58.509      -14.572     
     381   78.765      -2.6753       5.1596      -39.193       34.623      -10.997     
     382   87.166     -0.47293       4.7946      -22.335       20.171      -7.7568     
     383   92.035      0.78252       4.1877      -13.081       11.937      -5.3432     
     384   94.890       1.4019       3.5014      -7.7060       7.0980      -3.6099     
     385   96.577       1.6089       2.8186      -4.5646       4.2315      -2.3919     
     386   97.576       1.5609       2.1844      -2.7118       2.5231      -1.5499     
     387   98.169       1.3686       1.6231      -1.6152       1.5042     -0.97855     
     388  0.25503     -0.94399     -0.96163     -0.20595     -0.32222      0.18973E-001
     389  0.45755      -1.3898      -1.3897      -2.4584      -2.5744      0.92418E-002
 
  ***** POST1 ELEMENT TABLE LISTING *****                                      
 
    STAT     CURRENT      CURRENT      CURRENT      CURRENT      CURRENT      CURRENT 
    ELEM     LS1          LS2          LS7          LS4          LS9          SMIS4   
     390  0.76670      -1.6911      -1.6724      -5.9414      -6.0558     -0.54006E-002
     391   1.2288      -1.7051      -1.6690      -11.197      -11.309     -0.22411E-001
     392   1.9090      -1.2655      -1.2162      -19.000      -19.114     -0.38237E-001
     393   2.9231     -0.19750     -0.14868      -30.459      -30.583     -0.49328E-001
     394   4.1657      0.91809      0.91965      -47.466      -47.641     -0.53312E-001
     395   8.1093       4.8499       4.6560      -69.487      -69.858     -0.49799E-001
     396  -19.939      -36.557      -37.027      -135.36      -136.08     -0.32114E-001
     397  -19.939       138.03       138.79       24.621       25.026      0.32114E-001
     398   8.1093       68.800       69.186      -10.888      -10.727      0.49799E-001
     399   4.1657       47.205       47.379      -5.0515      -5.0683      0.53312E-001
     400   2.9231       30.360       30.480      -2.4579      -2.5174      0.49328E-001
     401   1.9090       19.038       19.147     -0.39530     -0.45425      0.38237E-001
     402   1.2288       11.303       11.412      0.72278      0.67700      0.22411E-001
     403  0.76670       6.0662       6.1786       1.1668       1.1382      0.54006E-002
     404  0.45755       2.5702       2.6857       1.1702       1.1601     -0.92418E-002
     405  0.25503      0.28744      0.40480      0.92244      0.92989     -0.18973E-001
     406  0.12673      -1.1558      -1.0382      0.55487      0.57705     -0.22816E-001
     407   99.748       1.5509       1.3976       4.4134      -4.9658       3.5970     
     408   100.00       1.8518       1.4306       7.4219      -8.0916       5.4211     
     409   100.51       2.0372       1.2571       12.238      -13.124       7.9255     
     410   101.58       1.9810      0.78575       19.846      -21.131       11.225     
     411   103.89       1.4810     -0.64588E-001  31.732      -33.770       15.301     
     412   108.90      0.22405      -1.2830       49.981      -53.245       19.699     
     413   119.80      -2.2273      -2.2743       78.254      -84.763       22.874     
     414   144.95      -5.7308      -1.2413       116.43      -137.30       21.575     
     415   189.71      -7.5319      -7.5319       66.442       66.442     -0.12099E-006
     416   144.95      -1.2413      -5.7308      -137.30       116.43      -21.575     
     417   119.80      -2.2743      -2.2273      -84.763       78.254      -22.874     
     418   108.90      -1.2830      0.22405      -53.245       49.981      -19.699     
     419   103.89     -0.64587E-001  1.4810      -33.770       31.732      -15.301     
     420   101.58      0.78575       1.9810      -21.131       19.846      -11.225     
     421   100.51       1.2571       2.0372      -13.124       12.238      -7.9255     
     422   100.00       1.4306       1.8518      -8.0916       7.4219      -5.4211     
     423   99.748       1.3976       1.5509      -4.9658       4.4134      -3.5970     
     424   99.616       1.2373       1.2126      -3.0498       2.5626      -2.3107     
     425  0.16409       4.3504      -5.1200       1.8021     -0.30201E-001 -2.1433     
     426  0.30448       7.2159      -8.3865       1.6507      -2.8185      -3.3244     
     427  0.50846       12.232      -13.323       2.1234      -7.6385      -5.0218     
     428  0.78981       20.769      -20.924       4.2494      -15.861      -7.4067     
     429   1.1573       35.064      -32.890       10.199      -29.872      -10.673     
     430   1.5772       58.800      -52.339       24.475      -54.017      -14.979     
 
  ***** POST1 ELEMENT TABLE LISTING *****                                      
 
    STAT     CURRENT      CURRENT      CURRENT      CURRENT      CURRENT      CURRENT 
    ELEM     LS1          LS2          LS7          LS4          LS9          SMIS4   
     431   2.0604       98.107      -84.231       56.371      -96.044      -20.232     
     432  0.89651       165.49      -146.15       125.91      -176.14      -24.973     
     433  -7.4484       222.69      -167.36       217.62      -244.78      -25.663     
     434  -7.4484      -236.20       258.44      -202.88       145.39       25.663     
     435  0.89651      -139.85       188.21      -153.89       130.25       24.973     
     436   2.0604      -64.707       103.02      -92.821       75.540       20.232     
     437   1.5772      -29.506       58.373      -56.443       47.432       14.979     
     438   1.1573      -13.217       32.625      -34.042       30.162       10.673     
     439  0.78981      -6.0434       17.624      -20.320       19.462       7.4067     
     440  0.50846      -3.1814       8.7707      -12.000       12.607       5.0218     
     441  0.30448      -2.2733       3.5388      -7.0446       8.1090       3.3244     
     442  0.16409      -2.1744      0.47633      -4.1768       5.0979       2.1433     
     443  0.72755E-001 -2.3448      -1.2753      -2.5910       3.0485       1.3401     
     444   101.80      0.81922       1.0809       1.9381      -2.4241       3.6687     
     445   102.50      0.80516       1.0595       3.5503      -3.8772       5.3823     
     446   103.56      0.59259      0.88321       5.9471      -6.0108       7.5215     
     447   105.17      0.81847E-001 0.53258       9.2590      -8.8841       9.9385     
     448   107.54     -0.82364      0.62031E-001  13.371      -12.247       12.178     
     449   110.80      -2.1369     -0.26065       17.483      -15.009       13.222     
     450   114.75      -3.4879      0.27976       19.468      -15.848       11.533     
     451   117.58      -3.3397      0.97008       2.7128       11.760       5.8920     
     452   110.17      -1.4678      -1.4678      0.55744      0.55744     -0.11848E-006
     453   117.58      0.97008      -3.3397       11.760       2.7128      -5.8920     
     454   114.75      0.27976      -3.4879      -15.848       19.468      -11.533     
     455   110.80     -0.26065      -2.1369      -15.009       17.483      -13.222     
     456   107.54      0.62032E-001-0.82364      -12.247       13.371      -12.178     
     457   105.17      0.53258      0.81848E-001 -8.8841       9.2590      -9.9385     
     458   103.56      0.88322      0.59259      -6.0108       5.9471      -7.5215     
     459   102.50       1.0595      0.80516      -3.8772       3.5503      -5.3823     
     460   101.80       1.0809      0.81922      -2.4241       1.9381      -3.6687     
     461   101.34      0.98978      0.71650      -1.5010      0.91971      -2.3818     
     462  0.21766E-002  4.1514      -3.2029       3.1192       2.2274      -2.9744     
     463  0.40799E-001  6.3606      -5.3113       4.1114       1.1373      -4.5284     
     464  0.85092E-001  9.6554      -8.1190       6.0588     -0.69015      -6.6298     
     465  0.11866       14.177      -11.598       9.6295      -3.4395      -9.3255     
     466  0.10305       19.670      -15.341       15.669      -7.0035      -12.516     
     467 -0.44308E-001  24.828      -17.956       24.808      -10.268      -15.744     
     468 -0.50966       26.332      -16.325       36.160      -9.5750      -17.729     
     469  -3.0026       12.424       1.3140       39.471       8.6685      -15.811     
     470   3.4579      -28.843       69.736       14.471       82.696      -8.9889     
     471   3.4579      -11.902      -88.460       29.995      -62.263       8.9889     
 
  ***** POST1 ELEMENT TABLE LISTING *****                                      
 
    STAT     CURRENT      CURRENT      CURRENT      CURRENT      CURRENT      CURRENT 
    ELEM     LS1          LS2          LS7          LS4          LS9          SMIS4   
     472  -3.0026      -40.403      -8.7501      -8.9371     -0.55353       15.811     
     473 -0.50966      -38.318       10.961      -23.081       15.428       17.729     
     474 -0.44308E-001 -26.878       11.794      -22.571       16.993       15.744     
     475  0.10305      -17.323       8.3139      -18.229       14.672       12.516     
     476  0.11866      -10.829       4.4372      -13.284       11.254       9.3255     
     477  0.85092E-001 -6.8773       1.3951      -9.0906       8.0280       6.6298     
     478  0.40799E-001 -4.6501     -0.67007      -5.9781       5.3902       4.5284     
     479  0.21767E-002 -3.4692      -1.9398      -3.8638       3.3849       2.9744     
     480 -0.25068E-001 -2.8687      -2.6474      -2.5331       1.9219       1.8722     
     481   102.87      0.34685      0.69309      -1.1827      0.79626       2.6288     
     482   103.24      0.18645      0.60232     -0.97659      0.82007       3.7816     
     483   103.71     -0.15070      0.40606     -0.57985      0.75629       5.0580     
     484   104.28     -0.68933      0.14365     -0.20627E-001 0.65693       6.2188     
     485   104.89      -1.3831     -0.49632E-001 0.55273      0.68123       6.8178     
     486   105.42      -2.0102      0.11298      0.82116       1.0083       6.2613     
     487   105.65      -2.0016      0.78834     -0.39436       2.5722       4.3461     
     488   105.08     -0.82109      0.94093      -6.1058       8.1934       2.0718     
     489   105.44      0.23699      0.23699       2.0736       2.0736     -0.15202E-006
     490   105.08      0.94093     -0.82109       8.1934      -6.1058      -2.0718     
     491   105.65      0.78834      -2.0016       2.5722     -0.39436      -4.3461     
     492   105.42      0.11298      -2.0102       1.0083      0.82116      -6.2613     
     493   104.89     -0.49631E-001 -1.3831      0.68123      0.55273      -6.8178     
     494   104.28      0.14365     -0.68933      0.65693     -0.20627E-001 -6.2188     
     495   103.71      0.40607     -0.15070      0.75628     -0.57985      -5.0580     
     496   103.24      0.60232      0.18645      0.82007     -0.97659      -3.7816     
     497   102.87      0.69309      0.34685      0.79626      -1.1827      -2.6288     
     498   102.60      0.68569      0.37797      0.68803      -1.2270      -1.6955     
     499 -0.81275E-001 0.65526      0.61601      0.79124       3.5852      -2.5223     
     500 -0.90962E-001  1.1370      0.21420       1.6916       4.1727      -3.7974     
     501 -0.10964       1.6426     -0.34391       3.1374       5.0227      -5.3922     
     502 -0.14721       1.9140      -1.0349       5.3158       6.3499      -7.2013     
     503 -0.21828       1.4338      -1.7874       8.2906       8.5487      -8.9210     
     504 -0.33975     -0.59099      -2.5400       11.734       12.229      -9.9158     
     505 -0.63109      -5.1122      -3.4345       14.322       18.015      -9.1742     
     506  -1.0957      -13.713      -2.1093       12.456       27.398      -6.2172     
     507   3.0690      -14.854      -18.572       13.725       19.490      -2.5270     
     508   3.0690      -12.378      -17.797       15.993       20.200       2.5270     
     509  -1.0957      -11.214      -27.110       14.747       4.4892       6.2172     
     510 -0.63109      -13.822      -17.647       6.3410       4.9915       9.1742     
     511 -0.33975      -11.638      -11.961       1.6114       3.5961       9.9158     
     512 -0.21828      -8.3841      -8.3604     -0.70574       2.5257       8.9210     
 
  ***** POST1 ELEMENT TABLE LISTING *****                                      
 
    STAT     CURRENT      CURRENT      CURRENT      CURRENT      CURRENT      CURRENT 
    ELEM     LS1          LS2          LS7          LS4          LS9          SMIS4   
     513 -0.14721      -5.4624      -6.2355      -1.4434       1.5844       7.2013     
     514 -0.10964      -3.2686      -4.9736      -1.3629      0.78036       5.3922     
     515 -0.90962E-001 -1.7842      -4.1755     -0.98520      0.15029       3.7974     
     516 -0.81275E-001-0.84534      -3.6252     -0.58381     -0.30119       2.5223     
     517 -0.74547E-001-0.27352      -3.2166     -0.26744     -0.59874       1.5698     
     518   103.20      0.13092      0.34887      -2.3124       2.3581       1.5355     
     519   103.22     -0.61959E-001 0.21542      -2.5413       2.7250       2.1782     
     520   103.22     -0.37997      0.27142E-001 -2.6384       2.9961       2.7750     
     521   103.19     -0.79381     -0.14061      -2.5648       3.1192       3.1291     
     522   103.12      -1.1881     -0.14004      -2.3126       3.0467       2.9880     
     523   103.00      -1.3138      0.19224      -1.9875       2.7770       2.2203     
     524   102.85     -0.85819      0.73644      -2.2759       2.7146       1.1709     
     525   102.72      0.54631E-001 0.93549      -5.0364       6.1393      0.39359     
     526   102.60      0.68297      0.68297      0.96882      0.96882     -0.19376E-006
     527   102.72      0.93549      0.54631E-001  6.1393      -5.0364     -0.39359     
     528   102.85      0.73644     -0.85819       2.7146      -2.2759      -1.1709     
     529   103.00      0.19224      -1.3138       2.7770      -1.9875      -2.2203     
     530   103.12     -0.14004      -1.1881       3.0467      -2.3126      -2.9880     
     531   103.19     -0.14061     -0.79381       3.1192      -2.5648      -3.1291     
     532   103.22      0.27143E-001-0.37997       2.9961      -2.6384      -2.7750     
     533   103.22      0.21542     -0.61959E-001  2.7250      -2.5413      -2.1782     
     534   103.20      0.34887      0.13092       2.3581      -2.3124      -1.5355     
     535   103.17      0.40563      0.21283       1.9451      -2.0006     -0.95978     
     536 -0.78528E-001 -1.8676       2.4531      -6.9829       1.1646      -1.6242     
     537 -0.98798E-001 -1.6126       2.7577      -6.5105       2.2774      -2.4545     
     538 -0.12944      -1.4577       2.7950      -5.7198       3.8184      -3.3962     
     539 -0.17552      -1.4897       2.3795      -4.5258       5.8603      -4.2978     
     540 -0.24188      -1.8196       1.2708      -2.9141       8.4154      -4.8740     
     541 -0.33723      -2.5141     -0.79642      -1.0653       11.335      -4.7189     
     542 -0.51161      -3.6374      -3.6755      0.39633       14.287      -3.5691     
     543 -0.60854      -5.5840      -6.2948      0.35109       16.792      -1.9511     
     544   2.4544      -5.0652      -9.4065       1.4794       16.691     -0.66108     
     545   2.4544      -1.0323      -15.808       5.1749       10.825      0.66108     
     546 -0.60854      0.13693      -16.180       5.5933       7.7345       1.9511     
     547 -0.51161     -0.77799E-001 -13.912       3.6581       4.9067       3.5691     
     548 -0.33723       1.2804      -11.222       2.4117       1.7813       4.7189     
     549 -0.24188       3.0616      -8.4941       1.5587     -0.53256       4.8740     
     550 -0.17552       4.6384      -6.0454       1.0896      -1.8597       4.2978     
     551 -0.12944       5.8251      -4.0475      0.95366      -2.4515       3.3962     
     552 -0.98798E-001  6.6262      -2.5091       1.0390      -2.5488       2.4545     
     553 -0.78528E-001  7.1191      -1.3740       1.2519      -2.3422       1.6242     
 
  ***** POST1 ELEMENT TABLE LISTING *****                                      
 
    STAT     CURRENT      CURRENT      CURRENT      CURRENT      CURRENT      CURRENT 
    ELEM     LS1          LS2          LS7          LS4          LS9          SMIS4   
     554 -0.64479E-001  7.3921     -0.56793       1.5370      -1.9709      0.96427     
     555   101.64      0.48644E-001 0.11439      -1.3229       2.9651      0.82051     
     556   101.53     -0.12869     -0.23106E-001 -1.4786       3.1716       1.1159     
     557   101.40     -0.38387     -0.17382      -1.4869       3.2341       1.2896     
     558   101.24     -0.66246     -0.25561      -1.3202       3.1123       1.2229     
     559   101.07     -0.84146     -0.15626     -0.99892       2.8028      0.83766     
     560   100.91     -0.74437      0.17797     -0.68267       2.3923      0.23484     
     561   100.79     -0.28014      0.59079      -1.0747       2.5459     -0.23173     
     562   100.64      0.32817      0.76455      -2.9759       4.8786     -0.29998     
     563   100.55      0.67741      0.67741       1.2463       1.2463     -0.22935E-006
     564   100.64      0.76455      0.32817       4.8786      -2.9759      0.29998     
     565   100.79      0.59079     -0.28014       2.5459      -1.0747      0.23173     
     566   100.91      0.17797     -0.74437       2.3922     -0.68267     -0.23484     
     567   101.07     -0.15626     -0.84146       2.8028     -0.99892     -0.83766     
     568   101.24     -0.25561     -0.66246       3.1123      -1.3202      -1.2229     
     569   101.40     -0.17382     -0.38387       3.2341      -1.4869      -1.2896     
     570   101.53     -0.23106E-001-0.12869       3.1716      -1.4786      -1.1159     
     571   101.64      0.11439      0.48643E-001  2.9651      -1.3229     -0.82050     
     572   101.72      0.20048      0.14046       2.6659      -1.0647     -0.49877     
     573 -0.47370E-001 -2.4026       2.3448      -20.865      -6.7499     -0.89602     
     574 -0.73192E-001-0.96403       3.1809      -20.655      -5.8399      -1.3655     
     575 -0.11361      0.49413       3.7006      -20.121      -4.5857      -1.8180     
     576 -0.17340       1.9557       3.7530      -19.198      -3.0023      -2.1217     
     577 -0.25583       3.3920       3.2154      -17.891      -1.1755      -2.0975     
     578 -0.36280       4.7627       2.1082      -16.358      0.71986      -1.6077     
     579 -0.50190       5.8554      0.89474      -15.040       2.5310     -0.78478     
     580 -0.34267       6.0935      0.84801      -14.636       4.6208     -0.14385     
     581   1.9740       8.0804     -0.81848      -12.967       4.4444      0.82491E-002
     582   1.9740       12.213      -4.3562      -9.1798       1.2027     -0.82486E-002
     583 -0.34267       14.049      -4.6771      -7.3459     -0.44205      0.14385     
     584 -0.50190       14.472      -2.5994      -7.1439     -0.67074      0.78478     
     585 -0.36280       15.881     -0.90087      -6.1703      -2.0375       1.6077     
     586 -0.25583       17.527      0.89082      -4.9385      -3.3056       2.0975     
     587 -0.17340       18.955       2.6638      -3.6215      -4.0004       2.1217     
     588 -0.11361       20.001       4.2457      -2.2459      -4.0861       1.8180     
     589 -0.73192E-001  20.660       5.5404     -0.83982      -3.6777       1.3655     
     590 -0.47370E-001  20.995       6.5199      0.57498      -2.9242      0.89602     
     591 -0.31527E-001  21.078       7.1982       1.9921      -1.9635      0.48464     
     592   95.157      0.15941E-001-0.64908E-002  1.1440       4.0001      0.46354     
     593   95.049     -0.12554     -0.12108       1.1363       4.0181      0.54333     
     594   94.928     -0.30840     -0.22549       1.2502       3.9088      0.47706     
 
  ***** POST1 ELEMENT TABLE LISTING *****                                      
 
    STAT     CURRENT      CURRENT      CURRENT      CURRENT      CURRENT      CURRENT 
    ELEM     LS1          LS2          LS7          LS4          LS9          SMIS4   
     595   94.800     -0.47597     -0.25193       1.4758       3.6742      0.21893     
     596   94.676     -0.53097     -0.13230       1.7533       3.3581     -0.19919     
     597   94.569     -0.37701      0.13331       1.8998       3.0981     -0.60752     
     598   94.477     -0.22080E-001 0.41553       1.3650       3.4488     -0.74773     
     599   94.367      0.34874      0.53281     -0.31267E-001  5.1479     -0.51689     
     600   94.300      0.51601      0.51601       2.7597       2.7597     -0.25132E-006
     601   94.367      0.53281      0.34874       5.1479     -0.31267E-001 0.51689     
     602   94.477      0.41553     -0.22080E-001  3.4488       1.3650      0.74773     
     603   94.569      0.13331     -0.37701       3.0981       1.8998      0.60752     
     604   94.676     -0.13230     -0.53097       3.3581       1.7533      0.19919     
     605   94.800     -0.25193     -0.47597       3.6742       1.4758     -0.21893     
     606   94.928     -0.22549     -0.30840       3.9088       1.2503     -0.47706     
     607   95.049     -0.12108     -0.12554       4.0181       1.1363     -0.54333     
     608   95.157     -0.64908E-002 0.15941E-001  4.0001       1.1440     -0.46354     
     609   95.246      0.78339E-001 0.97992E-001  3.8783       1.2554     -0.30393     
     610 -0.23408E-001 -1.8669       1.5606      -38.774      -20.802     -0.49356     
     611 -0.57622E-001  1.3357       3.4227      -38.621      -20.224     -0.72122     
     612 -0.11057       4.6017       5.0399      -38.052      -19.327     -0.86177     
     613 -0.18579       7.8952       6.3387      -37.038      -18.136     -0.82648     
     614 -0.28295       11.159       7.3010      -35.619      -16.721     -0.54459     
     615 -0.39404       14.299       8.0378      -33.950      -15.183     -0.48835E-001
     616 -0.47845       17.051       8.9716      -32.351      -13.510      0.42951     
     617 -0.16068       19.103       10.624      -31.156      -11.472      0.55226     
     618   1.6364       22.282       10.963      -28.789      -10.749      0.23924     
     619   1.6364       26.738       9.7525      -24.707      -11.858     -0.23924     
     620 -0.16068       29.373       10.503      -21.746      -11.583     -0.55226     
     621 -0.47845       30.741       12.677      -19.806      -10.115     -0.42951     
     622 -0.39404       32.575       14.425      -17.204      -9.3305      0.48835E-001
     623 -0.28295       34.511       16.021      -14.221      -8.7306      0.54459     
     624 -0.18579       36.208       17.515      -11.093      -7.8953      0.82648     
     625 -0.11057       37.506       18.814      -7.9006      -6.7052      0.86177     
     626 -0.57622E-001  38.358       19.849      -4.6967      -5.1724      0.72122     
     627 -0.23408E-001  38.789       20.587      -1.5196      -3.3677      0.49356     
     628 -0.33049E-002  38.853       21.025       1.6125      -1.3807      0.24956     
     629   79.739     -0.57948E-003-0.42252E-001  4.4828       6.0541      0.31423     
     630   79.669     -0.96552E-001-0.12280       4.5666       5.9689      0.27233     
     631   79.596     -0.20903     -0.18812       4.7331       5.7930      0.89938E-001
     632   79.523     -0.29438     -0.19228       4.9507       5.5521     -0.22749     
     633   79.458     -0.29133     -0.98898E-001  5.1495       5.3052     -0.59681     
     634   79.403     -0.15782      0.77126E-001  5.1702       5.1817     -0.85336     
     635   79.351      0.71902E-001 0.24593       4.6272       5.5946     -0.83210     
 
  ***** POST1 ELEMENT TABLE LISTING *****                                      
 
    STAT     CURRENT      CURRENT      CURRENT      CURRENT      CURRENT      CURRENT 
    ELEM     LS1          LS2          LS7          LS4          LS9          SMIS4   
     636   79.276      0.27066      0.31032       3.6043       6.8237     -0.51485     
     637   79.229      0.32457      0.32457       5.3470       5.3470     -0.25222E-006
     638   79.276      0.31032      0.27066       6.8237       3.6043      0.51484     
     639   79.351      0.24594      0.71902E-001  5.5946       4.6272      0.83210     
     640   79.403      0.77126E-001-0.15782       5.1817       5.1702      0.85336     
     641   79.458     -0.98898E-001-0.29133       5.3052       5.1495      0.59681     
     642   79.523     -0.19228     -0.29438       5.5521       4.9507      0.22749     
     643   79.596     -0.18812     -0.20903       5.7930       4.7331     -0.89937E-001
     644   79.669     -0.12280     -0.96552E-001  5.9689       4.5666     -0.27233     
     645   79.739     -0.42252E-001-0.58002E-003  6.0541       4.4828     -0.31423     
     646   79.800      0.22372E-001 0.60367E-001  6.0495       4.4854     -0.25294     
     647 -0.13386E-001 -1.1453      0.85220      -51.712      -38.933     -0.32816     
     648 -0.56518E-001  3.3449       4.1862      -51.524      -38.567     -0.40566     
     649 -0.12016       7.8852       7.3526      -50.860      -37.825     -0.36525     
     650 -0.20557       12.419       10.318      -49.725      -36.732     -0.16255     
     651 -0.30846       16.871       13.097      -48.177      -35.333      0.19505     
     652 -0.41151       21.135       15.794      -46.337      -33.676      0.59979     
     653 -0.44039       24.978       18.694      -44.420      -31.688      0.84141     
     654 -0.27623E-001  28.235       22.004      -42.580      -29.201      0.72932     
     655   1.4137       32.154       24.213      -39.717      -27.365      0.28378     
     656   1.4137       36.764       25.151      -35.493      -26.506     -0.28378     
     657 -0.27623E-001  39.957       27.172      -31.839      -24.465     -0.72932     
     658 -0.44039       42.074       29.938      -28.754      -21.385     -0.84141     
     659 -0.41151       44.319       32.172      -25.093      -18.669     -0.59979     
     660 -0.30846       46.523       34.058      -21.006      -16.126     -0.19505     
     661 -0.20557       48.454       35.693      -16.705      -13.480      0.16255     
     662 -0.12016       49.980       37.041      -12.288      -10.621      0.36524     
     663 -0.56518E-001  51.036       38.055      -7.8228      -7.5316      0.40566     
     664 -0.13386E-001  51.615       38.711      -3.3661      -4.2422      0.32816     
     665  0.12802E-001  51.740       39.000       1.0445     -0.81011      0.18943     
     666   53.023     -0.11627E-001-0.27430E-001  7.5876       8.3480      0.24157     
     667   52.989     -0.60076E-001-0.74916E-001  7.7006       8.2329      0.15016     
     668   52.957     -0.10970     -0.11488       7.8639       8.0598     -0.57615E-001
     669   52.930     -0.13666     -0.12166       8.0413       7.8606     -0.35163     
     670   52.910     -0.11320     -0.75740E-001  8.1715       7.6895     -0.63962     
     671   52.896     -0.27804E-001 0.14090E-001  8.1375       7.6467     -0.78849     
     672   52.875      0.90867E-001 0.97795E-001  7.6997       7.9998     -0.70164     
     673   52.826      0.17048      0.12866       7.0078       8.8188     -0.40722     
     674   52.791      0.15862      0.15862       7.9939       7.9939     -0.22276E-006
     675   52.826      0.12866      0.17048       8.8188       7.0078      0.40722     
     676   52.875      0.97795E-001 0.90867E-001  7.9998       7.6997      0.70164     
 
  ***** POST1 ELEMENT TABLE LISTING *****                                      
 
    STAT     CURRENT      CURRENT      CURRENT      CURRENT      CURRENT      CURRENT 
    ELEM     LS1          LS2          LS7          LS4          LS9          SMIS4   
     677   52.896      0.14090E-001-0.27804E-001  7.6467       8.1375      0.78849     
     678   52.910     -0.75740E-001-0.11320       7.6895       8.1715      0.63962     
     679   52.930     -0.12166     -0.13666       7.8606       8.0413      0.35163     
     680   52.957     -0.11488     -0.10970       8.0598       7.8639      0.57616E-001
     681   52.989     -0.74916E-001-0.60076E-001  8.2329       7.7006     -0.15016     
     682   53.023     -0.27431E-001-0.11627E-001  8.3480       7.5876     -0.24157     
     683   53.056      0.97921E-002 0.23091E-001  8.3952       7.5387     -0.23284     
     684 -0.13076E-001-0.60910      0.41069      -38.192      -52.148     -0.26732     
     685 -0.63783E-001  2.7818       4.8575      -38.022      -51.872     -0.26173     
     686 -0.13488       6.2098       9.1882      -37.523      -51.174     -0.13668     
     687 -0.22528       9.6284       13.386      -36.718      -50.075      0.11913     
     688 -0.32762       12.979       17.469      -35.660      -48.604      0.45760     
     689 -0.41771       16.174       21.513      -34.427      -46.772      0.75597     
     690 -0.39930       19.044       25.692      -33.142      -44.492      0.85525     
     691  0.69177E-001  21.509       30.044      -31.853      -41.658      0.66377     
     692   1.2754       24.366       33.507      -29.833      -39.021      0.24600     
     693   1.2754       27.596       35.953      -26.874      -36.781     -0.24600     
     694  0.69177E-001  29.858       38.881      -24.204      -33.560     -0.66377     
     695 -0.39930       31.356       42.084      -21.860      -29.472     -0.85525     
     696 -0.41771       32.887       44.719      -19.113      -25.507     -0.75597     
     697 -0.32762       34.393       46.896      -16.037      -21.639     -0.45760     
     698 -0.22528       35.739       48.718      -12.792      -17.700     -0.11913     
     699 -0.13488       36.839       50.179      -9.4565      -13.613      0.13668     
     700 -0.63783E-001  37.635       51.251      -6.0850      -9.3600      0.26173     
     701 -0.13076E-001  38.100       51.914      -2.7219      -4.9541      0.26732     
     702  0.19277E-001  38.232       52.153      0.60082     -0.43560      0.19342     
     703   19.653     -0.20886E-001 0.56765E-002  7.7863       8.1285      0.15781     
     704   19.642     -0.29137E-001-0.17669E-001  7.8826       8.0310      0.80718E-001
     705   19.634     -0.29342E-001-0.45914E-001  8.0054       7.9027     -0.70414E-001
     706   19.633     -0.16168E-001-0.67888E-001  8.1257       7.7704     -0.26767     
     707   19.637      0.12304E-001-0.70557E-001  8.2007       7.6736     -0.44419     
     708   19.646      0.50144E-001-0.48451E-001  8.1628       7.6719     -0.51462     
     709   19.644      0.81814E-001-0.15012E-001  7.8990       7.8933     -0.42973     
     710   19.616      0.84462E-001 0.92425E-002  7.5246       8.3214     -0.23172     
     711   19.593      0.46234E-001 0.46234E-001  7.9582       7.9582     -0.14875E-006
     712   19.616      0.92426E-002 0.84462E-001  8.3214       7.5246      0.23172     
     713   19.644     -0.15012E-001 0.81814E-001  7.8933       7.8990      0.42973     
     714   19.646     -0.48451E-001 0.50145E-001  7.6719       8.1628      0.51462     
     715   19.637     -0.70557E-001 0.12304E-001  7.6736       8.2007      0.44419     
     716   19.633     -0.67888E-001-0.16168E-001  7.7704       8.1257      0.26768     
     717   19.634     -0.45914E-001-0.29342E-001  7.9027       8.0054      0.70414E-001
 
  ***** POST1 ELEMENT TABLE LISTING *****                                      
 
    STAT     CURRENT      CURRENT      CURRENT      CURRENT      CURRENT      CURRENT 
    ELEM     LS1          LS2          LS7          LS4          LS9          SMIS4   
     718   19.642     -0.17669E-001-0.29137E-001  8.0310       7.8826     -0.80717E-001
     719   19.653      0.56764E-002-0.20886E-001  8.1285       7.7863     -0.15780     
     720   19.667      0.18758E-001-0.97553E-002  8.1829       7.7309     -0.16608     
     721 -0.17206E-001-0.30555      0.18989       39.115      -38.886     -0.21055     
     722 -0.73587E-001 -3.6349       3.4837       39.045      -38.698     -0.17520     
     723 -0.14933      -6.8998       6.7069       38.669      -38.227     -0.44476E-001
     724 -0.24148      -10.082       9.8632       37.951      -37.496      0.17686     
     725 -0.34057      -13.169       12.978       36.857      -36.519      0.43518     
     726 -0.41809      -16.172       16.105       35.371      -35.283      0.62890     
     727 -0.36530      -19.159       19.338       33.482      -33.707      0.65174     
     728  0.13412      -22.147       22.648       31.240      -31.720      0.47110     
     729   1.1975      -24.700       25.376       29.083      -29.744      0.16659     
     730   1.1975      -26.819       27.419       27.140      -27.871     -0.16659     
     731  0.13412      -29.191       29.625       24.785      -25.326     -0.47110     
     732 -0.36530      -31.685       31.894       22.004      -22.202     -0.65174     
     733 -0.41809      -33.827       33.745       19.193      -19.119     -0.62890     
     734 -0.34057      -35.569       35.249       16.332      -16.112     -0.43518     
     735 -0.24148      -36.928       36.494       13.351      -13.094     -0.17686     
     736 -0.14933      -37.921       37.497       10.244      -10.013      0.44476E-001
     737 -0.73587E-001 -38.580       38.247       7.0240      -6.8432      0.17519     
     738 -0.17206E-001 -38.940       38.721       3.7135      -3.5783      0.21055     
     739  0.20359E-001 -39.023       38.899      0.33650     -0.23463      0.17515     
     740   0.0000       0.0000       0.0000       0.0000       0.0000       0.0000     
     741   0.0000       0.0000       0.0000       0.0000       0.0000       0.0000     
     742   0.0000       0.0000       0.0000       0.0000       0.0000       0.0000     
     743   0.0000       0.0000       0.0000       0.0000       0.0000       0.0000     
     744   0.0000       0.0000       0.0000       0.0000       0.0000       0.0000     
     745   0.0000       0.0000       0.0000       0.0000       0.0000       0.0000     
     746   0.0000       0.0000       0.0000       0.0000       0.0000       0.0000     
     747   0.0000       0.0000       0.0000       0.0000       0.0000       0.0000     
     748   0.0000       0.0000       0.0000       0.0000       0.0000       0.0000     
     749   0.0000       0.0000       0.0000       0.0000       0.0000       0.0000     
     750   0.0000       0.0000       0.0000       0.0000       0.0000       0.0000     
     751   0.0000       0.0000       0.0000       0.0000       0.0000       0.0000     
     752   0.0000       0.0000       0.0000       0.0000       0.0000       0.0000     
     753   0.0000       0.0000       0.0000       0.0000       0.0000       0.0000     
     754   0.0000       0.0000       0.0000       0.0000       0.0000       0.0000     
     755   0.0000       0.0000       0.0000       0.0000       0.0000       0.0000     
     756   0.0000       0.0000       0.0000       0.0000       0.0000       0.0000     
     757   0.0000       0.0000       0.0000       0.0000       0.0000       0.0000     
     758 -0.21922E-001-0.19872      0.85326E-001  227.05       38.415     -0.10546     
 
  ***** POST1 ELEMENT TABLE LISTING *****                                      
 
    STAT     CURRENT      CURRENT      CURRENT      CURRENT      CURRENT      CURRENT 
    ELEM     LS1          LS2          LS7          LS4          LS9          SMIS4   
     759 -0.81918E-001 -19.910      -3.3307       226.34       38.341     -0.82917E-001
     760 -0.16013      -39.452      -6.7435       223.85       37.928     -0.13536E-001
     761 -0.25233      -58.664      -10.092       219.53       37.148      0.98017E-001
     762 -0.34796      -77.383      -13.301       213.36       35.997      0.22261     
     763 -0.41653      -95.468      -16.297       205.42       34.521      0.30896     
     764 -0.34444      -112.83      -19.018       195.84       32.816      0.30645     
     765  0.16862      -129.39      -21.493       184.84       30.968      0.20743     
     766   1.1633      -144.94      -24.018       172.68       28.841      0.68533E-001
     767   1.1633      -159.39      -26.638       159.44       26.441     -0.68533E-001
     768  0.16862      -172.86      -28.977       145.01       24.110     -0.20743     
     769 -0.34444      -185.26      -31.034       129.47       21.806     -0.30645     
     770 -0.41653      -196.32      -32.969       113.01       19.244     -0.30896     
     771 -0.34796      -205.81      -34.701       95.684       16.388     -0.22261     
     772 -0.25233      -213.58      -36.127       77.574       13.291     -0.98017E-001
     773 -0.16013      -219.56      -37.196       58.812       10.024      0.13536E-001
     774 -0.81918E-001 -223.75      -37.905       39.562       6.6597      0.82917E-001
     775 -0.21922E-001 -226.17      -38.277       19.987       3.2631      0.10546     
     776  0.19303E-001 -226.88      -38.343      0.24523     -0.12181      0.92118E-001
    2952  0.24590E-013 0.72913E-012 0.85780E-013-0.19768E-012 0.19923E-012-0.22408E-012
    2953  0.57995E-012 0.17692E-011 0.17156E-011 0.43494E-013 0.84584E-013-0.17003E-012
    2954 -0.84530E-012-0.31953E-011 0.48037E-011 0.10179E-012-0.13264E-012-0.54625E-014
    2955 -0.59539E-012-0.23804E-011 0.39888E-011-0.17881E-013-0.19805E-012 0.10327E-012

 MINIMUM VALUES
 ELEM        397          434          360          359          433          433
 VALUE   -19.939      -236.20      -236.00      -245.53      -244.78      -25.663     

 MAXIMUM VALUES
 ELEM        305          360          434          758           56          434
 VALUE    190.87       259.23       258.44       227.05       226.61       25.663     

