
 PRINT ELEMENT TABLE ITEMS PER ELEMENT
 
  ***** POST1 ELEMENT TABLE LISTING *****                                      
 
    STAT     CURRENT      CURRENT      CURRENT      CURRENT      CURRENT      CURRENT 
    ELEM     LS1          LS2          LS7          LS4          LS9          SMIS4   
       1   0.0000       0.0000       0.0000       0.0000       0.0000       0.0000     
       2   0.0000       0.0000       0.0000       0.0000       0.0000       0.0000     
       3   0.0000       0.0000       0.0000       0.0000       0.0000       0.0000     
       4   0.0000       0.0000       0.0000       0.0000       0.0000       0.0000     
       5   0.0000       0.0000       0.0000       0.0000       0.0000       0.0000     
       6   0.0000       0.0000       0.0000       0.0000       0.0000       0.0000     
       7   0.0000       0.0000       0.0000       0.0000       0.0000       0.0000     
       8   0.0000       0.0000       0.0000       0.0000       0.0000       0.0000     
       9   0.0000       0.0000       0.0000       0.0000       0.0000       0.0000     
      10   0.0000       0.0000       0.0000       0.0000       0.0000       0.0000     
      11   0.0000       0.0000       0.0000       0.0000       0.0000       0.0000     
      12   0.0000       0.0000       0.0000       0.0000       0.0000       0.0000     
      13   0.0000       0.0000       0.0000       0.0000       0.0000       0.0000     
      14   0.0000       0.0000       0.0000       0.0000       0.0000       0.0000     
      15   0.0000       0.0000       0.0000       0.0000       0.0000       0.0000     
      16   0.0000       0.0000       0.0000       0.0000       0.0000       0.0000     
      17   0.0000       0.0000       0.0000       0.0000       0.0000       0.0000     
      18   0.0000       0.0000       0.0000       0.0000       0.0000       0.0000     
      38   19.674     -0.53903E-002 0.76482E-002 -7.7739      -8.1395     -0.54952E-001
      39   19.665     -0.10762E-001 0.13654E-002 -7.7941      -8.1177     -0.46353E-001
      40   19.657     -0.14798E-001-0.91821E-002 -7.8332      -8.0758     -0.54180E-002
      41   19.651     -0.14551E-001-0.20175E-001 -7.8843      -8.0198      0.67014E-001
      42   19.647     -0.67972E-002-0.25023E-001 -7.9334      -7.9623      0.14975     
      43   19.646      0.89338E-002-0.18591E-001 -7.9556      -7.9244      0.20204     
      44   19.644      0.26853E-001-0.41694E-002 -7.8967      -7.9621      0.18700     
      45   19.632      0.34833E-001 0.75845E-002 -7.7576      -8.1189      0.10818     
      46   19.622      0.22899E-001 0.22899E-001 -7.9525      -7.9525      0.14867E-006
      47   19.632      0.75845E-002 0.34833E-001 -8.1189      -7.7576     -0.10818     
      48   19.644     -0.41693E-002 0.26853E-001 -7.9621      -7.8967     -0.18700     
      49   19.646     -0.18591E-001 0.89339E-002 -7.9244      -7.9556     -0.20204     
      50   19.647     -0.25023E-001-0.67971E-002 -7.9623      -7.9334     -0.14975     
      51   19.651     -0.20175E-001-0.14551E-001 -8.0198      -7.8843     -0.67014E-001
      52   19.657     -0.91821E-002-0.14797E-001 -8.0758      -7.8332      0.54173E-002
      53   19.665      0.13654E-002-0.10762E-001 -8.1177      -7.7941      0.46352E-001
      54   19.674      0.76481E-002-0.53903E-002 -8.1395      -7.7739      0.54951E-001
      55   19.682      0.91366E-002-0.45948E-003 -8.1412      -7.7734      0.41274E-001
      56 -0.43835E-002 0.11108     -0.20508       38.428       226.79      0.28640E-001
      57 -0.20575E-001 -3.2553      -19.958       38.322       225.97      0.31987E-001
      58 -0.42463E-001 -6.6132      -39.546       37.918       223.41      0.18059E-001
      59 -0.69653E-001 -9.9284      -58.816       37.204       219.13     -0.17487E-001
      60 -0.10071      -13.158      -77.611       36.173       213.12     -0.68961E-001
 
  ***** POST1 ELEMENT TABLE LISTING *****                                      
 
    STAT     CURRENT      CURRENT      CURRENT      CURRENT      CURRENT      CURRENT 
    ELEM     LS1          LS2          LS7          LS4          LS9          SMIS4   
      61 -0.13029      -16.256      -95.784       34.835       205.41     -0.11613     
      62 -0.12831      -19.175      -113.21       33.228       196.10     -0.13044     
      63  0.20260E-001 -21.894      -129.80       31.401       185.32     -0.96821E-001
      64  0.39499      -24.518      -145.39       29.315       173.23     -0.33944E-001
      65  0.39499      -27.066      -159.90       26.980       159.94      0.33944E-001
      66  0.20260E-001 -29.373      -173.30       24.547       145.46      0.96820E-001
      67 -0.12831      -31.430      -185.49       21.998       129.87      0.13044     
      68 -0.13029      -33.286      -196.28       19.231       113.32      0.11613     
      69 -0.10071      -34.888      -205.54       16.261       95.890      0.68961E-001
      70 -0.69653E-001 -36.197      -213.17       13.133       77.690      0.17487E-001
      71 -0.42463E-001 -37.198      -219.12       9.8928       58.868     -0.18058E-001
      72 -0.20575E-001 -37.893      -223.37       6.5829       39.576     -0.31987E-001
      73 -0.43837E-002 -38.292      -225.91       3.2386       19.970     -0.28640E-001
      74  0.64048E-002 -38.405      -226.75     -0.11317      0.20210     -0.15778E-001
      75   53.087      0.18129E-002 0.96462E-002 -7.6624      -8.2874     -0.10246     
      76   53.066     -0.16168E-001-0.66432E-002 -7.6759      -8.2740     -0.10523     
      77   53.043     -0.40812E-001-0.26450E-001 -7.7202      -8.2279     -0.60962E-001
      78   53.022     -0.64239E-001-0.38735E-001 -7.7897      -8.1530      0.35914E-001
      79   53.002     -0.70905E-001-0.29535E-001 -7.8674      -8.0635      0.16289     
      80   52.987     -0.45044E-001 0.51890E-002 -7.9139      -7.9903      0.26231     
      81   52.973      0.10493E-001 0.46391E-001 -7.8217      -8.0424      0.26878     
      82   52.951      0.62216E-001 0.64978E-001 -7.5551      -8.3537      0.16904     
      83   52.936      0.73185E-001 0.73185E-001 -7.9874      -7.9874      0.22264E-006
      84   52.951      0.64978E-001 0.62216E-001 -8.3537      -7.5551     -0.16904     
      85   52.973      0.46391E-001 0.10493E-001 -8.0424      -7.8217     -0.26878     
      86   52.987      0.51891E-002-0.45044E-001 -7.9903      -7.9139     -0.26231     
      87   53.002     -0.29535E-001-0.70905E-001 -8.0635      -7.8674     -0.16289     
      88   53.022     -0.38735E-001-0.64239E-001 -8.1530      -7.7897     -0.35915E-001
      89   53.043     -0.26450E-001-0.40812E-001 -8.2279      -7.7202      0.60961E-001
      90   53.066     -0.66431E-002-0.16168E-001 -8.2740      -7.6759      0.10523     
      91   53.087      0.96462E-002 0.18127E-002 -8.2874      -7.6624      0.10246     
      92   53.105      0.18087E-001 0.11586E-001 -8.2719      -7.6774      0.70267E-001
      93 -0.42881E-002 0.19179     -0.25425      -38.636       39.117      0.67147E-001
      94 -0.18771E-001  3.5400      -3.6582      -38.441       38.988      0.80786E-001
      95 -0.38980E-001  6.8317      -7.0158      -37.946       38.570      0.60901E-001
      96 -0.65048E-001  10.045      -10.301      -37.165       37.853     -0.32563E-002
      97 -0.96122E-001  13.168      -13.492      -36.112       36.825     -0.10442     
      98 -0.12771       16.206      -16.570      -34.800       35.477     -0.20614     
      99 -0.13246       19.192      -19.547      -33.219       33.804     -0.25090     
     100  0.75354E-002  22.142      -22.441      -31.337       31.818     -0.20020     
     101  0.41052       24.788      -25.071      -29.328       29.712     -0.74539E-001
 
  ***** POST1 ELEMENT TABLE LISTING *****                                      
 
    STAT     CURRENT      CURRENT      CURRENT      CURRENT      CURRENT      CURRENT 
    ELEM     LS1          LS2          LS7          LS4          LS9          SMIS4   
     102  0.41052       27.056      -27.414      -27.250       27.566      0.74539E-001
     103  0.75355E-002  29.287      -29.741      -24.789       25.129      0.20020     
     104 -0.13246       31.420      -31.971      -22.014       22.419      0.25090     
     105 -0.12771       33.255      -33.898      -19.177       19.598      0.20614     
     106 -0.96122E-001  34.827      -35.509      -16.265       16.650      0.10442     
     107 -0.65048E-001  36.148      -36.811      -13.246       13.561      0.32570E-002
     108 -0.38980E-001  37.207      -37.811      -10.113       10.351     -0.60901E-001
     109 -0.18771E-001  37.986      -38.521      -6.8768       7.0423     -0.80785E-001
     110 -0.42882E-002  38.472      -38.946      -3.5584       3.6626     -0.67146E-001
     111  0.51101E-002  38.654      -39.090     -0.18691      0.23887     -0.36023E-001
     112   79.899      0.11214E-001 0.26504E-001 -4.7906      -5.7926     -0.17316     
     113   79.868     -0.20482E-001-0.80313E-003 -4.7763      -5.8129     -0.21273     
     114   79.831     -0.69455E-001-0.34615E-001 -4.8046      -5.7894     -0.20373     
     115   79.792     -0.12471     -0.56566E-001 -4.8770      -5.7182     -0.12530     
     116   79.754     -0.15828     -0.40575E-001 -4.9810      -5.6070      0.19321E-001
     117   79.721     -0.13178      0.24511E-001 -5.0703      -5.4890      0.17568     
     118   79.693     -0.33031E-001 0.10530      -4.9808      -5.5210      0.24557     
     119   79.660      0.83200E-001 0.14239      -4.5827      -5.9949      0.17755     
     120   79.639      0.13815      0.13815      -5.3441      -5.3441      0.25204E-006
     121   79.660      0.14239      0.83200E-001 -5.9949      -4.5827     -0.17755     
     122   79.693      0.10530     -0.33031E-001 -5.5210      -4.9808     -0.24557     
     123   79.721      0.24511E-001-0.13178      -5.4890      -5.0703     -0.17568     
     124   79.754     -0.40574E-001-0.15828      -5.6070      -4.9810     -0.19321E-001
     125   79.792     -0.56566E-001-0.12471      -5.7182      -4.8770      0.12530     
     126   79.831     -0.34615E-001-0.69455E-001 -5.7894      -4.8046      0.20373     
     127   79.868     -0.80291E-003-0.20482E-001 -5.8129      -4.7763      0.21272     
     128   79.899      0.26504E-001 0.11214E-001 -5.7926      -4.7906      0.17316     
     129   79.925      0.40555E-001 0.25651E-001 -5.7397      -4.8383      0.11004     
     130 -0.55966E-002 0.32966     -0.41426      -51.742      -37.953      0.11029     
     131 -0.17620E-001  4.8323       2.8742      -51.453      -37.801      0.14921     
     132 -0.35093E-001  9.2487       6.1654      -50.746      -37.338      0.15147     
     133 -0.58840E-001  13.538       9.4320      -49.633      -36.568      0.96911E-001
     134 -0.88935E-001  17.675       12.641      -48.134      -35.509     -0.19150E-001
     135 -0.12256       21.662       15.754      -46.280      -34.201     -0.16503     
     136 -0.13866       25.560       18.692      -44.075      -32.708     -0.26496     
     137 -0.17305E-001  29.440       21.369      -41.473      -31.093     -0.24215     
     138  0.44484       32.878       24.088      -38.789      -29.068     -0.96294E-001
     139  0.44484       35.776       26.858      -36.134      -26.530      0.96293E-001
     140 -0.17305E-001  38.749       29.113      -32.943      -23.998      0.24215     
     141 -0.13866       41.679       30.955      -29.304      -21.472      0.26496     
     142 -0.12256       44.216       32.698      -25.613      -18.675      0.16503     
 
  ***** POST1 ELEMENT TABLE LISTING *****                                      
 
    STAT     CURRENT      CURRENT      CURRENT      CURRENT      CURRENT      CURRENT 
    ELEM     LS1          LS2          LS7          LS4          LS9          SMIS4   
     143 -0.88935E-001  46.411       34.272      -21.803      -15.688      0.19151E-001
     144 -0.58840E-001  48.264       35.607      -17.813      -12.583     -0.96910E-001
     145 -0.35093E-001  49.747       36.659      -13.636      -9.3962     -0.15147     
     146 -0.17620E-001  50.836       37.407      -9.2983      -6.1578     -0.14921     
     147 -0.55967E-002  51.516       37.844      -4.8380      -2.8951     -0.11028     
     148  0.20061E-002  51.782       37.977     -0.30262      0.36937     -0.56132E-001
     149   95.465      0.25729E-001 0.69801E-001 -1.9342      -3.2786     -0.31230     
     150   95.441     -0.16784E-001 0.35769E-001 -1.8785      -3.3567     -0.42095     
     151   95.409     -0.89326E-001-0.13214E-001 -1.8683      -3.3919     -0.49314     
     152   95.368     -0.18305     -0.55743E-001 -1.9167      -3.3671     -0.48687     
     153   95.321     -0.26432     -0.51723E-001 -2.0255      -3.2726     -0.36432     
     154   95.276     -0.26808      0.33197E-001 -2.1610      -3.1174     -0.14185     
     155   95.240     -0.13723      0.16152      -2.1152      -3.0918      0.56169E-001
     156   95.196      0.68945E-001 0.22311      -1.5472      -3.7772      0.10352     
     157   95.169      0.19552      0.19552      -2.7471      -2.7471      0.25101E-006
     158   95.196      0.22311      0.68945E-001 -3.7772      -1.5472     -0.10352     
     159   95.240      0.16152     -0.13723      -3.0918      -2.1152     -0.56169E-001
     160   95.276      0.33198E-001-0.26808      -3.1174      -2.1610      0.14185     
     161   95.321     -0.51722E-001-0.26432      -3.2726      -2.0255      0.36432     
     162   95.368     -0.55742E-001-0.18305      -3.3671      -1.9167      0.48687     
     163   95.409     -0.13214E-001-0.89326E-001 -3.3919      -1.8683      0.49314     
     164   95.441      0.35769E-001-0.16784E-001 -3.3567      -1.8785      0.42095     
     165   95.465      0.69801E-001 0.25728E-001 -3.2786      -1.9342      0.31230     
     166   95.481      0.83419E-001 0.42172E-001 -3.1751      -2.0200      0.19803     
     167 -0.99224E-002 0.54352     -0.61386      -38.563      -51.307      0.18806     
     168 -0.19104E-001  3.9338       3.7882      -38.235      -51.096      0.27375     
     169 -0.32870E-001  7.2189       8.1824      -37.560      -50.460      0.33344     
     170 -0.52667E-001  10.348       12.535      -36.550      -49.389      0.33571     
     171 -0.79684E-001  13.287       16.807      -35.229      -47.896      0.25045     
     172 -0.11365       16.039       20.951      -33.643      -46.033      0.76734E-001
     173 -0.14389       18.719       24.872      -31.815      -43.914     -0.11243     
     174 -0.54787E-001  21.511       28.429      -29.690      -41.674     -0.18356     
     175  0.50555       23.832       32.103      -27.750      -38.881     -0.85046E-001
     176  0.50555       25.567       35.935      -26.160      -35.370      0.85045E-001
     177 -0.54787E-001  27.703       39.038      -24.016      -31.953      0.18356     
     178 -0.14389       30.063       41.579      -21.421      -28.605      0.11243     
     179 -0.11365       32.117       44.032      -18.910      -24.883     -0.76734E-001
     180 -0.79684E-001  33.937       46.249      -16.307      -20.917     -0.25045     
     181 -0.52667E-001  35.509       48.109      -13.494      -16.792     -0.33571     
     182 -0.32870E-001  36.788       49.555      -10.465      -12.549     -0.33344     
     183 -0.19104E-001  37.746       50.572      -7.2512      -8.2271     -0.27375     
 
  ***** POST1 ELEMENT TABLE LISTING *****                                      
 
    STAT     CURRENT      CURRENT      CURRENT      CURRENT      CURRENT      CURRENT 
    ELEM     LS1          LS2          LS7          LS4          LS9          SMIS4   
     184 -0.99224E-002  38.369       51.165      -3.9025      -3.8601     -0.18806     
     185 -0.40765E-002  38.652       51.348     -0.47184      0.52292     -0.10003     
     186   102.05      0.59137E-001 0.14587     -0.24428      -1.4248     -0.56088     
     187   102.08      0.13263E-001 0.11485     -0.19642      -1.5254     -0.78172     
     188   102.12     -0.77133E-001 0.56124E-001-0.18273      -1.6080     -0.99718     
     189   102.14     -0.21265     -0.14368E-001-0.21092      -1.6625      -1.1457     
     190   102.15     -0.36819     -0.51137E-001-0.28370      -1.6723      -1.1321     
     191   102.14     -0.46582      0.21183E-001-0.37808      -1.6277     -0.87085     
     192   102.10     -0.36242      0.19950     -0.32134      -1.5661     -0.44981     
     193   102.08     -0.39787E-001 0.28208      0.54000      -2.6300     -0.12992     
     194   102.04      0.20356      0.20356      -1.1660      -1.1660      0.22885E-006
     195   102.08      0.28208     -0.39786E-001 -2.6300      0.54000      0.12992     
     196   102.10      0.19950     -0.36242      -1.5661     -0.32135      0.44981     
     197   102.14      0.21184E-001-0.46582      -1.6277     -0.37808      0.87085     
     198   102.15     -0.51136E-001-0.36819      -1.6723     -0.28370       1.1321     
     199   102.14     -0.14367E-001-0.21265      -1.6625     -0.21092       1.1457     
     200   102.12      0.56125E-001-0.77133E-001 -1.6080     -0.18273      0.99718     
     201   102.08      0.11485      0.13263E-001 -1.5254     -0.19642      0.78172     
     202   102.05      0.14587      0.59136E-001 -1.4248     -0.24428      0.56088     
     203   102.02      0.14947      0.71290E-001 -1.3157     -0.31574      0.36632     
     204 -0.18054E-001 0.73177     -0.68780      -20.830      -38.383      0.34098     
     205 -0.24859E-001  2.6398       2.5363      -20.462      -38.172      0.50326     
     206 -0.34819E-001  4.4392       5.7344      -19.839      -37.618      0.66503     
     207 -0.49523E-001  6.0634       8.8796      -18.962      -36.701      0.78588     
     208 -0.70940E-001  7.4454       11.944      -17.858      -35.418      0.80333     
     209 -0.10116       8.5555       14.904      -16.587      -33.818      0.65024     
     210 -0.14476       9.4989       17.702      -15.233      -32.053      0.33932     
     211 -0.10867       10.765       20.118      -13.687      -30.397      0.61826E-001
     212  0.60141       11.528       22.884      -12.733      -28.224     -0.11925E-001
     213  0.60141       11.679       26.122      -12.593      -25.257      0.11925E-001
     214 -0.10867       12.697       28.527      -11.917      -22.691     -0.61826E-001
     215 -0.14476       14.347       30.388      -10.790      -20.428     -0.33932     
     216 -0.10116       15.778       32.390      -9.9686      -17.795     -0.65023     
     217 -0.70940E-001  17.141       34.242      -8.9735      -14.986     -0.80333     
     218 -0.49523E-001  18.362       35.788      -7.6930      -12.045     -0.78588     
     219 -0.34819E-001  19.376       36.975      -6.1514      -8.9913     -0.66503     
     220 -0.24859E-001  20.154       37.806      -4.4131      -5.8536     -0.50326     
     221 -0.18054E-001  20.686       38.297      -2.5444      -2.6602     -0.34098     
     222 -0.13278E-001  20.981       38.469     -0.60253      0.56415     -0.19990     
     223   103.40      0.14275      0.24733     -0.35889E-002 0.96302E-001-0.89269     
     224   103.56      0.11244      0.23098     -0.18132      0.20289      -1.2716     
 
  ***** POST1 ELEMENT TABLE LISTING *****                                      
 
    STAT     CURRENT      CURRENT      CURRENT      CURRENT      CURRENT      CURRENT 
    ELEM     LS1          LS2          LS7          LS4          LS9          SMIS4   
     225   103.77      0.24123E-001 0.17372     -0.43598      0.34785      -1.7091     
     226   104.05     -0.14080      0.77622E-001-0.74579      0.49420      -2.1418     
     227   104.36     -0.38637     -0.27396E-001 -1.0311      0.54176      -2.4262     
     228   104.66     -0.66886     -0.41122E-001 -1.1453      0.39378      -2.3141     
     229   104.84     -0.79449      0.18632     -0.59120     -0.47659      -1.5897     
     230   104.55     -0.39320      0.29825       1.5398      -2.3098     -0.67318     
     231   104.79      0.71204E-001 0.71204E-001-0.79924     -0.79924      0.19349E-006
     232   104.55      0.29825     -0.39320      -2.3098       1.5398      0.67318     
     233   104.84      0.18632     -0.79449     -0.47659     -0.59120       1.5897     
     234   104.66     -0.41122E-001-0.66886      0.39378      -1.1453       2.3141     
     235   104.36     -0.27396E-001-0.38637      0.54176      -1.0311       2.4262     
     236   104.05      0.77622E-001-0.14080      0.49420     -0.74579       2.1418     
     237   103.77      0.17372      0.24123E-001 0.34786     -0.43598       1.7091     
     238   103.56      0.23098      0.11244      0.20289     -0.18132       1.2716     
     239   103.40      0.24733      0.14275      0.96302E-001-0.35895E-002 0.89269     
     240   103.28      0.23163      0.13556      0.35213E-001 0.10250      0.59133     
     241 -0.25818E-001 0.59274     -0.32334      -7.6283      -20.835      0.58043     
     242 -0.31240E-001  1.3677       1.4403      -7.2994      -20.579      0.85477     
     243 -0.38959E-001  2.0818       3.1481      -6.7817      -20.073       1.1739     
     244 -0.50654E-001  2.6839       4.7432      -6.0361      -19.292       1.4983     
     245 -0.68230E-001  3.0936       6.1553      -5.0322      -18.232       1.7412     
     246 -0.95189E-001  3.1786       7.3342      -3.7935      -16.949       1.7494     
     247 -0.14455       2.9143       8.2656      -2.4115      -15.663       1.3561     
     248 -0.19142       2.3567       8.9549      -1.3102      -14.753      0.69610     
     249  0.73767       2.0916       10.271     -0.77350      -13.507      0.19620     
     250  0.73767      0.58827       12.560      -2.1510      -11.409     -0.19620     
     251 -0.19142       1.0999       13.917      -2.4619      -10.207     -0.69610     
     252 -0.14455       2.1483       14.883      -3.1134      -9.5993      -1.3561     
     253 -0.95189E-001  3.5021       16.246      -3.4971      -8.7835      -1.7494     
     254 -0.68230E-001  4.7434       17.626      -3.5204      -7.7209      -1.7412     
     255 -0.50654E-001  5.7792       18.805      -3.1998      -6.4066      -1.4983     
     256 -0.38959E-001  6.5745       19.723      -2.6650      -4.8857      -1.1739     
     257 -0.31240E-001  7.1524       20.375      -1.9987      -3.2284     -0.85477     
     258 -0.25818E-001  7.5476       20.784      -1.2553      -1.4938     -0.58043     
     259 -0.21594E-001  7.7911       20.973     -0.47091      0.27763     -0.36336     
     260   102.30      0.31077      0.34668     -0.72729       1.4659      -1.1068     
     261   102.51      0.33872      0.34868      -1.4258       2.1496      -1.6249     
     262   102.86      0.31125      0.29798      -2.4734       3.1658      -2.3022     
     263   103.44      0.18920      0.17873      -3.9637       4.5847      -3.1281     
     264   104.38     -0.79000E-001-0.11854E-001 -5.9231       6.3859      -4.0060     
     265   105.82     -0.54846     -0.22676      -8.0669       8.0666      -4.6223     
 
  ***** POST1 ELEMENT TABLE LISTING *****                                      
 
    STAT     CURRENT      CURRENT      CURRENT      CURRENT      CURRENT      CURRENT 
    ELEM     LS1          LS2          LS7          LS4          LS9          SMIS4   
     266   107.75      -1.2178     -0.14654      -9.7635       9.5467      -4.2864     
     267   109.62      -1.4809      0.41843      -3.1211      -3.3376      -1.9350     
     268   105.32     -0.46715     -0.46715      0.87824      0.87824      0.15465E-006
     269   109.62      0.41843      -1.4809      -3.3376      -3.1211       1.9350     
     270   107.75     -0.14653      -1.2178       9.5467      -9.7635       4.2864     
     271   105.82     -0.22676     -0.54845       8.0666      -8.0669       4.6223     
     272   104.38     -0.11853E-001-0.79000E-001  6.3859      -5.9231       4.0060     
     273   103.44      0.17873      0.18920       4.5847      -3.9637       3.1281     
     274   102.86      0.29798      0.31125       3.1658      -2.4734       2.3022     
     275   102.51      0.34868      0.33872       2.1496      -1.4258       1.6249     
     276   102.30      0.34668      0.31077       1.4659     -0.72729       1.1068     
     277   102.17      0.30991      0.25507       1.0267     -0.28094      0.72742     
     278 -0.18632E-001-0.24916      0.65592     -0.71188      -7.7433      0.81602     
     279 -0.19018E-001-0.35988       1.6916     -0.69840      -7.4107       1.2123     
     280 -0.21782E-001-0.50735       2.7856     -0.66159      -6.8147       1.7222     
     281 -0.31046E-001-0.63528       3.8383     -0.52714      -5.8776       2.3320     
     282 -0.53920E-001-0.63485       4.6249     -0.11769      -4.5640       2.9711     
     283 -0.96644E-001-0.34082       4.7478      0.91586      -2.9861       3.4497     
     284 -0.20578      0.17437       3.6813       2.9973      -1.6434       3.3530     
     285 -0.36182       2.2673      0.56548       7.4618      -2.1994       2.2322     
     286  0.90314      -5.5184      0.69368       3.0932      -1.4382      0.79801     
     287  0.90314      -2.6005       1.3723       5.7669     -0.81639     -0.79802     
     288 -0.36182      -7.6310       2.1417      -1.6084     -0.75502      -2.2322     
     289 -0.20578      -3.0011       1.3163      0.87526E-001 -3.8105      -3.3530     
     290 -0.96644E-001-0.88267       2.5610      0.41935      -4.9900      -3.4497     
     291 -0.53920E-001 0.17257       4.1435      0.62218      -5.0051      -2.9711     
     292 -0.31046E-001 0.58050       5.5207      0.58692      -4.3359      -2.3320     
     293 -0.21782E-001 0.70329       6.5460      0.44776      -3.3689      -1.7222     
     294 -0.19018E-001 0.72711       7.2351      0.29764      -2.3310      -1.2123     
     295 -0.18632E-001 0.73088       7.6566      0.18617      -1.3283     -0.81602     
     296 -0.18433E-001 0.73880       7.8812      0.12917     -0.39648     -0.52285     
     297   100.32      0.53033      0.41027     -0.99922       1.7635     -0.84447     
     298   100.24      0.66406      0.41999      -1.9141       2.7540      -1.2797     
     299   100.16      0.78521      0.36299      -3.4459       4.4303      -1.9108     
     300   100.14      0.86244      0.20295      -6.0255       7.2911      -2.8149     
     301   100.42      0.83627     -0.10554      -10.415       12.229      -4.0846     
     302   101.63      0.58906     -0.61696      -18.048       21.033      -5.7907     
     303   105.47     -0.13513      -1.3713      -31.172       35.760      -7.6859     
     304   116.67      -1.9653     -0.86724      -59.043       79.149      -8.7786     
     305   146.16      -2.5891      -2.5891      -36.592      -36.592      0.12423E-006
     306   116.67     -0.86724      -1.9653       79.149      -59.043       8.7786     
 
  ***** POST1 ELEMENT TABLE LISTING *****                                      
 
    STAT     CURRENT      CURRENT      CURRENT      CURRENT      CURRENT      CURRENT 
    ELEM     LS1          LS2          LS7          LS4          LS9          SMIS4   
     307   105.47      -1.3713     -0.13513       35.760      -31.172       7.6859     
     308   101.63     -0.61696      0.58906       21.033      -18.048       5.7907     
     309   100.42     -0.10554      0.83628       12.229      -10.415       4.0846     
     310   100.14      0.20295      0.86244       7.2911      -6.0255       2.8149     
     311   100.16      0.36299      0.78521       4.4303      -3.4459       1.9108     
     312   100.24      0.41999      0.66406       2.7540      -1.9141       1.2797     
     313   100.32      0.41027      0.53033       1.7635     -0.99922      0.84447     
     314   100.38      0.36136      0.40123       1.1769     -0.45290      0.54696     
     315  0.19434E-001 -1.4364       1.5334       1.5490     -0.86792      0.81375     
     316  0.40391E-001 -2.4295       2.5800      0.94794     -0.63897       1.2335     
     317  0.66933E-001 -3.7645       4.1466     -0.71187E-001-0.85867E-001  1.8214     
     318  0.94003E-001 -5.4850       6.4026      -1.6827       1.0724       2.6204     
     319  0.10773      -7.4876       9.4333      -4.0113       3.2569       3.6542     
     320  0.67751E-001 -9.2243       12.941      -6.8334       6.9340       4.8721     
     321 -0.69231E-001 -8.8296       15.628      -8.5679       12.151       5.9798     
     322  -1.2012      -2.2865       12.371      -3.8507       15.276       5.7692     
     323  0.91245       44.043      -9.2582       41.634       1.0472       3.1454     
     324  0.91245      -45.314     -0.23632      -40.247       9.3142      -3.1454     
     325  -1.2012       4.0353      -16.296       1.9422      -10.992      -5.7692     
     326 -0.69231E-001  9.3049      -13.467       8.0493      -14.509      -5.9798     
     327  0.67751E-001  7.6113      -8.0356       8.5936      -12.288      -4.8721     
     328  0.10773       4.6486      -4.0666       7.1095      -9.1136      -3.6542     
     329  0.94003E-001  2.1543      -1.6264       5.3175      -6.2847      -2.6204     
     330  0.66933E-001 0.39901     -0.27586       3.7439      -4.1383      -1.8214     
     331  0.40391E-001-0.73259      0.41167       2.5029      -2.6259      -1.2335     
     332  0.19434E-001 -1.4179      0.73098       1.5659      -1.6032     -0.81375     
     333  0.49756E-002 -1.8063      0.86084      0.86861     -0.92631     -0.52083     
     334   98.831      0.64439      0.42770      0.18259      0.17825     -0.89894E-002
     335   98.381      0.84605      0.43541      0.17813      0.18243     -0.21666E-002
     336   97.568       1.0807      0.36648      0.17242      0.18781      0.66913E-002
     337   96.067       1.3531      0.17034      0.16510      0.19463      0.15707E-001
     338   93.206       1.6756     -0.23283      0.15499      0.20406      0.22606E-001
     339   87.541       2.0726     -0.97271      0.14188      0.21678      0.25303E-001
     340   75.905       2.5940      -2.3186      0.13089      0.23330      0.22287E-001
     341   50.607       3.2365      -5.8223      0.15966      0.17739      0.16388E-001
     342   50.607      -5.8223       3.2365      0.17739      0.15966     -0.16388E-001
     343   75.905      -2.3186       2.5940      0.23330      0.13089     -0.22287E-001
     344   87.541     -0.97271       2.0726      0.21678      0.14188     -0.25303E-001
     345   93.206     -0.23283       1.6756      0.20406      0.15499     -0.22606E-001
     346   96.067      0.17034       1.3531      0.19463      0.16510     -0.15708E-001
     347   97.568      0.36648       1.0807      0.18781      0.17242     -0.66915E-002
 
  ***** POST1 ELEMENT TABLE LISTING *****                                      
 
    STAT     CURRENT      CURRENT      CURRENT      CURRENT      CURRENT      CURRENT 
    ELEM     LS1          LS2          LS7          LS4          LS9          SMIS4   
     348   98.381      0.43541      0.84605      0.18243      0.17813      0.21664E-002
     349   98.831      0.42770      0.64439      0.17825      0.18259      0.89893E-002
     350   99.086      0.37710      0.47365      0.17546      0.18568      0.12716E-001
     351  0.68132E-001 -1.2650      0.76052       1.9036       1.4292      0.36585     
     352  0.12229      -2.3176       1.2791       1.0024       1.1143      0.56076     
     353  0.20483      -3.9148       2.4232     -0.58968      0.80900      0.85337     
     354  0.32786      -6.5359       4.7502      -3.4260      0.77906       1.2965     
     355  0.50868      -11.187       9.3589      -8.6493       1.7561       1.9755     
     356  0.77431      -20.042       18.502      -18.780       5.6661       3.0309     
     357   1.1279      -37.764       36.667      -39.620       17.385       4.7027     
     358   1.8619      -75.543       75.173      -85.930       51.124       7.3438     
     359  -5.0277      -147.34       131.80      -179.42       117.17       7.7095     
     360  -5.0277       191.58      -128.21       131.14      -121.09      -7.7095     
     361   1.8619       92.187      -57.482       67.766      -70.431      -7.3438     
     362   1.1279       42.761      -20.515       34.168      -35.012      -4.7027     
     363  0.77431       20.456      -7.2571       18.329      -17.938      -3.0309     
     364  0.50868       9.5914      -2.5651       10.391      -9.1702      -1.9755     
     365  0.32786       3.9826      -1.1901       6.2125      -4.6642      -1.2965     
     366  0.20483      0.92863      -1.0171       3.8485      -2.3434     -0.85337     
     367  0.12229     -0.79660      -1.2216       2.3962      -1.1771     -0.56076     
     368  0.68133E-001 -1.7861      -1.4900       1.4261     -0.63307     -0.36585     
     369  0.33794E-001 -2.3464      -1.7139      0.72763     -0.42840     -0.23517     
     370   98.913      0.52770      0.40576       1.3360      -1.4356      0.82601     
     371   98.833      0.65918      0.41397       2.2419      -2.4177       1.2749     
     372   98.751      0.77888      0.35672       3.7621      -4.0831       1.9239     
     373   98.736      0.85609      0.19802       6.3269      -6.9301       2.8464     
     374   99.013      0.83155     -0.10759       10.696      -11.849       4.1302     
     375   100.22      0.58740     -0.61515       18.302      -20.626       5.8417     
     376   104.06     -0.13298      -1.3653       31.407      -35.332       7.7307     
     377   115.26      -1.9595     -0.85761       59.287      -78.705       8.8035     
     378   144.74      -2.5797      -2.5797       36.925       36.925     -0.27332E-007
     379   115.26     -0.85761      -1.9595      -78.705       59.287      -8.8035     
     380   104.06      -1.3653     -0.13298      -35.332       31.407      -7.7307     
     381   100.22     -0.61515      0.58740      -20.626       18.302      -5.8417     
     382   99.013     -0.10759      0.83156      -11.849       10.696      -4.1302     
     383   98.736      0.19802      0.85609      -6.9301       6.3269      -2.8464     
     384   98.751      0.35672      0.77888      -4.0831       3.7621      -1.9239     
     385   98.833      0.41397      0.65918      -2.4177       2.2419      -1.2749     
     386   98.913      0.40576      0.52770      -1.4356       1.3360     -0.82601     
     387   98.972      0.35901      0.40096     -0.85445      0.79575     -0.52122     
     388  0.68385E-001 0.76731      -1.2718       2.3933       1.8894     -0.34266     
 
  ***** POST1 ELEMENT TABLE LISTING *****                                      
 
    STAT     CURRENT      CURRENT      CURRENT      CURRENT      CURRENT      CURRENT 
    ELEM     LS1          LS2          LS7          LS4          LS9          SMIS4   
     389  0.12267       1.1949      -2.3162       2.0742      0.98951     -0.54816     
     390  0.20531       2.2461      -3.9029       1.7561     -0.59991     -0.85695     
     391  0.32846       4.4793      -6.5113       1.7041      -3.4318      -1.3188     
     392  0.50952       8.9928      -11.146       2.6489      -8.6479      -2.0145     
     393  0.77542       18.039      -19.980       6.5148      -18.767      -3.0800     
     394   1.1291       36.112      -37.683       18.181      -39.592      -4.7515     
     395   1.8583       74.548      -75.472       51.871      -85.904      -7.3807     
     396  -5.0284       131.11      -147.19       117.86      -179.32      -7.7235     
     397  -5.0284      -128.83       191.46      -120.34       131.00       7.7235     
     398   1.8583      -58.171       92.155      -69.744       67.698       7.3807     
     399   1.1291      -21.259       42.726      -34.390       34.089       4.7515     
     400  0.77542      -8.0622       20.437      -17.402       18.269       3.0800     
     401  0.50952      -3.4226       9.5864      -8.7277       10.350       2.0145     
     402  0.32846      -2.0880       3.9862      -4.3137       6.1874       1.3188     
     403  0.20531      -1.9451      0.93779      -2.0845       3.8358      0.85695     
     404  0.12267      -2.1704     -0.78388      -1.0095       2.3936      0.54816     
     405  0.68385E-001 -2.4510      -1.7713     -0.55580       1.4316      0.34266     
     406  0.33912E-001 -2.6789      -2.3309     -0.43947      0.73862      0.20809     
     407   99.789      0.30571      0.33760      0.91965      -1.2830       1.0870     
     408   100.00      0.32900      0.33645       1.6092      -1.9583       1.6187     
     409   100.35      0.29847      0.28516       2.6451      -2.9634       2.3146     
     410   100.93      0.17624      0.16863       4.1202      -4.3682       3.1599     
     411   101.87     -0.88685E-001-0.16072E-001  6.0589      -6.1501       4.0529     
     412   103.30     -0.55183     -0.22297       8.1748      -7.8033       4.6751     
     413   105.24      -1.2130     -0.13430       9.8476      -9.2547       4.3324     
     414   107.11      -1.4679      0.43646       3.2216       3.6238       1.9618     
     415   102.82     -0.44876     -0.44876     -0.67957     -0.67957     -0.58608E-007
     416   107.11      0.43646      -1.4679       3.6238       3.2216      -1.9618     
     417   105.24     -0.13430      -1.2130      -9.2547       9.8476      -4.3324     
     418   103.30     -0.22297     -0.55183      -7.8033       8.1748      -4.6751     
     419   101.87     -0.16071E-001-0.88684E-001 -6.1501       6.0589      -4.0529     
     420   100.93      0.16863      0.17624      -4.3682       4.1202      -3.1599     
     421   100.35      0.28516      0.29847      -2.9634       2.6451      -2.3146     
     422   100.00      0.33645      0.32900      -1.9583       1.6092      -1.6187     
     423   99.789      0.33760      0.30571      -1.2830      0.91965      -1.0870     
     424   99.660      0.30527      0.25479     -0.84905      0.47918     -0.70098     
     425  0.20186E-001  1.5402      -1.4432       3.0153       2.4871     -0.78981     
     426  0.41508E-001  2.2413      -2.5112       3.2293       1.8845      -1.2199     
     427  0.68373E-001  3.4624      -3.9181       3.7367      0.85795      -1.8242     
     428  0.95842E-001  5.3755      -5.7069       4.8181     -0.76661      -2.6424     
     429  0.11026       8.0678      -7.7721       6.8933      -3.1129      -3.6937     
 
  ***** POST1 ELEMENT TABLE LISTING *****                                      
 
    STAT     CURRENT      CURRENT      CURRENT      CURRENT      CURRENT      CURRENT 
    ELEM     LS1          LS2          LS7          LS4          LS9          SMIS4   
     430  0.71213E-001  11.243      -9.5638       10.428      -5.9552      -4.9222     
     431 -0.66364E-001  13.609      -9.2222       15.472      -7.7135      -6.0295     
     432  -1.2045       10.063      -2.7407       18.404      -3.0297      -5.8057     
     433  0.90308      -11.789       43.466       3.9991       42.363      -3.1587     
     434  0.90308      -2.9564      -45.990       12.093      -39.609       3.1587     
     435  -1.2045      -19.211       3.2571      -8.4209       2.4662       5.8057     
     436 -0.66364E-001 -16.599       8.4879      -12.209       8.5148       6.0295     
     437  0.71213E-001 -11.368       6.7661      -10.291       9.0084       4.9222     
     438  0.11026      -7.5702       3.7785      -7.4363       7.4712       3.6937     
     439  0.95842E-001 -5.2682       1.2611      -4.9352       5.6184       2.6424     
     440  0.68373E-001 -4.0243     -0.51320      -3.1236       3.9780       1.8242     
     441  0.41508E-001 -3.4123      -1.6585      -1.9514       2.6659       1.2199     
     442  0.20186E-001 -3.1380      -2.3519      -1.2715       1.6545      0.78981     
     443  0.53203E-002 -3.0231      -2.7427     -0.93732      0.87941      0.49350     
     444   100.86      0.13572      0.23363     -0.22899     -0.34005      0.87134     
     445   101.01      0.98046E-001 0.21222     -0.59971E-001-0.43854       1.2636     
     446   101.23      0.46481E-002 0.15386      0.18287     -0.57230       1.7203     
     447   101.50     -0.16092      0.61905E-001 0.47740     -0.70426       2.1740     
     448   101.82     -0.40163     -0.33933E-001 0.74180     -0.73232       2.4752     
     449   102.12     -0.67434     -0.35139E-001 0.82681     -0.55599       2.3701     
     450   102.29     -0.78726      0.20518      0.24523      0.34618       1.6389     
     451   102.01     -0.37333      0.32590      -1.8706       2.1781      0.70203     
     452   102.25      0.99254E-001 0.99254E-001 0.57259      0.57259     -0.10154E-006
     453   102.01      0.32590     -0.37333       2.1781      -1.8706     -0.70203     
     454   102.29      0.20518     -0.78726      0.34618      0.24523      -1.6389     
     455   102.12     -0.35139E-001-0.67434     -0.55599      0.82681      -2.3701     
     456   101.82     -0.33932E-001-0.40162     -0.73232      0.74180      -2.4752     
     457   101.50      0.61906E-001-0.16092     -0.70426      0.47740      -2.1740     
     458   101.23      0.15386      0.46484E-002-0.57230      0.18288      -1.7203     
     459   101.01      0.21222      0.98046E-001-0.43854     -0.59971E-001 -1.2636     
     460   100.86      0.23363      0.13572     -0.34005     -0.22899     -0.87134     
     461   100.74      0.22486      0.13582     -0.28358     -0.32977     -0.56435     
     462 -0.17401E-001 0.66296     -0.25623       2.5762       3.1577     -0.79098     
     463 -0.17157E-001 0.79227     -0.69769       2.8692       3.1590      -1.1971     
     464 -0.19360E-001 0.98393      -1.1708       3.3464       3.1557      -1.7236     
     465 -0.27951E-001  1.1453      -1.6166       4.0852       3.2221      -2.3537     
     466 -0.49663E-001  1.0577      -1.9226       5.1207       3.5368      -3.0117     
     467 -0.90806E-001 0.32876      -1.9195       6.3407       4.4515      -3.5020     
     468 -0.20065      -1.5570      -1.6815       7.2494       6.3912      -3.4052     
     469 -0.36610      -5.4342      0.12975       6.1999       10.679      -2.2709     
     470  0.88579      -5.9773      -7.9625       6.4407       6.0771     -0.81232     
 
  ***** POST1 ELEMENT TABLE LISTING *****                                      
 
    STAT     CURRENT      CURRENT      CURRENT      CURRENT      CURRENT      CURRENT 
    ELEM     LS1          LS2          LS7          LS4          LS9          SMIS4   
     471  0.88579      -5.8952      -5.3600       6.5159       8.4619      0.81232     
     472 -0.36610      -5.7027      -10.650       5.9538      0.80152       2.2709     
     473 -0.20065      -7.0861      -6.2204       2.1829       2.2322       3.4052     
     474 -0.90806E-001 -6.3452      -4.2673      0.22512       2.3001       3.5020     
     475 -0.49663E-001 -5.1934      -3.3558     -0.60740       2.2235       3.0117     
     476 -0.27951E-001 -4.1694      -3.0689     -0.78493       1.8913       2.3537     
     477 -0.19360E-001 -3.4195      -3.0416     -0.68852       1.4414       1.7236     
     478 -0.17157E-001 -2.9274      -3.0862     -0.53918      0.97036       1.1971     
     479 -0.17401E-001 -2.6242      -3.1233     -0.43590      0.53047      0.79098     
     480 -0.17897E-001 -2.4395      -3.1288     -0.40733      0.13973      0.49542     
     481   102.10      0.50897E-001 0.12755     -0.90697      0.25837      0.53849     
     482   102.13     -0.54118E-002 0.89211E-001-0.96272      0.36624      0.77167     
     483   102.17     -0.10352      0.28642E-001-0.98785      0.45976       1.0068     
     484   102.19     -0.24070     -0.36209E-001-0.97485      0.52865       1.1780     
     485   102.20     -0.38998     -0.60087E-001-0.92314      0.55801       1.1831     
     486   102.19     -0.47416      0.29752E-001-0.85964      0.54309      0.93000     
     487   102.15     -0.35309      0.22581     -0.95030      0.51966      0.50218     
     488   102.12     -0.12962E-001 0.32032      -1.8012       1.5887      0.16067     
     489   102.08      0.24198      0.24198      0.20204E-001 0.20204E-001-0.14840E-006
     490   102.12      0.32032     -0.12962E-001  1.5887      -1.8012     -0.16067     
     491   102.15      0.22581     -0.35309      0.51966     -0.95030     -0.50218     
     492   102.19      0.29752E-001-0.47416      0.54309     -0.85963     -0.93000     
     493   102.20     -0.60086E-001-0.38998      0.55801     -0.92314      -1.1831     
     494   102.19     -0.36208E-001-0.24070      0.52865     -0.97485      -1.1780     
     495   102.17      0.28643E-001-0.10352      0.45976     -0.98785      -1.0068     
     496   102.13      0.89211E-001-0.54120E-002 0.36624     -0.96272     -0.77167     
     497   102.10      0.12755      0.50896E-001 0.25837     -0.90697     -0.53849     
     498   102.06      0.14081      0.72877E-001 0.14574     -0.83138     -0.34004     
     499 -0.24160E-001-0.31577      0.58479     -0.49416       2.7143     -0.55471     
     500 -0.28656E-001-0.33138      0.46412     -0.31709       3.0064     -0.83769     
     501 -0.35548E-001-0.39240      0.29235     -0.44324E-001  3.4106      -1.1734     
     502 -0.46283E-001-0.54225      0.25129E-001 0.34973       3.9663      -1.5193     
     503 -0.62234E-001-0.83846     -0.41000      0.86937       4.7056      -1.7830     
     504 -0.86880E-001 -1.3202      -1.1367       1.4599       5.6091      -1.8045     
     505 -0.13687      -1.9864      -2.1763       1.9072       6.5892      -1.4116     
     506 -0.19641      -2.7999      -3.4872       1.8520       7.2133     -0.73746     
     507  0.71176      -2.8468      -4.5102       2.0479       7.1697     -0.21156     
     508  0.71176      -1.7920      -6.7493       3.0144       5.1179      0.21156     
     509 -0.19641      -1.6009      -6.8819       2.9507       4.1026      0.73746     
     510 -0.13687      -1.7268      -6.3745       2.1451       2.7423       1.4116     
     511 -0.86880E-001 -1.3393      -5.4887       1.4424       1.6213       1.8045     
 
  ***** POST1 ELEMENT TABLE LISTING *****                                      
 
    STAT     CURRENT      CURRENT      CURRENT      CURRENT      CURRENT      CURRENT 
    ELEM     LS1          LS2          LS7          LS4          LS9          SMIS4   
     512 -0.62234E-001-0.79299      -4.6519      0.91104      0.81856       1.7830     
     513 -0.46283E-001-0.30114      -3.9534      0.57067      0.32066       1.5193     
     514 -0.35548E-001 0.78355E-001 -3.4231      0.38705      0.60164E-002  1.1734     
     515 -0.28656E-001 0.34477      -3.0355      0.30248     -0.20033      0.83769     
     516 -0.24160E-001 0.51980      -2.7549      0.27150     -0.34600      0.55471     
     517 -0.20932E-001 0.62981      -2.5499      0.26696     -0.46043      0.33682     
     518   103.00      0.17455E-001 0.47071E-001-0.73733      0.58286      0.29093     
     519   102.97     -0.38902E-001 0.31238E-002-0.79898      0.66636      0.40964     
     520   102.94     -0.12258     -0.48708E-001-0.81906      0.71107      0.50057     
     521   102.90     -0.21986     -0.83965E-001-0.78498      0.69988      0.51760     
     522   102.85     -0.29395     -0.62780E-001-0.69689      0.62469      0.41523     
     523   102.80     -0.28042      0.45254E-001-0.59459      0.50088      0.20171     
     524   102.77     -0.12650      0.19636     -0.68372      0.52230     -0.32120E-002
     525   102.72      0.10249      0.27277      -1.2509       1.2250     -0.72664E-001
     526   102.70      0.24461      0.24461      0.78725E-001 0.78725E-001-0.19234E-006
     527   102.72      0.27277      0.10250       1.2250      -1.2509      0.72664E-001
     528   102.77      0.19636     -0.12650      0.52230     -0.68372      0.32118E-002
     529   102.80      0.45254E-001-0.28042      0.50087     -0.59459     -0.20171     
     530   102.85     -0.62779E-001-0.29395      0.62469     -0.69689     -0.41523     
     531   102.90     -0.83964E-001-0.21986      0.69988     -0.78498     -0.51759     
     532   102.94     -0.48707E-001-0.12258      0.71106     -0.81906     -0.50057     
     533   102.97      0.31242E-002-0.38902E-001 0.66636     -0.79898     -0.40964     
     534   103.00      0.47071E-001 0.17454E-001 0.58286     -0.73733     -0.29093     
     535   103.01      0.73249E-001 0.46112E-001 0.47798     -0.64965     -0.17533     
     536 -0.16070E-001-0.67878      0.72148      -8.0109     -0.38616     -0.31639     
     537 -0.21623E-001-0.10703      0.85209      -7.9185     -0.94487E-001-0.48525     
     538 -0.30448E-001 0.45542      0.89093      -7.7125      0.29949     -0.66250     
     539 -0.43881E-001  1.0015      0.78491      -7.3713      0.79539     -0.80541     
     540 -0.63195E-001  1.5225      0.48143      -6.8899       1.3701     -0.84531     
     541 -0.90251E-001  2.0116     -0.33309E-001 -6.3142       1.9693     -0.70697     
     542 -0.13398       2.4291     -0.64301      -5.7912       2.5171     -0.39681     
     543 -0.11388       2.5968     -0.86781      -5.5718       3.1160     -0.10457     
     544  0.56605       3.3060      -1.5644      -4.9798       2.9532     -0.39011E-002
     545  0.56605       4.6728      -2.8056      -3.7275       1.8158      0.39014E-002
     546 -0.11388       5.3243      -3.0285      -3.0725       1.1361      0.10457     
     547 -0.13398       5.5574      -2.4515      -2.9246      0.85995      0.39681     
     548 -0.90251E-001  6.1149      -1.9589      -2.5543      0.20482      0.70697     
     549 -0.63195E-001  6.7310      -1.4069      -2.1172     -0.36018      0.84531     
     550 -0.43881E-001  7.2559     -0.86077      -1.6401     -0.71260      0.80541     
     551 -0.30448E-001  7.6435     -0.37600      -1.1259     -0.86144      0.66250     
     552 -0.21623E-001  7.8977      0.19863E-001-0.58352     -0.85709      0.48525     
 
  ***** POST1 ELEMENT TABLE LISTING *****                                      
 
    STAT     CURRENT      CURRENT      CURRENT      CURRENT      CURRENT      CURRENT 
    ELEM     LS1          LS2          LS7          LS4          LS9          SMIS4   
     553 -0.16070E-001  8.0395      0.32181     -0.21998E-001-0.75239      0.31639     
     554 -0.12595E-001  8.0911      0.53757      0.55327     -0.59130      0.17657     
     555   101.82      0.45467E-002 0.21136E-004 0.30860       1.2686      0.15713     
     556   101.78     -0.44409E-001-0.39897E-001 0.29249       1.2904      0.20216     
     557   101.74     -0.10875     -0.77678E-001 0.31458       1.2728      0.20764     
     558   101.70     -0.17080     -0.90489E-001 0.37561       1.2124      0.14989     
     559   101.66     -0.19736     -0.52372E-001 0.46029       1.1192      0.24511E-001
     560   101.63     -0.14989      0.41924E-001 0.51358       1.0342     -0.12321     
     561   101.60     -0.22262E-001 0.14999      0.36718       1.1258     -0.19993     
     562   101.56      0.12222      0.20348     -0.48134E-001  1.6382     -0.15189     
     563   101.54      0.19688      0.19688      0.85881      0.85881     -0.22835E-006
     564   101.56      0.20348      0.12222       1.6382     -0.48133E-001 0.15189     
     565   101.60      0.14999     -0.22261E-001  1.1258      0.36718      0.19993     
     566   101.63      0.41924E-001-0.14989       1.0342      0.51358      0.12321     
     567   101.66     -0.52371E-001-0.19736       1.1192      0.46029     -0.24510E-001
     568   101.70     -0.90488E-001-0.17080       1.2124      0.37561     -0.14989     
     569   101.74     -0.77677E-001-0.10875       1.2728      0.31458     -0.20764     
     570   101.78     -0.39896E-001-0.44409E-001  1.2904      0.29249     -0.20215     
     571   101.82      0.21085E-004 0.45458E-002  1.2686      0.30861     -0.15713     
     572   101.84      0.29413E-001 0.32988E-001  1.2176      0.35462     -0.96071E-001
     573 -0.77928E-002-0.60110      0.52771      -21.286      -7.9560     -0.16849     
     574 -0.15384E-001  1.1817       1.2520      -21.196      -7.7452     -0.25737     
     575 -0.27664E-001  2.9731       1.8950      -20.905      -7.4171     -0.32930     
     576 -0.45826E-001  4.7578       2.4265      -20.401      -6.9795     -0.35175     
     577 -0.70213E-001  6.5141       2.8326      -19.695      -6.4543     -0.28870     
     578 -0.99970E-001  8.2112       3.1410      -18.837      -5.8778     -0.13009     
     579 -0.12923       9.7695       3.4858      -17.941      -5.2610      0.58453E-001
     580 -0.59298E-001  11.088       4.0457      -17.123      -4.5504      0.14424     
     581  0.45963       12.725       4.2032      -15.888      -4.2656      0.70756E-001
     582  0.45963       14.718       3.8830      -14.062      -4.5589     -0.70756E-001
     583 -0.59298E-001  16.091       4.1805      -12.538      -4.4269     -0.14424     
     584 -0.12923       17.021       4.9372      -11.296      -3.9311     -0.58452E-001
     585 -0.99970E-001  18.050       5.5817      -9.8218      -3.6413      0.13009     
     586 -0.70213E-001  19.052       6.1828      -8.2059      -3.3843      0.28870     
     587 -0.45826E-001  19.909       6.7414      -6.5178      -3.0256      0.35175     
     588 -0.27663E-001  20.566       7.2237      -4.7837      -2.5343      0.32930     
     589 -0.15384E-001  21.012       7.6066      -3.0246      -1.9223      0.25737     
     590 -0.77928E-002  21.257       7.8797      -1.2564      -1.2191      0.16849     
     591 -0.35269E-002  21.318       8.0424      0.51039     -0.45764      0.84060E-001
     592   95.421     -0.12953E-002-0.19113E-001  2.3054       2.8583      0.99442E-001
     593   95.396     -0.39072E-001-0.50078E-001  2.3238       2.8401      0.99486E-001
 
  ***** POST1 ELEMENT TABLE LISTING *****                                      
 
    STAT     CURRENT      CURRENT      CURRENT      CURRENT      CURRENT      CURRENT 
    ELEM     LS1          LS2          LS7          LS4          LS9          SMIS4   
     594   95.370     -0.83620E-001-0.74562E-001  2.3691       2.7928      0.58757E-001
     595   95.343     -0.11874     -0.75441E-001  2.4335       2.7223     -0.28068E-001
     596   95.318     -0.12078     -0.38658E-001  2.4955       2.6461     -0.14326     
     597   95.297     -0.71616E-001 0.31224E-001  2.5035       2.6066     -0.23716     
     598   95.278      0.18589E-001 0.10190       2.3352       2.7350     -0.24887     
     599   95.255      0.10353      0.13474       2.0202       3.1195     -0.16052     
     600   95.241      0.13734      0.13734       2.6137       2.6137     -0.25054E-006
     601   95.255      0.13474      0.10353       3.1195       2.0202      0.16052     
     602   95.278      0.10190      0.18589E-001  2.7349       2.3352      0.24887     
     603   95.297      0.31225E-001-0.71615E-001  2.6066       2.5035      0.23716     
     604   95.318     -0.38658E-001-0.12078       2.6461       2.4955      0.14326     
     605   95.343     -0.75441E-001-0.11874       2.7223       2.4335      0.28069E-001
     606   95.370     -0.74561E-001-0.83620E-001  2.7928       2.3691     -0.58756E-001
     607   95.396     -0.50077E-001-0.39072E-001  2.8401       2.3238     -0.99485E-001
     608   95.421     -0.19113E-001-0.12961E-002  2.8583       2.3054     -0.99441E-001
     609   95.442      0.66463E-002 0.22889E-001  2.8494       2.3134     -0.73087E-001
     610 -0.36213E-002-0.39312      0.30286      -38.719      -21.329     -0.10258     
     611 -0.13756E-001  2.9640       2.1518      -38.576      -21.162     -0.13960     
     612 -0.29368E-001  6.3206       3.9383      -38.110      -20.804     -0.14678     
     613 -0.51045E-001  9.6449       5.6421      -37.321      -20.261     -0.10490     
     614 -0.77862E-001  12.899       7.2587      -36.228      -19.552     -0.54290E-002
     615 -0.10591       16.037       8.8147      -34.881      -18.696      0.12841     
     616 -0.11900       18.975       10.396      -33.358      -17.683      0.22859     
     617 -0.19424E-001  21.650       12.070      -31.717      -16.470      0.21785     
     618  0.38714       24.450       13.357      -29.611      -15.425      0.88253E-001
     619  0.38714       27.367       14.202      -26.938      -14.651     -0.88253E-001
     620 -0.19424E-001  29.710       15.356      -24.332      -13.459     -0.21785     
     621 -0.11900       31.577       16.710      -21.810      -11.898     -0.22859     
     622 -0.10591       33.350       17.857      -19.016      -10.411     -0.12841     
     623 -0.77862E-001  34.966       18.845      -16.008      -8.9351      0.54285E-002
     624 -0.51045E-001  36.338       19.692      -12.861      -7.3866      0.10490     
     625 -0.29368E-001  37.414       20.381      -9.6181      -5.7365      0.14678     
     626 -0.13756E-001  38.171       20.894      -6.3149      -3.9880      0.13960     
     627 -0.36213E-002  38.606       21.222      -2.9830      -2.1607      0.10258     
     628  0.22098E-002  38.728       21.361      0.35177     -0.28116      0.53859E-001
     629   79.939     -0.41006E-002-0.19794E-001  5.1554       5.4228      0.77409E-001
     630   79.925     -0.28968E-001-0.40737E-001  5.1900       5.3876      0.53200E-001
     631   79.911     -0.55396E-001-0.55513E-001  5.2413       5.3331     -0.71739E-002
     632   79.899     -0.71837E-001-0.53170E-001  5.2980       5.2693     -0.97480E-001
     633   79.888     -0.64490E-001-0.26788E-001  5.3393       5.2143     -0.19195     
     634   79.879     -0.26839E-001 0.17686E-001  5.3230       5.2044     -0.24847     
 
  ***** POST1 ELEMENT TABLE LISTING *****                                      
 
    STAT     CURRENT      CURRENT      CURRENT      CURRENT      CURRENT      CURRENT 
    ELEM     LS1          LS2          LS7          LS4          LS9          SMIS4   
     635   79.869      0.29129E-001 0.58603E-001  5.1668       5.3332     -0.23075     
     636   79.854      0.73157E-001 0.75956E-001  4.9337       5.6143     -0.13893     
     637   79.844      0.82448E-001 0.82448E-001  5.3031       5.3031     -0.25163E-006
     638   79.854      0.75956E-001 0.73157E-001  5.6143       4.9337      0.13893     
     639   79.869      0.58603E-001 0.29129E-001  5.3332       5.1668      0.23075     
     640   79.879      0.17686E-001-0.26839E-001  5.2044       5.3230      0.24847     
     641   79.888     -0.26788E-001-0.64490E-001  5.2143       5.3393      0.19195     
     642   79.899     -0.53170E-001-0.71837E-001  5.2693       5.2980      0.97481E-001
     643   79.911     -0.55513E-001-0.55396E-001  5.3331       5.2413      0.71750E-002
     644   79.925     -0.40736E-001-0.28968E-001  5.3876       5.1900     -0.53199E-001
     645   79.939     -0.19794E-001-0.41012E-002  5.4228       5.1554     -0.77408E-001
     646   79.951     -0.12298E-002 0.13224E-001  5.4362       5.1416     -0.72016E-001
     647 -0.28949E-002-0.21480      0.14757      -51.453      -38.934     -0.81525E-001
     648 -0.15329E-001  4.2840       3.5125      -51.257      -38.755     -0.86694E-001
     649 -0.33352E-001  8.7683       6.8236      -50.651      -38.268     -0.57870E-001
     650 -0.56844E-001  13.196       10.059      -49.644      -37.480      0.12202E-001
     651 -0.83801E-001  17.522       13.207      -48.259      -36.404      0.11474     
     652 -0.10795       21.691       16.282      -46.535      -35.054      0.21577     
     653 -0.10625       25.625       19.326      -44.528      -33.409      0.26208     
     654  0.10645E-001  29.283       22.340      -42.270      -31.447      0.21352     
     655  0.33989       32.920       24.961      -39.525      -29.430      0.81365E-001
     656  0.33989       36.505       27.142      -36.240      -27.431     -0.81364E-001
     657  0.10645E-001  39.557       29.380      -32.856      -24.996     -0.21352     
     658 -0.10625       42.125       31.597      -29.409      -22.165     -0.26208     
     659 -0.10795       44.467       33.501      -25.664      -19.275     -0.21577     
     660 -0.83801E-001  46.548       35.115      -21.661      -16.330     -0.11474     
     661 -0.56844E-001  48.305       36.460      -17.473      -13.287     -0.12203E-001
     662 -0.33352E-001  49.694       37.527      -13.150      -10.133      0.57869E-001
     663 -0.15329E-001  50.688       38.302      -8.7350      -6.8769      0.86692E-001
     664 -0.28950E-002  51.276       38.773      -4.2704      -3.5404      0.81524E-001
     665  0.47156E-002  51.456       38.937      0.20738     -0.15254      0.55524E-001
     666   53.129     -0.54119E-002-0.10699E-001  7.9283       8.0378      0.64059E-001
     667   53.123     -0.17443E-001-0.23008E-001  7.9649       8.0010      0.32131E-001
     668   53.118     -0.28388E-001-0.32272E-001  8.0110       7.9525     -0.28239E-001
     669   53.115     -0.32315E-001-0.32462E-001  8.0556       7.9022     -0.10624     
     670   53.113     -0.23437E-001-0.19838E-001  8.0815       7.8656     -0.17681     
     671   53.112     -0.82813E-003 0.23608E-002  8.0592       7.8692     -0.20813     
     672   53.109      0.27149E-001 0.22262E-001  7.9388       7.9720     -0.18039     
     673   53.099      0.43772E-001 0.30602E-001  7.7801       8.1606     -0.10311     
     674   53.091      0.39167E-001 0.39167E-001  7.9881       7.9881     -0.22233E-006
     675   53.099      0.30602E-001 0.43772E-001  8.1606       7.7801      0.10311     
 
  ***** POST1 ELEMENT TABLE LISTING *****                                      
 
    STAT     CURRENT      CURRENT      CURRENT      CURRENT      CURRENT      CURRENT 
    ELEM     LS1          LS2          LS7          LS4          LS9          SMIS4   
     676   53.109      0.22262E-001 0.27149E-001  7.9720       7.9388      0.18039     
     677   53.112      0.23609E-002-0.82800E-003  7.8692       8.0592      0.20813     
     678   53.113     -0.19838E-001-0.23437E-001  7.8656       8.0815      0.17681     
     679   53.115     -0.32462E-001-0.32315E-001  7.9022       8.0556      0.10624     
     680   53.118     -0.32272E-001-0.28388E-001  7.9525       8.0110      0.28240E-001
     681   53.123     -0.23008E-001-0.17443E-001  8.0010       7.9649     -0.32130E-001
     682   53.129     -0.10699E-001-0.54122E-002  8.0378       7.9283     -0.64058E-001
     683   53.135     -0.12499E-003 0.40204E-002  8.0585       7.9065     -0.69019E-001
     684 -0.40661E-002-0.10385      0.63188E-001 -37.943      -51.913     -0.73914E-001
     685 -0.18326E-001  3.2301       4.5547      -37.788      -51.707     -0.62376E-001
     686 -0.37896E-001  6.5524       8.9960      -37.337      -51.105     -0.19013E-001
     687 -0.62028E-001  9.8312       13.361      -36.601      -50.116      0.55471E-001
     688 -0.87940E-001  13.032       17.631      -35.598      -48.750      0.14475     
     689 -0.10768       16.114       21.802      -34.354      -47.013      0.21591     
     690 -0.93998E-001  19.021       25.887      -32.901      -44.891      0.23175     
     691  0.32743E-001  21.730       29.852      -31.249      -42.376      0.17494     
     692  0.31064       24.401       33.432      -29.245      -39.648      0.64157E-001
     693  0.31064       27.007       36.583      -26.857      -36.761     -0.64156E-001
     694  0.32743E-001  29.237       39.613      -24.371      -33.432     -0.17494     
     695 -0.93997E-001  31.118       42.464      -21.816      -29.701     -0.23175     
     696 -0.10768       32.818       44.934      -19.047      -25.817     -0.21591     
     697 -0.87940E-001  34.327       47.028      -16.085      -21.812     -0.14475     
     698 -0.62028E-001  35.605       48.761      -12.984      -17.678     -0.55472E-001
     699 -0.37896E-001  36.624       50.127      -9.7816      -13.416      0.19012E-001
     700 -0.18327E-001  37.362       51.113      -6.5112      -9.0439      0.62375E-001
     701 -0.40662E-002  37.807       51.709      -3.2035      -4.5874      0.73913E-001
     702  0.51931E-002  37.954       51.909      0.11361     -0.79051E-001 0.61908E-001
     703   19.689     -0.64238E-002 0.70311E-003  7.9466       7.9827      0.42785E-001
     704   19.687     -0.78865E-002-0.57513E-002  7.9755       7.9540      0.18619E-001
     705   19.686     -0.69729E-002-0.12983E-001  8.0089       7.9195     -0.23099E-001
     706   19.687     -0.26014E-002-0.18162E-001  8.0385       7.8871     -0.73603E-001
     707   19.690      0.52216E-002-0.18346E-001  8.0530       7.8673     -0.11563     
     708   19.693      0.14559E-001-0.12673E-001  8.0357       7.8753     -0.12951     
     709   19.693      0.21483E-001-0.45306E-002  7.9640       7.9384     -0.10595     
     710   19.687      0.20955E-001 0.18273E-002  7.8761       8.0390     -0.56577E-001
     711   19.682      0.11202E-001 0.11202E-001  7.9653       7.9653     -0.14850E-006
     712   19.687      0.18273E-002 0.20955E-001  8.0390       7.8761      0.56576E-001
     713   19.693     -0.45306E-002 0.21483E-001  7.9384       7.9640      0.10595     
     714   19.693     -0.12673E-001 0.14559E-001  7.8753       8.0357      0.12951     
     715   19.690     -0.18346E-001 0.52216E-002  7.8673       8.0530      0.11563     
     716   19.687     -0.18162E-001-0.26012E-002  7.8871       8.0385      0.73604E-001
 
  ***** POST1 ELEMENT TABLE LISTING *****                                      
 
    STAT     CURRENT      CURRENT      CURRENT      CURRENT      CURRENT      CURRENT 
    ELEM     LS1          LS2          LS7          LS4          LS9          SMIS4   
     717   19.686     -0.12983E-001-0.69728E-002  7.9195       8.0089      0.23099E-001
     718   19.687     -0.57514E-002-0.78864E-002  7.9540       7.9755     -0.18618E-001
     719   19.689      0.70303E-003-0.64238E-002  7.9827       7.9466     -0.42784E-001
     720   19.691      0.47770E-002-0.38574E-002  8.0016       7.9271     -0.48990E-001
     721 -0.58929E-002-0.46787E-001 0.24068E-001  39.243      -38.642     -0.59900E-001
     722 -0.21483E-001 -3.4403       3.3630       39.118      -38.489     -0.44498E-001
     723 -0.41961E-001 -6.8000       6.6677       38.690      -38.049     -0.47523E-002
     724 -0.66104E-001 -10.103       9.9222       37.953      -37.330      0.55585E-001
     725 -0.90631E-001 -13.327       13.116       36.903      -36.338      0.12083     
     726 -0.10656      -16.457       16.243       35.542      -35.073      0.16552     
     727 -0.84401E-001 -19.490       19.306       33.878      -33.520      0.16604     
     728  0.47666E-001 -22.405       22.268       31.938      -31.676      0.11793     
     729  0.29428      -25.089       24.963       29.830      -29.643      0.41453E-001
     730  0.29428      -27.529       27.354       27.593      -27.451     -0.41453E-001
     731  0.47666E-001 -29.863       29.614       25.104      -24.944     -0.11793     
     732 -0.84401E-001 -32.051       31.710       22.368      -22.154     -0.16604     
     733 -0.10656      -33.973       33.524       19.492      -19.238     -0.16552     
     734 -0.90631E-001 -35.601       35.057       16.492      -16.233     -0.12083     
     735 -0.66104E-001 -36.928       36.323       13.372      -13.138     -0.55586E-001
     736 -0.41961E-001 -37.950       37.323       10.146      -9.9585      0.47514E-002
     737 -0.21483E-001 -38.669       38.049       6.8366      -6.7047      0.44497E-001
     738 -0.58930E-002 -39.090       38.493       3.4669      -3.3918      0.59899E-001
     739  0.47105E-002 -39.216       38.645      0.61991E-001-0.41148E-001 0.55488E-001
     740   0.0000       0.0000       0.0000       0.0000       0.0000       0.0000     
     741   0.0000       0.0000       0.0000       0.0000       0.0000       0.0000     
     742   0.0000       0.0000       0.0000       0.0000       0.0000       0.0000     
     743   0.0000       0.0000       0.0000       0.0000       0.0000       0.0000     
     744   0.0000       0.0000       0.0000       0.0000       0.0000       0.0000     
     745   0.0000       0.0000       0.0000       0.0000       0.0000       0.0000     
     746   0.0000       0.0000       0.0000       0.0000       0.0000       0.0000     
     747   0.0000       0.0000       0.0000       0.0000       0.0000       0.0000     
     748   0.0000       0.0000       0.0000       0.0000       0.0000       0.0000     
     749   0.0000       0.0000       0.0000       0.0000       0.0000       0.0000     
     750   0.0000       0.0000       0.0000       0.0000       0.0000       0.0000     
     751   0.0000       0.0000       0.0000       0.0000       0.0000       0.0000     
     752   0.0000       0.0000       0.0000       0.0000       0.0000       0.0000     
     753   0.0000       0.0000       0.0000       0.0000       0.0000       0.0000     
     754   0.0000       0.0000       0.0000       0.0000       0.0000       0.0000     
     755   0.0000       0.0000       0.0000       0.0000       0.0000       0.0000     
     756   0.0000       0.0000       0.0000       0.0000       0.0000       0.0000     
     757   0.0000       0.0000       0.0000       0.0000       0.0000       0.0000     
 
  ***** POST1 ELEMENT TABLE LISTING *****                                      
 
    STAT     CURRENT      CURRENT      CURRENT      CURRENT      CURRENT      CURRENT 
    ELEM     LS1          LS2          LS7          LS4          LS9          SMIS4   
     758 -0.75438E-002-0.24507E-001 0.65612E-002  227.03       38.545     -0.30210E-001
     759 -0.23960E-001 -19.787      -3.3727       226.21       38.416     -0.21730E-001
     760 -0.44877E-001 -39.396      -6.7303       223.64       37.980     -0.15144E-002
     761 -0.68770E-001 -58.699      -10.031       219.35       37.232      0.28067E-001
     762 -0.92107E-001 -77.546      -13.236       213.34       36.179      0.58845E-001
     763 -0.10547      -95.794      -16.310       205.67       34.839      0.78299E-001
     764 -0.78606E-001 -113.32      -19.222       196.41       33.245      0.75504E-001
     765  0.55764E-001 -129.99      -21.967       185.68       31.425      0.50375E-001
     766  0.28728      -145.67      -24.597       173.60       29.359      0.16605E-001
     767  0.28728      -160.24      -27.104       160.25       27.062     -0.16604E-001
     768  0.55764E-001 -173.65      -29.391       145.68       24.623     -0.50375E-001
     769 -0.78606E-001 -185.79      -31.444       130.00       22.047     -0.75504E-001
     770 -0.10547      -196.53      -33.285       113.35       19.285     -0.78299E-001
     771 -0.92107E-001 -205.77      -34.888       95.844       16.339     -0.58845E-001
     772 -0.68770E-001 -213.40      -36.216       77.593       13.238     -0.28067E-001
     773 -0.44877E-001 -219.36      -37.249       58.738       10.015      0.15139E-002
     774 -0.23960E-001 -223.62      -37.976       39.427       6.7080      0.21729E-001
     775 -0.75439E-002 -226.16      -38.399       19.811       3.3529      0.30209E-001
     776  0.39815E-002 -226.98      -38.524      0.41960E-001-0.18967E-001 0.28846E-001
    2952 -0.35324E-012 0.14502E-011-0.51468E-012 0.68732E-015 0.28047E-014 0.38605E-014
    2953 -0.20424E-013 0.56293E-012 0.16405E-011 0.82695E-015-0.17187E-014 0.42692E-014

 MINIMUM VALUES
 ELEM        397          776           74          359          396          379
 VALUE   -5.0284      -226.98      -226.75      -179.42      -179.32      -8.8035     

 MAXIMUM VALUES
 ELEM        305          360          397          758           56          377
 VALUE    146.16       191.58       191.46       227.03       226.79       8.8035     

